#
# There is insufficient memory for the Java Runtime Environment to continue.
# Native memory allocation (malloc) failed to allocate 2062416 bytes for Chunk::new
# Possible reasons:
#   The system is out of physical RAM or swap space
#   In 32 bit mode, the process size limit was hit
# Possible solutions:
#   Reduce memory load on the system
#   Increase physical memory or swap space
#   Check if swap backing store is full
#   Use 64 bit Java on a 64 bit OS
#   Decrease Java heap size (-Xmx/-Xms)
#   Decrease number of Java threads
#   Decrease Java thread stack sizes (-Xss)
#   Set larger code cache with -XX:ReservedCodeCacheSize=
# This output file may be truncated or incomplete.
#
#  Out of Memory Error (allocation.cpp:390), pid=4428, tid=4316
#
# JRE version: Java(TM) SE Runtime Environment (8.0_20-b26) (build 1.8.0_20-b26)
# Java VM: Java HotSpot(TM) 64-Bit Server VM (25.20-b23 mixed mode windows-amd64 compressed oops)
# Failed to write core dump. Minidumps are not enabled by default on client versions of Windows
#

---------------  T H R E A D  ---------------

Current thread (0x0000000056677800):  JavaThread "C2 CompilerThread1" daemon [_thread_in_native, id=4316, stack(0x0000000056a80000,0x0000000056b80000)]

Stack: [0x0000000056a80000,0x0000000056b80000]
Native frames: (J=compiled Java code, j=interpreted, Vv=VM code, C=native code)
V  [jvm.dll+0x3152fa]


Current CompileTask:
C2:  10781 1539       4       java.net.URLClassLoader$1::run (5 bytes)


---------------  P R O C E S S  ---------------

Java Threads: ( => current thread )
  0x000000005b7d7800 JavaThread "File lock request listener" [_thread_in_native, id=5284, stack(0x00000000595d0000,0x00000000596d0000)]
  0x00000000566e6000 JavaThread "Stdin handler" [_thread_blocked, id=512, stack(0x0000000059bd0000,0x0000000059cd0000)]
  0x0000000058318800 JavaThread "Daemon worker" [_thread_in_Java, id=4324, stack(0x0000000059a70000,0x0000000059b70000)]
  0x0000000058308800 JavaThread "Cancel handler" [_thread_blocked, id=5636, stack(0x00000000598a0000,0x00000000599a0000)]
  0x00000000582fd000 JavaThread "Handler for socket connection from /127.0.0.1:53445 to /127.0.0.1:53453" [_thread_in_native, id=7716, stack(0x0000000059730000,0x0000000059830000)]
  0x00000000582fc000 JavaThread "Daemon" [_thread_blocked, id=8572, stack(0x00000000594d0000,0x00000000595d0000)]
  0x0000000058227800 JavaThread "Incoming local TCP Connector on port 53445" [_thread_in_native, id=4592, stack(0x0000000059140000,0x0000000059240000)]
  0x00000000566d5000 JavaThread "Service Thread" daemon [_thread_blocked, id=6960, stack(0x00000000571c0000,0x00000000572c0000)]
  0x000000005667a000 JavaThread "C1 CompilerThread2" daemon [_thread_blocked, id=5516, stack(0x0000000057090000,0x0000000057190000)]
=>0x0000000056677800 JavaThread "C2 CompilerThread1" daemon [_thread_in_native, id=4316, stack(0x0000000056a80000,0x0000000056b80000)]
  0x0000000056672800 JavaThread "C2 CompilerThread0" daemon [_thread_in_native, id=7572, stack(0x0000000056ef0000,0x0000000056ff0000)]
  0x0000000055413800 JavaThread "Attach Listener" daemon [_thread_blocked, id=3812, stack(0x0000000056cc0000,0x0000000056dc0000)]
  0x0000000055411000 JavaThread "Signal Dispatcher" daemon [_thread_blocked, id=8532, stack(0x0000000056bb0000,0x0000000056cb0000)]
  0x00000000553b5800 JavaThread "Finalizer" daemon [_thread_blocked, id=1064, stack(0x0000000056570000,0x0000000056670000)]
  0x00000000553ac800 JavaThread "Reference Handler" daemon [_thread_blocked, id=7328, stack(0x0000000056220000,0x0000000056320000)]
  0x00000000022df000 JavaThread "main" [_thread_blocked, id=8032, stack(0x0000000002550000,0x0000000002650000)]

Other Threads:
  0x00000000553a7000 VMThread [stack: 0x0000000056380000,0x0000000056480000] [id=1456]
  0x00000000566d8000 WatcherThread [stack: 0x0000000057330000,0x0000000057430000] [id=3376]

VM state:not at safepoint (normal execution)

VM Mutex/Monitor currently owned by a thread: None

Heap:
 PSYoungGen      total 35328K, used 12345K [0x00000000eab00000, 0x00000000efb00000, 0x0000000100000000)
  eden space 32768K, 29% used [0x00000000eab00000,0x00000000eb4923f8,0x00000000ecb00000)
  from space 2560K, 99% used [0x00000000ecb00000,0x00000000ecd7c010,0x00000000ecd80000)
  to   space 8192K, 0% used [0x00000000ef300000,0x00000000ef300000,0x00000000efb00000)
 ParOldGen       total 44032K, used 9669K [0x00000000c0000000, 0x00000000c2b00000, 0x00000000eab00000)
  object space 44032K, 21% used [0x00000000c0000000,0x00000000c0971510,0x00000000c2b00000)
 Metaspace       used 19059K, capacity 19420K, committed 19584K, reserved 1067008K
  class space    used 2538K, capacity 2660K, committed 2688K, reserved 1048576K

Card table byte_map: [0x0000000011ce0000,0x0000000011ef0000] byte_map_base: 0x00000000116e0000

Marking Bits: (ParMarkBitMap*) 0x000000005b45b460
 Begin Bits: [0x0000000012820000, 0x0000000013820000)
 End Bits:   [0x0000000013820000, 0x0000000014820000)

Polling page: 0x0000000000330000

CodeCache: size=245760Kb used=6279Kb max_used=6279Kb free=239480Kb
 bounds [0x0000000002920000, 0x0000000002f50000, 0x0000000011920000]
 total_blobs=2194 nmethods=1581 adapters=526
 compilation: enabled

Compilation events (10 events):
Event: 10.669 Thread 0x000000005667a000 1640       3       java.lang.StringCoding::deref (19 bytes)
Event: 10.669 Thread 0x000000005667a000 nmethod 1640 0x0000000002f45810 code [0x0000000002f459a0, 0x0000000002f45e48]
Event: 10.670 Thread 0x000000005667a000 1641       3       java.util.regex.Pattern$BranchConn::match (11 bytes)
Event: 10.670 Thread 0x000000005667a000 nmethod 1641 0x0000000002f45f90 code [0x0000000002f46100, 0x0000000002f46328]
Event: 10.670 Thread 0x000000005667a000 1642       3       java.util.regex.Matcher::end (22 bytes)
Event: 10.670 Thread 0x000000005667a000 nmethod 1642 0x0000000002f46410 code [0x0000000002f46580, 0x0000000002f467c8]
Event: 10.680 Thread 0x000000005667a000 1643       3       java.io.File::exists (43 bytes)
Event: 10.680 Thread 0x000000005667a000 nmethod 1643 0x0000000002f46890 code [0x0000000002f46a20, 0x0000000002f46ea8]
Event: 10.689 Thread 0x000000005667a000 1644       1       java.util.Hashtable::access$500 (5 bytes)
Event: 10.689 Thread 0x000000005667a000 nmethod 1644 0x0000000002f46fd0 code [0x0000000002f47120, 0x0000000002f47210]

GC Heap History (10 events):
Event: 0.835 GC heap before
{Heap before GC invocations=1 (full 0):
 PSYoungGen      total 18944K, used 16384K [0x00000000eab00000, 0x00000000ec000000, 0x0000000100000000)
  eden space 16384K, 100% used [0x00000000eab00000,0x00000000ebb00000,0x00000000ebb00000)
  from space 2560K, 0% used [0x00000000ebd80000,0x00000000ebd80000,0x00000000ec000000)
  to   space 2560K, 0% used [0x00000000ebb00000,0x00000000ebb00000,0x00000000ebd80000)
 ParOldGen       total 44032K, used 0K [0x00000000c0000000, 0x00000000c2b00000, 0x00000000eab00000)
  object space 44032K, 0% used [0x00000000c0000000,0x00000000c0000000,0x00000000c2b00000)
 Metaspace       used 5453K, capacity 5976K, committed 6144K, reserved 1056768K
  class space    used 691K, capacity 760K, committed 768K, reserved 1048576K
Event: 0.841 GC heap after
Heap after GC invocations=1 (full 0):
 PSYoungGen      total 18944K, used 2544K [0x00000000eab00000, 0x00000000ec000000, 0x0000000100000000)
  eden space 16384K, 0% used [0x00000000eab00000,0x00000000eab00000,0x00000000ebb00000)
  from space 2560K, 99% used [0x00000000ebb00000,0x00000000ebd7c278,0x00000000ebd80000)
  to   space 2560K, 0% used [0x00000000ebd80000,0x00000000ebd80000,0x00000000ec000000)
 ParOldGen       total 44032K, used 326K [0x00000000c0000000, 0x00000000c2b00000, 0x00000000eab00000)
  object space 44032K, 0% used [0x00000000c0000000,0x00000000c0051978,0x00000000c2b00000)
 Metaspace       used 5453K, capacity 5976K, committed 6144K, reserved 1056768K
  class space    used 691K, capacity 760K, committed 768K, reserved 1048576K
}
Event: 1.226 GC heap before
{Heap before GC invocations=2 (full 0):
 PSYoungGen      total 18944K, used 18928K [0x00000000eab00000, 0x00000000ec000000, 0x0000000100000000)
  eden space 16384K, 100% used [0x00000000eab00000,0x00000000ebb00000,0x00000000ebb00000)
  from space 2560K, 99% used [0x00000000ebb00000,0x00000000ebd7c278,0x00000000ebd80000)
  to   space 2560K, 0% used [0x00000000ebd80000,0x00000000ebd80000,0x00000000ec000000)
 ParOldGen       total 44032K, used 326K [0x00000000c0000000, 0x00000000c2b00000, 0x00000000eab00000)
  object space 44032K, 0% used [0x00000000c0000000,0x00000000c0051978,0x00000000c2b00000)
 Metaspace       used 5782K, capacity 6224K, committed 6528K, reserved 1056768K
  class space    used 741K, capacity 800K, committed 896K, reserved 1048576K
Event: 1.232 GC heap after
Heap after GC invocations=2 (full 0):
 PSYoungGen      total 18944K, used 2325K [0x00000000eab00000, 0x00000000ed000000, 0x0000000100000000)
  eden space 16384K, 0% used [0x00000000eab00000,0x00000000eab00000,0x00000000ebb00000)
  from space 2560K, 90% used [0x00000000ebd80000,0x00000000ebfc57e8,0x00000000ec000000)
  to   space 2560K, 0% used [0x00000000ebb00000,0x00000000ebb00000,0x00000000ebd80000)
 ParOldGen       total 44032K, used 334K [0x00000000c0000000, 0x00000000c2b00000, 0x00000000eab00000)
  object space 44032K, 0% used [0x00000000c0000000,0x00000000c0053978,0x00000000c2b00000)
 Metaspace       used 5782K, capacity 6224K, committed 6528K, reserved 1056768K
  class space    used 741K, capacity 800K, committed 896K, reserved 1048576K
}
Event: 5.529 GC heap before
{Heap before GC invocations=3 (full 0):
 PSYoungGen      total 18944K, used 18709K [0x00000000eab00000, 0x00000000ed000000, 0x0000000100000000)
  eden space 16384K, 100% used [0x00000000eab00000,0x00000000ebb00000,0x00000000ebb00000)
  from space 2560K, 90% used [0x00000000ebd80000,0x00000000ebfc57e8,0x00000000ec000000)
  to   space 2560K, 0% used [0x00000000ebb00000,0x00000000ebb00000,0x00000000ebd80000)
 ParOldGen       total 44032K, used 334K [0x00000000c0000000, 0x00000000c2b00000, 0x00000000eab00000)
  object space 44032K, 0% used [0x00000000c0000000,0x00000000c0053978,0x00000000c2b00000)
 Metaspace       used 10670K, capacity 11002K, committed 11264K, reserved 1058816K
  class space    used 1416K, capacity 1523K, committed 1536K, reserved 1048576K
Event: 6.469 GC heap after
Heap after GC invocations=3 (full 0):
 PSYoungGen      total 18944K, used 2528K [0x00000000eab00000, 0x00000000ed000000, 0x0000000100000000)
  eden space 16384K, 0% used [0x00000000eab00000,0x00000000eab00000,0x00000000ebb00000)
  from space 2560K, 98% used [0x00000000ebb00000,0x00000000ebd78020,0x00000000ebd80000)
  to   space 2560K, 0% used [0x00000000ecd80000,0x00000000ecd80000,0x00000000ed000000)
 ParOldGen       total 44032K, used 2170K [0x00000000c0000000, 0x00000000c2b00000, 0x00000000eab00000)
  object space 44032K, 4% used [0x00000000c0000000,0x00000000c021eb60,0x00000000c2b00000)
 Metaspace       used 10670K, capacity 11002K, committed 11264K, reserved 1058816K
  class space    used 1416K, capacity 1523K, committed 1536K, reserved 1048576K
}
Event: 7.384 GC heap before
{Heap before GC invocations=4 (full 0):
 PSYoungGen      total 18944K, used 18912K [0x00000000eab00000, 0x00000000ed000000, 0x0000000100000000)
  eden space 16384K, 100% used [0x00000000eab00000,0x00000000ebb00000,0x00000000ebb00000)
  from space 2560K, 98% used [0x00000000ebb00000,0x00000000ebd78020,0x00000000ebd80000)
  to   space 2560K, 0% used [0x00000000ecd80000,0x00000000ecd80000,0x00000000ed000000)
 ParOldGen       total 44032K, used 2170K [0x00000000c0000000, 0x00000000c2b00000, 0x00000000eab00000)
  object space 44032K, 4% used [0x00000000c0000000,0x00000000c021eb60,0x00000000c2b00000)
 Metaspace       used 12427K, capacity 12666K, committed 12800K, reserved 1060864K
  class space    used 1706K, capacity 1779K, committed 1792K, reserved 1048576K
Event: 8.004 GC heap after
Heap after GC invocations=4 (full 0):
 PSYoungGen      total 35328K, used 2544K [0x00000000eab00000, 0x00000000ed000000, 0x0000000100000000)
  eden space 32768K, 0% used [0x00000000eab00000,0x00000000eab00000,0x00000000ecb00000)
  from space 2560K, 99% used [0x00000000ecd80000,0x00000000ecffc010,0x00000000ed000000)
  to   space 2560K, 0% used [0x00000000ecb00000,0x00000000ecb00000,0x00000000ecd80000)
 ParOldGen       total 44032K, used 4417K [0x00000000c0000000, 0x00000000c2b00000, 0x00000000eab00000)
  object space 44032K, 10% used [0x00000000c0000000,0x00000000c04507d8,0x00000000c2b00000)
 Metaspace       used 12427K, capacity 12666K, committed 12800K, reserved 1060864K
  class space    used 1706K, capacity 1779K, committed 1792K, reserved 1048576K
}
Event: 10.186 GC heap before
{Heap before GC invocations=5 (full 0):
 PSYoungGen      total 35328K, used 35312K [0x00000000eab00000, 0x00000000ed000000, 0x0000000100000000)
  eden space 32768K, 100% used [0x00000000eab00000,0x00000000ecb00000,0x00000000ecb00000)
  from space 2560K, 99% used [0x00000000ecd80000,0x00000000ecffc010,0x00000000ed000000)
  to   space 2560K, 0% used [0x00000000ecb00000,0x00000000ecb00000,0x00000000ecd80000)
 ParOldGen       total 44032K, used 4417K [0x00000000c0000000, 0x00000000c2b00000, 0x00000000eab00000)
  object space 44032K, 10% used [0x00000000c0000000,0x00000000c04507d8,0x00000000c2b00000)
 Metaspace       used 18002K, capacity 18326K, committed 18560K, reserved 1064960K
  class space    used 2479K, capacity 2594K, committed 2688K, reserved 1048576K
Event: 10.236 GC heap after
Heap after GC invocations=5 (full 0):
 PSYoungGen      total 35328K, used 2544K [0x00000000eab00000, 0x00000000efb00000, 0x0000000100000000)
  eden space 32768K, 0% used [0x00000000eab00000,0x00000000eab00000,0x00000000ecb00000)
  from space 2560K, 99% used [0x00000000ecb00000,0x00000000ecd7c010,0x00000000ecd80000)
  to   space 8192K, 0% used [0x00000000ef300000,0x00000000ef300000,0x00000000efb00000)
 ParOldGen       total 44032K, used 9669K [0x00000000c0000000, 0x00000000c2b00000, 0x00000000eab00000)
  object space 44032K, 21% used [0x00000000c0000000,0x00000000c0971510,0x00000000c2b00000)
 Metaspace       used 18002K, capacity 18326K, committed 18560K, reserved 1064960K
  class space    used 2479K, capacity 2594K, committed 2688K, reserved 1048576K
}

Deoptimization events (10 events):
Event: 9.035 Thread 0x0000000058318800 Uncommon trap: reason=class_check action=maybe_recompile pc=0x0000000002dab1ac method=org.gradle.internal.service.DefaultServiceRegistry$SingletonService.getService(Lorg/gradle/internal/service/DefaultServiceRegistry$LookupContext;Lorg/gradle/internal/serv“Z¼"@
Event: 9.035 Thread 0x0000000058318800 Uncommon trap: reason=class_check action=maybe_recompile pc=0x0000000002dab1ac method=org.gradle.internal.service.DefaultServiceRegistry$SingletonService.getService(Lorg/gradle/internal/service/DefaultServiceRegistry$LookupContext;Lorg/gradle/internal/serv
Event: 9.035 Thread 0x0000000058318800 Uncommon trap: reason=class_check action=maybe_recompile pc=0x0000000002dab1ac method=org.gradle.internal.service.DefaultServiceRegistry$SingletonService.getService(Lorg/gradle/internal/service/DefaultServiceRegistry$LookupContext;Lorg/gradle/internal/servfµî>|÷#@
Event: 9.983 Thread 0x0000000058318800 Uncommon trap: reason=unreached action=reinterpret pc=0x0000000002c26018 method=java.lang.AbstractStringBuilder.append(Ljava/lang/String;)Ljava/lang/AbstractStringBuilder; @ 1
Event: 9.984 Thread 0x0000000058318800 Uncommon trap: reason=unreached action=reinterpret pc=0x0000000002b82064 method=java.lang.AbstractStringBuilder.append(Ljava/lang/String;)Ljava/lang/AbstractStringBuilder; @ 1
Event: 10.148 Thread 0x0000000058318800 Uncommon trap: reason=class_check action=maybe_recompile pc=0x0000000002c856f0 method=sun.misc.URLClassPath.getLoader(I)Lsun/misc/URLClassPath$Loader; @ 94
Event: 10.148 Thread 0x0000000058318800 Uncommon trap: reason=class_check action=maybe_recompile pc=0x0000000002dfcc2c method=sun.misc.URLClassPath.getResource(Ljava/lang/String;Z)Lsun/misc/Resource; @ 53
Event: 10.262 Thread 0x0000000058318800 Uncommon trap: reason=class_check action=maybe_recompile pc=0x0000000002c857c0 method=sun.misc.URLClassPath.getLoader(I)Lsun/misc/URLClassPath$Loader; @ 150
Event: 10.354 Thread 0x0000000058318800 Uncommon trap: reason=class_check action=maybe_recompile pc=0x0000000002c857c0 method=sun.misc.URLClassPath.getLoader(I)Lsun/misc/URLClassPath$Loader; @ 150
Event: 10.381 Thread 0x0000000058318800 Uncommon trap: reason=class_check action=maybe_recompile pc=0x0000000002c857c0 method=sun.misc.URLClassPath.getLoader(I)Lsun/misc/URLClassPath$Loader; @ 150

Internal exceptions (10 events):
Event: 10.763 Thread 0x0000000058318800 Exception <a 'java/security/PrivilegedActionException'> (0x00000000eb42bf00) thrown at [D:\re\workspace\8-2-build-windows-amd64-cygwin\jdk8u20\1074\hotspot\src\share\vm\prims\jvm.cpp, line 1275]
Event: 10.763 Thread 0x0000000058318800 Exception <a 'java/security/PrivilegedActionException'> (0x00000000eb42ccc0) thrown at [D:\re\workspace\8-2-build-windows-amd64-cygwin\jdk8u20\1074\hotspot\src\share\vm\prims\jvm.cpp, line 1275]
Event: 10.763 Thread 0x0000000058318800 Exception <a 'java/security/PrivilegedActionException'> (0x00000000eb431a38) thrown at [D:\re\workspace\8-2-build-windows-amd64-cygwin\jdk8u20\1074\hotspot\src\share\vm\prims\jvm.cpp, line 1275]
Event: 10.763 Thread 0x0000000058318800 Exception <a 'java/security/PrivilegedActionException'> (0x00000000eb4327f8) thrown at [D:\re\workspace\8-2-build-windows-amd64-cygwin\jdk8u20\1074\hotspot\src\share\vm\prims\jvm.cpp, line 1275]
Event: 10.763 Thread 0x0000000058318800 Exception <a 'java/security/PrivilegedActionException'> (0x00000000eb438480) thrown at [D:\re\workspace\8-2-build-windows-amd64-cygwin\jdk8u20\1074\hotspot\src\share\vm\prims\jvm.cpp, line 1275]
Event: 10.763 Thread 0x0000000058318800 Exception <a 'java/security/PrivilegedActionException'> (0x00000000eb439240) thrown at [D:\re\workspace\8-2-build-windows-amd64-cygwin\jdk8u20\1074\hotspot\src\share\vm\prims\jvm.cpp, line 1275]
Event: 10.764 Thread 0x0000000058318800 Exception <a 'java/security/PrivilegedActionException'> (0x00000000eb43ff18) thrown at [D:\re\workspace\8-2-build-windows-amd64-cygwin\jdk8u20\1074\hotspot\src\share\vm\prims\jvm.cpp, line 1275]
Event: 10.764 Thread 0x0000000058318800 Exception <a 'java/security/PrivilegedActionException'> (0x00000000eb440cd8) thrown at [D:\re\workspace\8-2-build-windows-amd64-cygwin\jdk8u20\1074\hotspot\src\share\vm\prims\jvm.cpp, line 1275]
Event: 10.764 Thread 0x0000000058318800 Exception <a 'java/security/PrivilegedActionException'> (0x00000000eb444cf0) thrown at [D:\re\workspace\8-2-build-windows-amd64-cygwin\jdk8u20\1074\hotspot\src\share\vm\prims\jvm.cpp, line 1275]
Event: 10.764 Thread 0x0000000058318800 Exception <a 'java/security/PrivilegedActionException'> (0x00000000eb445ab0) thrown at [D:\re\workspace\8-2-build-windows-amd64-cygwin\jdk8u20\1074\hotspot\src\share\vm\prims\jvm.cpp, line 1275]

Events (10 events):
Event: 10.762 loading class org/codehaus/groovy/control/CompilationUnit$14
Event: 10.762 loading class org/codehaus/groovy/control/CompilationUnit$14 done
Event: 10.763 loading class org/codehaus/groovy/control/CompilationUnit$15
Event: 10.763 loading class org/codehaus/groovy/control/CompilationUnit$15 done
Event: 10.763 loading class org/codehaus/groovy/control/CompilationUnit$16
Event: 10.763 loading class org/codehaus/groovy/control/CompilationUnit$16 done
Event: 10.764 loading class org/codehaus/groovy/control/CompilationUnit$18
Event: 10.764 loading class org/codehaus/groovy/control/CompilationUnit$18 done
Event: 10.764 loading class org/codehaus/groovy/control/CompilationUnit$1
Event: 10.764 loading class org/codehaus/groovy/control/CompilationUnit$1 done


Dynamic libraries:
0x000000013f480000 - 0x000000013f4b4000 	C:\Program Files\Java\jdk1.8.0_20\bin\java.exe
0x0000000077c00000 - 0x0000000077daa000 	C:\Windows\SYSTEM32\ntdll.dll
0x00000000779e0000 - 0x0000000077aff000 	C:\Windows\system32\kernel32.dll
0x000007fefdcb0000 - 0x000007fefdd1a000 	C:\Windows\system32\KERNELBASE.dll
0x000007feff1e0000 - 0x000007feff2bb000 	C:\Windows\system32\ADVAPI32.dll
0x000007feff2f0000 - 0x000007feff38f000 	C:\Windows\system32\msvcrt.dll
0x000007fefdde0000 - 0x000007fefddff000 	C:\Windows\SYSTEM32\sechost.dll
0x000007feff810000 - 0x000007feff93d000 	C:\Windows\system32\RPCRT4.dll
0x0000000077b00000 - 0x0000000077bfa000 	C:\Windows\system32\USER32.dll
0x000007feff540000 - 0x000007feff5a7000 	C:\Windows\system32\GDI32.dll
0x000007fefeb90000 - 0x000007fefeb9e000 	C:\Windows\system32\LPK.dll
0x000007feff390000 - 0x000007feff45a000 	C:\Windows\system32\USP10.dll
0x000007fefc800000 - 0x000007fefc9f4000 	C:\Windows\WinSxS\amd64_microsoft.windows.common-controls_6595b64144ccf1df_6.0.7601.18837_none_fa3b1e3d17594757\COMCTL32.dll
0x000007feff5b0000 - 0x000007feff621000 	C:\Windows\system32\SHLWAPI.dll
0x000007feff2c0000 - 0x000007feff2ee000 	C:\Windows\system32\IMM32.DLL
0x000007feff070000 - 0x000007feff179000 	C:\Windows\system32\MSCTF.dll
0x0000000066430000 - 0x0000000066502000 	C:\Program Files\Java\jdk1.8.0_20\jre\bin\msvcr100.dll
0x000000005ac80000 - 0x000000005b4d8000 	C:\Program Files\Java\jdk1.8.0_20\jre\bin\server\jvm.dll
0x000007fefd300000 - 0x000007fefd309000 	C:\Windows\system32\WSOCK32.dll
0x000007feff9e0000 - 0x000007feffa2d000 	C:\Windows\system32\WS2_32.dll
0x000007fefed50000 - 0x000007fefed58000 	C:\Windows\system32\NSI.dll
0x000007fefb9a0000 - 0x000007fefb9db000 	C:\Windows\system32\WINMM.dll
0x0000000077dc0000 - 0x0000000077dc7000 	C:\Windows\system32\PSAPI.DLL
0x0000000074620000 - 0x000000007462f000 	C:\Program Files\Java\jdk1.8.0_20\jre\bin\verify.dll
0x00000000745f0000 - 0x0000000074618000 	C:\Program Files\Java\jdk1.8.0_20\jre\bin\java.dll
0x00000000745d0000 - 0x00000000745e6000 	C:\Program Files\Java\jdk1.8.0_20\jre\bin\zip.dll
0x000007fefde00000 - 0x000007fefeb8a000 	C:\Windows\system32\SHELL32.dll
0x000007feffa30000 - 0x000007feffc33000 	C:\Windows\system32\ole32.dll
0x000007fefd990000 - 0x000007fefd99f000 	C:\Windows\system32\profapi.dll
0x00000000745b0000 - 0x00000000745ca000 	C:\Program Files\Java\jdk1.8.0_20\jre\bin\net.dll
0x000007fefd0d0000 - 0x000007fefd125000 	C:\Windows\system32\mswsock.dll
0x000007fefd380000 - 0x000007fefd387000 	C:\Windows\System32\wship6.dll
0x0000000074590000 - 0x00000000745a1000 	C:\Program Files\Java\jdk1.8.0_20\jre\bin\nio.dll
0x000007fed6bf0000 - 0x000007fed6c02000 	C:\Users\Martin\.gradle\native\19\windows-amd64\native-platform.dll
0x000007fefa5e0000 - 0x000007fefa607000 	C:\Windows\system32\IPHLPAPI.DLL
0x000007fefa5d0000 - 0x000007fefa5db000 	C:\Windows\system32\WINNSI.DLL
0x000007fefa420000 - 0x000007fefa438000 	C:\Windows\system32\dhcpcsvc.DLL
0x000007fefa400000 - 0x000007fefa411000 	C:\Windows\system32\dhcpcsvc6.DLL
0x000007fefd130000 - 0x000007fefd148000 	C:\Windows\system32\CRYPTSP.dll
0x000007fefce70000 - 0x000007fefceb7000 	C:\Windows\system32\rsaenh.dll
0x000007fefd9a0000 - 0x000007fefd9be000 	C:\Windows\system32\USERENV.dll
0x000007fefd7e0000 - 0x000007fefd7ef000 	C:\Windows\system32\CRYPTBASE.dll
0x000007fef2b70000 - 0x000007fef2c95000 	C:\Windows\system32\dbghelp.dll

VM Arguments:
jvm_args: -XX:MaxPermSize=256m -XX:+HeapDumpOnOutOfMemoryError -Xmx1024m -Dfile.encoding=windows-1252 -Duser.country=US -Duser.language=en -Duser.variant 
java_command: org.gradle.launcher.daemon.bootstrap.GradleDaemon 2.8
java_class_path (initial): C:\Users\Martin\.gradle\wrapper\dists\gradle-2.8-all\ah86jmo43de9lfa8xg9ux3c4h\gradle-2.8\lib\gradle-launcher-2.8.jar
Launcher Type: SUN_STANDARD

Environment Variables:
PATH=C:\ProgramData\Oracle\Java\javapath;C:\Program Files\Common Files\Microsoft Shared\Windows Live;C:\Program Files (x86)\Common Files\Microsoft Shared\Windows Live;C:\Program Files (x86)\Intel\iCLS Client\;C:\Program Files\Intel\iCLS Client\;C:\Program Files\Dell\DW WLAN Card;C:\Windows\system32;C:\Windows;C:\Windows\System32\Wbem;C:\Windows\System32\WindowsPowerShell\v1.0\;C:\Program Files\WIDCOMM\Bluetooth Software\;C:\Program Files\WIDCOMM\Bluetooth Software\syswow64;C:\Program Files\Dell\Dell Data Protection\Access\Advanced\Wave\Gemalto\Access Client\v5\;C:\Program Files (x86)\Security Innovation\SI TSS\bin\;C:\Program Files (x86)\Windows Live\Shared;C:\Program Files (x86)\MySQL\MySQL Utilities 1.3.4\;C:\Program Files\Microsoft SQL Server\110\Tools\Binn\;C:\Program Files\nodejs\;C:\Program Files (x86)\Git\cmd;C:\Program Files\MATLAB\runtime\win64;C:\Program Files\MATLAB\bin;C:\Program Files (x86)\QuickTime\QTSystem\;C:\Program Files (x86)\GtkSharp\2.12\bin;C:\Program Files (x86)\Skype\Phone\;C:\Program Files\Intel\Intel(R) Management Engine Components\DAL;C:\Program Files\Intel\Intel(R) Management Engine Components\IPT;C:\Program Files (x86)\Intel\Intel(R) Management Engine Components\DAL;C:\Program Files (x86)\Intel\Intel(R) Management Engine Components\IPT;C:\Users\Martin\AppData\Local\Android\sdk\platform-tools;C:\Program Files\Java\jdk1.8.0_20\bin;C:\Users\Martin\AppData\Roaming\npm
USERNAME=Martin
OS=Windows_NT
PROCESSOR_IDENTIFIER=Intel64 Family 6 Model 58 Stepping 9, GenuineIntel



---------------  S Y S T E M  ---------------

OS: Windows 7 , 64 bit Build 7601 Service Pack 1

CPU:total 4 (2 cores per cpu, 2 threads per core) family 6 model 58 stepping 9, cmov, cx8, fxsr, mmx, sse, sse2, sse3, ssse3, sse4.1, sse4.2, popcnt, avx, aes, clmul, erms, ht, tsc, tscinvbit, tscinv

Memory: 4k page, physical 4077532k(97048k free), swap 5811308k(5132k free)

vm_info: Java HotSpot(TM) 64-Bit Server VM (25.20-b23) for windows-amd64 JRE (1.8.0_20-b26), built on Jul 30 2014 13:51:23 by "java_re" with MS VC++ 10.0 (VS2010)

time: Wed Jun 01 10:38:50 2016
elapsed time: 10 seconds (0d 0h 0m 10s)

