#
# There is insufficient memory for the Java Runtime Environment to continue.
# Native memory allocation (malloc) failed to allocate 981456 bytes for Chunk::new
# Possible reasons:
#   The system is out of physical RAM or swap space
#   In 32 bit mode, the process size limit was hit
# Possible solutions:
#   Reduce memory load on the system
#   Increase physical memory or swap space
#   Check if swap backing store is full
#   Use 64 bit Java on a 64 bit OS
#   Decrease Java heap size (-Xmx/-Xms)
#   Decrease number of Java threads
#   Decrease Java thread stack sizes (-Xss)
#   Set larger code cache with -XX:ReservedCodeCacheSize=
# This output file may be truncated or incomplete.
#
#  Out of Memory Error (allocation.cpp:390), pid=4824, tid=4588
#
# JRE version: Java(TM) SE Runtime Environment (8.0_20-b26) (build 1.8.0_20-b26)
# Java VM: Java HotSpot(TM) 64-Bit Server VM (25.20-b23 mixed mode windows-amd64 compressed oops)
# Failed to write core dump. Minidumps are not enabled by default on client versions of Windows
#

---------------  T H R E A D  ---------------

Current thread (0x0000000054ce4000):  JavaThread "C2 CompilerThread1" daemon [_thread_in_native, id=4588, stack(0x0000000056620000,0x0000000056720000)]

Stack: [0x0000000056620000,0x0000000056720000]
Native frames: (J=compiled Java code, j=interpreted, Vv=VM code, C=native code)
V  [jvm.dll+0x3152fa]


Current CompileTask:
C2:  22791 2196   !   4       com.android.dx.cf.code.RopperMachine::run (1550 bytes)


---------------  P R O C E S S  ---------------

Java Threads: ( => current thread )
  0x0000000056c73800 JavaThread "pool-1-thread-4" [_thread_in_Java, id=5520, stack(0x0000000057cd0000,0x0000000057dd0000)]
  0x0000000056c73000 JavaThread "pool-1-thread-3" [_thread_blocked, id=7376, stack(0x0000000057970000,0x0000000057a70000)]
  0x0000000056cc8000 JavaThread "pool-1-thread-2" [_thread_in_Java, id=1948, stack(0x0000000057b30000,0x0000000057c30000)]
  0x0000000056cc5800 JavaThread "pool-2-thread-1" [_thread_blocked, id=4748, stack(0x0000000057840000,0x0000000057940000)]
  0x0000000056cb7800 JavaThread "pool-1-thread-1" [_thread_blocked, id=8908, stack(0x00000000576b0000,0x00000000577b0000)]
  0x0000000056968800 JavaThread "Service Thread" daemon [_thread_blocked, id=9096, stack(0x0000000056d50000,0x0000000056e50000)]
  0x0000000054ce6000 JavaThread "C1 CompilerThread2" daemon [_thread_blocked, id=6000, stack(0x0000000056810000,0x0000000056910000)]
=>0x0000000054ce4000 JavaThread "C2 CompilerThread1" daemon [_thread_in_native, id=4588, stack(0x0000000056620000,0x0000000056720000)]
  0x0000000054ce1800 JavaThread "C2 CompilerThread0" daemon [_thread_blocked, id=9172, stack(0x0000000056380000,0x0000000056480000)]
  0x0000000054cde800 JavaThread "Attach Listener" daemon [_thread_blocked, id=2092, stack(0x0000000056280000,0x0000000056380000)]
  0x0000000054ced000 JavaThread "Signal Dispatcher" daemon [_thread_blocked, id=6244, stack(0x0000000055f30000,0x0000000056030000)]
  0x0000000054c84800 JavaThread "Finalizer" daemon [_thread_blocked, id=2552, stack(0x00000000560f0000,0x00000000561f0000)]
  0x0000000054c7c000 JavaThread "Reference Handler" daemon [_thread_blocked, id=1052, stack(0x0000000055d00000,0x0000000055e00000)]
  0x0000000001e5e800 JavaThread "main" [_thread_in_Java, id=5712, stack(0x0000000001ec0000,0x0000000001fc0000)]

Other Threads:
  0x0000000054c76800 VMThread [stack: 0x0000000055e30000,0x0000000055f30000] [id=7020]
  0x0000000056974000 WatcherThread [stack: 0x00000000564a0000,0x00000000565a0000] [id=8256]

VM state:not at safepoint (normal execution)

VM Mutex/Monitor currently owned by a thread:  ([mutex/lock_event])
[0x0000000001e5cf70] Heap_lock - owner thread: 0x0000000056cb7800

Heap:
 PSYoungGen      total 264704K, used 51116K [0x00000000eab00000, 0x0000000100000000, 0x0000000100000000)
  eden space 217088K, 1% used [0x00000000eab00000,0x00000000eae72828,0x00000000f7f00000)
  from space 47616K, 99% used [0x00000000fd180000,0x00000000ffff8bc8,0x0000000100000000)
  to   space 66048K, 0% used [0x00000000f7f00000,0x00000000f7f00000,0x00000000fbf80000)
 ParOldGen       total 132096K, used 95347K [0x00000000c0000000, 0x00000000c8100000, 0x00000000eab00000)
  object space 132096K, 72% used [0x00000000c0000000,0x00000000c5d1cd50,0x00000000c8100000)
 Metaspace       used 6441K, capacity 7256K, committed 7424K, reserved 1056768K
  class space    used 614K, capacity 656K, committed 768K, reserved 1048576K

Card table byte_map: [0x0000000011720000,0x0000000011930000] byte_map_base: 0x0000000011120000

Marking Bits: (ParMarkBitMap*) 0x000000007312b460
 Begin Bits: [0x00000000120f0000, 0x00000000130f0000)
 End Bits:   [0x00000000130f0000, 0x00000000140f0000)

Polling page: 0x0000000000220000

CodeCache: size=245760Kb used=10539Kb max_used=10547Kb free=235221Kb
 bounds [0x0000000002360000, 0x0000000002dc0000, 0x0000000011360000]
 total_blobs=2412 nmethods=2145 adapters=178
 compilation: enabled

Compilation events (10 events):
Event: 20.797 Thread 0x0000000054ce6000 2181       3       com.android.dx.rop.type.Type::isCategory1 (36 bytes)
Event: 20.797 Thread 0x0000000054ce6000 nmethod 2181 0x00000000024e9110 code [0x00000000024e9260, 0x00000000024e93d0]
Event: 20.797 Thread 0x0000000054ce6000 2182       3       com.android.dx.rop.code.Rops::opAput (97 bytes)
Event: 20.798 Thread 0x0000000054ce6000 nmethod 2182 0x00000000024e4b90 code [0x00000000024e4dc0, 0x00000000024e59b8]
Event: 20.798 Thread 0x0000000054ce6000 2183       3       com.android.dx.cf.code.ExecutionStack::peekLocal (46 bytes)
Event: 20.798 Thread 0x0000000054ce6000 nmethod 2183 0x000000000247d750 code [0x000000000247d8e0, 0x000000000247dc18]
Event: 20.798 Thread 0x0000000054ce6000 2184       3       com.android.dx.cf.code.BaseMachine::popArgs (204 bytes)
Event: 20.800 Thread 0x0000000054ce6000 nmethod 2184 0x0000000002d8c790 code [0x0000000002d8cbe0, 0x0000000002d8f088]
Event: 20.804 Thread 0x0000000054ce4000 nmethod 2171 0x0000000002da3c10 code [0x0000000002da50a0, 0x0000000002dacb80]
Event: 20.805 Thread 0x0000000054ce4000 2196   !   4       com.android.dx.cf.code.RopperMachine::run (1550 bytes)

GC Heap History (10 events):
Event: 15.425 GC heap before
{Heap before GC invocations=5 (full 0):
 PSYoungGen      total 68096K, used 68064K [0x00000000eab00000, 0x00000000ef000000, 0x0000000100000000)
  eden space 65536K, 100% used [0x00000000eab00000,0x00000000eeb00000,0x00000000eeb00000)
  from space 2560K, 98% used [0x00000000eed80000,0x00000000eeff8010,0x00000000ef000000)
  to   space 2560K, 0% used [0x00000000eeb00000,0x00000000eeb00000,0x00000000eed80000)
 ParOldGen       total 44032K, used 10889K [0x00000000c0000000, 0x00000000c2b00000, 0x00000000eab00000)
  object space 44032K, 24% used [0x00000000c0000000,0x00000000c0aa24d8,0x00000000c2b00000)
 Metaspace       used 6356K, capacity 7192K, committed 7424K, reserved 1056768K
  class space    used 612K, capacity 656K, committed 768K, reserved 1048576K
Event: 15.456 GC heap after
Heap after GC invocations=5 (full 0):
 PSYoungGen      total 68096K, used 2560K [0x00000000eab00000, 0x00000000f4800000, 0x0000000100000000)
  eden space 65536K, 0% used [0x00000000eab00000,0x00000000eab00000,0x00000000eeb00000)
  from space 2560K, 100% used [0x00000000eeb00000,0x00000000eed80000,0x00000000eed80000)
  to   space 14848K, 0% used [0x00000000f3980000,0x00000000f3980000,0x00000000f4800000)
 ParOldGen       total 44032K, used 20818K [0x00000000c0000000, 0x00000000c2b00000, 0x00000000eab00000)
  object space 44032K, 47% used [0x00000000c0000000,0x00000000c14549b0,0x00000000c2b00000)
 Metaspace       used 6356K, capacity 7192K, committed 7424K, reserved 1056768K
  class space    used 612K, capacity 656K, committed 768K, reserved 1048576K
}
Event: 19.233 GC heap before
{Heap before GC invocations=6 (full 0):
 PSYoungGen      total 68096K, used 68096K [0x00000000eab00000, 0x00000000f4800000, 0x0000000100000000)
  eden space 65536K, 100% used [0x00000000eab00000,0x00000000eeb00000,0x00000000eeb00000)
  from space 2560K, 100% used [0x00000000eeb00000,0x00000000eed80000,0x00000000eed80000)
  to   space 14848K, 0% used [0x00000000f3980000,0x00000000f3980000,0x00000000f4800000)
 ParOldGen       total 44032K, used 20818K [0x00000000c0000000, 0x00000000c2b00000, 0x00000000eab00000)
  object space 44032K, 47% used [0x00000000c0000000,0x00000000c14549b0,0x00000000c2b00000)
 Metaspace       used 6425K, capacity 7256K, committed 7424K, reserved 1056768K
  class space    used 612K, capacity 656K, committed 768K, reserved 1048576K
Event: 19.373 GC heap after
Heap after GC invocations=6 (full 0):
 PSYoungGen      total 143872K, used 12741K [0x00000000eab00000, 0x00000000f4c00000, 0x0000000100000000)
  eden space 129024K, 0% used [0x00000000eab00000,0x00000000eab00000,0x00000000f2900000)
  from space 14848K, 85% used [0x00000000f3980000,0x00000000f45f14a8,0x00000000f4800000)
  to   space 16896K, 0% used [0x00000000f2900000,0x00000000f2900000,0x00000000f3980000)
 ParOldGen       total 44032K, used 20818K [0x00000000c0000000, 0x00000000c2b00000, 0x00000000eab00000)
  object space 44032K, 47% used [0x00000000c0000000,0x00000000c14549b0,0x00000000c2b00000)
 Metaspace       used 6425K, capacity 7256K, committed 7424K, reserved 1056768K
  class space    used 612K, capacity 656K, committed 768K, reserved 1048576K
}
Event: 20.862 GC heap before
{Heap before GC invocations=7 (full 0):
 PSYoungGen      total 143872K, used 141765K [0x00000000eab00000, 0x00000000f4c00000, 0x0000000100000000)
  eden space 129024K, 100% used [0x00000000eab00000,0x00000000f2900000,0x00000000f2900000)
  from space 14848K, 85% used [0x00000000f3980000,0x00000000f45f14a8,0x00000000f4800000)
  to   space 16896K, 0% used [0x00000000f2900000,0x00000000f2900000,0x00000000f3980000)
 ParOldGen       total 44032K, used 20818K [0x00000000c0000000, 0x00000000c2b00000, 0x00000000eab00000)
  object space 44032K, 47% used [0x00000000c0000000,0x00000000c14549b0,0x00000000c2b00000)
 Metaspace       used 6438K, capacity 7256K, committed 7424K, reserved 1056768K
  class space    used 613K, capacity 656K, committed 768K, reserved 1048576K
Event: 21.237 GC heap after
Heap after GC invocations=7 (full 0):
 PSYoungGen      total 145920K, used 16865K [0x00000000eab00000, 0x0000000100000000, 0x0000000100000000)
  eden space 129024K, 0% used [0x00000000eab00000,0x00000000eab00000,0x00000000f2900000)
  from space 16896K, 99% used [0x00000000f2900000,0x00000000f39784d8,0x00000000f3980000)
  to   space 47616K, 0% used [0x00000000fd180000,0x00000000fd180000,0x0000000100000000)
 ParOldGen       total 76288K, used 75266K [0x00000000c0000000, 0x00000000c4a80000, 0x00000000eab00000)
  object space 76288K, 98% used [0x00000000c0000000,0x00000000c49809e0,0x00000000c4a80000)
 Metaspace       used 6438K, capacity 7256K, committed 7424K, reserved 1056768K
  class space    used 613K, capacity 656K, committed 768K, reserved 1048576K
}
Event: 21.237 GC heap before
{Heap before GC invocations=8 (full 1):
 PSYoungGen      total 145920K, used 16865K [0x00000000eab00000, 0x0000000100000000, 0x0000000100000000)
  eden space 129024K, 0% used [0x00000000eab00000,0x00000000eab00000,0x00000000f2900000)
  from space 16896K, 99% used [0x00000000f2900000,0x00000000f39784d8,0x00000000f3980000)
  to   space 47616K, 0% used [0x00000000fd180000,0x00000000fd180000,0x0000000100000000)
 ParOldGen       total 76288K, used 75266K [0x00000000c0000000, 0x00000000c4a80000, 0x00000000eab00000)
  object space 76288K, 98% used [0x00000000c0000000,0x00000000c49809e0,0x00000000c4a80000)
 Metaspace       used 6438K, capacity 7256K, committed 7424K, reserved 1056768K
  class space    used 613K, capacity 656K, committed 768K, reserved 1048576K
Event: 22.104 GC heap after
Heap after GC invocations=8 (full 1):
 PSYoungGen      total 145920K, used 12223K [0x00000000eab00000, 0x0000000100000000, 0x0000000100000000)
  eden space 129024K, 0% used [0x00000000eab00000,0x00000000eab00000,0x00000000f2900000)
  from space 16896K, 72% used [0x00000000f2900000,0x00000000f34effd8,0x00000000f3980000)
  to   space 47616K, 0% used [0x00000000fd180000,0x00000000fd180000,0x0000000100000000)
 ParOldGen       total 132096K, used 76129K [0x00000000c0000000, 0x00000000c8100000, 0x00000000eab00000)
  object space 132096K, 57% used [0x00000000c0000000,0x00000000c4a58518,0x00000000c8100000)
 Metaspace       used 6438K, capacity 7256K, committed 7424K, reserved 1056768K
  class space    used 613K, capacity 656K, committed 768K, reserved 1048576K
}
Event: 22.570 GC heap before
{Heap before GC invocations=9 (full 1):
 PSYoungGen      total 145920K, used 141247K [0x00000000eab00000, 0x0000000100000000, 0x0000000100000000)
  eden space 129024K, 100% used [0x00000000eab00000,0x00000000f2900000,0x00000000f2900000)
  from space 16896K, 72% used [0x00000000f2900000,0x00000000f34effd8,0x00000000f3980000)
  to   space 47616K, 0% used [0x00000000fd180000,0x00000000fd180000,0x0000000100000000)
 ParOldGen       total 132096K, used 76129K [0x00000000c0000000, 0x00000000c8100000, 0x00000000eab00000)
  object space 132096K, 57% used [0x00000000c0000000,0x00000000c4a58518,0x00000000c8100000)
 Metaspace       used 6441K, capacity 7256K, committed 7424K, reserved 1056768K
  class space    used 614K, capacity 656K, committed 768K, reserved 1048576K
Event: 22.701 GC heap after
Heap after GC invocations=9 (full 1):
 PSYoungGen      total 264704K, used 47586K [0x00000000eab00000, 0x0000000100000000, 0x0000000100000000)
  eden space 217088K, 0% used [0x00000000eab00000,0x00000000eab00000,0x00000000f7f00000)
  from space 47616K, 99% used [0x00000000fd180000,0x00000000ffff8bc8,0x0000000100000000)
  to   space 66048K, 0% used [0x00000000f7f00000,0x00000000f7f00000,0x00000000fbf80000)
 ParOldGen       total 132096K, used 95347K [0x00000000c0000000, 0x00000000c8100000, 0x00000000eab00000)
  object space 132096K, 72% used [0x00000000c0000000,0x00000000c5d1cd50,0x00000000c8100000)
 Metaspace       used 6441K, capacity 7256K, committed 7424K, reserved 1056768K
  class space    used 614K, capacity 656K, committed 768K, reserved 1048576K
}

Deoptimization events (10 events):
Event: 22.350 Thread 0x0000000001e5e800 Uncommon trap: reason=speculate_class_check action=maybe_recompile pc=0x0000000002d20534 method=com.android.dx.rop.cst.TypedConstant.getBasicType()I @ 1
Event: 22.468 Thread 0x0000000056cb7800 Uncommon trap: reason=predicate action=maybe_recompile pc=0x0000000002d3ba38 method=com.android.dx.ssa.back.InterferenceGraph.<init>(I)V @ 23
Event: 22.471 Thread 0x0000000056cb7800 Uncommon trap: reason=unloaded action=reinterpret pc=0x00000000027793b8 method=com.android.dx.ssa.SetFactory.makeLivenessSet(I)Lcom/android/dx/util/IntSet; @ 18
Event: 22.471 Thread 0x0000000056cb7800 Uncommon trap: reason=unloaded action=reinterpret pc=0x00000000027847e4 method=com.android.dx.ssa.SetFactory.makeLivenessSet(I)Lcom/android/dx/util/IntSet; @ 18
Event: 22.481 Thread 0x0000000056cb7800 Uncommon trap: reason=class_check action=maybe_recompile pc=0x000000000278292c method=com.android.dx.ssa.back.InterferenceGraph.add(II)V @ 19
Event: 22.481 Thread 0x0000000056cb7800 Uncommon trap: reason=class_check action=maybe_recompile pc=0x000000000278292c method=com.android.dx.ssa.back.InterferenceGraph.add(II)V @ 19
Event: 22.481 Thread 0x0000000056cb7800 Uncommon trap: reason=class_check action=maybe_recompile pc=0x000000000278292c method=com.android.dx.ssa.back.InterferenceGraph.add(II)V @ 19
Event: 22.481 Thread 0x0000000056cb7800 Uncommon trap: reason=class_check action=maybe_recompile pc=0x000000000278292c method=com.android.dx.ssa.back.InterferenceGraph.add(II)V @ 19
Event: 22.481 Thread 0x0000000056cb7800 Uncommon trap: reason=class_check action=maybe_recompile pc=0x0000000002d2812c method=com.android.dx.ssa.back.InterferenceGraph.add(II)V @ 19
Event: 22.720 Thread 0x0000000056c73800 Uncommon trap: reason=class_check action=maybe_recompile pc=0x0000000002ba808c method=com.android.dx.ssa.SsaConverter.placePhiFunctions(Lcom/android/dx/ssa/SsaMethod;Lcom/android/dx/ssa/LocalVariableInfo;I)V @ 257

Internal exceptions (10 events):
Event: 3.268 Thread 0x0000000056c73000 Exception <a 'java/security/PrivilegedActionException'> (0x00000000ebdee530) thrown at [D:\re\workspace\8-2-build-windows-amd64-cygwin\jdk8u20\1074\hotspot\src\share\vm\prims\jvm.cpp, line 1275]
Event: 3.268 Thread 0x0000000056c73000 Exception <a 'java/security/PrivilegedActionException'> (0x00000000ebdf3d40) thrown at [D:\re\workspace\8-2-build-windows-amd64-cygwin\jdk8u20\1074\hotspot\src\share\vm\prims\jvm.cpp, line 1275]
Event: 10.672 Thread 0x0000000056cc8000 Exception <a 'java/security/PrivilegedActionException'> (0x00000000ec64ec20) thrown at [D:\re\workspace\8-2-build-windows-amd64-cygwin\jdk8u20\1074\hotspot\src\share\vm\prims\jvm.cpp, line 1275]
Event: 11.704 Thread 0x0000000056cb7800 Exception <a 'java/security/PrivilegedActionException'> (0x00000000eb3a25f8) thrown at [D:\re\workspace\8-2-build-windows-amd64-cygwin\jdk8u20\1074\hotspot\src\share\vm\prims\jvm.cpp, line 1275]
Event: 12.066 Thread 0x0000000056cb7800 Exception <a 'java/security/PrivilegedActionException'> (0x00000000eb6768e0) thrown at [D:\re\workspace\8-2-build-windows-amd64-cygwin\jdk8u20\1074\hotspot\src\share\vm\prims\jvm.cpp, line 1275]
Event: 13.153 Thread 0x0000000056c73000 Exception <a 'java/lang/ArrayIndexOutOfBoundsException': 18> (0x00000000ec34ce38) thrown at [D:\re\workspace\8-2-build-windows-amd64-cygwin\jdk8u20\1074\hotspot\src\share\vm\interpreter\interpreterRuntime.cpp, line 366]
Event: 13.153 Thread 0x0000000056c73000 Exception <a 'java/lang/ArrayIndexOutOfBoundsException': 145> (0x00000000ec34e920) thrown at [D:\re\workspace\8-2-build-windows-amd64-cygwin\jdk8u20\1074\hotspot\src\share\vm\interpreter\interpreterRuntime.cpp, line 366]
Event: 13.154 Thread 0x0000000056c73000 Exception <a 'java/lang/ArrayIndexOutOfBoundsException': 40> (0x00000000ec34fb38) thrown at [D:\re\workspace\8-2-build-windows-amd64-cygwin\jdk8u20\1074\hotspot\src\share\vm\interpreter\interpreterRuntime.cpp, line 366]
Event: 20.527 Thread 0x0000000056c73800 Exception <a 'java/security/PrivilegedActionException'> (0x00000000f0c5f628) thrown at [D:\re\workspace\8-2-build-windows-amd64-cygwin\jdk8u20\1074\hotspot\src\share\vm\prims\jvm.cpp, line 1275]
Event: 22.338 Thread 0x0000000056cb7800 Exception <a 'java/security/PrivilegedActionException'> (0x00000000f062ed88) thrown at [D:\re\workspace\8-2-build-windows-amd64-cygwin\jdk8u20\1074\hotspot\src\share\vm\prims\jvm.cpp, line 1275]

Events (10 events):
Event: 22.481 Thread 0x0000000056cb7800 DEOPT PACKING pc=0x000000000278292c sp=0x00000000577ae630
Event: 22.481 Thread 0x0000000056cb7800 DEOPT UNPACKING pc=0x00000000023a556a sp=0x00000000577ae5c0 mode 2
Event: 22.481 Thread 0x0000000056cb7800 Uncommon trap: trap_request=0xffffffde fr.pc=0x0000000002d2812c
Event: 22.481 Thread 0x0000000056cb7800 DEOPT PACKING pc=0x0000000002d2812c sp=0x00000000577ae5a0
Event: 22.481 Thread 0x0000000056cb7800 DEOPT UNPACKING pc=0x00000000023a556a sp=0x00000000577ae5c8 mode 2
Event: 22.570 Executing VM operation: ParallelGCFailedAllocation
Event: 22.701 Executing VM operation: ParallelGCFailedAllocation done
Event: 22.720 Thread 0x0000000056c73800 Uncommon trap: trap_request=0xffffffde fr.pc=0x0000000002ba808c
Event: 22.720 Thread 0x0000000056c73800 DEOPT PACKING pc=0x0000000002ba808c sp=0x0000000057dced20
Event: 22.720 Thread 0x0000000056c73800 DEOPT UNPACKING pc=0x00000000023a556a sp=0x0000000057dcecf8 mode 2


Dynamic libraries:
0x000000013f780000 - 0x000000013f7b4000 	C:\Program Files\Java\jdk1.8.0_20\bin\java.exe
0x0000000076e60000 - 0x000000007700a000 	C:\Windows\SYSTEM32\ntdll.dll
0x0000000076d40000 - 0x0000000076e5f000 	C:\Windows\system32\kernel32.dll
0x000007fefcdb0000 - 0x000007fefce1a000 	C:\Windows\system32\KERNELBASE.dll
0x000007fefddd0000 - 0x000007fefdeab000 	C:\Windows\system32\ADVAPI32.dll
0x000007fefdeb0000 - 0x000007fefdf4f000 	C:\Windows\system32\msvcrt.dll
0x000007fefcfa0000 - 0x000007fefcfbf000 	C:\Windows\SYSTEM32\sechost.dll
0x000007fefd380000 - 0x000007fefd4ad000 	C:\Windows\system32\RPCRT4.dll
0x0000000076c40000 - 0x0000000076d3a000 	C:\Windows\system32\USER32.dll
0x000007fefdae0000 - 0x000007fefdb47000 	C:\Windows\system32\GDI32.dll
0x000007feff160000 - 0x000007feff16e000 	C:\Windows\system32\LPK.dll
0x000007fefd740000 - 0x000007fefd80a000 	C:\Windows\system32\USP10.dll
0x000007fefba40000 - 0x000007fefbc34000 	C:\Windows\WinSxS\amd64_microsoft.windows.common-controls_6595b64144ccf1df_6.0.7601.18837_none_fa3b1e3d17594757\COMCTL32.dll
0x000007fefdf50000 - 0x000007fefdfc1000 	C:\Windows\system32\SHLWAPI.dll
0x000007fefef50000 - 0x000007fefef7e000 	C:\Windows\system32\IMM32.DLL
0x000007fefd270000 - 0x000007fefd379000 	C:\Windows\system32\MSCTF.dll
0x0000000064a30000 - 0x0000000064b02000 	C:\Program Files\Java\jdk1.8.0_20\jre\bin\msvcr100.dll
0x0000000072950000 - 0x00000000731a8000 	C:\Program Files\Java\jdk1.8.0_20\jre\bin\server\jvm.dll
0x000007fefbfd0000 - 0x000007fefbfd9000 	C:\Windows\system32\WSOCK32.dll
0x000007fefef80000 - 0x000007fefefcd000 	C:\Windows\system32\WS2_32.dll
0x000007fefed60000 - 0x000007fefed68000 	C:\Windows\system32\NSI.dll
0x000007fefae60000 - 0x000007fefae9b000 	C:\Windows\system32\WINMM.dll
0x0000000077020000 - 0x0000000077027000 	C:\Windows\system32\PSAPI.DLL
0x0000000073710000 - 0x000000007371f000 	C:\Program Files\Java\jdk1.8.0_20\jre\bin\verify.dll
0x00000000736e0000 - 0x0000000073708000 	C:\Program Files\Java\jdk1.8.0_20\jre\bin\java.dll
0x00000000736c0000 - 0x00000000736d6000 	C:\Program Files\Java\jdk1.8.0_20\jre\bin\zip.dll
0x000007fefdfd0000 - 0x000007fefed5a000 	C:\Windows\system32\SHELL32.dll
0x000007fefd060000 - 0x000007fefd263000 	C:\Windows\system32\ole32.dll
0x000007fefcbe0000 - 0x000007fefcbef000 	C:\Windows\system32\profapi.dll

VM Arguments:
jvm_args: -Djava.awt.headless=true -Xmx1024M -Dfile.encoding=windows-1252 -Duser.country=US -Duser.language=en -Duser.variant 
java_command: com.android.dx.command.Main --dex --num-threads=4 --output C:\Users\Martin\AndroidStudioProjects\SystemEngineeringGSM\app\build\intermediates\pre-dexed\debug\com.google.android.gms-play-services-ads-8.4.0_5573907b5dd3f2cd6e0b03b9d0b5236d8c285cc2.jar C:\Users\Martin\AndroidStudioProjects\SystemEngineeringGSM\app\build\intermediates\exploded-aar\com.google.android.gms\play-services-ads\8.4.0\jars\classes.jar
java_class_path (initial): C:\Users\Martin\AppData\Local\Android\sdk\build-tools\23.0.2\lib\dx.jar
Launcher Type: SUN_STANDARD

Environment Variables:
PATH=C:\ProgramData\Oracle\Java\javapath;C:\Program Files\Common Files\Microsoft Shared\Windows Live;C:\Program Files (x86)\Common Files\Microsoft Shared\Windows Live;C:\Program Files (x86)\Intel\iCLS Client\;C:\Program Files\Intel\iCLS Client\;C:\Program Files\Dell\DW WLAN Card;C:\Windows\system32;C:\Windows;C:\Windows\System32\Wbem;C:\Windows\System32\WindowsPowerShell\v1.0\;C:\Program Files\WIDCOMM\Bluetooth Software\;C:\Program Files\WIDCOMM\Bluetooth Software\syswow64;C:\Program Files\Dell\Dell Data Protection\Access\Advanced\Wave\Gemalto\Access Client\v5\;C:\Program Files (x86)\Security Innovation\SI TSS\bin\;C:\Program Files (x86)\Windows Live\Shared;C:\Program Files (x86)\MySQL\MySQL Utilities 1.3.4\;C:\Program Files\Microsoft SQL Server\110\Tools\Binn\;C:\Program Files\nodejs\;C:\Program Files (x86)\Git\cmd;C:\Program Files\MATLAB\runtime\win64;C:\Program Files\MATLAB\bin;C:\Program Files (x86)\QuickTime\QTSystem\;C:\Program Files (x86)\GtkSharp\2.12\bin;C:\Program Files (x86)\Skype\Phone\;C:\Program Files\Intel\Intel(R) Management Engine Components\DAL;C:\Program Files\Intel\Intel(R) Management Engine Components\IPT;C:\Program Files (x86)\Intel\Intel(R) Management Engine Components\DAL;C:\Program Files (x86)\Intel\Intel(R) Management Engine Components\IPT;C:\Users\Martin\AppData\Local\Android\sdk\platform-tools;C:\Program Files\Java\jdk1.8.0_20\bin;C:\Users\Martin\AppData\Roaming\npm
USERNAME=Martin
OS=Windows_NT
PROCESSOR_IDENTIFIER=Intel64 Family 6 Model 58 Stepping 9, GenuineIntel



---------------  S Y S T E M  ---------------

OS: Windows 7 , 64 bit Build 7601 Service Pack 1

CPU:total 4 (2 cores per cpu, 2 threads per core) family 6 model 58 stepping 9, cmov, cx8, fxsr, mmx, sse, sse2, sse3, ssse3, sse4.1, sse4.2, popcnt, avx, aes, clmul, erms, ht, tsc, tscinvbit, tscinv

Memory: 4k page, physical 4077532k(435112k free), swap 6172824k(5140k free)

vm_info: Java HotSpot(TM) 64-Bit Server VM (25.20-b23) for windows-amd64 JRE (1.8.0_20-b26), built on Jul 30 2014 13:51:23 by "java_re" with MS VC++ 10.0 (VS2010)

time: Wed May 25 13:25:31 2016
elapsed time: 22 seconds (0d 0h 0m 22s)

