#
# There is insufficient memory for the Java Runtime Environment to continue.
# Native memory allocation (malloc) failed to allocate 65552 bytes for Chunk::new
# Possible reasons:
#   The system is out of physical RAM or swap space
#   In 32 bit mode, the process size limit was hit
# Possible solutions:
#   Reduce memory load on the system
#   Increase physical memory or swap space
#   Check if swap backing store is full
#   Use 64 bit Java on a 64 bit OS
#   Decrease Java heap size (-Xmx/-Xms)
#   Decrease number of Java threads
#   Decrease Java thread stack sizes (-Xss)
#   Set larger code cache with -XX:ReservedCodeCacheSize=
# This output file may be truncated or incomplete.
#
#  Out of Memory Error (allocation.cpp:323), pid=13820, tid=9900
#
# JRE version: Java(TM) SE Runtime Environment (7.0_40-b43) (build 1.7.0_40-b43)
# Java VM: Java HotSpot(TM) 64-Bit Server VM (24.0-b56 mixed mode windows-amd64 compressed oops)
# Failed to write core dump. Minidumps are not enabled by default on client versions of Windows
#

---------------  T H R E A D  ---------------

Current thread (0x00000000083c3000):  JavaThread "C2 CompilerThread1" daemon [_thread_in_native, id=9900, stack(0x0000000009ad0000,0x0000000009bd0000)]

Stack: [0x0000000009ad0000,0x0000000009bd0000]

Current CompileTask:
C2:   5659  227             com.android.dx.ssa.SCCP::run (298 bytes)


---------------  P R O C E S S  ---------------

Java Threads: ( => current thread )
  0x0000000009f55800 JavaThread "pool-1-thread-4" [_thread_in_vm, id=10388, stack(0x000000000ae10000,0x000000000af10000)]
  0x000000000a040000 JavaThread "pool-1-thread-3" [_thread_in_Java, id=14688, stack(0x000000000abc0000,0x000000000acc0000)]
  0x0000000009f53800 JavaThread "pool-1-thread-2" [_thread_in_Java, id=10364, stack(0x000000000aa30000,0x000000000ab30000)]
  0x0000000009f61000 JavaThread "pool-2-thread-1" [_thread_blocked, id=2576, stack(0x000000000a8b0000,0x000000000a9b0000)]
  0x000000000a08f800 JavaThread "pool-1-thread-1" [_thread_in_Java, id=14656, stack(0x000000000a6e0000,0x000000000a7e0000)]
  0x00000000083cb800 JavaThread "Service Thread" daemon [_thread_blocked, id=15184, stack(0x0000000009680000,0x0000000009780000)]
=>0x00000000083c3000 JavaThread "C2 CompilerThread1" daemon [_thread_in_native, id=9900, stack(0x0000000009ad0000,0x0000000009bd0000)]
  0x00000000083bf800 JavaThread "C2 CompilerThread0" daemon [_thread_in_native, id=11180, stack(0x0000000009980000,0x0000000009a80000)]
  0x00000000083be800 JavaThread "Attach Listener" daemon [_thread_blocked, id=14008, stack(0x0000000009800000,0x0000000009900000)]
  0x00000000083b7000 JavaThread "Signal Dispatcher" daemon [_thread_blocked, id=13380, stack(0x0000000009580000,0x0000000009680000)]
  0x0000000008365000 JavaThread "Finalizer" daemon [_thread_blocked, id=11532, stack(0x0000000009210000,0x0000000009310000)]
  0x000000000835a000 JavaThread "Reference Handler" daemon [_thread_blocked, id=10396, stack(0x0000000009430000,0x0000000009530000)]
  0x0000000001f0e800 JavaThread "main" [_thread_blocked, id=11336, stack(0x0000000002150000,0x0000000002250000)]

Other Threads:
  0x0000000008358800 VMThread [stack: 0x0000000009310000,0x0000000009410000] [id=12128]
  0x00000000083d5000 WatcherThread [stack: 0x0000000009c70000,0x0000000009d70000] [id=11200]

VM state:not at safepoint (normal execution)

VM Mutex/Monitor currently owned by a thread: None

Heap
 PSYoungGen      total 35328K, used 15563K [0x00000000eaa80000, 0x00000000eef80000, 0x0000000100000000)
  eden space 32768K, 39% used [0x00000000eaa80000,0x00000000eb7376c0,0x00000000eca80000)
  from space 2560K, 99% used [0x00000000eca80000,0x00000000eccfb878,0x00000000ecd00000)
  to   space 2560K, 0% used [0x00000000eed00000,0x00000000eed00000,0x00000000eef80000)
 ParOldGen       total 42496K, used 8966K [0x00000000c0000000, 0x00000000c2980000, 0x00000000eaa80000)
  object space 42496K, 21% used [0x00000000c0000000,0x00000000c08c19f8,0x00000000c2980000)
 PSPermGen       total 21504K, used 5869K [0x00000000bae00000, 0x00000000bc300000, 0x00000000c0000000)
  object space 21504K, 27% used [0x00000000bae00000,0x00000000bb3bb5e8,0x00000000bc300000)

Card table byte_map: [0x0000000005250000,0x0000000005480000] byte_map_base: 0x0000000004c79000

Polling page: 0x0000000001b60000

Code Cache  [0x0000000002250000, 0x00000000024c0000, 0x0000000005250000)
 total_blobs=473 nmethods=237 adapters=188 free_code_cache=48175Kb largest_free_block=49298304

Compilation events (10 events):
Event: 4.933 Thread 0x00000000083bf800 nmethod 232 0x0000000002333a90 code [0x0000000002333bc0, 0x0000000002333c18]
Event: 4.933 Thread 0x00000000083bf800  233             java.util.TreeMap::getEntry (84 bytes)
Event: 4.935 Thread 0x00000000083bf800 nmethod 233 0x00000000023353d0 code [0x0000000002335520, 0x0000000002335658]
Event: 4.935 Thread 0x00000000083bf800  234             com.android.dx.ssa.SsaBasicBlock::newFromRop (183 bytes)
Event: 4.985 Thread 0x00000000083bf800 nmethod 234 0x000000000233ead0 code [0x000000000233ed60, 0x00000000023402c0]
Event: 4.985 Thread 0x00000000083bf800  235             com.android.dx.ssa.SCCP::simulateBlock (54 bytes)
Event: 5.453 Thread 0x00000000083bf800 nmethod 235 0x0000000002341b50 code [0x0000000002341fe0, 0x0000000002344eb8]
Event: 5.454 Thread 0x00000000083bf800  236             com.android.dx.rop.code.RegisterSpecSet::localItemToSpec (49 bytes)
Event: 5.458 Thread 0x00000000083bf800 nmethod 236 0x0000000002334a50 code [0x0000000002334ba0, 0x0000000002334f38]
Event: 5.458 Thread 0x00000000083bf800  237             com.android.dx.rop.code.LocalVariableExtractor::processBlock (327 bytes)

GC Heap History (6 events):
Event: 1.637 GC heap before
{Heap before GC invocations=1 (full 0):
 PSYoungGen      total 18944K, used 16384K [0x00000000eaa80000, 0x00000000ebf80000, 0x0000000100000000)
  eden space 16384K, 100% used [0x00000000eaa80000,0x00000000eba80000,0x00000000eba80000)
  from space 2560K, 0% used [0x00000000ebd00000,0x00000000ebd00000,0x00000000ebf80000)
  to   space 2560K, 0% used [0x00000000eba80000,0x00000000eba80000,0x00000000ebd00000)
 ParOldGen       total 42496K, used 0K [0x00000000c0000000, 0x00000000c2980000, 0x00000000eaa80000)
  object space 42496K, 0% used [0x00000000c0000000,0x00000000c0000000,0x00000000c2980000)
 PSPermGen       total 21504K, used 5545K [0x00000000bae00000, 0x00000000bc300000, 0x00000000c0000000)
  object space 21504K, 25% used [0x00000000bae00000,0x00000000bb36a620,0x00000000bc300000)
Event: 3.525 GC heap after
Heap after GC invocations=1 (full 0):
 PSYoungGen      total 18944K, used 2549K [0x00000000eaa80000, 0x00000000ecf80000, 0x0000000100000000)
  eden space 16384K, 0% used [0x00000000eaa80000,0x00000000eaa80000,0x00000000eba80000)
  from space 2560K, 99% used [0x00000000eba80000,0x00000000ebcfd5f8,0x00000000ebd00000)
  to   space 2560K, 0% used [0x00000000ecd00000,0x00000000ecd00000,0x00000000ecf80000)
 ParOldGen       total 42496K, used 1215K [0x00000000c0000000, 0x00000000c2980000, 0x00000000eaa80000)
  object space 42496K, 2% used [0x00000000c0000000,0x00000000c012fd28,0x00000000c2980000)
 PSPermGen       total 21504K, used 5545K [0x00000000bae00000, 0x00000000bc300000, 0x00000000c0000000)
  object space 21504K, 25% used [0x00000000bae00000,0x00000000bb36a620,0x00000000bc300000)
}
Event: 3.834 GC heap before
{Heap before GC invocations=2 (full 0):
 PSYoungGen      total 18944K, used 18933K [0x00000000eaa80000, 0x00000000ecf80000, 0x0000000100000000)
  eden space 16384K, 100% used [0x00000000eaa80000,0x00000000eba80000,0x00000000eba80000)
  from space 2560K, 99% used [0x00000000eba80000,0x00000000ebcfd5f8,0x00000000ebd00000)
  to   space 2560K, 0% used [0x00000000ecd00000,0x00000000ecd00000,0x00000000ecf80000)
 ParOldGen       total 42496K, used 1215K [0x00000000c0000000, 0x00000000c2980000, 0x00000000eaa80000)
  object space 42496K, 2% used [0x00000000c0000000,0x00000000c012fd28,0x00000000c2980000)
 PSPermGen       total 21504K, used 5773K [0x00000000bae00000, 0x00000000bc300000, 0x00000000c0000000)
  object space 21504K, 26% used [0x00000000bae00000,0x00000000bb3a3490,0x00000000bc300000)
Event: 4.070 GC heap after
Heap after GC invocations=2 (full 0):
 PSYoungGen      total 35328K, used 2528K [0x00000000eaa80000, 0x00000000ecf80000, 0x0000000100000000)
  eden space 32768K, 0% used [0x00000000eaa80000,0x00000000eaa80000,0x00000000eca80000)
  from space 2560K, 98% used [0x00000000ecd00000,0x00000000ecf78028,0x00000000ecf80000)
  to   space 2560K, 0% used [0x00000000eca80000,0x00000000eca80000,0x00000000ecd00000)
 ParOldGen       total 42496K, used 3480K [0x00000000c0000000, 0x00000000c2980000, 0x00000000eaa80000)
  object space 42496K, 8% used [0x00000000c0000000,0x00000000c0366128,0x00000000c2980000)
 PSPermGen       total 21504K, used 5773K [0x00000000bae00000, 0x00000000bc300000, 0x00000000c0000000)
  object space 21504K, 26% used [0x00000000bae00000,0x00000000bb3a3490,0x00000000bc300000)
}
Event: 5.079 GC heap before
{Heap before GC invocations=3 (full 0):
 PSYoungGen      total 35328K, used 35296K [0x00000000eaa80000, 0x00000000ecf80000, 0x0000000100000000)
  eden space 32768K, 100% used [0x00000000eaa80000,0x00000000eca80000,0x00000000eca80000)
  from space 2560K, 98% used [0x00000000ecd00000,0x00000000ecf78028,0x00000000ecf80000)
  to   space 2560K, 0% used [0x00000000eca80000,0x00000000eca80000,0x00000000ecd00000)
 ParOldGen       total 42496K, used 3480K [0x00000000c0000000, 0x00000000c2980000, 0x00000000eaa80000)
  object space 42496K, 8% used [0x00000000c0000000,0x00000000c0366128,0x00000000c2980000)
 PSPermGen       total 21504K, used 5859K [0x00000000bae00000, 0x00000000bc300000, 0x00000000c0000000)
  object space 21504K, 27% used [0x00000000bae00000,0x00000000bb3b8ea8,0x00000000bc300000)
Event: 5.325 GC heap after
Heap after GC invocations=3 (full 0):
 PSYoungGen      total 35328K, used 2542K [0x00000000eaa80000, 0x00000000eef80000, 0x0000000100000000)
  eden space 32768K, 0% used [0x00000000eaa80000,0x00000000eaa80000,0x00000000eca80000)
  from space 2560K, 99% used [0x00000000eca80000,0x00000000eccfb878,0x00000000ecd00000)
  to   space 2560K, 0% used [0x00000000eed00000,0x00000000eed00000,0x00000000eef80000)
 ParOldGen       total 42496K, used 8966K [0x00000000c0000000, 0x00000000c2980000, 0x00000000eaa80000)
  object space 42496K, 21% used [0x00000000c0000000,0x00000000c08c19f8,0x00000000c2980000)
 PSPermGen       total 21504K, used 5859K [0x00000000bae00000, 0x00000000bc300000, 0x00000000c0000000)
  object space 21504K, 27% used [0x00000000bae00000,0x00000000bb3b8ea8,0x00000000bc300000)
}

Deoptimization events (8 events):
Event: 3.813 Thread 0x0000000009f53800 Uncommon trap: reason=null_check action=make_not_entrant pc=0x00000000022ef210 method=com.android.dx.rop.type.Type.equals(Ljava/lang/Object;)Z @ 8
Event: 3.820 Thread 0x0000000001f0e800 Uncommon trap: reason=unreached action=reinterpret pc=0x00000000022d6844 method=com.android.dx.rop.cst.Constant.compareTo(Lcom/android/dx/rop/cst/Constant;)I @ 12
Event: 4.187 Thread 0x0000000009f55800 Uncommon trap: reason=unreached action=reinterpret pc=0x0000000002304c9c method=com.android.dx.ssa.LocalVariableExtractor.processBlock(I)V @ 251
Event: 4.308 Thread 0x0000000001f0e800 Uncommon trap: reason=null_check action=make_not_entrant pc=0x000000000230b1f0 method=com.android.dx.rop.type.Type.putIntern(Lcom/android/dx/rop/type/Type;)Lcom/android/dx/rop/type/Type; @ 18
Event: 4.358 Thread 0x000000000a08f800 Uncommon trap: reason=class_check action=maybe_recompile pc=0x00000000022e60e8 method=com.android.dx.rop.type.Type.equals(Ljava/lang/Object;)Z @ 8
Event: 4.358 Thread 0x000000000a08f800 Uncommon trap: reason=class_check action=maybe_recompile pc=0x00000000022e60e8 method=com.android.dx.rop.type.Type.equals(Ljava/lang/Object;)Z @ 8
Event: 4.360 Thread 0x000000000a08f800 Uncommon trap: reason=class_check action=maybe_recompile pc=0x00000000022e60e8 method=com.android.dx.rop.type.Type.equals(Ljava/lang/Object;)Z @ 8
Event: 4.362 Thread 0x000000000a08f800 Uncommon trap: reason=class_check action=maybe_recompile pc=0x00000000022e60e8 method=com.android.dx.rop.type.Type.equals(Ljava/lang/Object;)Z @ 8

Internal exceptions (10 events):
Event: 1.517 Thread 0x000000000a08f800 Threw 0x00000000eb8cac70 at C:\jdk7u2_64p\jdk7u40\hotspot\src\share\vm\prims\jvm.cpp:1244
Event: 1.537 Thread 0x000000000a08f800 Threw 0x00000000eb915c80 at C:\jdk7u2_64p\jdk7u40\hotspot\src\share\vm\prims\jvm.cpp:1244
Event: 1.608 Thread 0x000000000a08f800 Threw 0x00000000eba24438 at C:\jdk7u2_64p\jdk7u40\hotspot\src\share\vm\prims\jvm.cpp:1244
Event: 1.615 Thread 0x000000000a08f800 Threw 0x00000000eba3cb78 at C:\jdk7u2_64p\jdk7u40\hotspot\src\share\vm\prims\jvm.cpp:1244
Event: 3.577 Thread 0x0000000001f0e800 Threw 0x00000000eacc9f10 at C:\jdk7u2_64p\jdk7u40\hotspot\src\share\vm\prims\jvm.cpp:1244
Event: 3.587 Thread 0x000000000a08f800 Threw 0x00000000ead354f0 at C:\jdk7u2_64p\jdk7u40\hotspot\src\share\vm\prims\jvm.cpp:1244
Event: 3.595 Thread 0x000000000a040000 Threw 0x00000000ead9de00 at C:\jdk7u2_64p\jdk7u40\hotspot\src\share\vm\prims\jvm.cpp:1244
Event: 3.813 Thread 0x0000000009f53800 Implicit null exception at 0x00000000022ef112 to 0x00000000022ef202
Event: 4.308 Thread 0x0000000001f0e800 Implicit null exception at 0x000000000230aaf7 to 0x000000000230b1e1
Event: 4.357 Thread 0x000000000a08f800 Threw 0x00000000eb5c0370 at C:\jdk7u2_64p\jdk7u40\hotspot\src\share\vm\prims\jvm.cpp:1244

Events (10 events):
Event: 4.358 loading class 0x0000000001ddde70
Event: 4.358 loading class 0x0000000001ddde70 done
Event: 4.360 Thread 0x000000000a08f800 Uncommon trap: trap_request=0xffffffde fr.pc=0x00000000022e60e8
Event: 4.360 Thread 0x000000000a08f800 DEOPT PACKING pc=0x00000000022e60e8 sp=0x000000000a7debf0
Event: 4.360 Thread 0x000000000a08f800 DEOPT UNPACKING pc=0x00000000022875a4 sp=0x000000000a7deb28 mode 2
Event: 4.362 Thread 0x000000000a08f800 Uncommon trap: trap_request=0xffffffde fr.pc=0x00000000022e60e8
Event: 4.362 Thread 0x000000000a08f800 DEOPT PACKING pc=0x00000000022e60e8 sp=0x000000000a7dee10
Event: 4.362 Thread 0x000000000a08f800 DEOPT UNPACKING pc=0x00000000022875a4 sp=0x000000000a7ded48 mode 2
Event: 5.078 Executing VM operation: ParallelGCFailedAllocation
Event: 5.325 Executing VM operation: ParallelGCFailedAllocation done


Dynamic libraries:
0x000000013f710000 - 0x000000013f743000 	C:\Program Files\Java\jdk1.7.0_40\bin\java.exe
0x0000000077560000 - 0x000000007770a000 	C:\Windows\SYSTEM32\ntdll.dll
0x0000000077440000 - 0x000000007755f000 	C:\Windows\system32\kernel32.dll
0x000007fefd310000 - 0x000007fefd37b000 	C:\Windows\system32\KERNELBASE.dll
0x000007fefd880000 - 0x000007fefd95b000 	C:\Windows\system32\ADVAPI32.dll
0x000007fefd960000 - 0x000007fefd9ff000 	C:\Windows\system32\msvcrt.dll
0x000007feff1b0000 - 0x000007feff1cf000 	C:\Windows\SYSTEM32\sechost.dll
0x000007feff530000 - 0x000007feff65d000 	C:\Windows\system32\RPCRT4.dll
0x0000000077340000 - 0x000000007743a000 	C:\Windows\system32\USER32.dll
0x000007fefda30000 - 0x000007fefda97000 	C:\Windows\system32\GDI32.dll
0x000007fefe2a0000 - 0x000007fefe2ae000 	C:\Windows\system32\LPK.dll
0x000007feff1d0000 - 0x000007feff29a000 	C:\Windows\system32\USP10.dll
0x000007fefc140000 - 0x000007fefc334000 	C:\Windows\WinSxS\amd64_microsoft.windows.common-controls_6595b64144ccf1df_6.0.7601.18837_none_fa3b1e3d17594757\COMCTL32.dll
0x000007fefe140000 - 0x000007fefe1b1000 	C:\Windows\system32\SHLWAPI.dll
0x000007fefda00000 - 0x000007fefda2e000 	C:\Windows\system32\IMM32.DLL
0x000007feff040000 - 0x000007feff149000 	C:\Windows\system32\MSCTF.dll
0x0000000055110000 - 0x00000000551e1000 	C:\Program Files\Java\jdk1.7.0_40\jre\bin\msvcr100.dll
0x000000006e320000 - 0x000000006eae9000 	C:\Program Files\Java\jdk1.7.0_40\jre\bin\server\jvm.dll
0x000007fefc6d0000 - 0x000007fefc6d9000 	C:\Windows\system32\WSOCK32.dll
0x000007feff150000 - 0x000007feff19d000 	C:\Windows\system32\WS2_32.dll
0x000007feff1a0000 - 0x000007feff1a8000 	C:\Windows\system32\NSI.dll
0x000007fefb340000 - 0x000007fefb37b000 	C:\Windows\system32\WINMM.dll
0x0000000077730000 - 0x0000000077737000 	C:\Windows\system32\PSAPI.DLL
0x0000000073a10000 - 0x0000000073a1f000 	C:\Program Files\Java\jdk1.7.0_40\jre\bin\verify.dll
0x00000000739c0000 - 0x00000000739e8000 	C:\Program Files\Java\jdk1.7.0_40\jre\bin\java.dll
0x0000000073980000 - 0x0000000073995000 	C:\Program Files\Java\jdk1.7.0_40\jre\bin\zip.dll
0x0000000073960000 - 0x0000000073979000 	C:\Program Files\Java\jdk1.7.0_40\jre\bin\net.dll
0x000007fefca70000 - 0x000007fefcac5000 	C:\Windows\system32\mswsock.dll
0x000007fefcd40000 - 0x000007fefcd47000 	C:\Windows\System32\wship6.dll
0x0000000073900000 - 0x0000000073911000 	C:\Program Files\Java\jdk1.7.0_40\jre\bin\nio.dll

VM Arguments:
jvm_args: -Djava.awt.headless=true -Xmx1024M -Dfile.encoding=windows-1252 -Duser.country=US -Duser.language=en -Duser.variant 
java_command: com.android.dx.command.Main --dex --num-threads=4 --output C:\Users\Martin\AndroidStudioProjects\SystemEngineeringGSM\app\build\intermediates\pre-dexed\debug\com.android.support-design-23.2.1_b2b8d36cf49cd59bf3c73102e9f70d7a8138beed.jar C:\Users\Martin\AndroidStudioProjects\SystemEngineeringGSM\app\build\intermediates\exploded-aar\com.android.support\design\23.2.1\jars\classes.jar
Launcher Type: SUN_STANDARD

Environment Variables:
PATH=C:\ProgramData\Oracle\Java\javapath;C:\Program Files\Common Files\Microsoft Shared\Windows Live;C:\Program Files (x86)\Common Files\Microsoft Shared\Windows Live;C:\Program Files (x86)\Intel\iCLS Client\;C:\Program Files\Intel\iCLS Client\;C:\Program Files\Dell\DW WLAN Card;C:\Windows\system32;C:\Windows;C:\Windows\System32\Wbem;C:\Windows\System32\WindowsPowerShell\v1.0\;C:\Program Files\WIDCOMM\Bluetooth Software\;C:\Program Files\WIDCOMM\Bluetooth Software\syswow64;C:\Program Files\Dell\Dell Data Protection\Access\Advanced\Wave\Gemalto\Access Client\v5\;C:\Program Files (x86)\Security Innovation\SI TSS\bin\;C:\Program Files (x86)\Windows Live\Shared;C:\Program Files (x86)\MySQL\MySQL Utilities 1.3.4\;C:\Program Files\Microsoft SQL Server\110\Tools\Binn\;C:\Program Files\nodejs\;C:\Program Files (x86)\Git\cmd;C:\Program Files\MATLAB\runtime\win64;C:\Program Files\MATLAB\bin;C:\Program Files (x86)\QuickTime\QTSystem\;C:\Program Files (x86)\GtkSharp\2.12\bin;C:\Program Files (x86)\Skype\Phone\;C:\Program Files\Intel\Intel(R) Management Engine Components\DAL;C:\Program Files\Intel\Intel(R) Management Engine Components\IPT;C:\Program Files (x86)\Intel\Intel(R) Management Engine Components\DAL;C:\Program Files (x86)\Intel\Intel(R) Management Engine Components\IPT;C:\Users\Martin\AppData\Local\Android\sdk\platform-tools;C:\Program Files\Java\jdk1.8.0_20\bin;C:\Users\Martin\AppData\Roaming\npm
USERNAME=Martin
OS=Windows_NT
PROCESSOR_IDENTIFIER=Intel64 Family 6 Model 58 Stepping 9, GenuineIntel



---------------  S Y S T E M  ---------------

OS: Windows 7 , 64 bit Build 7601 Service Pack 1

CPU:total 4 (2 cores per cpu, 2 threads per core) family 6 model 58 stepping 9, cmov, cx8, fxsr, mmx, sse, sse2, sse3, ssse3, sse4.1, sse4.2, popcnt, avx, aes, erms, ht, tsc, tscinvbit, tscinv

Memory: 4k page, physical 4077532k(328976k free), swap 6170092k(4972k free)

vm_info: Java HotSpot(TM) 64-Bit Server VM (24.0-b56) for windows-amd64 JRE (1.7.0_40-b43), built on Aug 26 2013 22:38:32 by "java_re" with unknown MS VC++:1600

time: Thu Mar 31 11:27:02 2016
elapsed time: 5 seconds

