#
# There is insufficient memory for the Java Runtime Environment to continue.
# Native memory allocation (malloc) failed to allocate 1716736 bytes for Chunk::new
# Possible reasons:
#   The system is out of physical RAM or swap space
#   In 32 bit mode, the process size limit was hit
# Possible solutions:
#   Reduce memory load on the system
#   Increase physical memory or swap space
#   Check if swap backing store is full
#   Use 64 bit Java on a 64 bit OS
#   Decrease Java heap size (-Xmx/-Xms)
#   Decrease number of Java threads
#   Decrease Java thread stack sizes (-Xss)
#   Set larger code cache with -XX:ReservedCodeCacheSize=
# This output file may be truncated or incomplete.
#
#  Out of Memory Error (allocation.cpp:390), pid=5536, tid=8908
#
# JRE version: Java(TM) SE Runtime Environment (8.0_20-b26) (build 1.8.0_20-b26)
# Java VM: Java HotSpot(TM) 64-Bit Server VM (25.20-b23 mixed mode windows-amd64 compressed oops)
# Failed to write core dump. Minidumps are not enabled by default on client versions of Windows
#

---------------  T H R E A D  ---------------

Current thread (0x0000000054f61000):  JavaThread "C2 CompilerThread0" daemon [_thread_in_native, id=8908, stack(0x00000000561d0000,0x00000000562d0000)]

Stack: [0x00000000561d0000,0x00000000562d0000]
Native frames: (J=compiled Java code, j=interpreted, Vv=VM code, C=native code)
V  [jvm.dll+0x3152fa]
V  [jvm.dll+0x265d03]
V  [jvm.dll+0x266943]
V  [jvm.dll+0x25e265]
V  [jvm.dll+0xbe255]
V  [jvm.dll+0xbe6fc]
V  [jvm.dll+0x45c472]
V  [jvm.dll+0x49d76f]
V  [jvm.dll+0x4512bf]
V  [jvm.dll+0x452634]
V  [jvm.dll+0x435fc2]
V  [jvm.dll+0x97b62]
V  [jvm.dll+0x98353]
V  [jvm.dll+0x22aac4]
V  [jvm.dll+0x283f5a]
C  [msvcr100.dll+0x21d9f]
C  [msvcr100.dll+0x21e3b]
C  [kernel32.dll+0x159bd]
C  [ntdll.dll+0x2a2e1]


Current CompileTask:
C2:  27849 2192   !   4       com.android.dx.cf.code.BytecodeArray::parseInstruction (2764 bytes)


---------------  P R O C E S S  ---------------

Java Threads: ( => current thread )
  0x00000000569ce000 JavaThread "pool-1-thread-4" [_thread_blocked, id=7408, stack(0x0000000057f20000,0x0000000058020000)]
  0x0000000056a2c000 JavaThread "pool-1-thread-3" [_thread_in_Java, id=6824, stack(0x0000000057cb0000,0x0000000057db0000)]
  0x0000000056a3a000 JavaThread "pool-1-thread-2" [_thread_blocked, id=2532, stack(0x0000000057a50000,0x0000000057b50000)]
  0x00000000571c8800 JavaThread "pool-2-thread-1" [_thread_blocked, id=5260, stack(0x0000000056c70000,0x0000000056d70000)]
  0x0000000056a34000 JavaThread "pool-1-thread-1" [_thread_blocked, id=1052, stack(0x0000000057910000,0x0000000057a10000)]
  0x00000000567b0800 JavaThread "Service Thread" daemon [_thread_blocked, id=6448, stack(0x0000000056de0000,0x0000000056ee0000)]
  0x0000000056773800 JavaThread "C1 CompilerThread2" daemon [_thread_blocked, id=5344, stack(0x0000000056b60000,0x0000000056c60000)]
  0x0000000054f63800 JavaThread "C2 CompilerThread1" daemon [_thread_in_native, id=4804, stack(0x0000000056630000,0x0000000056730000)]
=>0x0000000054f61000 JavaThread "C2 CompilerThread0" daemon [_thread_in_native, id=8908, stack(0x00000000561d0000,0x00000000562d0000)]
  0x0000000054f5e000 JavaThread "Attach Listener" daemon [_thread_blocked, id=5796, stack(0x00000000564e0000,0x00000000565e0000)]
  0x0000000054f6c800 JavaThread "Signal Dispatcher" daemon [_thread_blocked, id=2036, stack(0x00000000563b0000,0x00000000564b0000)]
  0x0000000054eff000 JavaThread "Finalizer" daemon [_thread_blocked, id=1200, stack(0x0000000055e10000,0x0000000055f10000)]
  0x0000000054efc000 JavaThread "Reference Handler" daemon [_thread_blocked, id=2256, stack(0x00000000560d0000,0x00000000561d0000)]
  0x000000000200e800 JavaThread "main" [_thread_blocked, id=4996, stack(0x0000000002300000,0x0000000002400000)]

Other Threads:
  0x0000000054ef6800 VMThread [stack: 0x0000000055f30000,0x0000000056030000] [id=8872]
  0x00000000567b4000 WatcherThread [stack: 0x0000000056f70000,0x0000000057070000] [id=7132]

VM state:not at safepoint (normal execution)

VM Mutex/Monitor currently owned by a thread: None

Heap:
 PSYoungGen      total 146432K, used 75678K [0x00000000eab00000, 0x00000000f5300000, 0x0000000100000000)
  eden space 128512K, 47% used [0x00000000eab00000,0x00000000ee674868,0x00000000f2880000)
  from space 17920K, 82% used [0x00000000f3c80000,0x00000000f4af3200,0x00000000f4e00000)
  to   space 20480K, 0% used [0x00000000f2880000,0x00000000f2880000,0x00000000f3c80000)
 ParOldGen       total 44032K, used 26387K [0x00000000c0000000, 0x00000000c2b00000, 0x00000000eab00000)
  object space 44032K, 59% used [0x00000000c0000000,0x00000000c19c4c00,0x00000000c2b00000)
 Metaspace       used 6354K, capacity 7216K, committed 7296K, reserved 1056768K
  class space    used 594K, capacity 616K, committed 640K, reserved 1048576K

Card table byte_map: [0x0000000011a90000,0x0000000011ca0000] byte_map_base: 0x0000000011490000

Marking Bits: (ParMarkBitMap*) 0x000000007312b460
 Begin Bits: [0x0000000012370000, 0x0000000013370000)
 End Bits:   [0x0000000013370000, 0x0000000014370000)

Polling page: 0x0000000000110000

CodeCache: size=245760Kb used=10363Kb max_used=10378Kb free=235396Kb
 bounds [0x00000000026d0000, 0x0000000003110000, 0x00000000116d0000]
 total_blobs=2417 nmethods=2152 adapters=178
 compilation: enabled

Compilation events (10 events):
Event: 26.876 Thread 0x0000000056773800 nmethod 2187 0x0000000003095390 code [0x00000000030954e0, 0x00000000030955f0]
Event: 26.891 Thread 0x0000000054f63800 2189       4       java.lang.Integer::bitCount (49 bytes)
Event: 26.891 Thread 0x0000000054f61000 2188       4       com.android.dx.rop.code.RopMethod::<init> (53 bytes)
Event: 26.891 Thread 0x0000000054f63800 nmethod 2189 0x0000000002e66950 code [0x0000000002e66a80, 0x0000000002e66b18]
Event: 26.892 Thread 0x0000000054f61000 nmethod 2188 0x0000000003095110 code [0x0000000003095240, 0x00000000030952d8]
Event: 26.897 Thread 0x0000000056773800 2190       1       java.util.concurrent.ThreadPoolExecutor::afterExecute (1 bytes)
Event: 26.897 Thread 0x0000000056773800 nmethod 2190 0x00000000030d0910 code [0x00000000030d0a60, 0x00000000030d0b70]
Event: 27.030 Thread 0x0000000054f63800 2191       4       java.util.concurrent.locks.AbstractQueuedSynchronizer::release (33 bytes)
Event: 27.033 Thread 0x0000000054f63800 nmethod 2191 0x00000000030d0490 code [0x00000000030d05e0, 0x00000000030d0748]
Event: 27.646 Thread 0x0000000054f61000 2192   !   4       com.android.dx.cf.code.BytecodeArray::parseInstruction (2764 bytes)

GC Heap History (10 events):
Event: 4.166 GC heap before
{Heap before GC invocations=2 (full 0):
 PSYoungGen      total 18944K, used 17780K [0x00000000eab00000, 0x00000000ed000000, 0x0000000100000000)
  eden space 16384K, 100% used [0x00000000eab00000,0x00000000ebb00000,0x00000000ebb00000)
  from space 2560K, 54% used [0x00000000ebb00000,0x00000000ebc5d2e8,0x00000000ebd80000)
  to   space 2560K, 0% used [0x00000000ecd80000,0x00000000ecd80000,0x00000000ed000000)
 ParOldGen       total 44032K, used 0K [0x00000000c0000000, 0x00000000c2b00000, 0x00000000eab00000)
  object space 44032K, 0% used [0x00000000c0000000,0x00000000c0000000,0x00000000c2b00000)
 Metaspace       used 5802K, capacity 6768K, committed 7040K, reserved 1056768K
  class space    used 585K, capacity 616K, committed 640K, reserved 1048576K
Event: 4.396 GC heap after
Heap after GC invocations=2 (full 0):
 PSYoungGen      total 35328K, used 2551K [0x00000000eab00000, 0x00000000ed000000, 0x0000000100000000)
  eden space 32768K, 0% used [0x00000000eab00000,0x00000000eab00000,0x00000000ecb00000)
  from space 2560K, 99% used [0x00000000ecd80000,0x00000000ecffdc60,0x00000000ed000000)
  to   space 2560K, 0% used [0x00000000ecb00000,0x00000000ecb00000,0x00000000ecd80000)
 ParOldGen       total 44032K, used 1769K [0x00000000c0000000, 0x00000000c2b00000, 0x00000000eab00000)
  object space 44032K, 4% used [0x00000000c0000000,0x00000000c01ba770,0x00000000c2b00000)
 Metaspace       used 5802K, capacity 6768K, committed 7040K, reserved 1056768K
  class space    used 585K, capacity 616K, committed 640K, reserved 1048576K
}
Event: 9.119 GC heap before
{Heap before GC invocations=3 (full 0):
 PSYoungGen      total 35328K, used 35319K [0x00000000eab00000, 0x00000000ed000000, 0x0000000100000000)
  eden space 32768K, 100% used [0x00000000eab00000,0x00000000ecb00000,0x00000000ecb00000)
  from space 2560K, 99% used [0x00000000ecd80000,0x00000000ecffdc60,0x00000000ed000000)
  to   space 2560K, 0% used [0x00000000ecb00000,0x00000000ecb00000,0x00000000ecd80000)
 ParOldGen       total 44032K, used 1769K [0x00000000c0000000, 0x00000000c2b00000, 0x00000000eab00000)
  object space 44032K, 4% used [0x00000000c0000000,0x00000000c01ba770,0x00000000c2b00000)
 Metaspace       used 6112K, capacity 7024K, committed 7296K, reserved 1056768K
  class space    used 586K, capacity 616K, committed 640K, reserved 1048576K
Event: 9.538 GC heap after
Heap after GC invocations=3 (full 0):
 PSYoungGen      total 35328K, used 2528K [0x00000000eab00000, 0x00000000ef000000, 0x0000000100000000)
  eden space 32768K, 0% used [0x00000000eab00000,0x00000000eab00000,0x00000000ecb00000)
  from space 2560K, 98% used [0x00000000ecb00000,0x00000000ecd78020,0x00000000ecd80000)
  to   space 2560K, 0% used [0x00000000eed80000,0x00000000eed80000,0x00000000ef000000)
 ParOldGen       total 44032K, used 6303K [0x00000000c0000000, 0x00000000c2b00000, 0x00000000eab00000)
  object space 44032K, 14% used [0x00000000c0000000,0x00000000c0627f80,0x00000000c2b00000)
 Metaspace       used 6112K, capacity 7024K, committed 7296K, reserved 1056768K
  class space    used 586K, capacity 616K, committed 640K, reserved 1048576K
}
Event: 11.978 GC heap before
{Heap before GC invocations=4 (full 0):
 PSYoungGen      total 35328K, used 35296K [0x00000000eab00000, 0x00000000ef000000, 0x0000000100000000)
  eden space 32768K, 100% used [0x00000000eab00000,0x00000000ecb00000,0x00000000ecb00000)
  from space 2560K, 98% used [0x00000000ecb00000,0x00000000ecd78020,0x00000000ecd80000)
  to   space 2560K, 0% used [0x00000000eed80000,0x00000000eed80000,0x00000000ef000000)
 ParOldGen       total 44032K, used 6303K [0x00000000c0000000, 0x00000000c2b00000, 0x00000000eab00000)
  object space 44032K, 14% used [0x00000000c0000000,0x00000000c0627f80,0x00000000c2b00000)
 Metaspace       used 6216K, capacity 7088K, committed 7296K, reserved 1056768K
  class space    used 591K, capacity 616K, committed 640K, reserved 1048576K
Event: 11.995 GC heap after
Heap after GC invocations=4 (full 0):
 PSYoungGen      total 68096K, used 2547K [0x00000000eab00000, 0x00000000ef000000, 0x0000000100000000)
  eden space 65536K, 0% used [0x00000000eab00000,0x00000000eab00000,0x00000000eeb00000)
  from space 2560K, 99% used [0x00000000eed80000,0x00000000eeffcf88,0x00000000ef000000)
  to   space 2560K, 0% used [0x00000000eeb00000,0x00000000eeb00000,0x00000000eed80000)
 ParOldGen       total 44032K, used 11786K [0x00000000c0000000, 0x00000000c2b00000, 0x00000000eab00000)
  object space 44032K, 26% used [0x00000000c0000000,0x00000000c0b82af0,0x00000000c2b00000)
 Metaspace       used 6216K, capacity 7088K, committed 7296K, reserved 1056768K
  class space    used 591K, capacity 616K, committed 640K, reserved 1048576K
}
Event: 20.164 GC heap before
{Heap before GC invocations=5 (full 0):
 PSYoungGen      total 68096K, used 68083K [0x00000000eab00000, 0x00000000ef000000, 0x0000000100000000)
  eden space 65536K, 100% used [0x00000000eab00000,0x00000000eeb00000,0x00000000eeb00000)
  from space 2560K, 99% used [0x00000000eed80000,0x00000000eeffcf88,0x00000000ef000000)
  to   space 2560K, 0% used [0x00000000eeb00000,0x00000000eeb00000,0x00000000eed80000)
 ParOldGen       total 44032K, used 11786K [0x00000000c0000000, 0x00000000c2b00000, 0x00000000eab00000)
  object space 44032K, 26% used [0x00000000c0000000,0x00000000c0b82af0,0x00000000c2b00000)
 Metaspace       used 6308K, capacity 7152K, committed 7296K, reserved 1056768K
  class space    used 593K, capacity 616K, committed 640K, reserved 1048576K
Event: 20.207 GC heap after
Heap after GC invocations=5 (full 0):
 PSYoungGen      total 68096K, used 2531K [0x00000000eab00000, 0x00000000f4e00000, 0x0000000100000000)
  eden space 65536K, 0% used [0x00000000eab00000,0x00000000eab00000,0x00000000eeb00000)
  from space 2560K, 98% used [0x00000000eeb00000,0x00000000eed78c38,0x00000000eed80000)
  to   space 17920K, 0% used [0x00000000f3c80000,0x00000000f3c80000,0x00000000f4e00000)
 ParOldGen       total 44032K, used 26387K [0x00000000c0000000, 0x00000000c2b00000, 0x00000000eab00000)
  object space 44032K, 59% used [0x00000000c0000000,0x00000000c19c4c00,0x00000000c2b00000)
 Metaspace       used 6308K, capacity 7152K, committed 7296K, reserved 1056768K
  class space    used 593K, capacity 616K, committed 640K, reserved 1048576K
}
Event: 24.442 GC heap before
{Heap before GC invocations=6 (full 0):
 PSYoungGen      total 68096K, used 68067K [0x00000000eab00000, 0x00000000f4e00000, 0x0000000100000000)
  eden space 65536K, 100% used [0x00000000eab00000,0x00000000eeb00000,0x00000000eeb00000)
  from space 2560K, 98% used [0x00000000eeb00000,0x00000000eed78c38,0x00000000eed80000)
  to   space 17920K, 0% used [0x00000000f3c80000,0x00000000f3c80000,0x00000000f4e00000)
 ParOldGen       total 44032K, used 26387K [0x00000000c0000000, 0x00000000c2b00000, 0x00000000eab00000)
  object space 44032K, 59% used [0x00000000c0000000,0x00000000c19c4c00,0x00000000c2b00000)
 Metaspace       used 6346K, capacity 7216K, committed 7296K, reserved 1056768K
  class space    used 594K, capacity 616K, committed 640K, reserved 1048576K
Event: 24.491 GC heap after
Heap after GC invocations=6 (full 0):
 PSYoungGen      total 146432K, used 14796K [0x00000000eab00000, 0x00000000f5300000, 0x0000000100000000)
  eden space 128512K, 0% used [0x00000000eab00000,0x00000000eab00000,0x00000000f2880000)
  from space 17920K, 82% used [0x00000000f3c80000,0x00000000f4af3200,0x00000000f4e00000)
  to   space 20480K, 0% used [0x00000000f2880000,0x00000000f2880000,0x00000000f3c80000)
 ParOldGen       total 44032K, used 26387K [0x00000000c0000000, 0x00000000c2b00000, 0x00000000eab00000)
  object space 44032K, 59% used [0x00000000c0000000,0x00000000c19c4c00,0x00000000c2b00000)
 Metaspace       used 6346K, capacity 7216K, committed 7296K, reserved 1056768K
  class space    used 594K, capacity 616K, committed 640K, reserved 1048576K
}

Deoptimization events (10 events):
Event: 26.017 Thread 0x0000000056a3a000 Uncommon trap: reason=unreached action=reinterpret pc=0x000000000309b084 method=com.android.dx.ssa.PhiTypeResolver.equalsHandlesNulls(Lcom/android/dx/rop/code/LocalItem;Lcom/android/dx/rop/code/LocalItem;)Z @ 2
Event: 26.309 Thread 0x0000000056a2c000 Uncommon trap: reason=class_check action=maybe_recompile pc=0x00000000030adb08 method=com.android.dx.rop.cst.CstString.equals(Ljava/lang/Object;)Z @ 1
Event: 27.266 Thread 0x000000000200e800 Uncommon trap: reason=unreached action=reinterpret pc=0x00000000030a4260 method=com.android.dx.cf.direct.StdAttributeFactory.parse0(Lcom/android/dx/cf/direct/DirectClassFile;ILjava/lang/String;IILcom/android/dx/cf/iface/ParseObserver;)Lcom/android/dx/cf/if[Râ#Z;@
Event: 27.352 Thread 0x0000000056a3a000 Uncommon trap: reason=bimorphic action=maybe_recompile pc=0x00000000030b9cc4 method=com.android.dx.cf.code.BytecodeArray.parseInstruction(ILcom/android/dx/cf/code/BytecodeArray$Visitor;)I @ 971
Event: 27.352 Thread 0x0000000056a3a000 Uncommon trap: reason=bimorphic action=maybe_recompile pc=0x00000000030b9b08 method=com.android.dx.cf.code.BytecodeArray.parseInstruction(ILcom/android/dx/cf/code/BytecodeArray$Visitor;)I @ 907
Event: 27.352 Thread 0x0000000056a3a000 Uncommon trap: reason=bimorphic action=maybe_recompile pc=0x00000000030b9b08 method=com.android.dx.cf.code.BytecodeArray.parseInstruction(ILcom/android/dx/cf/code/BytecodeArray$Visitor;)I @ 907
Event: 27.352 Thread 0x0000000056a3a000 Uncommon trap: reason=bimorphic action=maybe_recompile pc=0x00000000030b9b88 method=com.android.dx.cf.code.BytecodeArray.parseInstruction(ILcom/android/dx/cf/code/BytecodeArray$Visitor;)I @ 923
Event: 27.352 Thread 0x0000000056a3a000 Uncommon trap: reason=bimorphic action=maybe_recompile pc=0x00000000030b9b88 method=com.android.dx.cf.code.BytecodeArray.parseInstruction(ILcom/android/dx/cf/code/BytecodeArray$Visitor;)I @ 923
Event: 27.352 Thread 0x0000000056a3a000 Uncommon trap: reason=unreached action=reinterpret pc=0x0000000002f607fc method=com.android.dx.cf.code.RopperMachine.run(Lcom/android/dx/cf/code/Frame;II)V @ 1500
Event: 27.352 Thread 0x0000000056a3a000 Uncommon trap: reason=class_check action=maybe_recompile pc=0x0000000002f78b60 method=com.android.dx.cf.code.Ropper.processBlock(Lcom/android/dx/cf/code/ByteBlock;Lcom/android/dx/cf/code/Frame;[I)V @ 777

Internal exceptions (10 events):
Event: 11.669 Thread 0x0000000056a3a000 Exception <a 'java/security/PrivilegedActionException'> (0x00000000eba914c8) thrown at [D:\re\workspace\8-2-build-windows-amd64-cygwin\jdk8u20\1074\hotspot\src\share\vm\prims\jvm.cpp, line 1275]
Event: 11.670 Thread 0x0000000056a3a000 Exception <a 'java/security/PrivilegedActionException'> (0x00000000eba96f30) thrown at [D:\re\workspace\8-2-build-windows-amd64-cygwin\jdk8u20\1074\hotspot\src\share\vm\prims\jvm.cpp, line 1275]
Event: 11.670 Thread 0x0000000056a3a000 Exception <a 'java/security/PrivilegedActionException'> (0x00000000eba9c8e8) thrown at [D:\re\workspace\8-2-build-windows-amd64-cygwin\jdk8u20\1074\hotspot\src\share\vm\prims\jvm.cpp, line 1275]
Event: 11.677 Thread 0x0000000056a3a000 Exception <a 'java/security/PrivilegedActionException'> (0x00000000ebb07820) thrown at [D:\re\workspace\8-2-build-windows-amd64-cygwin\jdk8u20\1074\hotspot\src\share\vm\prims\jvm.cpp, line 1275]
Event: 19.396 Thread 0x0000000056a2c000 Exception <a 'java/security/PrivilegedActionException'> (0x00000000ec7b47b8) thrown at [D:\re\workspace\8-2-build-windows-amd64-cygwin\jdk8u20\1074\hotspot\src\share\vm\prims\jvm.cpp, line 1275]
Event: 20.100 Thread 0x0000000056a2c000 Exception <a 'java/security/PrivilegedActionException'> (0x00000000ee478f10) thrown at [D:\re\workspace\8-2-build-windows-amd64-cygwin\jdk8u20\1074\hotspot\src\share\vm\prims\jvm.cpp, line 1275]
Event: 20.108 Thread 0x0000000056a2c000 Exception <a 'java/security/PrivilegedActionException'> (0x00000000ee4e0610) thrown at [D:\re\workspace\8-2-build-windows-amd64-cygwin\jdk8u20\1074\hotspot\src\share\vm\prims\jvm.cpp, line 1275]
Event: 20.399 Thread 0x00000000569ce000 Exception <a 'java/security/PrivilegedActionException'> (0x00000000ed9eaeb0) thrown at [D:\re\workspace\8-2-build-windows-amd64-cygwin\jdk8u20\1074\hotspot\src\share\vm\prims\jvm.cpp, line 1275]
Event: 20.513 Thread 0x0000000056a2c000 Implicit null exception at 0x0000000002aa550f to 0x0000000002aa6205
Event: 24.778 Thread 0x000000000200e800 Exception <a 'java/security/PrivilegedActionException'> (0x00000000eb2c01f0) thrown at [D:\re\workspace\8-2-build-windows-amd64-cygwin\jdk8u20\1074\hotspot\src\share\vm\prims\jvm.cpp, line 1275]

Events (10 events):
Event: 27.352 Thread 0x0000000056a3a000 DEOPT UNPACKING pc=0x000000000271556a sp=0x0000000057b4e9c8 mode 2
Event: 27.352 Thread 0x0000000056a3a000 Uncommon trap: trap_request=0xffffffc6 fr.pc=0x00000000030b9b88
Event: 27.352 Thread 0x0000000056a3a000 DEOPT PACKING pc=0x00000000030b9b88 sp=0x0000000057b4ea10
Event: 27.352 Thread 0x0000000056a3a000 DEOPT UNPACKING pc=0x000000000271556a sp=0x0000000057b4e9c8 mode 2
Event: 27.352 Thread 0x0000000056a3a000 Uncommon trap: trap_request=0xffffffad fr.pc=0x0000000002f607fc
Event: 27.352 Thread 0x0000000056a3a000 DEOPT PACKING pc=0x0000000002f607fc sp=0x0000000057b4ea20
Event: 27.352 Thread 0x0000000056a3a000 DEOPT UNPACKING pc=0x000000000271556a sp=0x0000000057b4e9f8 mode 2
Event: 27.352 Thread 0x0000000056a3a000 Uncommon trap: trap_request=0xffffffde fr.pc=0x0000000002f78b60
Event: 27.352 Thread 0x0000000056a3a000 DEOPT PACKING pc=0x0000000002f78b60 sp=0x0000000057b4ed10
Event: 27.352 Thread 0x0000000056a3a000 DEOPT UNPACKING pc=0x000000000271556a sp=0x0000000057b4ecb8 mode 2


Dynamic libraries:
0x000000013f780000 - 0x000000013f7b4000 	C:\Program Files\Java\jdk1.8.0_20\bin\java.exe
0x0000000076e60000 - 0x000000007700a000 	C:\Windows\SYSTEM32\ntdll.dll
0x0000000076d40000 - 0x0000000076e5f000 	C:\Windows\system32\kernel32.dll
0x000007fefcdb0000 - 0x000007fefce1a000 	C:\Windows\system32\KERNELBASE.dll
0x000007fefddd0000 - 0x000007fefdeab000 	C:\Windows\system32\ADVAPI32.dll
0x000007fefdeb0000 - 0x000007fefdf4f000 	C:\Windows\system32\msvcrt.dll
0x000007fefcfa0000 - 0x000007fefcfbf000 	C:\Windows\SYSTEM32\sechost.dll
0x000007fefd380000 - 0x000007fefd4ad000 	C:\Windows\system32\RPCRT4.dll
0x0000000076c40000 - 0x0000000076d3a000 	C:\Windows\system32\USER32.dll
0x000007fefdae0000 - 0x000007fefdb47000 	C:\Windows\system32\GDI32.dll
0x000007feff160000 - 0x000007feff16e000 	C:\Windows\system32\LPK.dll
0x000007fefd740000 - 0x000007fefd80a000 	C:\Windows\system32\USP10.dll
0x000007fefba40000 - 0x000007fefbc34000 	C:\Windows\WinSxS\amd64_microsoft.windows.common-controls_6595b64144ccf1df_6.0.7601.18837_none_fa3b1e3d17594757\COMCTL32.dll
0x000007fefdf50000 - 0x000007fefdfc1000 	C:\Windows\system32\SHLWAPI.dll
0x000007fefef50000 - 0x000007fefef7e000 	C:\Windows\system32\IMM32.DLL
0x000007fefd270000 - 0x000007fefd379000 	C:\Windows\system32\MSCTF.dll
0x0000000064a30000 - 0x0000000064b02000 	C:\Program Files\Java\jdk1.8.0_20\jre\bin\msvcr100.dll
0x0000000072950000 - 0x00000000731a8000 	C:\Program Files\Java\jdk1.8.0_20\jre\bin\server\jvm.dll
0x000007fefbfd0000 - 0x000007fefbfd9000 	C:\Windows\system32\WSOCK32.dll
0x000007fefef80000 - 0x000007fefefcd000 	C:\Windows\system32\WS2_32.dll
0x000007fefed60000 - 0x000007fefed68000 	C:\Windows\system32\NSI.dll
0x000007fefae60000 - 0x000007fefae9b000 	C:\Windows\system32\WINMM.dll
0x0000000077020000 - 0x0000000077027000 	C:\Windows\system32\PSAPI.DLL
0x0000000073710000 - 0x000000007371f000 	C:\Program Files\Java\jdk1.8.0_20\jre\bin\verify.dll
0x00000000736e0000 - 0x0000000073708000 	C:\Program Files\Java\jdk1.8.0_20\jre\bin\java.dll
0x00000000736c0000 - 0x00000000736d6000 	C:\Program Files\Java\jdk1.8.0_20\jre\bin\zip.dll
0x000007fefdfd0000 - 0x000007fefed5a000 	C:\Windows\system32\SHELL32.dll
0x000007fefd060000 - 0x000007fefd263000 	C:\Windows\system32\ole32.dll
0x000007fefcbe0000 - 0x000007fefcbef000 	C:\Windows\system32\profapi.dll
0x000007feeeba0000 - 0x000007feeecc5000 	C:\Windows\system32\dbghelp.dll

VM Arguments:
jvm_args: -Djava.awt.headless=true -Xmx1024M -Dfile.encoding=windows-1252 -Duser.country=US -Duser.language=en -Duser.variant 
java_command: com.android.dx.command.Main --dex --num-threads=4 --output C:\Users\Martin\AndroidStudioProjects\SystemEngineeringGSM\app\build\intermediates\pre-dexed\debug\com.google.android.gms-play-services-games-8.4.0_3858b1efc0c2ec5fe5ed0a694c1bd9f382106239.jar C:\Users\Martin\AndroidStudioProjects\SystemEngineeringGSM\app\build\intermediates\exploded-aar\com.google.android.gms\play-services-games\8.4.0\jars\classes.jar
java_class_path (initial): C:\Users\Martin\AppData\Local\Android\sdk\build-tools\23.0.2\lib\dx.jar
Launcher Type: SUN_STANDARD

Environment Variables:
PATH=C:\ProgramData\Oracle\Java\javapath;C:\Program Files\Common Files\Microsoft Shared\Windows Live;C:\Program Files (x86)\Common Files\Microsoft Shared\Windows Live;C:\Program Files (x86)\Intel\iCLS Client\;C:\Program Files\Intel\iCLS Client\;C:\Program Files\Dell\DW WLAN Card;C:\Windows\system32;C:\Windows;C:\Windows\System32\Wbem;C:\Windows\System32\WindowsPowerShell\v1.0\;C:\Program Files\WIDCOMM\Bluetooth Software\;C:\Program Files\WIDCOMM\Bluetooth Software\syswow64;C:\Program Files\Dell\Dell Data Protection\Access\Advanced\Wave\Gemalto\Access Client\v5\;C:\Program Files (x86)\Security Innovation\SI TSS\bin\;C:\Program Files (x86)\Windows Live\Shared;C:\Program Files (x86)\MySQL\MySQL Utilities 1.3.4\;C:\Program Files\Microsoft SQL Server\110\Tools\Binn\;C:\Program Files\nodejs\;C:\Program Files (x86)\Git\cmd;C:\Program Files\MATLAB\runtime\win64;C:\Program Files\MATLAB\bin;C:\Program Files (x86)\QuickTime\QTSystem\;C:\Program Files (x86)\GtkSharp\2.12\bin;C:\Program Files (x86)\Skype\Phone\;C:\Program Files\Intel\Intel(R) Management Engine Components\DAL;C:\Program Files\Intel\Intel(R) Management Engine Components\IPT;C:\Program Files (x86)\Intel\Intel(R) Management Engine Components\DAL;C:\Program Files (x86)\Intel\Intel(R) Management Engine Components\IPT;C:\Users\Martin\AppData\Local\Android\sdk\platform-tools;C:\Program Files\Java\jdk1.8.0_20\bin;C:\Users\Martin\AppData\Roaming\npm
USERNAME=Martin
OS=Windows_NT
PROCESSOR_IDENTIFIER=Intel64 Family 6 Model 58 Stepping 9, GenuineIntel



---------------  S Y S T E M  ---------------

OS: Windows 7 , 64 bit Build 7601 Service Pack 1

CPU:total 4 (2 cores per cpu, 2 threads per core) family 6 model 58 stepping 9, cmov, cx8, fxsr, mmx, sse, sse2, sse3, ssse3, sse4.1, sse4.2, popcnt, avx, aes, clmul, erms, ht, tsc, tscinvbit, tscinv

Memory: 4k page, physical 4077532k(518320k free), swap 6172824k(38252k free)

vm_info: Java HotSpot(TM) 64-Bit Server VM (25.20-b23) for windows-amd64 JRE (1.8.0_20-b26), built on Jul 30 2014 13:51:23 by "java_re" with MS VC++ 10.0 (VS2010)

time: Wed May 25 13:26:09 2016
elapsed time: 27 seconds (0d 0h 0m 27s)

