#
# A fatal error has been detected by the Java Runtime Environment:
#
#  EXCEPTION_ACCESS_VIOLATION (0xc0000005) at pc=0x0000000073b79b07, pid=6812, tid=5948
#
# JRE version: Java(TM) SE Runtime Environment (8.0_20-b26) (build 1.8.0_20-b26)
# Java VM: Java HotSpot(TM) 64-Bit Server VM (25.20-b23 mixed mode windows-amd64 compressed oops)
# Problematic frame:
# V  [jvm.dll+0x1f9b07]
#
# Failed to write core dump. Minidumps are not enabled by default on client versions of Windows
#
# If you would like to submit a bug report, please visit:
#   http://bugreport.sun.com/bugreport/crash.jsp
#

---------------  T H R E A D  ---------------

Current thread (0x0000000056e0d000):  JavaThread "pool-1-thread-2" [_thread_in_vm, id=5948, stack(0x0000000057ed0000,0x0000000057fd0000)]

siginfo: ExceptionCode=0xc0000005, writing address 0x0000000057fca540

Registers:
RAX=0x0000000057fca540, RBX=0x0000000000000006, RCX=0x0000000000005000, RDX=0x0000000000000006
RSP=0x0000000057fcf540, RBP=0x0000000000000000, RSI=0x0000000057fcf540, RDI=0x0000000000000006
R8 =0x0000000000000006, R9 =0x0000000056f1d2a0, R10=0x000000005479bfd0, R11=0x0000000057eda148
R12=0x0000000056f1d2a0, R13=0x0000000056e0d000, R14=0x0000000057fcf608, R15=0x000000005479bfd0
RIP=0x0000000073b79b07, EFLAGS=0x0000000000010202

Top of Stack: (sp=0x0000000057fcf540)
0x0000000057fcf540:   0000000000000001 0000000000000000
0x0000000057fcf550:   0000000056e0d000 0000000056f1d2a0
0x0000000057fcf560:   00000000ffffffff 0000000073b7aa37
0x0000000057fcf570:   0000000057fcf670 000000005479bfd0
0x0000000057fcf580:   0000000056e0d000 0000000073a311c3
0x0000000057fcf590:   0000000057fcf5d0 0000000056e0d000
0x0000000057fcf5a0:   0000000057fcf660 0000000056e0d000
0x0000000057fcf5b0:   000000005479bfd0 0000000056e0d000
0x0000000057fcf5c0:   0000000002720e00 0000000056e0d000
0x0000000057fcf5d0:   000000005479bfd0 0000000056e0d000
0x0000000057fcf5e0:   000000005479bfd0 0000000056e0d000
0x0000000057fcf5f0:   0000000000000001 000000005479bfd0
0x0000000057fcf600:   0000000056e0d000 0000000056c9f6d0
0x0000000057fcf610:   0000000056e0d000 0000000073a326ad
0x0000000057fcf620:   0000000057fcf928 0000000014776448
0x0000000057fcf630:   0000000014776448 0000000073f2cfa3 

Instructions: (pc=0x0000000073b79b07)
0x0000000073b79ae7:   48 89 6c 24 30 33 ed 66 90 e8 9b 5a 08 00 ff c3
0x0000000073b79af7:   48 63 c8 48 8b c6 48 0f af cf 48 ff c7 48 2b c1
0x0000000073b79b07:   89 28 48 63 c3 48 3b 05 ed 64 57 00 7e db 48 8b
0x0000000073b79b17:   6c 24 30 48 8b 5c 24 38 48 8b 74 24 40 48 83 c4 


Register to memory mapping:

RAX=0x0000000057fca540 is pointing into the stack for thread: 0x0000000056e0d000
RBX=0x0000000000000006 is an unknown value
RCX=0x0000000000005000 is an unknown value
RDX=0x0000000000000006 is an unknown value
RSP=0x0000000057fcf540 is pointing into the stack for thread: 0x0000000056e0d000
RBP=0x0000000000000000 is an unknown value
RSI=0x0000000057fcf540 is pointing into the stack for thread: 0x0000000056e0d000
RDI=0x0000000000000006 is an unknown value
R8 =0x0000000000000006 is an unknown value
R9 =0x0000000056f1d2a0 is an unknown value
R10={method} {0x000000005479bfd8} 'run' '()V' in 'java/lang/Thread'
R11=0x0000000057eda148 is pointing into the stack for thread: 0x0000000056e0d000
R12=0x0000000056f1d2a0 is an unknown value
R13=0x0000000056e0d000 is a thread
R14=0x0000000057fcf608 is pointing into the stack for thread: 0x0000000056e0d000
R15={method} {0x000000005479bfd8} 'run' '()V' in 'java/lang/Thread'


Stack: [0x0000000057ed0000,0x0000000057fd0000],  sp=0x0000000057fcf540,  free space=1021k
