#
# There is insufficient memory for the Java Runtime Environment to continue.
# Native memory allocation (malloc) failed to allocate 32744 bytes for ChunkPool::allocate
# Possible reasons:
#   The system is out of physical RAM or swap space
#   In 32 bit mode, the process size limit was hit
# Possible solutions:
#   Reduce memory load on the system
#   Increase physical memory or swap space
#   Check if swap backing store is full
#   Use 64 bit Java on a 64 bit OS
#   Decrease Java heap size (-Xmx/-Xms)
#   Decrease number of Java threads
#   Decrease Java thread stack sizes (-Xss)
#   Set larger code cache with -XX:ReservedCodeCacheSize=
# This output file may be truncated or incomplete.
#
#  Out of Memory Error (allocation.cpp:273), pid=2328, tid=924
#
# JRE version: Java(TM) SE Runtime Environment (8.0_20-b26) (build 1.8.0_20-b26)
# Java VM: Java HotSpot(TM) 64-Bit Server VM (25.20-b23 mixed mode windows-amd64 compressed oops)
# Failed to write core dump. Minidumps are not enabled by default on client versions of Windows
#

---------------  T H R E A D  ---------------

Current thread (0x0000000055245000):  JavaThread "C1 CompilerThread2" daemon [_thread_in_native, id=924, stack(0x0000000056d00000,0x0000000056e00000)]

Stack: [0x0000000056d00000,0x0000000056e00000]
Native frames: (J=compiled Java code, j=interpreted, Vv=VM code, C=native code)
V  [jvm.dll+0x3152fa]


Current CompileTask:
C1:   1123  695   !   3       com.android.dx.cf.code.BytecodeArray::parseInstruction (2764 bytes)


---------------  P R O C E S S  ---------------

Java Threads: ( => current thread )
  0x00000000570a4000 JavaThread "pool-1-thread-4" [_thread_blocked, id=2352, stack(0x0000000056bf0000,0x0000000056cf0000)]
  0x000000005735f000 JavaThread "pool-1-thread-3" [_thread_in_vm, id=1852, stack(0x0000000057ff0000,0x00000000580f0000)]
  0x00000000570e9000 JavaThread "pool-1-thread-2" [_thread_blocked, id=336, stack(0x0000000057ee0000,0x0000000057fe0000)]
  0x0000000057059800 JavaThread "pool-2-thread-1" [_thread_blocked, id=7200, stack(0x0000000057db0000,0x0000000057eb0000)]
  0x0000000057059000 JavaThread "pool-1-thread-1" [_thread_in_Java, id=9120, stack(0x0000000057c10000,0x0000000057d10000)]
  0x0000000055248800 JavaThread "Service Thread" daemon [_thread_blocked, id=2556, stack(0x00000000562d0000,0x00000000563d0000)]
=>0x0000000055245000 JavaThread "C1 CompilerThread2" daemon [_thread_in_native, id=924, stack(0x0000000056d00000,0x0000000056e00000)]
  0x0000000055243800 JavaThread "C2 CompilerThread1" daemon [_thread_in_native, id=8304, stack(0x0000000012050000,0x0000000012150000)]
  0x0000000055241800 JavaThread "C2 CompilerThread0" daemon [_thread_in_native, id=7780, stack(0x0000000056af0000,0x0000000056bf0000)]
  0x000000005523e800 JavaThread "Attach Listener" daemon [_thread_blocked, id=2564, stack(0x00000000569a0000,0x0000000056aa0000)]
  0x000000005524d000 JavaThread "Signal Dispatcher" daemon [_thread_blocked, id=5600, stack(0x0000000056780000,0x0000000056880000)]
  0x00000000551df000 JavaThread "Finalizer" daemon [_thread_blocked, id=8312, stack(0x0000000056530000,0x0000000056630000)]
  0x00000000551dc000 JavaThread "Reference Handler" daemon [_thread_blocked, id=5300, stack(0x0000000056410000,0x0000000056510000)]
  0x000000000229e800 JavaThread "main" [_thread_blocked, id=4468, stack(0x0000000002450000,0x0000000002550000)]

Other Threads:
  0x00000000551d6800 VMThread [stack: 0x00000000561d0000,0x00000000562d0000] [id=8644]
  0x0000000056e02800 WatcherThread [stack: 0x0000000057240000,0x0000000057340000] [id=9124]

VM state:not at safepoint (normal execution)

VM Mutex/Monitor currently owned by a thread: None

Heap:
 PSYoungGen      total 18944K, used 6281K [0x00000000eab00000, 0x00000000ed000000, 0x0000000100000000)
  eden space 16384K, 22% used [0x00000000eab00000,0x00000000eaea9838,0x00000000ebb00000)
  from space 2560K, 98% used [0x00000000ebb00000,0x00000000ebd78ea8,0x00000000ebd80000)
  to   space 2560K, 0% used [0x00000000ecd80000,0x00000000ecd80000,0x00000000ed000000)
 ParOldGen       total 44032K, used 756K [0x00000000c0000000, 0x00000000c2b00000, 0x00000000eab00000)
  object space 44032K, 1% used [0x00000000c0000000,0x00000000c00bd1d0,0x00000000c2b00000)
 Metaspace       used 5604K, capacity 6640K, committed 6784K, reserved 1056768K
  class space    used 583K, capacity 616K, committed 640K, reserved 1048576K

Card table byte_map: [0x0000000011be0000,0x0000000011df0000] byte_map_base: 0x00000000115e0000

Marking Bits: (ParMarkBitMap*) 0x000000005b45b460
 Begin Bits: [0x0000000012650000, 0x0000000013650000)
 End Bits:   [0x0000000013650000, 0x0000000014650000)

Polling page: 0x0000000000230000

CodeCache: size=245760Kb used=2529Kb max_used=2540Kb free=243230Kb
 bounds [0x0000000002820000, 0x0000000002aa0000, 0x0000000011820000]
 total_blobs=952 nmethods=688 adapters=178
 compilation: enabled

Compilation events (10 events):
Event: 1.113 Thread 0x0000000055243800  711       4       com.android.dx.rop.cst.CstString::utf8BytesToString (391 bytes)
Event: 1.113 Thread 0x0000000055241800  719   !   4       com.android.dx.util.FixedSizeList::set0 (22 bytes)
Event: 1.114 Thread 0x0000000055241800 nmethod 719 0x0000000002a8b190 code [0x0000000002a8b2e0, 0x0000000002a8b3d8]
Event: 1.114 Thread 0x0000000055241800  709       4       java.lang.Long::bitCount (61 bytes)
Event: 1.114 Thread 0x0000000055241800 nmethod 709 0x0000000002a9b350 code [0x0000000002a9b480, 0x0000000002a9b538]
Event: 1.114 Thread 0x0000000055241800  710       4       com.android.dx.util.ByteArray::getUnsignedShort (25 bytes)
Event: 1.116 Thread 0x0000000055241800 nmethod 710 0x0000000002a8ae10 code [0x0000000002a8af60, 0x0000000002a8b058]
Event: 1.116 Thread 0x0000000055241800  722       4       java.util.BitSet::<init> (56 bytes)
Event: 1.119 Thread 0x0000000055241800 nmethod 722 0x0000000002a8aad0 code [0x0000000002a8ac20, 0x0000000002a8ad58]
Event: 1.119 Thread 0x0000000055241800  723       4       com.android.dx.rop.type.Type::hashCode (8 bytes)

GC Heap History (2 events):
Event: 0.975 GC heap before
{Heap before GC invocations=1 (full 0):
 PSYoungGen      total 18944K, used 16384K [0x00000000eab00000, 0x00000000ec000000, 0x0000000100000000)
  eden space 16384K, 100% used [0x00000000eab00000,0x00000000ebb00000,0x00000000ebb00000)
  from space 2560K, 0% used [0x00000000ebd80000,0x00000000ebd80000,0x00000000ec000000)
  to   space 2560K, 0% used [0x00000000ebb00000,0x00000000ebb00000,0x00000000ebd80000)
 ParOldGen       total 44032K, used 0K [0x00000000c0000000, 0x00000000c2b00000, 0x00000000eab00000)
  object space 44032K, 0% used [0x00000000c0000000,0x00000000c0000000,0x00000000c2b00000)
 Metaspace       used 5389K, capacity 6448K, committed 6528K, reserved 1056768K
  class space    used 580K, capacity 616K, committed 640K, reserved 1048576K
Event: 1.029 GC heap after
Heap after GC invocations=1 (full 0):
 PSYoungGen      total 18944K, used 2531K [0x00000000eab00000, 0x00000000ed000000, 0x0000000100000000)
  eden space 16384K, 0% used [0x00000000eab00000,0x00000000eab00000,0x00000000ebb00000)
  from space 2560K, 98% used [0x00000000ebb00000,0x00000000ebd78ea8,0x00000000ebd80000)
  to   space 2560K, 0% used [0x00000000ecd80000,0x00000000ecd80000,0x00000000ed000000)
 ParOldGen       total 44032K, used 756K [0x00000000c0000000, 0x00000000c2b00000, 0x00000000eab00000)
  object space 44032K, 1% used [0x00000000c0000000,0x00000000c00bd1d0,0x00000000c2b00000)
 Metaspace       used 5389K, capacity 6448K, committed 6528K, reserved 1056768K
  class space    used 580K, capacity 616K, committed 640K, reserved 1048576K
}

Deoptimization events (0 events):
No events

Internal exceptions (10 events):
Event: 0.935 Thread 0x000000005735f000 Exception <a 'java/security/PrivilegedActionException'> (0x00000000eb853fc0) thrown at [D:\re\workspace\8-2-build-windows-amd64-cygwin\jdk8u20\1074\hotspot\src\share\vm\prims\jvm.cpp, line 1275]
Event: 0.939 Thread 0x00000000570e9000 Exception <a 'java/security/PrivilegedActionException'> (0x00000000eb9b9b18) thrown at [D:\re\workspace\8-2-build-windows-amd64-cygwin\jdk8u20\1074\hotspot\src\share\vm\prims\jvm.cpp, line 1275]
Event: 0.940 Thread 0x000000005735f000 Exception <a 'java/security/PrivilegedActionException'> (0x00000000eb8609d0) thrown at [D:\re\workspace\8-2-build-windows-amd64-cygwin\jdk8u20\1074\hotspot\src\share\vm\prims\jvm.cpp, line 1275]
Event: 0.941 Thread 0x000000005735f000 Exception <a 'java/security/PrivilegedActionException'> (0x00000000eb8650c8) thrown at [D:\re\workspace\8-2-build-windows-amd64-cygwin\jdk8u20\1074\hotspot\src\share\vm\prims\jvm.cpp, line 1275]
Event: 0.942 Thread 0x000000000229e800 Exception <a 'java/security/PrivilegedActionException'> (0x00000000eb7a9c30) thrown at [D:\re\workspace\8-2-build-windows-amd64-cygwin\jdk8u20\1074\hotspot\src\share\vm\prims\jvm.cpp, line 1275]
Event: 0.945 Thread 0x00000000570e9000 Exception <a 'java/security/PrivilegedActionException'> (0x00000000eb9ca3e8) thrown at [D:\re\workspace\8-2-build-windows-amd64-cygwin\jdk8u20\1074\hotspot\src\share\vm\prims\jvm.cpp, line 1275]
Event: 0.948 Thread 0x00000000570e9000 Exception <a 'java/security/PrivilegedActionException'> (0x00000000eba11f60) thrown at [D:\re\workspace\8-2-build-windows-amd64-cygwin\jdk8u20\1074\hotspot\src\share\vm\prims\jvm.cpp, line 1275]
Event: 0.957 Thread 0x00000000570e9000 Exception <a 'java/security/PrivilegedActionException'> (0x00000000eba31a58) thrown at [D:\re\workspace\8-2-build-windows-amd64-cygwin\jdk8u20\1074\hotspot\src\share\vm\prims\jvm.cpp, line 1275]
Event: 1.048 Thread 0x00000000570e9000 Exception <a 'java/security/PrivilegedActionException'> (0x00000000eac52e78) thrown at [D:\re\workspace\8-2-build-windows-amd64-cygwin\jdk8u20\1074\hotspot\src\share\vm\prims\jvm.cpp, line 1275]
Event: 1.101 Thread 0x000000000229e800 Exception <a 'java/security/PrivilegedActionException'> (0x00000000ead73218) thrown at [D:\re\workspace\8-2-build-windows-amd64-cygwin\jdk8u20\1074\hotspot\src\share\vm\prims\jvm.cpp, line 1275]

Events (10 events):
Event: 1.042 loading class sun/misc/Cleaner
Event: 1.042 loading class sun/misc/Cleaner done
Event: 1.048 loading class com/android/dx/cf/code/Ropper$ExceptionHandlerSetup
Event: 1.048 loading class com/android/dx/cf/code/Ropper$ExceptionHandlerSetup done
Event: 1.050 loading class java/util/HashMap$Values
Event: 1.050 loading class java/util/HashMap$Values done
Event: 1.050 loading class java/util/HashMap$ValueIterator
Event: 1.050 loading class java/util/HashMap$ValueIterator done
Event: 1.101 loading class com/android/dx/cf/attrib/AttLocalVariableTypeTable
Event: 1.101 loading class com/android/dx/cf/attrib/AttLocalVariableTypeTable done


Dynamic libraries:
0x000000013fbf0000 - 0x000000013fc24000 	C:\Program Files\Java\jdk1.8.0_20\bin\java.exe
0x0000000077c00000 - 0x0000000077daa000 	C:\Windows\SYSTEM32\ntdll.dll
0x00000000779e0000 - 0x0000000077aff000 	C:\Windows\system32\kernel32.dll
0x000007fefdcb0000 - 0x000007fefdd1a000 	C:\Windows\system32\KERNELBASE.dll
0x000007feff1e0000 - 0x000007feff2bb000 	C:\Windows\system32\ADVAPI32.dll
0x000007feff2f0000 - 0x000007feff38f000 	C:\Windows\system32\msvcrt.dll
0x000007fefdde0000 - 0x000007fefddff000 	C:\Windows\SYSTEM32\sechost.dll
0x000007feff810000 - 0x000007feff93d000 	C:\Windows\system32\RPCRT4.dll
0x0000000077b00000 - 0x0000000077bfa000 	C:\Windows\system32\USER32.dll
0x000007feff540000 - 0x000007feff5a7000 	C:\Windows\system32\GDI32.dll
0x000007fefeb90000 - 0x000007fefeb9e000 	C:\Windows\system32\LPK.dll
0x000007feff390000 - 0x000007feff45a000 	C:\Windows\system32\USP10.dll
0x000007fefc800000 - 0x000007fefc9f4000 	C:\Windows\WinSxS\amd64_microsoft.windows.common-controls_6595b64144ccf1df_6.0.7601.18837_none_fa3b1e3d17594757\COMCTL32.dll
0x000007feff5b0000 - 0x000007feff621000 	C:\Windows\system32\SHLWAPI.dll
0x000007feff2c0000 - 0x000007feff2ee000 	C:\Windows\system32\IMM32.DLL
0x000007feff070000 - 0x000007feff179000 	C:\Windows\system32\MSCTF.dll
0x0000000073d10000 - 0x0000000073de2000 	C:\Program Files\Java\jdk1.8.0_20\jre\bin\msvcr100.dll
0x000000005ac80000 - 0x000000005b4d8000 	C:\Program Files\Java\jdk1.8.0_20\jre\bin\server\jvm.dll
0x000007fefd300000 - 0x000007fefd309000 	C:\Windows\system32\WSOCK32.dll
0x000007feff9e0000 - 0x000007feffa2d000 	C:\Windows\system32\WS2_32.dll
0x000007fefed50000 - 0x000007fefed58000 	C:\Windows\system32\NSI.dll
0x000007fefb9a0000 - 0x000007fefb9db000 	C:\Windows\system32\WINMM.dll
0x0000000077dc0000 - 0x0000000077dc7000 	C:\Windows\system32\PSAPI.DLL
0x0000000074620000 - 0x000000007462f000 	C:\Program Files\Java\jdk1.8.0_20\jre\bin\verify.dll
0x00000000745f0000 - 0x0000000074618000 	C:\Program Files\Java\jdk1.8.0_20\jre\bin\java.dll
0x00000000745d0000 - 0x00000000745e6000 	C:\Program Files\Java\jdk1.8.0_20\jre\bin\zip.dll
0x000007fefde00000 - 0x000007fefeb8a000 	C:\Windows\system32\SHELL32.dll
0x000007feffa30000 - 0x000007feffc33000 	C:\Windows\system32\ole32.dll
0x000007fefd990000 - 0x000007fefd99f000 	C:\Windows\system32\profapi.dll

VM Arguments:
jvm_args: -Djava.awt.headless=true -Xmx1024M -Dfile.encoding=windows-1252 -Duser.country=US -Duser.language=en -Duser.variant 
java_command: com.android.dx.command.Main --dex --num-threads=4 --output C:\Users\Martin\AndroidStudioProjects\SystemEngineeringGSM\app\build\intermediates\pre-dexed\debug\com.google.android.gms-play-services-analytics-8.4.0_b1c89f9ca076ec7d7490974cefea91f735a2e5ff.jar C:\Users\Martin\AndroidStudioProjects\SystemEngineeringGSM\app\build\intermediates\exploded-aar\com.google.android.gms\play-services-analytics\8.4.0\jars\classes.jar
java_class_path (initial): C:\Users\Martin\AppData\Local\Android\sdk\build-tools\23.0.2\lib\dx.jar
Launcher Type: SUN_STANDARD

Environment Variables:
PATH=C:\ProgramData\Oracle\Java\javapath;C:\Program Files\Common Files\Microsoft Shared\Windows Live;C:\Program Files (x86)\Common Files\Microsoft Shared\Windows Live;C:\Program Files (x86)\Intel\iCLS Client\;C:\Program Files\Intel\iCLS Client\;C:\Program Files\Dell\DW WLAN Card;C:\Windows\system32;C:\Windows;C:\Windows\System32\Wbem;C:\Windows\System32\WindowsPowerShell\v1.0\;C:\Program Files\WIDCOMM\Bluetooth Software\;C:\Program Files\WIDCOMM\Bluetooth Software\syswow64;C:\Program Files\Dell\Dell Data Protection\Access\Advanced\Wave\Gemalto\Access Client\v5\;C:\Program Files (x86)\Security Innovation\SI TSS\bin\;C:\Program Files (x86)\Windows Live\Shared;C:\Program Files (x86)\MySQL\MySQL Utilities 1.3.4\;C:\Program Files\Microsoft SQL Server\110\Tools\Binn\;C:\Program Files\nodejs\;C:\Program Files (x86)\Git\cmd;C:\Program Files\MATLAB\runtime\win64;C:\Program Files\MATLAB\bin;C:\Program Files (x86)\QuickTime\QTSystem\;C:\Program Files (x86)\GtkSharp\2.12\bin;C:\Program Files (x86)\Skype\Phone\;C:\Program Files\Intel\Intel(R) Management Engine Components\DAL;C:\Program Files\Intel\Intel(R) Management Engine Components\IPT;C:\Program Files (x86)\Intel\Intel(R) Management Engine Components\DAL;C:\Program Files (x86)\Intel\Intel(R) Management Engine Components\IPT;C:\Users\Martin\AppData\Local\Android\sdk\platform-tools;C:\Program Files\Java\jdk1.8.0_20\bin;C:\Users\Martin\AppData\Roaming\npm
USERNAME=Martin
OS=Windows_NT
PROCESSOR_IDENTIFIER=Intel64 Family 6 Model 58 Stepping 9, GenuineIntel



---------------  S Y S T E M  ---------------

OS: Windows 7 , 64 bit Build 7601 Service Pack 1

CPU:total 4 (2 cores per cpu, 2 threads per core) family 6 model 58 stepping 9, cmov, cx8, fxsr, mmx, sse, sse2, sse3, ssse3, sse4.1, sse4.2, popcnt, avx, aes, clmul, erms, ht, tsc, tscinvbit, tscinv

Memory: 4k page, physical 4077532k(400720k free), swap 5811308k(5112k free)

vm_info: Java HotSpot(TM) 64-Bit Server VM (25.20-b23) for windows-amd64 JRE (1.8.0_20-b26), built on Jul 30 2014 13:51:23 by "java_re" with MS VC++ 10.0 (VS2010)

time: Wed Jun 01 10:31:44 2016
elapsed time: 1 seconds (0d 0h 0m 1s)

