#
# There is insufficient memory for the Java Runtime Environment to continue.
# Native memory allocation (malloc) failed to allocate 264656 bytes for Chunk::new
# Possible reasons:
#   The system is out of physical RAM or swap space
#   In 32 bit mode, the process size limit was hit
# Possible solutions:
#   Reduce memory load on the system
#   Increase physical memory or swap space
#   Check if swap backing store is full
#   Use 64 bit Java on a 64 bit OS
#   Decrease Java heap size (-Xmx/-Xms)
#   Decrease number of Java threads
#   Decrease Java thread stack sizes (-Xss)
#   Set larger code cache with -XX:ReservedCodeCacheSize=
# This output file may be truncated or incomplete.
#
#  Out of Memory Error (allocation.cpp:390), pid=8480, tid=1796
#
# JRE version: Java(TM) SE Runtime Environment (8.0_20-b26) (build 1.8.0_20-b26)
# Java VM: Java HotSpot(TM) 64-Bit Server VM (25.20-b23 mixed mode windows-amd64 compressed oops)
# Failed to write core dump. Minidumps are not enabled by default on client versions of Windows
#

---------------  T H R E A D  ---------------

Current thread (0x0000000056315800):  JavaThread "C2 CompilerThread1" daemon [_thread_in_native, id=1796, stack(0x0000000056860000,0x0000000056960000)]

Stack: [0x0000000056860000,0x0000000056960000]
Native frames: (J=compiled Java code, j=interpreted, Vv=VM code, C=native code)
V  [jvm.dll+0x3152fa]


Current CompileTask:
C2:  12401 1603       4       com.android.dx.dex.code.RopTranslator::outputBlock (202 bytes)


---------------  P R O C E S S  ---------------

Java Threads: ( => current thread )
  0x0000000056630800 JavaThread "pool-1-thread-4" [_thread_blocked, id=8916, stack(0x0000000057670000,0x0000000057770000)]
  0x000000005662f800 JavaThread "pool-1-thread-3" [_thread_blocked, id=8400, stack(0x0000000057410000,0x0000000057510000)]
  0x0000000056629000 JavaThread "pool-1-thread-2" [_thread_blocked, id=6872, stack(0x0000000057290000,0x0000000057390000)]
  0x0000000056628800 JavaThread "pool-2-thread-1" [_thread_blocked, id=8148, stack(0x0000000056e30000,0x0000000056f30000)]
  0x00000000565b1000 JavaThread "pool-1-thread-1" [_thread_blocked, id=8500, stack(0x0000000057170000,0x0000000057270000)]
  0x000000005638b000 JavaThread "Service Thread" daemon [_thread_blocked, id=7008, stack(0x0000000056f80000,0x0000000057080000)]
  0x000000005631b000 JavaThread "C1 CompilerThread2" daemon [_thread_blocked, id=6412, stack(0x0000000056d00000,0x0000000056e00000)]
=>0x0000000056315800 JavaThread "C2 CompilerThread1" daemon [_thread_in_native, id=1796, stack(0x0000000056860000,0x0000000056960000)]
  0x0000000056313000 JavaThread "C2 CompilerThread0" daemon [_thread_blocked, id=8592, stack(0x0000000056bd0000,0x0000000056cd0000)]
  0x0000000054db5800 JavaThread "Attach Listener" daemon [_thread_blocked, id=8548, stack(0x00000000569a0000,0x0000000056aa0000)]
  0x0000000054db2000 JavaThread "Signal Dispatcher" daemon [_thread_blocked, id=6552, stack(0x0000000056730000,0x0000000056830000)]
  0x0000000054d57000 JavaThread "Finalizer" daemon [_thread_blocked, id=1804, stack(0x0000000056210000,0x0000000056310000)]
  0x0000000054d4c000 JavaThread "Reference Handler" daemon [_thread_blocked, id=4756, stack(0x0000000056020000,0x0000000056120000)]
  0x000000000015e800 JavaThread "main" [_thread_blocked, id=7952, stack(0x00000000020a0000,0x00000000021a0000)]

Other Threads:
  0x0000000054d46800 VMThread [stack: 0x0000000055ed0000,0x0000000055fd0000] [id=4456]
  0x000000005638e800 WatcherThread [stack: 0x0000000055db0000,0x0000000055eb0000] [id=2892]

VM state:not at safepoint (normal execution)

VM Mutex/Monitor currently owned by a thread: None

Heap:
 PSYoungGen      total 35328K, used 25970K [0x00000000eab00000, 0x00000000ed000000, 0x0000000100000000)
  eden space 32768K, 71% used [0x00000000eab00000,0x00000000ec1ddfe0,0x00000000ecb00000)
  from space 2560K, 99% used [0x00000000ecd80000,0x00000000ecffea98,0x00000000ed000000)
  to   space 2560K, 0% used [0x00000000ecb00000,0x00000000ecb00000,0x00000000ecd80000)
 ParOldGen       total 44032K, used 3330K [0x00000000c0000000, 0x00000000c2b00000, 0x00000000eab00000)
  object space 44032K, 7% used [0x00000000c0000000,0x00000000c0340ac8,0x00000000c2b00000)
 Metaspace       used 6169K, capacity 7088K, committed 7296K, reserved 1056768K
  class space    used 591K, capacity 616K, committed 640K, reserved 1048576K

Card table byte_map: [0x0000000011830000,0x0000000011a40000] byte_map_base: 0x0000000011230000

Marking Bits: (ParMarkBitMap*) 0x000000006dbab460
 Begin Bits: [0x00000000121c0000, 0x00000000131c0000)
 End Bits:   [0x00000000131c0000, 0x00000000141c0000)

Polling page: 0x0000000000110000

CodeCache: size=245760Kb used=7008Kb max_used=7019Kb free=238751Kb
 bounds [0x0000000002470000, 0x0000000002b60000, 0x0000000011470000]
 total_blobs=1865 nmethods=1601 adapters=178
 compilation: enabled

Compilation events (10 events):
Event: 12.334 Thread 0x000000005631b000 nmethod 1598 0x0000000002b4bf10 code [0x0000000002b4c080, 0x0000000002b4c290]
Event: 12.336 Thread 0x0000000056313000 1600       4       com.android.dx.ssa.SCCP::simulatePhiBlock (50 bytes)
Event: 12.337 Thread 0x000000005631b000 1601       3       java.lang.Boolean::valueOf (14 bytes)
Event: 12.337 Thread 0x000000005631b000 nmethod 1601 0x0000000002b1b250 code [0x0000000002b1b3a0, 0x0000000002b1b530]
Event: 12.340 Thread 0x0000000056313000 nmethod 1600 0x0000000002b48a50 code [0x0000000002b48ba0, 0x0000000002b48da8]
Event: 12.341 Thread 0x0000000056315800 1602       4       com.android.dx.rop.code.BasicBlockList::preferredSuccessorOf (77 bytes)
Event: 12.346 Thread 0x0000000056315800 nmethod 1602 0x0000000002b49e90 code [0x0000000002b4a020, 0x0000000002b4a318]
Event: 12.346 Thread 0x0000000056315800 1603       4       com.android.dx.dex.code.RopTranslator::outputBlock (202 bytes)
Event: 12.374 Thread 0x000000005631b000 1604       3       java.util.concurrent.ThreadPoolExecutor::runStateOf (5 bytes)
Event: 12.374 Thread 0x000000005631b000 nmethod 1604 0x0000000002b48690 code [0x0000000002b487e0, 0x0000000002b48910]

GC Heap History (4 events):
Event: 2.445 GC heap before
{Heap before GC invocations=1 (full 0):
 PSYoungGen      total 18944K, used 16384K [0x00000000eab00000, 0x00000000ec000000, 0x0000000100000000)
  eden space 16384K, 100% used [0x00000000eab00000,0x00000000ebb00000,0x00000000ebb00000)
  from space 2560K, 0% used [0x00000000ebd80000,0x00000000ebd80000,0x00000000ec000000)
  to   space 2560K, 0% used [0x00000000ebb00000,0x00000000ebb00000,0x00000000ebd80000)
 ParOldGen       total 44032K, used 0K [0x00000000c0000000, 0x00000000c2b00000, 0x00000000eab00000)
  object space 44032K, 0% used [0x00000000c0000000,0x00000000c0000000,0x00000000c2b00000)
 Metaspace       used 5684K, capacity 6704K, committed 6784K, reserved 1056768K
  class space    used 586K, capacity 616K, committed 640K, reserved 1048576K
Event: 3.323 GC heap after
Heap after GC invocations=1 (full 0):
 PSYoungGen      total 18944K, used 2533K [0x00000000eab00000, 0x00000000ed000000, 0x0000000100000000)
  eden space 16384K, 0% used [0x00000000eab00000,0x00000000eab00000,0x00000000ebb00000)
  from space 2560K, 98% used [0x00000000ebb00000,0x00000000ebd79608,0x00000000ebd80000)
  to   space 2560K, 0% used [0x00000000ecd80000,0x00000000ecd80000,0x00000000ed000000)
 ParOldGen       total 44032K, used 1285K [0x00000000c0000000, 0x00000000c2b00000, 0x00000000eab00000)
  object space 44032K, 2% used [0x00000000c0000000,0x00000000c0141570,0x00000000c2b00000)
 Metaspace       used 5684K, capacity 6704K, committed 6784K, reserved 1056768K
  class space    used 586K, capacity 616K, committed 640K, reserved 1048576K
}
Event: 5.312 GC heap before
{Heap before GC invocations=2 (full 0):
 PSYoungGen      total 18944K, used 18917K [0x00000000eab00000, 0x00000000ed000000, 0x0000000100000000)
  eden space 16384K, 100% used [0x00000000eab00000,0x00000000ebb00000,0x00000000ebb00000)
  from space 2560K, 98% used [0x00000000ebb00000,0x00000000ebd79608,0x00000000ebd80000)
  to   space 2560K, 0% used [0x00000000ecd80000,0x00000000ecd80000,0x00000000ed000000)
 ParOldGen       total 44032K, used 1285K [0x00000000c0000000, 0x00000000c2b00000, 0x00000000eab00000)
  object space 44032K, 2% used [0x00000000c0000000,0x00000000c0141570,0x00000000c2b00000)
 Metaspace       used 6011K, capacity 6960K, committed 7040K, reserved 1056768K
  class space    used 591K, capacity 616K, committed 640K, reserved 1048576K
Event: 5.439 GC heap after
Heap after GC invocations=2 (full 0):
 PSYoungGen      total 35328K, used 2554K [0x00000000eab00000, 0x00000000ed000000, 0x0000000100000000)
  eden space 32768K, 0% used [0x00000000eab00000,0x00000000eab00000,0x00000000ecb00000)
  from space 2560K, 99% used [0x00000000ecd80000,0x00000000ecffea98,0x00000000ed000000)
  to   space 2560K, 0% used [0x00000000ecb00000,0x00000000ecb00000,0x00000000ecd80000)
 ParOldGen       total 44032K, used 3330K [0x00000000c0000000, 0x00000000c2b00000, 0x00000000eab00000)
  object space 44032K, 7% used [0x00000000c0000000,0x00000000c0340ac8,0x00000000c2b00000)
 Metaspace       used 6011K, capacity 6960K, committed 7040K, reserved 1056768K
  class space    used 591K, capacity 616K, committed 640K, reserved 1048576K
}

Deoptimization events (10 events):
Event: 6.616 Thread 0x000000000015e800 Uncommon trap: reason=unloaded action=reinterpret pc=0x00000000029a07a0 method=com.android.dx.cf.cst.ConstantPoolParser.parse0(ILjava/util/BitSet;)Lcom/android/dx/rop/cst/Constant; @ 198
Event: 6.646 Thread 0x0000000056630800 Uncommon trap: reason=uninitialized action=reinterpret pc=0x0000000002993d30 method=com.android.dx.cf.code.BytecodeArray.parseInstruction(ILcom/android/dx/cf/code/BytecodeArray$Visitor;)I @ 999
Event: 6.647 Thread 0x0000000056630800 Uncommon trap: reason=bimorphic action=maybe_recompile pc=0x0000000002987668 method=java.util.HashMap.putVal(ILjava/lang/Object;Ljava/lang/Object;ZZ)Ljava/lang/Object; @ 91
Event: 6.717 Thread 0x0000000056630800 Uncommon trap: reason=bimorphic action=maybe_recompile pc=0x0000000002987668 method=java.util.HashMap.putVal(ILjava/lang/Object;Ljava/lang/Object;ZZ)Ljava/lang/Object; @ 91
Event: 6.717 Thread 0x0000000056630800 Uncommon trap: reason=bimorphic action=maybe_recompile pc=0x00000000026d5d6c method=java.util.HashMap.getNode(ILjava/lang/Object;)Ljava/util/HashMap$Node; @ 126
Event: 6.761 Thread 0x0000000056630800 Uncommon trap: reason=bimorphic action=maybe_recompile pc=0x0000000002987668 method=java.util.HashMap.putVal(ILjava/lang/Object;Ljava/lang/Object;ZZ)Ljava/lang/Object; @ 91
Event: 6.761 Thread 0x0000000056630800 Uncommon trap: reason=bimorphic action=maybe_recompile pc=0x00000000026d5d6c method=java.util.HashMap.getNode(ILjava/lang/Object;)Ljava/util/HashMap$Node; @ 126
Event: 7.019 Thread 0x0000000056630800 Uncommon trap: reason=null_check action=make_not_entrant pc=0x000000000275f910 method=com.android.dx.rop.type.Type.equals(Ljava/lang/Object;)Z @ 8
Event: 7.738 Thread 0x000000005662f800 Uncommon trap: reason=bimorphic action=maybe_recompile pc=0x0000000002a030e8 method=com.android.dx.ssa.LiteralOpUpgrader.tryReplacingWithConstant(Lcom/android/dx/ssa/NormalSsaInsn;)Z @ 52
Event: 9.275 Thread 0x0000000056629000 Uncommon trap: reason=bimorphic action=maybe_recompile pc=0x0000000002987668 method=java.util.HashMap.putVal(ILjava/lang/Object;Ljava/lang/Object;ZZ)Ljava/lang/Object; @ 91

Internal exceptions (10 events):
Event: 2.291 Thread 0x000000000015e800 Exception <a 'java/security/PrivilegedActionException'> (0x00000000eb921f30) thrown at [D:\re\workspace\8-2-build-windows-amd64-cygwin\jdk8u20\1074\hotspot\src\share\vm\prims\jvm.cpp, line 1275]
Event: 2.294 Thread 0x000000000015e800 Exception <a 'java/security/PrivilegedActionException'> (0x00000000eb926af0) thrown at [D:\re\workspace\8-2-build-windows-amd64-cygwin\jdk8u20\1074\hotspot\src\share\vm\prims\jvm.cpp, line 1275]
Event: 2.309 Thread 0x0000000056629000 Implicit null exception at 0x000000000271c101 to 0x000000000271cf91
Event: 3.351 Thread 0x000000000015e800 Exception <a 'java/security/PrivilegedActionException'> (0x00000000eabe7568) thrown at [D:\re\workspace\8-2-build-windows-amd64-cygwin\jdk8u20\1074\hotspot\src\share\vm\prims\jvm.cpp, line 1275]
Event: 3.351 Thread 0x000000000015e800 Exception <a 'java/security/PrivilegedActionException'> (0x00000000eabe9d68) thrown at [D:\re\workspace\8-2-build-windows-amd64-cygwin\jdk8u20\1074\hotspot\src\share\vm\prims\jvm.cpp, line 1275]
Event: 4.122 Thread 0x0000000056630800 Exception <a 'java/security/PrivilegedActionException'> (0x00000000eafd28a0) thrown at [D:\re\workspace\8-2-build-windows-amd64-cygwin\jdk8u20\1074\hotspot\src\share\vm\prims\jvm.cpp, line 1275]
Event: 4.274 Thread 0x000000000015e800 Exception <a 'java/security/PrivilegedActionException'> (0x00000000eb10c998) thrown at [D:\re\workspace\8-2-build-windows-amd64-cygwin\jdk8u20\1074\hotspot\src\share\vm\prims\jvm.cpp, line 1275]
Event: 4.363 Thread 0x000000005662f800 Exception <a 'java/security/PrivilegedActionException'> (0x00000000eb4ebff8) thrown at [D:\re\workspace\8-2-build-windows-amd64-cygwin\jdk8u20\1074\hotspot\src\share\vm\prims\jvm.cpp, line 1275]
Event: 4.376 Thread 0x0000000056629000 Exception <a 'java/security/PrivilegedActionException'> (0x00000000eb590870) thrown at [D:\re\workspace\8-2-build-windows-amd64-cygwin\jdk8u20\1074\hotspot\src\share\vm\prims\jvm.cpp, line 1275]
Event: 7.019 Thread 0x0000000056630800 Implicit null exception at 0x000000000275f812 to 0x000000000275f902

Events (10 events):
Event: 6.761 Thread 0x0000000056630800 DEOPT UNPACKING pc=0x00000000024b556a sp=0x000000005776e998 mode 2
Event: 7.019 Thread 0x0000000056630800 Uncommon trap: trap_request=0xfffffff4 fr.pc=0x000000000275f910
Event: 7.019 Thread 0x0000000056630800 DEOPT PACKING pc=0x000000000275f910 sp=0x000000005776e670
Event: 7.020 Thread 0x0000000056630800 DEOPT UNPACKING pc=0x00000000024b556a sp=0x000000005776e5f8 mode 2
Event: 7.738 Thread 0x000000005662f800 Uncommon trap: trap_request=0xffffffc6 fr.pc=0x0000000002a030e8
Event: 7.738 Thread 0x000000005662f800 DEOPT PACKING pc=0x0000000002a030e8 sp=0x000000005750ecb0
Event: 7.738 Thread 0x000000005662f800 DEOPT UNPACKING pc=0x00000000024b556a sp=0x000000005750eba8 mode 2
Event: 9.275 Thread 0x0000000056629000 Uncommon trap: trap_request=0xffffffc6 fr.pc=0x0000000002987668
Event: 9.275 Thread 0x0000000056629000 DEOPT PACKING pc=0x0000000002987668 sp=0x000000005738e9e0
Event: 9.275 Thread 0x0000000056629000 DEOPT UNPACKING pc=0x00000000024b556a sp=0x000000005738e958 mode 2


Dynamic libraries:
0x000000013f460000 - 0x000000013f494000 	C:\Program Files\Java\jdk1.8.0_20\bin\java.exe
0x0000000077740000 - 0x00000000778ea000 	C:\Windows\SYSTEM32\ntdll.dll
0x0000000077620000 - 0x000000007773f000 	C:\Windows\system32\kernel32.dll
0x000007fefd800000 - 0x000007fefd86a000 	C:\Windows\system32\KERNELBASE.dll
0x000007feff060000 - 0x000007feff13b000 	C:\Windows\system32\ADVAPI32.dll
0x000007feff160000 - 0x000007feff1ff000 	C:\Windows\system32\msvcrt.dll
0x000007feff7e0000 - 0x000007feff7ff000 	C:\Windows\SYSTEM32\sechost.dll
0x000007fefdb30000 - 0x000007fefdc5d000 	C:\Windows\system32\RPCRT4.dll
0x0000000077520000 - 0x000000007761a000 	C:\Windows\system32\USER32.dll
0x000007feff740000 - 0x000007feff7a7000 	C:\Windows\system32\GDI32.dll
0x000007feff8d0000 - 0x000007feff8de000 	C:\Windows\system32\LPK.dll
0x000007feff800000 - 0x000007feff8ca000 	C:\Windows\system32\USP10.dll
0x000007fefc320000 - 0x000007fefc514000 	C:\Windows\WinSxS\amd64_microsoft.windows.common-controls_6595b64144ccf1df_6.0.7601.18837_none_fa3b1e3d17594757\COMCTL32.dll
0x000007fefe9f0000 - 0x000007fefea61000 	C:\Windows\system32\SHLWAPI.dll
0x000007feff7b0000 - 0x000007feff7de000 	C:\Windows\system32\IMM32.DLL
0x000007feff940000 - 0x000007feffa49000 	C:\Windows\system32\MSCTF.dll
0x000000006de20000 - 0x000000006def2000 	C:\Program Files\Java\jdk1.8.0_20\jre\bin\msvcr100.dll
0x000000006d3d0000 - 0x000000006dc28000 	C:\Program Files\Java\jdk1.8.0_20\jre\bin\server\jvm.dll
0x000007fefc8b0000 - 0x000007fefc8b9000 	C:\Windows\system32\WSOCK32.dll
0x000007feff8f0000 - 0x000007feff93d000 	C:\Windows\system32\WS2_32.dll
0x000007feff8e0000 - 0x000007feff8e8000 	C:\Windows\system32\NSI.dll
0x000007fefb370000 - 0x000007fefb3ab000 	C:\Windows\system32\WINMM.dll
0x0000000077910000 - 0x0000000077917000 	C:\Windows\system32\PSAPI.DLL
0x0000000072a60000 - 0x0000000072a6f000 	C:\Program Files\Java\jdk1.8.0_20\jre\bin\verify.dll
0x000000006d3a0000 - 0x000000006d3c8000 	C:\Program Files\Java\jdk1.8.0_20\jre\bin\java.dll
0x000000006d210000 - 0x000000006d226000 	C:\Program Files\Java\jdk1.8.0_20\jre\bin\zip.dll
0x000007fefdc60000 - 0x000007fefe9ea000 	C:\Windows\system32\SHELL32.dll
0x000007fefd920000 - 0x000007fefdb23000 	C:\Windows\system32\ole32.dll
0x000007fefd4c0000 - 0x000007fefd4cf000 	C:\Windows\system32\profapi.dll

VM Arguments:
jvm_args: -Djava.awt.headless=true -Xmx1024M -Dfile.encoding=windows-1252 -Duser.country=US -Duser.language=en -Duser.variant 
java_command: com.android.dx.command.Main --dex --num-threads=4 --output C:\Users\Martin\AndroidStudioProjects\SystemEngineeringGSM\app\build\intermediates\pre-dexed\debug\com.google.android.gms-play-services-auth-8.4.0_3ad21a1947527f33726ab7e12003b8a3e341f5b0.jar C:\Users\Martin\AndroidStudioProjects\SystemEngineeringGSM\app\build\intermediates\exploded-aar\com.google.android.gms\play-services-auth\8.4.0\jars\classes.jar
java_class_path (initial): C:\Users\Martin\AppData\Local\Android\sdk\build-tools\23.0.2\lib\dx.jar
Launcher Type: SUN_STANDARD

Environment Variables:
PATH=C:\ProgramData\Oracle\Java\javapath;C:\Program Files\Common Files\Microsoft Shared\Windows Live;C:\Program Files (x86)\Common Files\Microsoft Shared\Windows Live;C:\Program Files (x86)\Intel\iCLS Client\;C:\Program Files\Intel\iCLS Client\;C:\Program Files\Dell\DW WLAN Card;C:\Windows\system32;C:\Windows;C:\Windows\System32\Wbem;C:\Windows\System32\WindowsPowerShell\v1.0\;C:\Program Files\WIDCOMM\Bluetooth Software\;C:\Program Files\WIDCOMM\Bluetooth Software\syswow64;C:\Program Files\Dell\Dell Data Protection\Access\Advanced\Wave\Gemalto\Access Client\v5\;C:\Program Files (x86)\Security Innovation\SI TSS\bin\;C:\Program Files (x86)\Windows Live\Shared;C:\Program Files (x86)\MySQL\MySQL Utilities 1.3.4\;C:\Program Files\Microsoft SQL Server\110\Tools\Binn\;C:\Program Files\nodejs\;C:\Program Files (x86)\Git\cmd;C:\Program Files\MATLAB\runtime\win64;C:\Program Files\MATLAB\bin;C:\Program Files (x86)\QuickTime\QTSystem\;C:\Program Files (x86)\GtkSharp\2.12\bin;C:\Program Files (x86)\Skype\Phone\;C:\Program Files\Intel\Intel(R) Management Engine Components\DAL;C:\Program Files\Intel\Intel(R) Management Engine Components\IPT;C:\Program Files (x86)\Intel\Intel(R) Management Engine Components\DAL;C:\Program Files (x86)\Intel\Intel(R) Management Engine Components\IPT;C:\Users\Martin\AppData\Local\Android\sdk\platform-tools;C:\Program Files\Java\jdk1.8.0_20\bin;C:\Users\Martin\AppData\Roaming\npm
USERNAME=Martin
OS=Windows_NT
PROCESSOR_IDENTIFIER=Intel64 Family 6 Model 58 Stepping 9, GenuineIntel



---------------  S Y S T E M  ---------------

OS: Windows 7 , 64 bit Build 7601 Service Pack 1

CPU:total 4 (2 cores per cpu, 2 threads per core) family 6 model 58 stepping 9, cmov, cx8, fxsr, mmx, sse, sse2, sse3, ssse3, sse4.1, sse4.2, popcnt, avx, aes, clmul, erms, ht, tsc, tscinvbit, tscinv

Memory: 4k page, physical 4077532k(119692k free), swap 6172824k(5036k free)

vm_info: Java HotSpot(TM) 64-Bit Server VM (25.20-b23) for windows-amd64 JRE (1.8.0_20-b26), built on Jul 30 2014 13:51:23 by "java_re" with MS VC++ 10.0 (VS2010)

time: Thu May 26 10:33:04 2016
elapsed time: 12 seconds (0d 0h 0m 12s)

