#
# There is insufficient memory for the Java Runtime Environment to continue.
# Native memory allocation (malloc) failed to allocate 283536 bytes for Chunk::new
# Possible reasons:
#   The system is out of physical RAM or swap space
#   In 32 bit mode, the process size limit was hit
# Possible solutions:
#   Reduce memory load on the system
#   Increase physical memory or swap space
#   Check if swap backing store is full
#   Use 64 bit Java on a 64 bit OS
#   Decrease Java heap size (-Xmx/-Xms)
#   Decrease number of Java threads
#   Decrease Java thread stack sizes (-Xss)
#   Set larger code cache with -XX:ReservedCodeCacheSize=
# This output file may be truncated or incomplete.
#
#  Out of Memory Error (allocation.cpp:323), pid=2740, tid=7380
#
# JRE version: Java(TM) SE Runtime Environment (7.0_40-b43) (build 1.7.0_40-b43)
# Java VM: Java HotSpot(TM) 64-Bit Server VM (24.0-b56 mixed mode windows-amd64 compressed oops)
# Failed to write core dump. Minidumps are not enabled by default on client versions of Windows
#

---------------  T H R E A D  ---------------

Current thread (0x00000000081ce000):  JavaThread "C2 CompilerThread1" daemon [_thread_in_native, id=7380, stack(0x00000000099e0000,0x0000000009ae0000)]

Stack: [0x00000000099e0000,0x0000000009ae0000]

Current CompileTask:
C2:   4648  103             com.android.dx.ssa.SsaMethod::computeReachability (131 bytes)


---------------  P R O C E S S  ---------------

Java Threads: ( => current thread )
  0x000000000a0d1800 JavaThread "pool-1-thread-4" [_thread_in_Java, id=1744, stack(0x000000000a5d0000,0x000000000a6d0000)]
  0x000000000a0c5800 JavaThread "pool-1-thread-3" [_thread_blocked, id=7232, stack(0x000000000a3b0000,0x000000000a4b0000)]
  0x000000000a0f2000 JavaThread "pool-1-thread-2" [_thread_in_Java, id=14912, stack(0x000000000a6f0000,0x000000000a7f0000)]
  0x000000000a087000 JavaThread "pool-2-thread-1" [_thread_blocked, id=6324, stack(0x000000000a4c0000,0x000000000a5c0000)]
  0x000000000a089000 JavaThread "pool-1-thread-1" [_thread_blocked, id=11868, stack(0x0000000009af0000,0x0000000009bf0000)]
  0x00000000081cf000 JavaThread "Service Thread" daemon [_thread_blocked, id=4916, stack(0x0000000009c80000,0x0000000009d80000)]
=>0x00000000081ce000 JavaThread "C2 CompilerThread1" daemon [_thread_in_native, id=7380, stack(0x00000000099e0000,0x0000000009ae0000)]
  0x00000000081bf800 JavaThread "C2 CompilerThread0" daemon [_thread_in_native, id=15880, stack(0x00000000098d0000,0x00000000099d0000)]
  0x00000000081be800 JavaThread "Attach Listener" daemon [_thread_blocked, id=6556, stack(0x00000000095e0000,0x00000000096e0000)]
  0x00000000081b7800 JavaThread "Signal Dispatcher" daemon [_thread_blocked, id=14720, stack(0x0000000009700000,0x0000000009800000)]
  0x000000000815f800 JavaThread "Finalizer" daemon [_thread_blocked, id=10916, stack(0x0000000009420000,0x0000000009520000)]
  0x000000000815a000 JavaThread "Reference Handler" daemon [_thread_blocked, id=5484, stack(0x0000000009230000,0x0000000009330000)]
  0x0000000001dde800 JavaThread "main" [_thread_in_Java, id=4356, stack(0x0000000002020000,0x0000000002120000)]

Other Threads:
  0x0000000008158800 VMThread [stack: 0x00000000090f0000,0x00000000091f0000] [id=15452]
  0x00000000081d8800 WatcherThread [stack: 0x0000000009eb0000,0x0000000009fb0000] [id=10908]

VM state:not at safepoint (normal execution)

VM Mutex/Monitor currently owned by a thread: None

Heap
 PSYoungGen      total 18944K, used 4230K [0x00000000eaa80000, 0x00000000ecf80000, 0x0000000100000000)
  eden space 16384K, 10% used [0x00000000eaa80000,0x00000000eac28ea8,0x00000000eba80000)
  from space 2560K, 98% used [0x00000000eba80000,0x00000000ebcf8b70,0x00000000ebd00000)
  to   space 2560K, 0% used [0x00000000ecd00000,0x00000000ecd00000,0x00000000ecf80000)
 ParOldGen       total 42496K, used 2505K [0x00000000c0000000, 0x00000000c2980000, 0x00000000eaa80000)
  object space 42496K, 5% used [0x00000000c0000000,0x00000000c02726c0,0x00000000c2980000)
 PSPermGen       total 21504K, used 5182K [0x00000000bae00000, 0x00000000bc300000, 0x00000000c0000000)
  object space 21504K, 24% used [0x00000000bae00000,0x00000000bb30fb20,0x00000000bc300000)

Card table byte_map: [0x0000000005120000,0x0000000005350000] byte_map_base: 0x0000000004b49000

Polling page: 0x0000000000230000

Code Cache  [0x0000000002120000, 0x0000000002390000, 0x0000000005120000)
 total_blobs=331 nmethods=118 adapters=165 free_code_cache=48608Kb largest_free_block=49757440

Compilation events (10 events):
Event: 4.634 Thread 0x00000000081bf800 nmethod 113 0x00000000021a97d0 code [0x00000000021a9960, 0x00000000021a9e08]
Event: 4.634 Thread 0x00000000081bf800  114             java.util.HashMap::getEntry (86 bytes)
Event: 4.638 Thread 0x00000000081bf800 nmethod 114 0x00000000021a89d0 code [0x00000000021a8b40, 0x00000000021a8d48]
Event: 4.638 Thread 0x00000000081bf800  115             com.android.dx.util.Bits::getMax (6 bytes)
Event: 4.638 Thread 0x00000000081bf800 nmethod 115 0x00000000021a95d0 code [0x00000000021a9700, 0x00000000021a9758]
Event: 4.638 Thread 0x00000000081bf800  116             com.android.dx.rop.code.RegisterSpec::getCategory (13 bytes)
Event: 4.639 Thread 0x00000000081bf800 nmethod 116 0x00000000021aa850 code [0x00000000021aa9a0, 0x00000000021aaa58]
Event: 4.639 Thread 0x00000000081bf800  117             java.util.ArrayList::isEmpty (13 bytes)
Event: 4.640 Thread 0x00000000081bf800 nmethod 117 0x00000000021a87d0 code [0x00000000021a8900, 0x00000000021a8958]
Event: 4.640 Thread 0x00000000081bf800  118             com.android.dx.ssa.NormalSsaInsn::isNormalMoveInsn (20 bytes)

GC Heap History (2 events):
Event: 4.290 GC heap before
{Heap before GC invocations=1 (full 0):
 PSYoungGen      total 18944K, used 16384K [0x00000000eaa80000, 0x00000000ebf80000, 0x0000000100000000)
  eden space 16384K, 100% used [0x00000000eaa80000,0x00000000eba80000,0x00000000eba80000)
  from space 2560K, 0% used [0x00000000ebd00000,0x00000000ebd00000,0x00000000ebf80000)
  to   space 2560K, 0% used [0x00000000eba80000,0x00000000eba80000,0x00000000ebd00000)
 ParOldGen       total 42496K, used 0K [0x00000000c0000000, 0x00000000c2980000, 0x00000000eaa80000)
  object space 42496K, 0% used [0x00000000c0000000,0x00000000c0000000,0x00000000c2980000)
 PSPermGen       total 21504K, used 5169K [0x00000000bae00000, 0x00000000bc300000, 0x00000000c0000000)
  object space 21504K, 24% used [0x00000000bae00000,0x00000000bb30c588,0x00000000bc300000)
Event: 4.528 GC heap after
Heap after GC invocations=1 (full 0):
 PSYoungGen      total 18944K, used 2530K [0x00000000eaa80000, 0x00000000ecf80000, 0x0000000100000000)
  eden space 16384K, 0% used [0x00000000eaa80000,0x00000000eaa80000,0x00000000eba80000)
  from space 2560K, 98% used [0x00000000eba80000,0x00000000ebcf8b70,0x00000000ebd00000)
  to   space 2560K, 0% used [0x00000000ecd00000,0x00000000ecd00000,0x00000000ecf80000)
 ParOldGen       total 42496K, used 2505K [0x00000000c0000000, 0x00000000c2980000, 0x00000000eaa80000)
  object space 42496K, 5% used [0x00000000c0000000,0x00000000c02726c0,0x00000000c2980000)
 PSPermGen       total 21504K, used 5169K [0x00000000bae00000, 0x00000000bc300000, 0x00000000c0000000)
  object space 21504K, 24% used [0x00000000bae00000,0x00000000bb30c588,0x00000000bc300000)
}

Deoptimization events (10 events):
Event: 2.374 Thread 0x0000000001dde800 Uncommon trap: reason=bimorphic action=maybe_recompile pc=0x0000000002197444 method=java.util.HashMap.getEntry(Ljava/lang/Object;)Ljava/util/HashMap$Entry; @ 68
Event: 4.169 Thread 0x000000000a0d1800 Uncommon trap: reason=unreached action=reinterpret pc=0x00000000021987ec method=com.android.dx.rop.code.RopMethod.calcPredecessors()V @ 115
Event: 4.175 Thread 0x000000000a0d1800 Uncommon trap: reason=class_check action=maybe_recompile pc=0x000000000219b9bc method=com.android.dx.ssa.SsaBasicBlock.forEachInsn(Lcom/android/dx/ssa/SsaInsn$Visitor;)V @ 23
Event: 4.175 Thread 0x000000000a0d1800 Uncommon trap: reason=class_check action=maybe_recompile pc=0x000000000219b9bc method=com.android.dx.ssa.SsaBasicBlock.forEachInsn(Lcom/android/dx/ssa/SsaInsn$Visitor;)V @ 23
Event: 4.175 Thread 0x000000000a0d1800 Uncommon trap: reason=class_check action=maybe_recompile pc=0x00000000021a615c method=com.android.dx.ssa.SsaMethod.deleteInsns(Ljava/util/Set;)V @ 54
Event: 4.175 Thread 0x000000000a0d1800 Uncommon trap: reason=class_check action=maybe_recompile pc=0x000000000219b9bc method=com.android.dx.ssa.SsaBasicBlock.forEachInsn(Lcom/android/dx/ssa/SsaInsn$Visitor;)V @ 23
Event: 4.175 Thread 0x000000000a0d1800 Uncommon trap: reason=class_check action=maybe_recompile pc=0x000000000219b9bc method=com.android.dx.ssa.SsaBasicBlock.forEachInsn(Lcom/android/dx/ssa/SsaInsn$Visitor;)V @ 23
Event: 4.176 Thread 0x000000000a0d1800 Uncommon trap: reason=class_check action=maybe_recompile pc=0x00000000021a615c method=com.android.dx.ssa.SsaMethod.deleteInsns(Ljava/util/Set;)V @ 54
Event: 4.177 Thread 0x000000000a0d1800 Uncommon trap: reason=class_check action=maybe_recompile pc=0x00000000021a615c method=com.android.dx.ssa.SsaMethod.deleteInsns(Ljava/util/Set;)V @ 54
Event: 4.271 Thread 0x000000000a0d1800 Uncommon trap: reason=class_check action=maybe_recompile pc=0x00000000021a615c method=com.android.dx.ssa.SsaMethod.deleteInsns(Ljava/util/Set;)V @ 54

Internal exceptions (10 events):
Event: 2.362 Thread 0x0000000001dde800 Threw 0x00000000eb6b5f48 at C:\jdk7u2_64p\jdk7u40\hotspot\src\share\vm\prims\jvm.cpp:1244
Event: 2.363 Thread 0x0000000001dde800 Threw 0x00000000eb6bacc8 at C:\jdk7u2_64p\jdk7u40\hotspot\src\share\vm\prims\jvm.cpp:1244
Event: 2.373 Thread 0x0000000001dde800 Threw 0x00000000eb6c1b48 at C:\jdk7u2_64p\jdk7u40\hotspot\src\share\vm\prims\jvm.cpp:1244
Event: 2.374 Thread 0x0000000001dde800 Threw 0x00000000eb6c6960 at C:\jdk7u2_64p\jdk7u40\hotspot\src\share\vm\prims\jvm.cpp:1244
Event: 2.389 Thread 0x000000000a0c5800 Threw 0x00000000eb329b70 at C:\jdk7u2_64p\jdk7u40\hotspot\src\share\vm\prims\jvm.cpp:1244
Event: 4.174 Thread 0x000000000a0d1800 Threw 0x00000000eb66d490 at C:\jdk7u2_64p\jdk7u40\hotspot\src\share\vm\prims\jvm.cpp:1244
Event: 4.176 Thread 0x0000000001dde800 Threw 0x00000000eb7ce0b0 at C:\jdk7u2_64p\jdk7u40\hotspot\src\share\vm\prims\jvm.cpp:1244
Event: 4.208 Thread 0x000000000a0f2000 Threw 0x00000000eb74e338 at C:\jdk7u2_64p\jdk7u40\hotspot\src\share\vm\prims\jvm.cpp:1244
Event: 4.250 Thread 0x000000000a089000 Threw 0x00000000eb89a688 at C:\jdk7u2_64p\jdk7u40\hotspot\src\share\vm\prims\jvm.cpp:1244
Event: 4.622 Thread 0x000000000a0f2000 Threw 0x00000000eabdad80 at C:\jdk7u2_64p\jdk7u40\hotspot\src\share\vm\prims\jvm.cpp:1244

Events (10 events):
Event: 4.271 Thread 0x000000000a0d1800 DEOPT PACKING pc=0x00000000021a615c sp=0x000000000a6ceb00
Event: 4.271 Thread 0x000000000a0d1800 DEOPT UNPACKING pc=0x00000000021575a4 sp=0x000000000a6ceab8 mode 2
Event: 4.271 loading class 0x0000000001e8d180
Event: 4.271 loading class 0x0000000001e8d180 done
Event: 4.285 Executing VM operation: ParallelGCFailedAllocation
Event: 4.528 Executing VM operation: ParallelGCFailedAllocation done
Event: 4.597 loading class 0x0000000001e85de0
Event: 4.597 loading class 0x0000000001e85de0 done
Event: 4.622 loading class 0x000000000a1ca6d0
Event: 4.622 loading class 0x000000000a1ca6d0 done


Dynamic libraries:
0x000000013f710000 - 0x000000013f743000 	C:\Program Files\Java\jdk1.7.0_40\bin\java.exe
0x0000000077560000 - 0x000000007770a000 	C:\Windows\SYSTEM32\ntdll.dll
0x0000000077440000 - 0x000000007755f000 	C:\Windows\system32\kernel32.dll
0x000007fefd310000 - 0x000007fefd37b000 	C:\Windows\system32\KERNELBASE.dll
0x000007fefd880000 - 0x000007fefd95b000 	C:\Windows\system32\ADVAPI32.dll
0x000007fefd960000 - 0x000007fefd9ff000 	C:\Windows\system32\msvcrt.dll
0x000007feff1b0000 - 0x000007feff1cf000 	C:\Windows\SYSTEM32\sechost.dll
0x000007feff530000 - 0x000007feff65d000 	C:\Windows\system32\RPCRT4.dll
0x0000000077340000 - 0x000000007743a000 	C:\Windows\system32\USER32.dll
0x000007fefda30000 - 0x000007fefda97000 	C:\Windows\system32\GDI32.dll
0x000007fefe2a0000 - 0x000007fefe2ae000 	C:\Windows\system32\LPK.dll
0x000007feff1d0000 - 0x000007feff29a000 	C:\Windows\system32\USP10.dll
0x000007fefc140000 - 0x000007fefc334000 	C:\Windows\WinSxS\amd64_microsoft.windows.common-controls_6595b64144ccf1df_6.0.7601.18837_none_fa3b1e3d17594757\COMCTL32.dll
0x000007fefe140000 - 0x000007fefe1b1000 	C:\Windows\system32\SHLWAPI.dll
0x000007fefda00000 - 0x000007fefda2e000 	C:\Windows\system32\IMM32.DLL
0x000007feff040000 - 0x000007feff149000 	C:\Windows\system32\MSCTF.dll
0x0000000055110000 - 0x00000000551e1000 	C:\Program Files\Java\jdk1.7.0_40\jre\bin\msvcr100.dll
0x000000006e320000 - 0x000000006eae9000 	C:\Program Files\Java\jdk1.7.0_40\jre\bin\server\jvm.dll
0x000007fefc6d0000 - 0x000007fefc6d9000 	C:\Windows\system32\WSOCK32.dll
0x000007feff150000 - 0x000007feff19d000 	C:\Windows\system32\WS2_32.dll
0x000007feff1a0000 - 0x000007feff1a8000 	C:\Windows\system32\NSI.dll
0x000007fefb340000 - 0x000007fefb37b000 	C:\Windows\system32\WINMM.dll
0x0000000077730000 - 0x0000000077737000 	C:\Windows\system32\PSAPI.DLL
0x0000000073a10000 - 0x0000000073a1f000 	C:\Program Files\Java\jdk1.7.0_40\jre\bin\verify.dll
0x00000000739c0000 - 0x00000000739e8000 	C:\Program Files\Java\jdk1.7.0_40\jre\bin\java.dll
0x0000000073980000 - 0x0000000073995000 	C:\Program Files\Java\jdk1.7.0_40\jre\bin\zip.dll

VM Arguments:
jvm_args: -Djava.awt.headless=true -Xmx1024M -Dfile.encoding=windows-1252 -Duser.country=US -Duser.language=en -Duser.variant 
java_command: com.android.dx.command.Main --dex --num-threads=4 --output C:\Users\Martin\AndroidStudioProjects\SystemEngineeringGSM\app\build\intermediates\pre-dexed\debug\debug_1eadc4e82313c4d44a411d3a28e3d6f768ea7497.jar C:\Users\Martin\AndroidStudioProjects\SystemEngineeringGSM\app\build\intermediates\classes\debug
Launcher Type: SUN_STANDARD

Environment Variables:
PATH=C:\ProgramData\Oracle\Java\javapath;C:\Program Files\Common Files\Microsoft Shared\Windows Live;C:\Program Files (x86)\Common Files\Microsoft Shared\Windows Live;C:\Program Files (x86)\Intel\iCLS Client\;C:\Program Files\Intel\iCLS Client\;C:\Program Files\Dell\DW WLAN Card;C:\Windows\system32;C:\Windows;C:\Windows\System32\Wbem;C:\Windows\System32\WindowsPowerShell\v1.0\;C:\Program Files\WIDCOMM\Bluetooth Software\;C:\Program Files\WIDCOMM\Bluetooth Software\syswow64;C:\Program Files\Dell\Dell Data Protection\Access\Advanced\Wave\Gemalto\Access Client\v5\;C:\Program Files (x86)\Security Innovation\SI TSS\bin\;C:\Program Files (x86)\Windows Live\Shared;C:\Program Files (x86)\MySQL\MySQL Utilities 1.3.4\;C:\Program Files\Microsoft SQL Server\110\Tools\Binn\;C:\Program Files\nodejs\;C:\Program Files (x86)\Git\cmd;C:\Program Files\MATLAB\runtime\win64;C:\Program Files\MATLAB\bin;C:\Program Files (x86)\QuickTime\QTSystem\;C:\Program Files (x86)\GtkSharp\2.12\bin;C:\Program Files (x86)\Skype\Phone\;C:\Program Files\Intel\Intel(R) Management Engine Components\DAL;C:\Program Files\Intel\Intel(R) Management Engine Components\IPT;C:\Program Files (x86)\Intel\Intel(R) Management Engine Components\DAL;C:\Program Files (x86)\Intel\Intel(R) Management Engine Components\IPT;C:\Users\Martin\AppData\Local\Android\sdk\platform-tools;C:\Program Files\Java\jdk1.8.0_20\bin;C:\Users\Martin\AppData\Roaming\npm
USERNAME=Martin
OS=Windows_NT
PROCESSOR_IDENTIFIER=Intel64 Family 6 Model 58 Stepping 9, GenuineIntel



---------------  S Y S T E M  ---------------

OS: Windows 7 , 64 bit Build 7601 Service Pack 1

CPU:total 4 (2 cores per cpu, 2 threads per core) family 6 model 58 stepping 9, cmov, cx8, fxsr, mmx, sse, sse2, sse3, ssse3, sse4.1, sse4.2, popcnt, avx, aes, erms, ht, tsc, tscinvbit, tscinv

Memory: 4k page, physical 4077532k(328988k free), swap 6170092k(4900k free)

vm_info: Java HotSpot(TM) 64-Bit Server VM (24.0-b56) for windows-amd64 JRE (1.7.0_40-b43), built on Aug 26 2013 22:38:32 by "java_re" with unknown MS VC++:1600

time: Thu Mar 31 11:27:02 2016
elapsed time: 4 seconds

