#
# There is insufficient memory for the Java Runtime Environment to continue.
# Native memory allocation (malloc) failed to allocate 149920 bytes for Chunk::new
# Possible reasons:
#   The system is out of physical RAM or swap space
#   In 32 bit mode, the process size limit was hit
# Possible solutions:
#   Reduce memory load on the system
#   Increase physical memory or swap space
#   Check if swap backing store is full
#   Use 64 bit Java on a 64 bit OS
#   Decrease Java heap size (-Xmx/-Xms)
#   Decrease number of Java threads
#   Decrease Java thread stack sizes (-Xss)
#   Set larger code cache with -XX:ReservedCodeCacheSize=
# This output file may be truncated or incomplete.
#
#  Out of Memory Error (allocation.cpp:390), pid=8588, tid=4088
#
# JRE version: Java(TM) SE Runtime Environment (8.0_20-b26) (build 1.8.0_20-b26)
# Java VM: Java HotSpot(TM) 64-Bit Server VM (25.20-b23 mixed mode windows-amd64 compressed oops)
# Failed to write core dump. Minidumps are not enabled by default on client versions of Windows
#

---------------  T H R E A D  ---------------

Current thread (0x0000000054c41800):  JavaThread "C2 CompilerThread1" daemon [_thread_in_native, id=4088, stack(0x0000000056260000,0x0000000056360000)]

Stack: [0x0000000056260000,0x0000000056360000]
Native frames: (J=compiled Java code, j=interpreted, Vv=VM code, C=native code)
V  [jvm.dll+0x3152fa]


Current CompileTask:
C2:  16603 1666   !   4       com.android.dx.cf.code.Ropper::processBlock (1101 bytes)


---------------  P R O C E S S  ---------------

Java Threads: ( => current thread )
  0x000000005679c800 JavaThread "pool-1-thread-4" [_thread_blocked, id=6680, stack(0x0000000057090000,0x0000000057190000)]
  0x000000005679a000 JavaThread "pool-1-thread-3" [_thread_blocked, id=1592, stack(0x00000000571e0000,0x00000000572e0000)]
  0x0000000056799000 JavaThread "pool-1-thread-2" [_thread_blocked, id=1280, stack(0x0000000056360000,0x0000000056460000)]
  0x0000000056798800 JavaThread "pool-2-thread-1" [_thread_blocked, id=9580, stack(0x0000000056f40000,0x0000000057040000)]
  0x00000000567f8000 JavaThread "pool-1-thread-1" [_thread_blocked, id=1448, stack(0x0000000056df0000,0x0000000056ef0000)]
  0x0000000056652800 JavaThread "Service Thread" daemon [_thread_blocked, id=9708, stack(0x0000000056a10000,0x0000000056b10000)]
  0x0000000054c43000 JavaThread "C1 CompilerThread2" daemon [_thread_blocked, id=4612, stack(0x00000000564d0000,0x00000000565d0000)]
=>0x0000000054c41800 JavaThread "C2 CompilerThread1" daemon [_thread_in_native, id=4088, stack(0x0000000056260000,0x0000000056360000)]
  0x0000000054c3f800 JavaThread "C2 CompilerThread0" daemon [_thread_in_native, id=7148, stack(0x0000000055d90000,0x0000000055e90000)]
  0x0000000054c3c800 JavaThread "Attach Listener" daemon [_thread_blocked, id=10128, stack(0x0000000056160000,0x0000000056260000)]
  0x0000000054c4d000 JavaThread "Signal Dispatcher" daemon [_thread_blocked, id=6164, stack(0x0000000055fb0000,0x00000000560b0000)]
  0x0000000054be4800 JavaThread "Finalizer" daemon [_thread_blocked, id=5208, stack(0x0000000055ea0000,0x0000000055fa0000)]
  0x0000000054bdc000 JavaThread "Reference Handler" daemon [_thread_blocked, id=3708, stack(0x0000000055c90000,0x0000000055d90000)]
  0x00000000003fe800 JavaThread "main" [_thread_blocked, id=9880, stack(0x0000000001e40000,0x0000000001f40000)]

Other Threads:
  0x0000000054bd6800 VMThread [stack: 0x0000000055b60000,0x0000000055c60000] [id=1700]
  0x0000000056655000 WatcherThread [stack: 0x0000000056c00000,0x0000000056d00000] [id=9200]

VM state:not at safepoint (normal execution)

VM Mutex/Monitor currently owned by a thread: None

Heap:
 PSYoungGen      total 35328K, used 26992K [0x00000000eab00000, 0x00000000ed000000, 0x0000000100000000)
  eden space 32768K, 74% used [0x00000000eab00000,0x00000000ec2e2450,0x00000000ecb00000)
  from space 2560K, 99% used [0x00000000ecd80000,0x00000000ecff9c88,0x00000000ed000000)
  to   space 2560K, 0% used [0x00000000ecb00000,0x00000000ecb00000,0x00000000ecd80000)
 ParOldGen       total 44032K, used 3461K [0x00000000c0000000, 0x00000000c2b00000, 0x00000000eab00000)
  object space 44032K, 7% used [0x00000000c0000000,0x00000000c03616f8,0x00000000c2b00000)
 Metaspace       used 6283K, capacity 7094K, committed 7296K, reserved 1056768K
  class space    used 608K, capacity 622K, committed 640K, reserved 1048576K

Card table byte_map: [0x00000000116b0000,0x00000000118c0000] byte_map_base: 0x00000000110b0000

Marking Bits: (ParMarkBitMap*) 0x000000006d22b460
 Begin Bits: [0x0000000012050000, 0x0000000013050000)
 End Bits:   [0x0000000013050000, 0x0000000014050000)

Polling page: 0x0000000000420000

CodeCache: size=245760Kb used=6998Kb max_used=7010Kb free=238761Kb
 bounds [0x00000000022f0000, 0x00000000029d0000, 0x00000000112f0000]
 total_blobs=1935 nmethods=1665 adapters=184
 compilation: enabled

Compilation events (10 events):
Event: 16.449 Thread 0x0000000054c43000 nmethod 1662 0x00000000029c7010 code [0x00000000029c7340, 0x00000000029c87c8]
Event: 16.449 Thread 0x0000000054c43000 1663       3       java.util.HashMap$HashIterator::nextNode (100 bytes)
Event: 16.449 Thread 0x0000000054c43000 nmethod 1663 0x00000000029c67d0 code [0x00000000029c6960, 0x00000000029c6e18]
Event: 16.450 Thread 0x0000000054c41800 1665       4       com.android.dx.ssa.SCCP::simulatePhiBlock (50 bytes)
Event: 16.454 Thread 0x0000000054c41800 nmethod 1665 0x00000000029cca50 code [0x00000000029ccba0, 0x00000000029ccda8]
Event: 16.460 Thread 0x0000000054c3f800 nmethod 1664 0x00000000029ca590 code [0x00000000029ca700, 0x00000000029cad68]
Event: 16.464 Thread 0x0000000054c41800 1666   !   4       com.android.dx.cf.code.Ropper::processBlock (1101 bytes)
Event: 16.484 Thread 0x0000000054c43000 1667       1       com.android.dx.dex.code.RopTranslator::access$100 (5 bytes)
Event: 16.484 Thread 0x0000000054c43000 nmethod 1667 0x00000000029c6510 code [0x00000000029c6660, 0x00000000029c6750]
Event: 16.515 Thread 0x0000000054c3f800 1668   !   4       com.android.dx.cf.cst.ConstantPoolParser::parse0 (731 bytes)

GC Heap History (4 events):
Event: 4.885 GC heap before
{Heap before GC invocations=1 (full 0):
 PSYoungGen      total 18944K, used 16384K [0x00000000eab00000, 0x00000000ec000000, 0x0000000100000000)
  eden space 16384K, 100% used [0x00000000eab00000,0x00000000ebb00000,0x00000000ebb00000)
  from space 2560K, 0% used [0x00000000ebd80000,0x00000000ebd80000,0x00000000ec000000)
  to   space 2560K, 0% used [0x00000000ebb00000,0x00000000ebb00000,0x00000000ebd80000)
 ParOldGen       total 44032K, used 0K [0x00000000c0000000, 0x00000000c2b00000, 0x00000000eab00000)
  object space 44032K, 0% used [0x00000000c0000000,0x00000000c0000000,0x00000000c2b00000)
 Metaspace       used 5839K, capacity 6772K, committed 7040K, reserved 1056768K
  class space    used 603K, capacity 620K, committed 640K, reserved 1048576K
Event: 5.079 GC heap after
Heap after GC invocations=1 (full 0):
 PSYoungGen      total 18944K, used 2548K [0x00000000eab00000, 0x00000000ed000000, 0x0000000100000000)
  eden space 16384K, 0% used [0x00000000eab00000,0x00000000eab00000,0x00000000ebb00000)
  from space 2560K, 99% used [0x00000000ebb00000,0x00000000ebd7d300,0x00000000ebd80000)
  to   space 2560K, 0% used [0x00000000ecd80000,0x00000000ecd80000,0x00000000ed000000)
 ParOldGen       total 44032K, used 1300K [0x00000000c0000000, 0x00000000c2b00000, 0x00000000eab00000)
  object space 44032K, 2% used [0x00000000c0000000,0x00000000c0145100,0x00000000c2b00000)
 Metaspace       used 5839K, capacity 6772K, committed 7040K, reserved 1056768K
  class space    used 603K, capacity 620K, committed 640K, reserved 1048576K
}
Event: 8.139 GC heap before
{Heap before GC invocations=2 (full 0):
 PSYoungGen      total 18944K, used 18932K [0x00000000eab00000, 0x00000000ed000000, 0x0000000100000000)
  eden space 16384K, 100% used [0x00000000eab00000,0x00000000ebb00000,0x00000000ebb00000)
  from space 2560K, 99% used [0x00000000ebb00000,0x00000000ebd7d300,0x00000000ebd80000)
  to   space 2560K, 0% used [0x00000000ecd80000,0x00000000ecd80000,0x00000000ed000000)
 ParOldGen       total 44032K, used 1300K [0x00000000c0000000, 0x00000000c2b00000, 0x00000000eab00000)
  object space 44032K, 2% used [0x00000000c0000000,0x00000000c0145100,0x00000000c2b00000)
 Metaspace       used 6167K, capacity 7030K, committed 7296K, reserved 1056768K
  class space    used 608K, capacity 622K, committed 640K, reserved 1048576K
Event: 8.987 GC heap after
Heap after GC invocations=2 (full 0):
 PSYoungGen      total 35328K, used 2535K [0x00000000eab00000, 0x00000000ed000000, 0x0000000100000000)
  eden space 32768K, 0% used [0x00000000eab00000,0x00000000eab00000,0x00000000ecb00000)
  from space 2560K, 99% used [0x00000000ecd80000,0x00000000ecff9c88,0x00000000ed000000)
  to   space 2560K, 0% used [0x00000000ecb00000,0x00000000ecb00000,0x00000000ecd80000)
 ParOldGen       total 44032K, used 3461K [0x00000000c0000000, 0x00000000c2b00000, 0x00000000eab00000)
  object space 44032K, 7% used [0x00000000c0000000,0x00000000c03616f8,0x00000000c2b00000)
 Metaspace       used 6167K, capacity 7030K, committed 7296K, reserved 1056768K
  class space    used 608K, capacity 622K, committed 640K, reserved 1048576K
}

Deoptimization events (10 events):
Event: 4.418 Thread 0x000000005679a000 Uncommon trap: reason=unreached action=reinterpret pc=0x00000000025574b0 method=com.android.dx.rop.code.RegisterSpec.equals(ILcom/android/dx/rop/type/TypeBearer;Lcom/android/dx/rop/code/LocalItem;)Z @ 24
Event: 7.185 Thread 0x000000005679c800 Uncommon trap: reason=unreached action=reinterpret pc=0x00000000026fa60c method=com.android.dx.ssa.SsaMethod.updateOneDefinition(Lcom/android/dx/ssa/SsaInsn;Lcom/android/dx/rop/code/RegisterSpec;)V @ 4
Event: 7.185 Thread 0x000000005679c800 Uncommon trap: reason=unreached action=reinterpret pc=0x0000000002671644 method=com.android.dx.rop.cst.Constant.compareTo(Lcom/android/dx/rop/cst/Constant;)I @ 12
Event: 7.318 Thread 0x000000005679c800 Uncommon trap: reason=unreached action=reinterpret pc=0x000000000278795c method=com.android.dx.util.LabeledList.set(ILcom/android/dx/util/LabeledItem;)V @ 16
Event: 9.197 Thread 0x00000000003fe800 Uncommon trap: reason=unloaded action=reinterpret pc=0x000000000282bde0 method=com.android.dx.cf.cst.ConstantPoolParser.parse0(ILjava/util/BitSet;)Lcom/android/dx/rop/cst/Constant; @ 198
Event: 9.388 Thread 0x0000000056799000 Uncommon trap: reason=uninitialized action=reinterpret pc=0x00000000027d6598 method=com.android.dx.cf.code.BytecodeArray.parseInstruction(ILcom/android/dx/cf/code/BytecodeArray$Visitor;)I @ 999
Event: 9.420 Thread 0x000000005679c800 Uncommon trap: reason=bimorphic action=maybe_recompile pc=0x00000000024f6bd0 method=java.util.HashMap.getNode(ILjava/lang/Object;)Ljava/util/HashMap$Node; @ 126
Event: 9.427 Thread 0x000000005679a000 Uncommon trap: reason=bimorphic action=maybe_recompile pc=0x00000000024f6bd0 method=java.util.HashMap.getNode(ILjava/lang/Object;)Ljava/util/HashMap$Node; @ 126
Event: 9.742 Thread 0x000000005679c800 Uncommon trap: reason=null_check action=make_not_entrant pc=0x00000000027cb490 method=com.android.dx.rop.type.Type.equals(Ljava/lang/Object;)Z @ 8
Event: 10.658 Thread 0x0000000056799000 Uncommon trap: reason=bimorphic action=maybe_recompile pc=0x000000000284170c method=com.android.dx.ssa.LiteralOpUpgrader.tryReplacingWithConstant(Lcom/android/dx/ssa/NormalSsaInsn;)Z @ 52

Internal exceptions (10 events):
Event: 4.355 Thread 0x00000000003fe800 Exception <a 'java/security/PrivilegedActionException'> (0x00000000eb715070) thrown at [D:\re\workspace\8-2-build-windows-amd64-cygwin\jdk8u20\1074\hotspot\src\share\vm\prims\jvm.cpp, line 1275]
Event: 4.376 Thread 0x000000005679a000 Exception <a 'java/security/PrivilegedActionException'> (0x00000000eb7558c8) thrown at [D:\re\workspace\8-2-build-windows-amd64-cygwin\jdk8u20\1074\hotspot\src\share\vm\prims\jvm.cpp, line 1275]
Event: 4.426 Thread 0x00000000003fe800 Exception <a 'java/security/PrivilegedActionException'> (0x00000000eb719c30) thrown at [D:\re\workspace\8-2-build-windows-amd64-cygwin\jdk8u20\1074\hotspot\src\share\vm\prims\jvm.cpp, line 1275]
Event: 4.875 Thread 0x00000000003fe800 Exception <a 'java/security/PrivilegedActionException'> (0x00000000eb8e3318) thrown at [D:\re\workspace\8-2-build-windows-amd64-cygwin\jdk8u20\1074\hotspot\src\share\vm\prims\jvm.cpp, line 1275]
Event: 4.876 Thread 0x00000000003fe800 Exception <a 'java/security/PrivilegedActionException'> (0x00000000eb8e5b18) thrown at [D:\re\workspace\8-2-build-windows-amd64-cygwin\jdk8u20\1074\hotspot\src\share\vm\prims\jvm.cpp, line 1275]
Event: 6.523 Thread 0x00000000567f8000 Exception <a 'java/security/PrivilegedActionException'> (0x00000000eae6c9d0) thrown at [D:\re\workspace\8-2-build-windows-amd64-cygwin\jdk8u20\1074\hotspot\src\share\vm\prims\jvm.cpp, line 1275]
Event: 6.656 Thread 0x00000000003fe800 Exception <a 'java/security/PrivilegedActionException'> (0x00000000eb0f5ce0) thrown at [D:\re\workspace\8-2-build-windows-amd64-cygwin\jdk8u20\1074\hotspot\src\share\vm\prims\jvm.cpp, line 1275]
Event: 7.184 Thread 0x000000005679c800 Exception <a 'java/security/PrivilegedActionException'> (0x00000000eb4d7018) thrown at [D:\re\workspace\8-2-build-windows-amd64-cygwin\jdk8u20\1074\hotspot\src\share\vm\prims\jvm.cpp, line 1275]
Event: 7.233 Thread 0x000000005679c800 Exception <a 'java/security/PrivilegedActionException'> (0x00000000eb513100) thrown at [D:\re\workspace\8-2-build-windows-amd64-cygwin\jdk8u20\1074\hotspot\src\share\vm\prims\jvm.cpp, line 1275]
Event: 9.742 Thread 0x000000005679c800 Implicit null exception at 0x00000000027cb392 to 0x00000000027cb482

Events (10 events):
Event: 9.420 Thread 0x000000005679c800 DEOPT UNPACKING pc=0x000000000233556a sp=0x000000005718e598 mode 2
Event: 9.427 Thread 0x000000005679a000 Uncommon trap: trap_request=0xffffffc6 fr.pc=0x00000000024f6bd0
Event: 9.427 Thread 0x000000005679a000 DEOPT PACKING pc=0x00000000024f6bd0 sp=0x00000000572deb90
Event: 9.427 Thread 0x000000005679a000 DEOPT UNPACKING pc=0x000000000233556a sp=0x00000000572deaa8 mode 2
Event: 9.742 Thread 0x000000005679c800 Uncommon trap: trap_request=0xfffffff4 fr.pc=0x00000000027cb490
Event: 9.742 Thread 0x000000005679c800 DEOPT PACKING pc=0x00000000027cb490 sp=0x000000005718e300
Event: 9.742 Thread 0x000000005679c800 DEOPT UNPACKING pc=0x000000000233556a sp=0x000000005718e288 mode 2
Event: 10.658 Thread 0x0000000056799000 Uncommon trap: trap_request=0xffffffc6 fr.pc=0x000000000284170c
Event: 10.658 Thread 0x0000000056799000 DEOPT PACKING pc=0x000000000284170c sp=0x000000005645ea20
Event: 10.658 Thread 0x0000000056799000 DEOPT UNPACKING pc=0x000000000233556a sp=0x000000005645e8f8 mode 2


Dynamic libraries:
0x000000013f900000 - 0x000000013f934000 	C:\Program Files\Java\jdk1.8.0_20\bin\java.exe
0x00000000772e0000 - 0x000000007748a000 	C:\Windows\SYSTEM32\ntdll.dll
0x00000000771c0000 - 0x00000000772df000 	C:\Windows\system32\kernel32.dll
0x000007fefd370000 - 0x000007fefd3da000 	C:\Windows\system32\KERNELBASE.dll
0x000007fefd420000 - 0x000007fefd4fb000 	C:\Windows\system32\ADVAPI32.dll
0x000007fefd8a0000 - 0x000007fefd93f000 	C:\Windows\system32\msvcrt.dll
0x000007fefdd60000 - 0x000007fefdd7f000 	C:\Windows\SYSTEM32\sechost.dll
0x000007feff4c0000 - 0x000007feff5ed000 	C:\Windows\system32\RPCRT4.dll
0x00000000770c0000 - 0x00000000771ba000 	C:\Windows\system32\USER32.dll
0x000007fefe010000 - 0x000007fefe077000 	C:\Windows\system32\GDI32.dll
0x000007feff490000 - 0x000007feff49e000 	C:\Windows\system32\LPK.dll
0x000007fefdc90000 - 0x000007fefdd5a000 	C:\Windows\system32\USP10.dll
0x000007fefbfe0000 - 0x000007fefc1d4000 	C:\Windows\WinSxS\amd64_microsoft.windows.common-controls_6595b64144ccf1df_6.0.7601.18837_none_fa3b1e3d17594757\COMCTL32.dll
0x000007fefdc10000 - 0x000007fefdc81000 	C:\Windows\system32\SHLWAPI.dll
0x000007feff460000 - 0x000007feff48e000 	C:\Windows\system32\IMM32.DLL
0x000007fefe320000 - 0x000007fefe429000 	C:\Windows\system32\MSCTF.dll
0x000000006d2b0000 - 0x000000006d382000 	C:\Program Files\Java\jdk1.8.0_20\jre\bin\msvcr100.dll
0x000000006ca50000 - 0x000000006d2a8000 	C:\Program Files\Java\jdk1.8.0_20\jre\bin\server\jvm.dll
0x000007fefbfc0000 - 0x000007fefbfc9000 	C:\Windows\system32\WSOCK32.dll
0x000007fefe670000 - 0x000007fefe6bd000 	C:\Windows\system32\WS2_32.dll
0x000007feff450000 - 0x000007feff458000 	C:\Windows\system32\NSI.dll
0x000007fefad90000 - 0x000007fefadcb000 	C:\Windows\system32\WINMM.dll
0x00000000774b0000 - 0x00000000774b7000 	C:\Windows\system32\PSAPI.DLL
0x00000000707a0000 - 0x00000000707af000 	C:\Program Files\Java\jdk1.8.0_20\jre\bin\verify.dll
0x000000006dbe0000 - 0x000000006dc08000 	C:\Program Files\Java\jdk1.8.0_20\jre\bin\java.dll
0x000000006c9f0000 - 0x000000006ca06000 	C:\Program Files\Java\jdk1.8.0_20\jre\bin\zip.dll
0x000007fefe6c0000 - 0x000007feff44a000 	C:\Windows\system32\SHELL32.dll
0x000007fefd690000 - 0x000007fefd893000 	C:\Windows\system32\ole32.dll
0x000007fefd070000 - 0x000007fefd07f000 	C:\Windows\system32\profapi.dll
0x0000000066b30000 - 0x0000000066b4a000 	C:\Program Files\Java\jdk1.8.0_20\jre\bin\net.dll
0x000007fefc840000 - 0x000007fefc895000 	C:\Windows\system32\mswsock.dll
0x000007fefc830000 - 0x000007fefc837000 	C:\Windows\System32\wship6.dll
0x000007fef9500000 - 0x000007fef9527000 	C:\Windows\system32\IPHLPAPI.DLL
0x000007fef94f0000 - 0x000007fef94fb000 	C:\Windows\system32\WINNSI.DLL
0x000007fef91a0000 - 0x000007fef91b8000 	C:\Windows\system32\dhcpcsvc.DLL
0x000007fef9180000 - 0x000007fef9191000 	C:\Windows\system32\dhcpcsvc6.DLL

VM Arguments:
jvm_args: -Djava.awt.headless=true -Xmx1024M -Dfile.encoding=windows-1252 -Duser.country=US -Duser.language=en -Duser.variant 
java_command: com.android.dx.command.Main --dex --num-threads=4 --output C:\Users\Martin\AndroidStudioProjects\SystemEngineeringGSM\app\build\intermediates\pre-dexed\debug\com.google.android.gms-play-services-auth-8.4.0_3ad21a1947527f33726ab7e12003b8a3e341f5b0.jar C:\Users\Martin\AndroidStudioProjects\SystemEngineeringGSM\app\build\intermediates\exploded-aar\com.google.android.gms\play-services-auth\8.4.0\jars\classes.jar
java_class_path (initial): C:\Users\Martin\AppData\Local\Android\sdk\build-tools\23.0.2\lib\dx.jar
Launcher Type: SUN_STANDARD

Environment Variables:
PATH=C:\ProgramData\Oracle\Java\javapath;C:\Program Files\Common Files\Microsoft Shared\Windows Live;C:\Program Files (x86)\Common Files\Microsoft Shared\Windows Live;C:\Program Files (x86)\Intel\iCLS Client\;C:\Program Files\Intel\iCLS Client\;C:\Program Files\Dell\DW WLAN Card;C:\Windows\system32;C:\Windows;C:\Windows\System32\Wbem;C:\Windows\System32\WindowsPowerShell\v1.0\;C:\Program Files\WIDCOMM\Bluetooth Software\;C:\Program Files\WIDCOMM\Bluetooth Software\syswow64;C:\Program Files\Dell\Dell Data Protection\Access\Advanced\Wave\Gemalto\Access Client\v5\;C:\Program Files (x86)\Security Innovation\SI TSS\bin\;C:\Program Files (x86)\Windows Live\Shared;C:\Program Files (x86)\MySQL\MySQL Utilities 1.3.4\;C:\Program Files\Microsoft SQL Server\110\Tools\Binn\;C:\Program Files\nodejs\;C:\Program Files (x86)\Git\cmd;C:\Program Files\MATLAB\runtime\win64;C:\Program Files\MATLAB\bin;C:\Program Files (x86)\QuickTime\QTSystem\;C:\Program Files (x86)\GtkSharp\2.12\bin;C:\Program Files (x86)\Skype\Phone\;C:\Program Files\Intel\Intel(R) Management Engine Components\DAL;C:\Program Files\Intel\Intel(R) Management Engine Components\IPT;C:\Program Files (x86)\Intel\Intel(R) Management Engine Components\DAL;C:\Program Files (x86)\Intel\Intel(R) Management Engine Components\IPT;C:\Users\Martin\AppData\Local\Android\sdk\platform-tools;C:\Program Files\Java\jdk1.8.0_20\bin;C:\Users\Martin\AppData\Roaming\npm
USERNAME=Martin
OS=Windows_NT
PROCESSOR_IDENTIFIER=Intel64 Family 6 Model 58 Stepping 9, GenuineIntel



---------------  S Y S T E M  ---------------

OS: Windows 7 , 64 bit Build 7601 Service Pack 1

CPU:total 4 (2 cores per cpu, 2 threads per core) family 6 model 58 stepping 9, cmov, cx8, fxsr, mmx, sse, sse2, sse3, ssse3, sse4.1, sse4.2, popcnt, avx, aes, clmul, erms, ht, tsc, tscinvbit, tscinv

Memory: 4k page, physical 4077532k(194352k free), swap 7325248k(5124k free)

vm_info: Java HotSpot(TM) 64-Bit Server VM (25.20-b23) for windows-amd64 JRE (1.8.0_20-b26), built on Jul 30 2014 13:51:23 by "java_re" with MS VC++ 10.0 (VS2010)

time: Wed Apr 13 10:30:37 2016
elapsed time: 16 seconds (0d 0h 0m 16s)

