#
# There is insufficient memory for the Java Runtime Environment to continue.
# Native memory allocation (malloc) failed to allocate 1484176 bytes for Chunk::new
# Possible reasons:
#   The system is out of physical RAM or swap space
#   In 32 bit mode, the process size limit was hit
# Possible solutions:
#   Reduce memory load on the system
#   Increase physical memory or swap space
#   Check if swap backing store is full
#   Use 64 bit Java on a 64 bit OS
#   Decrease Java heap size (-Xmx/-Xms)
#   Decrease number of Java threads
#   Decrease Java thread stack sizes (-Xss)
#   Set larger code cache with -XX:ReservedCodeCacheSize=
# This output file may be truncated or incomplete.
#
#  Out of Memory Error (allocation.cpp:390), pid=6956, tid=8732
#
# JRE version: Java(TM) SE Runtime Environment (8.0_20-b26) (build 1.8.0_20-b26)
# Java VM: Java HotSpot(TM) 64-Bit Server VM (25.20-b23 mixed mode windows-amd64 compressed oops)
# Failed to write core dump. Minidumps are not enabled by default on client versions of Windows
#

---------------  T H R E A D  ---------------

Current thread (0x0000000054d92000):  JavaThread "C2 CompilerThread0" daemon [_thread_in_native, id=8732, stack(0x0000000056590000,0x0000000056690000)]

Stack: [0x0000000056590000,0x0000000056690000]
Native frames: (J=compiled Java code, j=interpreted, Vv=VM code, C=native code)
V  [jvm.dll+0x3152fa]


Current CompileTask:
C2:   9331 1650       4       com.android.dx.rop.code.Rops::ropFor (771 bytes)


---------------  P R O C E S S  ---------------

Java Threads: ( => current thread )
  0x000000005693c800 JavaThread "pool-1-thread-4" [_thread_in_Java, id=8528, stack(0x0000000056db0000,0x0000000056eb0000)]
  0x000000005693a000 JavaThread "pool-1-thread-3" [_thread_blocked, id=1100, stack(0x00000000574f0000,0x00000000575f0000)]
  0x0000000056931000 JavaThread "pool-1-thread-2" [_thread_blocked, id=8948, stack(0x0000000057360000,0x0000000057460000)]
  0x0000000056947800 JavaThread "pool-2-thread-1" [_thread_blocked, id=7612, stack(0x0000000057210000,0x0000000057310000)]
  0x000000005694a000 JavaThread "pool-1-thread-1" [_thread_blocked, id=7292, stack(0x00000000570f0000,0x00000000571f0000)]
  0x00000000566f4800 JavaThread "Service Thread" daemon [_thread_blocked, id=1060, stack(0x0000000055b80000,0x0000000055c80000)]
  0x00000000566e0000 JavaThread "C1 CompilerThread2" daemon [_thread_blocked, id=8656, stack(0x0000000056cb0000,0x0000000056db0000)]
  0x00000000566d6000 JavaThread "C2 CompilerThread1" daemon [_thread_blocked, id=7108, stack(0x0000000056b40000,0x0000000056c40000)]
=>0x0000000054d92000 JavaThread "C2 CompilerThread0" daemon [_thread_in_native, id=8732, stack(0x0000000056590000,0x0000000056690000)]
  0x0000000054d8e800 JavaThread "Attach Listener" daemon [_thread_blocked, id=7452, stack(0x0000000056320000,0x0000000056420000)]
  0x0000000054d9d000 JavaThread "Signal Dispatcher" daemon [_thread_blocked, id=8292, stack(0x0000000056220000,0x0000000056320000)]
  0x0000000054d34800 JavaThread "Finalizer" daemon [_thread_blocked, id=6184, stack(0x0000000056070000,0x0000000056170000)]
  0x0000000054d2c000 JavaThread "Reference Handler" daemon [_thread_blocked, id=8316, stack(0x0000000055eb0000,0x0000000055fb0000)]
  0x0000000001dae800 JavaThread "main" [_thread_blocked, id=8640, stack(0x0000000002020000,0x0000000002120000)]

Other Threads:
  0x0000000054d26800 VMThread [stack: 0x0000000055ce0000,0x0000000055de0000] [id=4460]
  0x00000000566f8000 WatcherThread [stack: 0x0000000056f10000,0x0000000057010000] [id=8552]

VM state:not at safepoint (normal execution)

VM Mutex/Monitor currently owned by a thread: None

Heap:
 PSYoungGen      total 35328K, used 25673K [0x00000000eab00000, 0x00000000ed000000, 0x0000000100000000)
  eden space 32768K, 70% used [0x00000000eab00000,0x00000000ec1949c0,0x00000000ecb00000)
  from space 2560K, 99% used [0x00000000ecd80000,0x00000000ecffdc98,0x00000000ed000000)
  to   space 2560K, 0% used [0x00000000ecb00000,0x00000000ecb00000,0x00000000ecd80000)
 ParOldGen       total 44032K, used 3201K [0x00000000c0000000, 0x00000000c2b00000, 0x00000000eab00000)
  object space 44032K, 7% used [0x00000000c0000000,0x00000000c0320678,0x00000000c2b00000)
 Metaspace       used 6120K, capacity 7088K, committed 7296K, reserved 1056768K
  class space    used 589K, capacity 616K, committed 640K, reserved 1048576K

Card table byte_map: [0x00000000117b0000,0x00000000119c0000] byte_map_base: 0x00000000111b0000

Marking Bits: (ParMarkBitMap*) 0x000000006dbab460
 Begin Bits: [0x00000000121a0000, 0x00000000131a0000)
 End Bits:   [0x00000000131a0000, 0x00000000141a0000)

Polling page: 0x0000000000210000

CodeCache: size=245760Kb used=6747Kb max_used=6759Kb free=239012Kb
 bounds [0x00000000023f0000, 0x0000000002a90000, 0x00000000113f0000]
 total_blobs=1908 nmethods=1644 adapters=178
 compilation: enabled

Compilation events (10 events):
Event: 9.192 Thread 0x00000000566e0000 1651       3       com.android.dx.rop.code.ThrowingInsn::withNewRegisters (21 bytes)
Event: 9.192 Thread 0x00000000566e0000 nmethod 1651 0x0000000002a75750 code [0x0000000002a758c0, 0x0000000002a75bc8]
Event: 9.192 Thread 0x00000000566e0000 1647       1       com.android.dx.rop.code.ThrowingInsn::getCatches (5 bytes)
Event: 9.192 Thread 0x00000000566e0000 nmethod 1647 0x0000000002a85a50 code [0x0000000002a85ba0, 0x0000000002a85cb0]
Event: 9.193 Thread 0x00000000566d6000 1652       4       com.android.dx.ssa.BasicRegisterMapper::addMapping (68 bytes)
Event: 9.198 Thread 0x00000000566e0000 1654       3       com.android.dx.dex.cf.CfTranslator::translate0 (259 bytes)
Event: 9.202 Thread 0x00000000566e0000 nmethod 1654 0x0000000002a88d90 code [0x0000000002a89220, 0x0000000002a8c0a8]
Event: 9.202 Thread 0x00000000566d6000 nmethod 1652 0x0000000002a8df10 code [0x0000000002a8e060, 0x0000000002a8e4d8]
Event: 9.203 Thread 0x00000000566d6000 1653       4       com.android.dx.ssa.back.FirstFitLocalCombiningAllocator::getParameterIndexForReg (55 bytes)
Event: 9.207 Thread 0x00000000566d6000 nmethod 1653 0x0000000002a8e8d0 code [0x0000000002a8ea40, 0x0000000002a8ed28]

GC Heap History (4 events):
Event: 1.300 GC heap before
{Heap before GC invocations=1 (full 0):
 PSYoungGen      total 18944K, used 16384K [0x00000000eab00000, 0x00000000ec000000, 0x0000000100000000)
  eden space 16384K, 100% used [0x00000000eab00000,0x00000000ebb00000,0x00000000ebb00000)
  from space 2560K, 0% used [0x00000000ebd80000,0x00000000ebd80000,0x00000000ec000000)
  to   space 2560K, 0% used [0x00000000ebb00000,0x00000000ebb00000,0x00000000ebd80000)
 ParOldGen       total 44032K, used 0K [0x00000000c0000000, 0x00000000c2b00000, 0x00000000eab00000)
  object space 44032K, 0% used [0x00000000c0000000,0x00000000c0000000,0x00000000c2b00000)
 Metaspace       used 5623K, capacity 6640K, committed 6784K, reserved 1056768K
  class space    used 580K, capacity 616K, committed 640K, reserved 1048576K
Event: 1.371 GC heap after
Heap after GC invocations=1 (full 0):
 PSYoungGen      total 18944K, used 2538K [0x00000000eab00000, 0x00000000ed000000, 0x0000000100000000)
  eden space 16384K, 0% used [0x00000000eab00000,0x00000000eab00000,0x00000000ebb00000)
  from space 2560K, 99% used [0x00000000ebb00000,0x00000000ebd7aac8,0x00000000ebd80000)
  to   space 2560K, 0% used [0x00000000ecd80000,0x00000000ecd80000,0x00000000ed000000)
 ParOldGen       total 44032K, used 1602K [0x00000000c0000000, 0x00000000c2b00000, 0x00000000eab00000)
  object space 44032K, 3% used [0x00000000c0000000,0x00000000c0190988,0x00000000c2b00000)
 Metaspace       used 5623K, capacity 6640K, committed 6784K, reserved 1056768K
  class space    used 580K, capacity 616K, committed 640K, reserved 1048576K
}
Event: 2.077 GC heap before
{Heap before GC invocations=2 (full 0):
 PSYoungGen      total 18944K, used 18922K [0x00000000eab00000, 0x00000000ed000000, 0x0000000100000000)
  eden space 16384K, 100% used [0x00000000eab00000,0x00000000ebb00000,0x00000000ebb00000)
  from space 2560K, 99% used [0x00000000ebb00000,0x00000000ebd7aac8,0x00000000ebd80000)
  to   space 2560K, 0% used [0x00000000ecd80000,0x00000000ecd80000,0x00000000ed000000)
 ParOldGen       total 44032K, used 1602K [0x00000000c0000000, 0x00000000c2b00000, 0x00000000eab00000)
  object space 44032K, 3% used [0x00000000c0000000,0x00000000c0190988,0x00000000c2b00000)
 Metaspace       used 5863K, capacity 6832K, committed 7040K, reserved 1056768K
  class space    used 586K, capacity 616K, committed 640K, reserved 1048576K
Event: 2.152 GC heap after
Heap after GC invocations=2 (full 0):
 PSYoungGen      total 35328K, used 2551K [0x00000000eab00000, 0x00000000ed000000, 0x0000000100000000)
  eden space 32768K, 0% used [0x00000000eab00000,0x00000000eab00000,0x00000000ecb00000)
  from space 2560K, 99% used [0x00000000ecd80000,0x00000000ecffdc98,0x00000000ed000000)
  to   space 2560K, 0% used [0x00000000ecb00000,0x00000000ecb00000,0x00000000ecd80000)
 ParOldGen       total 44032K, used 3201K [0x00000000c0000000, 0x00000000c2b00000, 0x00000000eab00000)
  object space 44032K, 7% used [0x00000000c0000000,0x00000000c0320678,0x00000000c2b00000)
 Metaspace       used 5863K, capacity 6832K, committed 7040K, reserved 1056768K
  class space    used 586K, capacity 616K, committed 640K, reserved 1048576K
}

Deoptimization events (10 events):
Event: 7.210 Thread 0x000000005694a000 Uncommon trap: reason=bimorphic action=maybe_recompile pc=0x00000000028be06c method=com.android.dx.cf.code.BytecodeArray.parseInstruction(ILcom/android/dx/cf/code/BytecodeArray$Visitor;)I @ 907
Event: 7.211 Thread 0x000000005694a000 Uncommon trap: reason=bimorphic action=maybe_recompile pc=0x00000000028be06c method=com.android.dx.cf.code.BytecodeArray.parseInstruction(ILcom/android/dx/cf/code/BytecodeArray$Visitor;)I @ 907
Event: 8.041 Thread 0x000000005693c800 Uncommon trap: reason=class_check action=maybe_recompile pc=0x00000000029a9784 method=com.android.dx.cf.code.RopperMachine.run(Lcom/android/dx/cf/code/Frame;II)V @ 988
Event: 8.042 Thread 0x000000005693c800 Uncommon trap: reason=class_check action=maybe_recompile pc=0x00000000029a9784 method=com.android.dx.cf.code.RopperMachine.run(Lcom/android/dx/cf/code/Frame;II)V @ 988
Event: 8.042 Thread 0x000000005693c800 Uncommon trap: reason=class_check action=maybe_recompile pc=0x00000000029a9784 method=com.android.dx.cf.code.RopperMachine.run(Lcom/android/dx/cf/code/Frame;II)V @ 988
Event: 8.055 Thread 0x000000005693c800 Uncommon trap: reason=class_check action=maybe_recompile pc=0x00000000029a9784 method=com.android.dx.cf.code.RopperMachine.run(Lcom/android/dx/cf/code/Frame;II)V @ 988
Event: 8.853 Thread 0x000000005693c800 Uncommon trap: reason=null_check action=make_not_entrant pc=0x0000000002775e10 method=com.android.dx.rop.type.Type.equals(Ljava/lang/Object;)Z @ 8
Event: 8.854 Thread 0x000000005693c800 Uncommon trap: reason=bimorphic action=maybe_recompile pc=0x00000000029790dc method=com.android.dx.ssa.LiteralOpUpgrader.tryReplacingWithConstant(Lcom/android/dx/ssa/NormalSsaInsn;)Z @ 52
Event: 8.855 Thread 0x000000005693c800 Uncommon trap: reason=unreached action=reinterpret pc=0x000000000296f18c method=com.android.dx.dex.code.RopToDop.dopFor(Lcom/android/dx/rop/code/Insn;)Lcom/android/dx/dex/code/Dop; @ 747
Event: 8.867 Thread 0x000000005693c800 Uncommon trap: reason=bimorphic action=maybe_recompile pc=0x00000000029790dc method=com.android.dx.ssa.LiteralOpUpgrader.tryReplacingWithConstant(Lcom/android/dx/ssa/NormalSsaInsn;)Z @ 52

Internal exceptions (10 events):
Event: 1.614 Thread 0x0000000001dae800 Exception <a 'java/security/PrivilegedActionException'> (0x00000000eadf17e8) thrown at [D:\re\workspace\8-2-build-windows-amd64-cygwin\jdk8u20\1074\hotspot\src\share\vm\prims\jvm.cpp, line 1275]
Event: 1.615 Thread 0x0000000001dae800 Exception <a 'java/security/PrivilegedActionException'> (0x00000000eadf3da8) thrown at [D:\re\workspace\8-2-build-windows-amd64-cygwin\jdk8u20\1074\hotspot\src\share\vm\prims\jvm.cpp, line 1275]
Event: 1.615 Thread 0x0000000001dae800 Exception <a 'java/security/PrivilegedActionException'> (0x00000000eadfc510) thrown at [D:\re\workspace\8-2-build-windows-amd64-cygwin\jdk8u20\1074\hotspot\src\share\vm\prims\jvm.cpp, line 1275]
Event: 1.906 Thread 0x0000000056931000 Exception <a 'java/security/PrivilegedActionException'> (0x00000000eb7d83f0) thrown at [D:\re\workspace\8-2-build-windows-amd64-cygwin\jdk8u20\1074\hotspot\src\share\vm\prims\jvm.cpp, line 1275]
Event: 2.246 Thread 0x0000000001dae800 Exception <a 'java/security/PrivilegedActionException'> (0x00000000eab540e0) thrown at [D:\re\workspace\8-2-build-windows-amd64-cygwin\jdk8u20\1074\hotspot\src\share\vm\prims\jvm.cpp, line 1275]
Event: 2.247 Thread 0x0000000001dae800 Exception <a 'java/security/PrivilegedActionException'> (0x00000000eab567b8) thrown at [D:\re\workspace\8-2-build-windows-amd64-cygwin\jdk8u20\1074\hotspot\src\share\vm\prims\jvm.cpp, line 1275]
Event: 2.330 Thread 0x0000000001dae800 Exception <a 'java/security/PrivilegedActionException'> (0x00000000eab606e0) thrown at [D:\re\workspace\8-2-build-windows-amd64-cygwin\jdk8u20\1074\hotspot\src\share\vm\prims\jvm.cpp, line 1275]
Event: 4.079 Thread 0x0000000001dae800 Exception <a 'java/security/PrivilegedActionException'> (0x00000000eaf5f208) thrown at [D:\re\workspace\8-2-build-windows-amd64-cygwin\jdk8u20\1074\hotspot\src\share\vm\prims\jvm.cpp, line 1275]
Event: 7.210 Thread 0x000000005694a000 Exception <a 'java/security/PrivilegedActionException'> (0x00000000eb9861d8) thrown at [D:\re\workspace\8-2-build-windows-amd64-cygwin\jdk8u20\1074\hotspot\src\share\vm\prims\jvm.cpp, line 1275]
Event: 8.853 Thread 0x000000005693c800 Implicit null exception at 0x0000000002775d12 to 0x0000000002775e02

Events (10 events):
Event: 8.853 Thread 0x000000005693c800 DEOPT UNPACKING pc=0x000000000243556a sp=0x0000000056eae0e8 mode 2
Event: 8.854 Thread 0x000000005693c800 Uncommon trap: trap_request=0xffffffc6 fr.pc=0x00000000029790dc
Event: 8.854 Thread 0x000000005693c800 DEOPT PACKING pc=0x00000000029790dc sp=0x0000000056eae5b0
Event: 8.854 Thread 0x000000005693c800 DEOPT UNPACKING pc=0x000000000243556a sp=0x0000000056eae488 mode 2
Event: 8.855 Thread 0x000000005693c800 Uncommon trap: trap_request=0xffffffad fr.pc=0x000000000296f18c
Event: 8.855 Thread 0x000000005693c800 DEOPT PACKING pc=0x000000000296f18c sp=0x0000000056eae400
Event: 8.855 Thread 0x000000005693c800 DEOPT UNPACKING pc=0x000000000243556a sp=0x0000000056eae3a0 mode 2
Event: 8.867 Thread 0x000000005693c800 Uncommon trap: trap_request=0xffffffc6 fr.pc=0x00000000029790dc
Event: 8.867 Thread 0x000000005693c800 DEOPT PACKING pc=0x00000000029790dc sp=0x0000000056eae5b0
Event: 8.867 Thread 0x000000005693c800 DEOPT UNPACKING pc=0x000000000243556a sp=0x0000000056eae488 mode 2


Dynamic libraries:
0x000000013f460000 - 0x000000013f494000 	C:\Program Files\Java\jdk1.8.0_20\bin\java.exe
0x0000000077740000 - 0x00000000778ea000 	C:\Windows\SYSTEM32\ntdll.dll
0x0000000077620000 - 0x000000007773f000 	C:\Windows\system32\kernel32.dll
0x000007fefd800000 - 0x000007fefd86a000 	C:\Windows\system32\KERNELBASE.dll
0x000007feff060000 - 0x000007feff13b000 	C:\Windows\system32\ADVAPI32.dll
0x000007feff160000 - 0x000007feff1ff000 	C:\Windows\system32\msvcrt.dll
0x000007feff7e0000 - 0x000007feff7ff000 	C:\Windows\SYSTEM32\sechost.dll
0x000007fefdb30000 - 0x000007fefdc5d000 	C:\Windows\system32\RPCRT4.dll
0x0000000077520000 - 0x000000007761a000 	C:\Windows\system32\USER32.dll
0x000007feff740000 - 0x000007feff7a7000 	C:\Windows\system32\GDI32.dll
0x000007feff8d0000 - 0x000007feff8de000 	C:\Windows\system32\LPK.dll
0x000007feff800000 - 0x000007feff8ca000 	C:\Windows\system32\USP10.dll
0x000007fefc320000 - 0x000007fefc514000 	C:\Windows\WinSxS\amd64_microsoft.windows.common-controls_6595b64144ccf1df_6.0.7601.18837_none_fa3b1e3d17594757\COMCTL32.dll
0x000007fefe9f0000 - 0x000007fefea61000 	C:\Windows\system32\SHLWAPI.dll
0x000007feff7b0000 - 0x000007feff7de000 	C:\Windows\system32\IMM32.DLL
0x000007feff940000 - 0x000007feffa49000 	C:\Windows\system32\MSCTF.dll
0x000000006de20000 - 0x000000006def2000 	C:\Program Files\Java\jdk1.8.0_20\jre\bin\msvcr100.dll
0x000000006d3d0000 - 0x000000006dc28000 	C:\Program Files\Java\jdk1.8.0_20\jre\bin\server\jvm.dll
0x000007fefc8b0000 - 0x000007fefc8b9000 	C:\Windows\system32\WSOCK32.dll
0x000007feff8f0000 - 0x000007feff93d000 	C:\Windows\system32\WS2_32.dll
0x000007feff8e0000 - 0x000007feff8e8000 	C:\Windows\system32\NSI.dll
0x000007fefb370000 - 0x000007fefb3ab000 	C:\Windows\system32\WINMM.dll
0x0000000077910000 - 0x0000000077917000 	C:\Windows\system32\PSAPI.DLL
0x0000000072a60000 - 0x0000000072a6f000 	C:\Program Files\Java\jdk1.8.0_20\jre\bin\verify.dll
0x000000006d3a0000 - 0x000000006d3c8000 	C:\Program Files\Java\jdk1.8.0_20\jre\bin\java.dll
0x000000006d210000 - 0x000000006d226000 	C:\Program Files\Java\jdk1.8.0_20\jre\bin\zip.dll
0x000007fefdc60000 - 0x000007fefe9ea000 	C:\Windows\system32\SHELL32.dll
0x000007fefd920000 - 0x000007fefdb23000 	C:\Windows\system32\ole32.dll
0x000007fefd4c0000 - 0x000007fefd4cf000 	C:\Windows\system32\profapi.dll

VM Arguments:
jvm_args: -Djava.awt.headless=true -Xmx1024M -Dfile.encoding=windows-1252 -Duser.country=US -Duser.language=en -Duser.variant 
java_command: com.android.dx.command.Main --dex --num-threads=4 --output C:\Users\Martin\AndroidStudioProjects\SystemEngineeringGSM\app\build\intermediates\pre-dexed\debug\com.google.android.gms-play-services-wallet-8.4.0_1e1456ae2035107197f241b7fc1875ace1d47a5c.jar C:\Users\Martin\AndroidStudioProjects\SystemEngineeringGSM\app\build\intermediates\exploded-aar\com.google.android.gms\play-services-wallet\8.4.0\jars\classes.jar
java_class_path (initial): C:\Users\Martin\AppData\Local\Android\sdk\build-tools\23.0.2\lib\dx.jar
Launcher Type: SUN_STANDARD

Environment Variables:
PATH=C:\ProgramData\Oracle\Java\javapath;C:\Program Files\Common Files\Microsoft Shared\Windows Live;C:\Program Files (x86)\Common Files\Microsoft Shared\Windows Live;C:\Program Files (x86)\Intel\iCLS Client\;C:\Program Files\Intel\iCLS Client\;C:\Program Files\Dell\DW WLAN Card;C:\Windows\system32;C:\Windows;C:\Windows\System32\Wbem;C:\Windows\System32\WindowsPowerShell\v1.0\;C:\Program Files\WIDCOMM\Bluetooth Software\;C:\Program Files\WIDCOMM\Bluetooth Software\syswow64;C:\Program Files\Dell\Dell Data Protection\Access\Advanced\Wave\Gemalto\Access Client\v5\;C:\Program Files (x86)\Security Innovation\SI TSS\bin\;C:\Program Files (x86)\Windows Live\Shared;C:\Program Files (x86)\MySQL\MySQL Utilities 1.3.4\;C:\Program Files\Microsoft SQL Server\110\Tools\Binn\;C:\Program Files\nodejs\;C:\Program Files (x86)\Git\cmd;C:\Program Files\MATLAB\runtime\win64;C:\Program Files\MATLAB\bin;C:\Program Files (x86)\QuickTime\QTSystem\;C:\Program Files (x86)\GtkSharp\2.12\bin;C:\Program Files (x86)\Skype\Phone\;C:\Program Files\Intel\Intel(R) Management Engine Components\DAL;C:\Program Files\Intel\Intel(R) Management Engine Components\IPT;C:\Program Files (x86)\Intel\Intel(R) Management Engine Components\DAL;C:\Program Files (x86)\Intel\Intel(R) Management Engine Components\IPT;C:\Users\Martin\AppData\Local\Android\sdk\platform-tools;C:\Program Files\Java\jdk1.8.0_20\bin;C:\Users\Martin\AppData\Roaming\npm
USERNAME=Martin
OS=Windows_NT
PROCESSOR_IDENTIFIER=Intel64 Family 6 Model 58 Stepping 9, GenuineIntel



---------------  S Y S T E M  ---------------

OS: Windows 7 , 64 bit Build 7601 Service Pack 1

CPU:total 4 (2 cores per cpu, 2 threads per core) family 6 model 58 stepping 9, cmov, cx8, fxsr, mmx, sse, sse2, sse3, ssse3, sse4.1, sse4.2, popcnt, avx, aes, clmul, erms, ht, tsc, tscinvbit, tscinv

Memory: 4k page, physical 4077532k(132396k free), swap 6172824k(5164k free)

vm_info: Java HotSpot(TM) 64-Bit Server VM (25.20-b23) for windows-amd64 JRE (1.8.0_20-b26), built on Jul 30 2014 13:51:23 by "java_re" with MS VC++ 10.0 (VS2010)

time: Thu May 26 10:32:36 2016
elapsed time: 9 seconds (0d 0h 0m 9s)

