#
# There is insufficient memory for the Java Runtime Environment to continue.
# Native memory allocation (malloc) failed to allocate 248176 bytes for Chunk::new
# Possible reasons:
#   The system is out of physical RAM or swap space
#   In 32 bit mode, the process size limit was hit
# Possible solutions:
#   Reduce memory load on the system
#   Increase physical memory or swap space
#   Check if swap backing store is full
#   Use 64 bit Java on a 64 bit OS
#   Decrease Java heap size (-Xmx/-Xms)
#   Decrease number of Java threads
#   Decrease Java thread stack sizes (-Xss)
#   Set larger code cache with -XX:ReservedCodeCacheSize=
# This output file may be truncated or incomplete.
#
#  Out of Memory Error (allocation.cpp:390), pid=4720, tid=5080
#
# JRE version: Java(TM) SE Runtime Environment (8.0_20-b26) (build 1.8.0_20-b26)
# Java VM: Java HotSpot(TM) 64-Bit Server VM (25.20-b23 mixed mode windows-amd64 compressed oops)
# Failed to write core dump. Minidumps are not enabled by default on client versions of Windows
#

---------------  T H R E A D  ---------------

Current thread (0x0000000055103800):  JavaThread "C2 CompilerThread1" daemon [_thread_in_native, id=5080, stack(0x0000000056ba0000,0x0000000056ca0000)]

Stack: [0x0000000056ba0000,0x0000000056ca0000]
Native frames: (J=compiled Java code, j=interpreted, Vv=VM code, C=native code)
V  [jvm.dll+0x3152fa]


Current CompileTask:
C2:  16260 2108 %     4       sun.security.provider.SHA::implCompress @ 12 (491 bytes)


---------------  P R O C E S S  ---------------

Java Threads: ( => current thread )
  0x0000000055109000 JavaThread "Service Thread" daemon [_thread_blocked, id=5912, stack(0x00000000569f0000,0x0000000056af0000)]
  0x0000000055105000 JavaThread "C1 CompilerThread2" daemon [_thread_blocked, id=9108, stack(0x0000000056d00000,0x0000000056e00000)]
=>0x0000000055103800 JavaThread "C2 CompilerThread1" daemon [_thread_in_native, id=5080, stack(0x0000000056ba0000,0x0000000056ca0000)]
  0x0000000055101800 JavaThread "C2 CompilerThread0" daemon [_thread_blocked, id=7268, stack(0x00000000568e0000,0x00000000569e0000)]
  0x00000000550fe000 JavaThread "Attach Listener" daemon [_thread_blocked, id=4472, stack(0x00000000567b0000,0x00000000568b0000)]
  0x000000005510d000 JavaThread "Signal Dispatcher" daemon [_thread_blocked, id=5300, stack(0x00000000565e0000,0x00000000566e0000)]
  0x000000005509f000 JavaThread "Finalizer" daemon [_thread_blocked, id=4360, stack(0x0000000056430000,0x0000000056530000)]
  0x000000005509b800 JavaThread "Reference Handler" daemon [_thread_blocked, id=9188, stack(0x00000000562f0000,0x00000000563f0000)]
  0x000000000017e800 JavaThread "main" [_thread_in_vm, id=5276, stack(0x0000000002460000,0x0000000002560000)]

Other Threads:
  0x0000000055096000 VMThread [stack: 0x00000000560f0000,0x00000000561f0000] [id=1972]
  0x0000000056e2d800 WatcherThread [stack: 0x00000000572e0000,0x00000000573e0000] [id=9080]

VM state:not at safepoint (normal execution)

VM Mutex/Monitor currently owned by a thread: None

Heap:
 PSYoungGen      total 35328K, used 30247K [0x00000000eab00000, 0x00000000ed000000, 0x0000000100000000)
  eden space 32768K, 84% used [0x00000000eab00000,0x00000000ec60a610,0x00000000ecb00000)
  from space 2560K, 99% used [0x00000000ecd80000,0x00000000ecfff988,0x00000000ed000000)
  to   space 2560K, 0% used [0x00000000ecb00000,0x00000000ecb00000,0x00000000ecd80000)
 ParOldGen       total 44032K, used 5464K [0x00000000c0000000, 0x00000000c2b00000, 0x00000000eab00000)
  object space 44032K, 12% used [0x00000000c0000000,0x00000000c05561d8,0x00000000c2b00000)
 Metaspace       used 6742K, capacity 7448K, committed 7680K, reserved 1056768K
  class space    used 635K, capacity 656K, committed 768K, reserved 1048576K

Card table byte_map: [0x0000000011bf0000,0x0000000011e00000] byte_map_base: 0x00000000115f0000

Marking Bits: (ParMarkBitMap*) 0x000000007415b460
 Begin Bits: [0x0000000012510000, 0x0000000013510000)
 End Bits:   [0x0000000013510000, 0x0000000014510000)

Polling page: 0x0000000000140000

CodeCache: size=245760Kb used=8525Kb max_used=8538Kb free=237234Kb
 bounds [0x0000000002830000, 0x0000000003090000, 0x0000000011830000]
 total_blobs=2380 nmethods=2107 adapters=186
 compilation: enabled

Compilation events (10 events):
Event: 15.878 Thread 0x0000000055105000 nmethod 2106 0x0000000003087310 code [0x0000000003087500, 0x0000000003087de8]
Event: 15.879 Thread 0x0000000055103800 nmethod 2101 0x0000000003086150 code [0x0000000003086360, 0x0000000003086418]
Event: 15.879 Thread 0x0000000055103800 2095       4       java.lang.StringBuilder::<init> (7 bytes)
Event: 15.879 Thread 0x0000000055105000 2107       3       sun.security.provider.ByteArrayAccess::b2iBig64 (614 bytes)
Event: 15.879 Thread 0x0000000055103800 nmethod 2095 0x0000000003087010 code [0x0000000003087160, 0x0000000003087258]
Event: 15.880 Thread 0x0000000055103800 2105       4       java.lang.Integer::reverseBytes (26 bytes)
Event: 15.880 Thread 0x0000000055105000 nmethod 2107 0x000000000308acd0 code [0x000000000308aee0, 0x000000000308bca8]
Event: 15.880 Thread 0x0000000055103800 nmethod 2105 0x00000000030799d0 code [0x0000000003079b00, 0x0000000003079b78]
Event: 15.895 Thread 0x0000000055101800 nmethod 2094 0x000000000308ca90 code [0x000000000308cc40, 0x000000000308d408]
Event: 16.245 Thread 0x0000000055103800 2108 %     4       sun.security.provider.SHA::implCompress @ 12 (491 bytes)

GC Heap History (4 events):
Event: 1.801 GC heap before
{Heap before GC invocations=1 (full 0):
 PSYoungGen      total 18944K, used 16384K [0x00000000eab00000, 0x00000000ec000000, 0x0000000100000000)
  eden space 16384K, 100% used [0x00000000eab00000,0x00000000ebb00000,0x00000000ebb00000)
  from space 2560K, 0% used [0x00000000ebd80000,0x00000000ebd80000,0x00000000ec000000)
  to   space 2560K, 0% used [0x00000000ebb00000,0x00000000ebb00000,0x00000000ebd80000)
 ParOldGen       total 44032K, used 0K [0x00000000c0000000, 0x00000000c2b00000, 0x00000000eab00000)
  object space 44032K, 0% used [0x00000000c0000000,0x00000000c0000000,0x00000000c2b00000)
 Metaspace       used 5553K, capacity 6640K, committed 6784K, reserved 1056768K
  class space    used 578K, capacity 616K, committed 640K, reserved 1048576K
Event: 2.019 GC heap after
Heap after GC invocations=1 (full 0):
 PSYoungGen      total 18944K, used 2542K [0x00000000eab00000, 0x00000000ed000000, 0x0000000100000000)
  eden space 16384K, 0% used [0x00000000eab00000,0x00000000eab00000,0x00000000ebb00000)
  from space 2560K, 99% used [0x00000000ebb00000,0x00000000ebd7b9c0,0x00000000ebd80000)
  to   space 2560K, 0% used [0x00000000ecd80000,0x00000000ecd80000,0x00000000ed000000)
 ParOldGen       total 44032K, used 2214K [0x00000000c0000000, 0x00000000c2b00000, 0x00000000eab00000)
  object space 44032K, 5% used [0x00000000c0000000,0x00000000c0229928,0x00000000c2b00000)
 Metaspace       used 5553K, capacity 6640K, committed 6784K, reserved 1056768K
  class space    used 578K, capacity 616K, committed 640K, reserved 1048576K
}
Event: 3.657 GC heap before
{Heap before GC invocations=2 (full 0):
 PSYoungGen      total 18944K, used 18926K [0x00000000eab00000, 0x00000000ed000000, 0x0000000100000000)
  eden space 16384K, 100% used [0x00000000eab00000,0x00000000ebb00000,0x00000000ebb00000)
  from space 2560K, 99% used [0x00000000ebb00000,0x00000000ebd7b9c0,0x00000000ebd80000)
  to   space 2560K, 0% used [0x00000000ecd80000,0x00000000ecd80000,0x00000000ed000000)
 ParOldGen       total 44032K, used 2214K [0x00000000c0000000, 0x00000000c2b00000, 0x00000000eab00000)
  object space 44032K, 5% used [0x00000000c0000000,0x00000000c0229928,0x00000000c2b00000)
 Metaspace       used 5829K, capacity 6896K, committed 7040K, reserved 1056768K
  class space    used 582K, capacity 616K, committed 640K, reserved 1048576K
Event: 4.078 GC heap after
Heap after GC invocations=2 (full 0):
 PSYoungGen      total 35328K, used 2558K [0x00000000eab00000, 0x00000000ed000000, 0x0000000100000000)
  eden space 32768K, 0% used [0x00000000eab00000,0x00000000eab00000,0x00000000ecb00000)
  from space 2560K, 99% used [0x00000000ecd80000,0x00000000ecfff988,0x00000000ed000000)
  to   space 2560K, 0% used [0x00000000ecb00000,0x00000000ecb00000,0x00000000ecd80000)
 ParOldGen       total 44032K, used 5464K [0x00000000c0000000, 0x00000000c2b00000, 0x00000000eab00000)
  object space 44032K, 12% used [0x00000000c0000000,0x00000000c05561d8,0x00000000c2b00000)
 Metaspace       used 5829K, capacity 6896K, committed 7040K, reserved 1056768K
  class space    used 582K, capacity 616K, committed 640K, reserved 1048576K
}

Deoptimization events (10 events):
Event: 15.418 Thread 0x000000000017e800 Uncommon trap: reason=bimorphic action=maybe_recompile pc=0x0000000002f84098 method=java.util.HashMap.putVal(ILjava/lang/Object;Ljava/lang/Object;ZZ)Ljava/lang/Object; @ 203
Event: 15.418 Thread 0x000000000017e800 Uncommon trap: reason=bimorphic action=maybe_recompile pc=0x0000000002f84098 method=java.util.HashMap.putVal(ILjava/lang/Object;Ljava/lang/Object;ZZ)Ljava/lang/Object; @ 203
Event: 15.663 Thread 0x000000000017e800 Uncommon trap: reason=unreached action=reinterpret pc=0x0000000002fce468 method=com.android.dx.dex.code.OutputFinisher.findOpcodeForInsn(Lcom/android/dx/dex/code/DalvInsn;Lcom/android/dx/dex/code/Dop;)Lcom/android/dx/dex/code/Dop; @ 1
Event: 15.863 Thread 0x000000000017e800 Uncommon trap: reason=unreached action=reinterpret pc=0x0000000002ba74a8 method=java.util.Arrays.copyOf([Ljava/lang/Object;ILjava/lang/Class;)[Ljava/lang/Object; @ 3
Event: 15.866 Thread 0x000000000017e800 Uncommon trap: reason=speculate_class_check action=maybe_recompile pc=0x0000000002af4dc8 method=java.util.HashMap.putVal(ILjava/lang/Object;Ljava/lang/Object;ZZ)Ljava/lang/Object; @ 56
Event: 15.867 Thread 0x000000000017e800 Uncommon trap: reason=speculate_class_check action=maybe_recompile pc=0x0000000002af4e08 method=java.util.HashMap.putVal(ILjava/lang/Object;Ljava/lang/Object;ZZ)Ljava/lang/Object; @ 152
Event: 15.867 Thread 0x000000000017e800 Uncommon trap: reason=speculate_class_check action=maybe_recompile pc=0x0000000002af4dc8 method=java.util.HashMap.putVal(ILjava/lang/Object;Ljava/lang/Object;ZZ)Ljava/lang/Object; @ 56
Event: 15.867 Thread 0x000000000017e800 Uncommon trap: reason=speculate_class_check action=maybe_recompile pc=0x0000000002af4dc8 method=java.util.HashMap.putVal(ILjava/lang/Object;Ljava/lang/Object;ZZ)Ljava/lang/Object; @ 56
Event: 15.867 Thread 0x000000000017e800 Uncommon trap: reason=class_check action=maybe_recompile pc=0x0000000002f976e4 method=java.util.HashMap.putVal(ILjava/lang/Object;Ljava/lang/Object;ZZ)Ljava/lang/Object; @ 56
Event: 15.867 Thread 0x000000000017e800 Uncommon trap: reason=class_check action=maybe_recompile pc=0x0000000002f976e4 method=java.util.HashMap.putVal(ILjava/lang/Object;Ljava/lang/Object;ZZ)Ljava/lang/Object; @ 56

Internal exceptions (10 events):
Event: 15.663 Thread 0x000000000017e800 Exception <a 'java/security/PrivilegedActionException'> (0x00000000ec3445f8) thrown at [D:\re\workspace\8-2-build-windows-amd64-cygwin\jdk8u20\1074\hotspot\src\share\vm\prims\jvm.cpp, line 1275]
Event: 15.703 Thread 0x000000000017e800 Exception <a 'java/security/PrivilegedActionException'> (0x00000000ec3c89c8) thrown at [D:\re\workspace\8-2-build-windows-amd64-cygwin\jdk8u20\1074\hotspot\src\share\vm\prims\jvm.cpp, line 1275]
Event: 15.705 Thread 0x000000000017e800 Exception <a 'java/security/PrivilegedActionException'> (0x00000000ec3d0bc0) thrown at [D:\re\workspace\8-2-build-windows-amd64-cygwin\jdk8u20\1074\hotspot\src\share\vm\prims\jvm.cpp, line 1275]
Event: 15.707 Thread 0x000000000017e800 Exception <a 'java/security/PrivilegedActionException'> (0x00000000ec3dd638) thrown at [D:\re\workspace\8-2-build-windows-amd64-cygwin\jdk8u20\1074\hotspot\src\share\vm\prims\jvm.cpp, line 1275]
Event: 15.707 Thread 0x000000000017e800 Exception <a 'java/security/PrivilegedActionException'> (0x00000000ec3e0350) thrown at [D:\re\workspace\8-2-build-windows-amd64-cygwin\jdk8u20\1074\hotspot\src\share\vm\prims\jvm.cpp, line 1275]
Event: 15.722 Thread 0x000000000017e800 Exception <a 'java/security/PrivilegedActionException'> (0x00000000ec48d998) thrown at [D:\re\workspace\8-2-build-windows-amd64-cygwin\jdk8u20\1074\hotspot\src\share\vm\prims\jvm.cpp, line 1275]
Event: 15.752 Thread 0x000000000017e800 Exception <a 'java/security/PrivilegedActionException'> (0x00000000ec5300e0) thrown at [D:\re\workspace\8-2-build-windows-amd64-cygwin\jdk8u20\1074\hotspot\src\share\vm\prims\jvm.cpp, line 1275]
Event: 15.753 Thread 0x000000000017e800 Exception <a 'java/security/PrivilegedActionException'> (0x00000000ec535770) thrown at [D:\re\workspace\8-2-build-windows-amd64-cygwin\jdk8u20\1074\hotspot\src\share\vm\prims\jvm.cpp, line 1275]
Event: 15.785 Thread 0x000000000017e800 Exception <a 'java/security/PrivilegedActionException'> (0x00000000ec53b3c8) thrown at [D:\re\workspace\8-2-build-windows-amd64-cygwin\jdk8u20\1074\hotspot\src\share\vm\prims\jvm.cpp, line 1275]
Event: 15.847 Thread 0x000000000017e800 Exception <a 'java/security/PrivilegedActionException'> (0x00000000ec53e548) thrown at [D:\re\workspace\8-2-build-windows-amd64-cygwin\jdk8u20\1074\hotspot\src\share\vm\prims\jvm.cpp, line 1275]

Events (10 events):
Event: 15.874 loading class sun/security/provider/SHA
Event: 15.874 loading class sun/security/provider/DigestBase
Event: 15.874 loading class sun/security/provider/DigestBase done
Event: 15.874 loading class sun/security/provider/SHA done
Event: 15.874 loading class sun/security/jca/GetInstance$Instance
Event: 15.875 loading class sun/security/jca/GetInstance$Instance done
Event: 15.875 loading class java/security/MessageDigest$Delegate
Event: 15.875 loading class java/security/MessageDigest$Delegate done
Event: 15.875 loading class sun/security/provider/ByteArrayAccess
Event: 15.875 loading class sun/security/provider/ByteArrayAccess done


Dynamic libraries:
0x000000013f970000 - 0x000000013f9a4000 	C:\Program Files\Java\jdk1.8.0_20\bin\java.exe
0x0000000077c00000 - 0x0000000077daa000 	C:\Windows\SYSTEM32\ntdll.dll
0x00000000779e0000 - 0x0000000077aff000 	C:\Windows\system32\kernel32.dll
0x000007fefdcb0000 - 0x000007fefdd1a000 	C:\Windows\system32\KERNELBASE.dll
0x000007feff1e0000 - 0x000007feff2bb000 	C:\Windows\system32\ADVAPI32.dll
0x000007feff2f0000 - 0x000007feff38f000 	C:\Windows\system32\msvcrt.dll
0x000007fefdde0000 - 0x000007fefddff000 	C:\Windows\SYSTEM32\sechost.dll
0x000007feff810000 - 0x000007feff93d000 	C:\Windows\system32\RPCRT4.dll
0x0000000077b00000 - 0x0000000077bfa000 	C:\Windows\system32\USER32.dll
0x000007feff540000 - 0x000007feff5a7000 	C:\Windows\system32\GDI32.dll
0x000007fefeb90000 - 0x000007fefeb9e000 	C:\Windows\system32\LPK.dll
0x000007feff390000 - 0x000007feff45a000 	C:\Windows\system32\USP10.dll
0x000007fefc800000 - 0x000007fefc9f4000 	C:\Windows\WinSxS\amd64_microsoft.windows.common-controls_6595b64144ccf1df_6.0.7601.18837_none_fa3b1e3d17594757\COMCTL32.dll
0x000007feff5b0000 - 0x000007feff621000 	C:\Windows\system32\SHLWAPI.dll
0x000007feff2c0000 - 0x000007feff2ee000 	C:\Windows\system32\IMM32.DLL
0x000007feff070000 - 0x000007feff179000 	C:\Windows\system32\MSCTF.dll
0x00000000659c0000 - 0x0000000065a92000 	C:\Program Files\Java\jdk1.8.0_20\jre\bin\msvcr100.dll
0x0000000073980000 - 0x00000000741d8000 	C:\Program Files\Java\jdk1.8.0_20\jre\bin\server\jvm.dll
0x000007fefd300000 - 0x000007fefd309000 	C:\Windows\system32\WSOCK32.dll
0x000007feff9e0000 - 0x000007feffa2d000 	C:\Windows\system32\WS2_32.dll
0x000007fefed50000 - 0x000007fefed58000 	C:\Windows\system32\NSI.dll
0x000007fefb9a0000 - 0x000007fefb9db000 	C:\Windows\system32\WINMM.dll
0x0000000077dc0000 - 0x0000000077dc7000 	C:\Windows\system32\PSAPI.DLL
0x0000000074610000 - 0x000000007461f000 	C:\Program Files\Java\jdk1.8.0_20\jre\bin\verify.dll
0x00000000745e0000 - 0x0000000074608000 	C:\Program Files\Java\jdk1.8.0_20\jre\bin\java.dll
0x00000000745c0000 - 0x00000000745d6000 	C:\Program Files\Java\jdk1.8.0_20\jre\bin\zip.dll
0x000007fefde00000 - 0x000007fefeb8a000 	C:\Windows\system32\SHELL32.dll
0x000007feffa30000 - 0x000007feffc33000 	C:\Windows\system32\ole32.dll
0x000007fefd990000 - 0x000007fefd99f000 	C:\Windows\system32\profapi.dll

VM Arguments:
jvm_args: -Djava.awt.headless=true -Xmx1024M -Dfile.encoding=windows-1252 -Duser.country=US -Duser.language=en -Duser.variant 
java_command: com.android.dx.command.Main --dex --num-threads=4 --output C:\Users\Martin\AndroidStudioProjects\SystemEngineeringGSM\app\build\intermediates\pre-dexed\debug\debug_1eadc4e82313c4d44a411d3a28e3d6f768ea7497.jar C:\Users\Martin\AndroidStudioProjects\SystemEngineeringGSM\app\build\intermediates\classes\debug
java_class_path (initial): C:\Users\Martin\AppData\Local\Android\sdk\build-tools\23.0.3\lib\dx.jar
Launcher Type: SUN_STANDARD

Environment Variables:
PATH=C:\ProgramData\Oracle\Java\javapath;C:\Program Files\Common Files\Microsoft Shared\Windows Live;C:\Program Files (x86)\Common Files\Microsoft Shared\Windows Live;C:\Program Files (x86)\Intel\iCLS Client\;C:\Program Files\Intel\iCLS Client\;C:\Program Files\Dell\DW WLAN Card;C:\Windows\system32;C:\Windows;C:\Windows\System32\Wbem;C:\Windows\System32\WindowsPowerShell\v1.0\;C:\Program Files\WIDCOMM\Bluetooth Software\;C:\Program Files\WIDCOMM\Bluetooth Software\syswow64;C:\Program Files\Dell\Dell Data Protection\Access\Advanced\Wave\Gemalto\Access Client\v5\;C:\Program Files (x86)\Security Innovation\SI TSS\bin\;C:\Program Files (x86)\Windows Live\Shared;C:\Program Files (x86)\MySQL\MySQL Utilities 1.3.4\;C:\Program Files\Microsoft SQL Server\110\Tools\Binn\;C:\Program Files\nodejs\;C:\Program Files (x86)\Git\cmd;C:\Program Files\MATLAB\runtime\win64;C:\Program Files\MATLAB\bin;C:\Program Files (x86)\QuickTime\QTSystem\;C:\Program Files (x86)\GtkSharp\2.12\bin;C:\Program Files (x86)\Skype\Phone\;C:\Program Files\Intel\Intel(R) Management Engine Components\DAL;C:\Program Files\Intel\Intel(R) Management Engine Components\IPT;C:\Program Files (x86)\Intel\Intel(R) Management Engine Components\DAL;C:\Program Files (x86)\Intel\Intel(R) Management Engine Components\IPT;C:\Users\Martin\AppData\Local\Android\sdk\platform-tools;C:\Program Files\Java\jdk1.8.0_20\bin;C:\Users\Martin\AppData\Roaming\npm
USERNAME=Martin
OS=Windows_NT
PROCESSOR_IDENTIFIER=Intel64 Family 6 Model 58 Stepping 9, GenuineIntel



---------------  S Y S T E M  ---------------

OS: Windows 7 , 64 bit Build 7601 Service Pack 1

CPU:total 4 (2 cores per cpu, 2 threads per core) family 6 model 58 stepping 9, cmov, cx8, fxsr, mmx, sse, sse2, sse3, ssse3, sse4.1, sse4.2, popcnt, avx, aes, clmul, erms, ht, tsc, tscinvbit, tscinv

Memory: 4k page, physical 4077532k(747132k free), swap 5811308k(5156k free)

vm_info: Java HotSpot(TM) 64-Bit Server VM (25.20-b23) for windows-amd64 JRE (1.8.0_20-b26), built on Jul 30 2014 13:51:23 by "java_re" with MS VC++ 10.0 (VS2010)

time: Wed Jun 01 10:52:14 2016
elapsed time: 16 seconds (0d 0h 0m 16s)

