#
# There is insufficient memory for the Java Runtime Environment to continue.
# Native memory allocation (malloc) failed to allocate 65552 bytes for Chunk::new
# Possible reasons:
#   The system is out of physical RAM or swap space
#   In 32 bit mode, the process size limit was hit
# Possible solutions:
#   Reduce memory load on the system
#   Increase physical memory or swap space
#   Check if swap backing store is full
#   Use 64 bit Java on a 64 bit OS
#   Decrease Java heap size (-Xmx/-Xms)
#   Decrease number of Java threads
#   Decrease Java thread stack sizes (-Xss)
#   Set larger code cache with -XX:ReservedCodeCacheSize=
# This output file may be truncated or incomplete.
#
#  Out of Memory Error (allocation.cpp:390), pid=9596, tid=8988
#
# JRE version: Java(TM) SE Runtime Environment (8.0_20-b26) (build 1.8.0_20-b26)
# Java VM: Java HotSpot(TM) 64-Bit Server VM (25.20-b23 mixed mode windows-amd64 compressed oops)
# Failed to write core dump. Minidumps are not enabled by default on client versions of Windows
#

---------------  T H R E A D  ---------------

Current thread (0x0000000054d11800):  JavaThread "C2 CompilerThread0" daemon [_thread_in_native, id=8988, stack(0x00000000565a0000,0x00000000566a0000)]

Stack: [0x00000000565a0000,0x00000000566a0000]
[error occurred during error reporting (printing stack bounds), id 0xc0000005]

Native frames: (J=compiled Java code, j=interpreted, Vv=VM code, C=native code)
V  [jvm.dll+0x3152fa]
V  [jvm.dll+0x265d03]
V  [jvm.dll+0x266943]
V  [jvm.dll+0x27f586]
V  [jvm.dll+0x28311c]
V  [jvm.dll+0x5ad52f]
C  [msvcr100.dll+0x712e3]
V  [jvm.dll+0x5acc2d]
C  [ntdll.dll+0x27e8d]
C  [ntdll.dll+0x184cf]
C  [ntdll.dll+0x4bac8]
V  [jvm.dll+0x205611]


Current CompileTask:
C2:  36708 2425       4       com.android.dx.dex.cf.CfTranslator::translate0 (259 bytes)


---------------  P R O C E S S  ---------------

Java Threads: ( => current thread )
  0x0000000057114000 JavaThread "pool-1-thread-4" [_thread_in_vm, id=5536, stack(0x0000000058a50000,0x0000000058b50000)]
  0x00000000574a5000 JavaThread "pool-1-thread-3" [_thread_blocked, id=1328, stack(0x0000000058b60000,0x0000000058c60000)]
  0x0000000057672000 JavaThread "pool-1-thread-2" [_thread_in_vm, id=4440, stack(0x0000000058950000,0x0000000058a50000)]
  0x0000000057671800 JavaThread "pool-2-thread-1" [_thread_blocked, id=3384, stack(0x00000000587f0000,0x00000000588f0000)]
  0x00000000575ec800 JavaThread "pool-1-thread-1" [_thread_blocked, id=9432, stack(0x00000000585e0000,0x00000000586e0000)]
  0x00000000566a2800 JavaThread "Service Thread" daemon [_thread_blocked, id=9580, stack(0x0000000056ae0000,0x0000000056be0000)]
  0x0000000054d15800 JavaThread "C1 CompilerThread2" daemon [_thread_blocked, id=1280, stack(0x0000000055e10000,0x0000000055f10000)]
  0x0000000054d14000 JavaThread "C2 CompilerThread1" daemon [_thread_blocked, id=3224, stack(0x00000000564a0000,0x00000000565a0000)]
=>0x0000000054d11800 JavaThread "C2 CompilerThread0" daemon [_thread_in_native, id=8988, stack(0x00000000565a0000,0x00000000566a0000)]
  0x0000000054d0e800 JavaThread "Attach Listener" daemon [_thread_blocked, id=9036, stack(0x00000000563a0000,0x00000000564a0000)]
  0x0000000054d1d000 JavaThread "Signal Dispatcher" daemon [_thread_blocked, id=7104, stack(0x0000000056280000,0x0000000056380000)]
  0x0000000054cb5000 JavaThread "Finalizer" daemon [_thread_blocked, id=9788, stack(0x0000000056110000,0x0000000056210000)]
  0x0000000054cac000 JavaThread "Reference Handler" daemon [_thread_blocked, id=8256, stack(0x0000000055f80000,0x0000000056080000)]
  0x0000000001fae800 JavaThread "main" [_thread_in_vm, id=4804, stack(0x0000000001fc0000,0x00000000020c0000)]

Other Threads:
  0x0000000054ca6800 VMThread [stack: 0x0000000055cc0000,0x0000000055dc0000] [id=9848]
  0x00000000566a5000 WatcherThread [stack: 0x0000000056c70000,0x0000000056d70000] [id=9932]

VM state:synchronizing (normal execution)

VM Mutex/Monitor currently owned by a thread:  ([mutex/lock_event])
[0x0000000001faca70] Threads_lock - owner thread: 0x0000000054ca6800
[0x0000000001facf70] Heap_lock - owner thread: 0x0000000057114000

Heap:
 PSYoungGen      total 239616K, used 180759K [0x00000000eab00000, 0x0000000100000000, 0x0000000100000000)
  eden space 128000K, 100% used [0x00000000eab00000,0x00000000f2800000,0x00000000f2800000)
  from space 111616K, 47% used [0x00000000f9300000,0x00000000fc685c60,0x0000000100000000)
  to   space 109568K, 0% used [0x00000000f2800000,0x00000000f2800000,0x00000000f9300000)
 ParOldGen       total 316416K, used 166373K [0x00000000c0000000, 0x00000000d3500000, 0x00000000eab00000)
  object space 316416K, 52% used [0x00000000c0000000,0x00000000ca2794e8,0x00000000d3500000)
 Metaspace       used 6462K, capacity 7256K, committed 7424K, reserved 1056768K
  class space    used 614K, capacity 656K, committed 768K, reserved 1048576K

Card table byte_map: [0x0000000011870000,0x0000000011a80000] byte_map_base: 0x0000000011270000

Marking Bits: (ParMarkBitMap*) 0x000000007312b460
 Begin Bits: [0x0000000012120000, 0x0000000013120000)
 End Bits:   [0x0000000013120000, 0x0000000014120000)

Polling page: 0x00000000006a0000

CodeCache: size=245760Kb used=8622Kb max_used=9526Kb free=237137Kb
 bounds [0x00000000024b0000, 0x0000000002e10000, 0x00000000114b0000]
 total_blobs=2199 nmethods=1934 adapters=178
 compilation: enabled

Compilation events (10 events):
Event: 33.463 Thread 0x0000000054d14000 2428 %     4       com.android.dx.dex.file.AnnotationUtils::makeSignature @ 65 (251 bytes)
Event: 33.574 Thread 0x0000000054d14000 nmethod 2428% 0x00000000026de3d0 code [0x00000000026de660, 0x00000000026e0bb0]
Event: 33.574 Thread 0x0000000054d14000 2429       4       com.android.dx.rop.cst.CstInteger::getValue (5 bytes)
Event: 33.575 Thread 0x0000000054d14000 nmethod 2429 0x0000000002873450 code [0x0000000002873580, 0x00000000028735d8]
Event: 35.982 Thread 0x0000000054d14000 2430       4       com.android.dx.ssa.SsaConverter::placePhiFunctions (394 bytes)
Event: 36.209 Thread 0x0000000054d14000 nmethod 2430 0x000000000278d650 code [0x000000000278d980, 0x0000000002790dd0]
Event: 36.391 Thread 0x0000000054d14000 2432       4       com.android.dx.ssa.PhiInsn::updateSourcesToDefinitions (68 bytes)
Event: 36.402 Thread 0x0000000054d14000 nmethod 2432 0x0000000002a33a90 code [0x0000000002a33c20, 0x0000000002a341d8]
Event: 36.402 Thread 0x0000000054d14000 2431       4       com.android.dx.rop.cst.CstLiteral64::equals (36 bytes)
Event: 36.403 Thread 0x0000000054d14000 nmethod 2431 0x000000000278d390 code [0x000000000278d4c0, 0x000000000278d578]

GC Heap History (10 events):
Event: 32.048 GC heap before
{Heap before GC invocations=12 (full 3):
 PSYoungGen      total 142848K, used 128512K [0x00000000eab00000, 0x00000000f4c00000, 0x0000000100000000)
  eden space 128512K, 100% used [0x00000000eab00000,0x00000000f2880000,0x00000000f2880000)
  from space 14336K, 0% used [0x00000000f3900000,0x00000000f3900000,0x00000000f4700000)
  to   space 16896K, 0% used [0x00000000f2880000,0x00000000f2880000,0x00000000f3900000)
 ParOldGen       total 235520K, used 124751K [0x00000000c0000000, 0x00000000ce600000, 0x00000000eab00000)
  object space 235520K, 52% used [0x00000000c0000000,0x00000000c79d3fc8,0x00000000ce600000)
 Metaspace       used 6455K, capacity 7256K, committed 7424K, reserved 1056768K
  class space    used 614K, capacity 656K, committed 768K, reserved 1048576K
Event: 32.302 GC heap after
Heap after GC invocations=12 (full 3):
 PSYoungGen      total 145408K, used 16896K [0x00000000eab00000, 0x00000000fc480000, 0x0000000100000000)
  eden space 128512K, 0% used [0x00000000eab00000,0x00000000eab00000,0x00000000f2880000)
  from space 16896K, 100% used [0x00000000f2880000,0x00000000f3900000,0x00000000f3900000)
  to   space 74240K, 0% used [0x00000000f7c00000,0x00000000f7c00000,0x00000000fc480000)
 ParOldGen       total 235520K, used 167427K [0x00000000c0000000, 0x00000000ce600000, 0x00000000eab00000)
  object space 235520K, 71% used [0x00000000c0000000,0x00000000ca380d00,0x00000000ce600000)
 Metaspace       used 6455K, capacity 7256K, committed 7424K, reserved 1056768K
  class space    used 614K, capacity 656K, committed 768K, reserved 1048576K
}
Event: 33.073 GC heap before
{Heap before GC invocations=13 (full 3):
 PSYoungGen      total 145408K, used 145408K [0x00000000eab00000, 0x00000000fc480000, 0x0000000100000000)
  eden space 128512K, 100% used [0x00000000eab00000,0x00000000f2880000,0x00000000f2880000)
  from space 16896K, 100% used [0x00000000f2880000,0x00000000f3900000,0x00000000f3900000)
  to   space 74240K, 0% used [0x00000000f7c00000,0x00000000f7c00000,0x00000000fc480000)
 ParOldGen       total 235520K, used 167427K [0x00000000c0000000, 0x00000000ce600000, 0x00000000eab00000)
  object space 235520K, 71% used [0x00000000c0000000,0x00000000ca380d00,0x00000000ce600000)
 Metaspace       used 6460K, capacity 7256K, committed 7424K, reserved 1056768K
  class space    used 614K, capacity 656K, committed 768K, reserved 1048576K
Event: 33.276 GC heap after
Heap after GC invocations=13 (full 3):
 PSYoungGen      total 207872K, used 54429K [0x00000000eab00000, 0x00000000fd400000, 0x0000000100000000)
  eden space 133632K, 0% used [0x00000000eab00000,0x00000000eab00000,0x00000000f2d80000)
  from space 74240K, 73% used [0x00000000f7c00000,0x00000000fb127740,0x00000000fc480000)
  to   space 80384K, 0% used [0x00000000f2d80000,0x00000000f2d80000,0x00000000f7c00000)
 ParOldGen       total 235520K, used 169963K [0x00000000c0000000, 0x00000000ce600000, 0x00000000eab00000)
  object space 235520K, 72% used [0x00000000c0000000,0x00000000ca5fad00,0x00000000ce600000)
 Metaspace       used 6460K, capacity 7256K, committed 7424K, reserved 1056768K
  class space    used 614K, capacity 656K, committed 768K, reserved 1048576K
}
Event: 33.987 GC heap before
{Heap before GC invocations=14 (full 3):
 PSYoungGen      total 207872K, used 188061K [0x00000000eab00000, 0x00000000fd400000, 0x0000000100000000)
  eden space 133632K, 100% used [0x00000000eab00000,0x00000000f2d80000,0x00000000f2d80000)
  from space 74240K, 73% used [0x00000000f7c00000,0x00000000fb127740,0x00000000fc480000)
  to   space 80384K, 0% used [0x00000000f2d80000,0x00000000f2d80000,0x00000000f7c00000)
 ParOldGen       total 235520K, used 169963K [0x00000000c0000000, 0x00000000ce600000, 0x00000000eab00000)
  object space 235520K, 72% used [0x00000000c0000000,0x00000000ca5fad00,0x00000000ce600000)
 Metaspace       used 6460K, capacity 7256K, committed 7424K, reserved 1056768K
  class space    used 614K, capacity 656K, committed 768K, reserved 1048576K
Event: 34.880 GC heap after
Heap after GC invocations=14 (full 3):
 PSYoungGen      total 214016K, used 80364K [0x00000000eab00000, 0x0000000100000000, 0x0000000100000000)
  eden space 133632K, 0% used [0x00000000eab00000,0x00000000eab00000,0x00000000f2d80000)
  from space 80384K, 99% used [0x00000000f2d80000,0x00000000f7bfb258,0x00000000f7c00000)
  to   space 111616K, 0% used [0x00000000f9300000,0x00000000f9300000,0x0000000100000000)
 ParOldGen       total 235520K, used 217451K [0x00000000c0000000, 0x00000000ce600000, 0x00000000eab00000)
  object space 235520K, 92% used [0x00000000c0000000,0x00000000cd45afd8,0x00000000ce600000)
 Metaspace       used 6460K, capacity 7256K, committed 7424K, reserved 1056768K
  class space    used 614K, capacity 656K, committed 768K, reserved 1048576K
}
Event: 34.880 GC heap before
{Heap before GC invocations=15 (full 4):
 PSYoungGen      total 214016K, used 80364K [0x00000000eab00000, 0x0000000100000000, 0x0000000100000000)
  eden space 133632K, 0% used [0x00000000eab00000,0x00000000eab00000,0x00000000f2d80000)
  from space 80384K, 99% used [0x00000000f2d80000,0x00000000f7bfb258,0x00000000f7c00000)
  to   space 111616K, 0% used [0x00000000f9300000,0x00000000f9300000,0x0000000100000000)
 ParOldGen       total 235520K, used 217451K [0x00000000c0000000, 0x00000000ce600000, 0x00000000eab00000)
  object space 235520K, 92% used [0x00000000c0000000,0x00000000cd45afd8,0x00000000ce600000)
 Metaspace       used 6460K, capacity 7256K, committed 7424K, reserved 1056768K
  class space    used 614K, capacity 656K, committed 768K, reserved 1048576K
Event: 35.934 GC heap after
Heap after GC invocations=15 (full 4):
 PSYoungGen      total 214016K, used 0K [0x00000000eab00000, 0x0000000100000000, 0x0000000100000000)
  eden space 133632K, 0% used [0x00000000eab00000,0x00000000eab00000,0x00000000f2d80000)
  from space 80384K, 0% used [0x00000000f2d80000,0x00000000f2d80000,0x00000000f7c00000)
  to   space 111616K, 0% used [0x00000000f9300000,0x00000000f9300000,0x0000000100000000)
 ParOldGen       total 316416K, used 166373K [0x00000000c0000000, 0x00000000d3500000, 0x00000000eab00000)
  object space 316416K, 52% used [0x00000000c0000000,0x00000000ca2794e8,0x00000000d3500000)
 Metaspace       used 6460K, capacity 7256K, committed 7424K, reserved 1056768K
  class space    used 614K, capacity 656K, committed 768K, reserved 1048576K
}
Event: 36.274 GC heap before
{Heap before GC invocations=16 (full 4):
 PSYoungGen      total 214016K, used 133632K [0x00000000eab00000, 0x0000000100000000, 0x0000000100000000)
  eden space 133632K, 100% used [0x00000000eab00000,0x00000000f2d80000,0x00000000f2d80000)
  from space 80384K, 0% used [0x00000000f2d80000,0x00000000f2d80000,0x00000000f7c00000)
  to   space 111616K, 0% used [0x00000000f9300000,0x00000000f9300000,0x0000000100000000)
 ParOldGen       total 316416K, used 166373K [0x00000000c0000000, 0x00000000d3500000, 0x00000000eab00000)
  object space 316416K, 52% used [0x00000000c0000000,0x00000000ca2794e8,0x00000000d3500000)
 Metaspace       used 6460K, capacity 7256K, committed 7424K, reserved 1056768K
  class space    used 614K, capacity 656K, committed 768K, reserved 1048576K
Event: 36.350 GC heap after
Heap after GC invocations=16 (full 4):
 PSYoungGen      total 239616K, used 52759K [0x00000000eab00000, 0x0000000100000000, 0x0000000100000000)
  eden space 128000K, 0% used [0x00000000eab00000,0x00000000eab00000,0x00000000f2800000)
  from space 111616K, 47% used [0x00000000f9300000,0x00000000fc685c60,0x0000000100000000)
  to   space 109568K, 0% used [0x00000000f2800000,0x00000000f2800000,0x00000000f9300000)
 ParOldGen       total 316416K, used 166373K [0x00000000c0000000, 0x00000000d3500000, 0x00000000eab00000)
  object space 316416K, 52% used [0x00000000c0000000,0x00000000ca2794e8,0x00000000d3500000)
 Metaspace       used 6460K, capacity 7256K, committed 7424K, reserved 1056768K
  class space    used 614K, capacity 656K, committed 768K, reserved 1048576K
}

Deoptimization events (10 events):
Event: 31.833 Thread 0x0000000057672000 Uncommon trap: reason=class_check action=maybe_recompile pc=0x0000000002c7a2fc method=com.android.dx.ssa.back.InterferenceGraph.mergeInterferenceSet(ILcom/android/dx/util/IntSet;)V @ 20
Event: 31.833 Thread 0x0000000057672000 Uncommon trap: reason=class_check action=maybe_recompile pc=0x0000000002c0f574 method=com.android.dx.util.BitIntSet.merge(Lcom/android/dx/util/IntSet;)V @ 1
Event: 31.837 Thread 0x0000000057672000 Uncommon trap: reason=class_check action=maybe_recompile pc=0x0000000002c7a2fc method=com.android.dx.ssa.back.InterferenceGraph.mergeInterferenceSet(ILcom/android/dx/util/IntSet;)V @ 20
Event: 31.838 Thread 0x0000000057672000 Uncommon trap: reason=class_check action=maybe_recompile pc=0x0000000002c0f574 method=com.android.dx.util.BitIntSet.merge(Lcom/android/dx/util/IntSet;)V @ 1
Event: 31.954 Thread 0x0000000001fae800 Uncommon trap: reason=speculate_class_check action=maybe_recompile pc=0x00000000025d06bc method=com.android.dx.rop.cst.TypedConstant.getBasicType()I @ 1
Event: 32.609 Thread 0x0000000001fae800 Uncommon trap: reason=bimorphic action=maybe_recompile pc=0x0000000002be3e00 method=com.android.dx.cf.code.BytecodeArray.parseInstruction(ILcom/android/dx/cf/code/BytecodeArray$Visitor;)I @ 1597
Event: 32.609 Thread 0x0000000001fae800 Uncommon trap: reason=bimorphic action=maybe_recompile pc=0x0000000002be4bd8 method=com.android.dx.cf.code.BytecodeArray.parseInstruction(ILcom/android/dx/cf/code/BytecodeArray$Visitor;)I @ 1357
Event: 32.609 Thread 0x0000000001fae800 Uncommon trap: reason=bimorphic action=maybe_recompile pc=0x0000000002be3e00 method=com.android.dx.cf.code.BytecodeArray.parseInstruction(ILcom/android/dx/cf/code/BytecodeArray$Visitor;)I @ 1597
Event: 35.982 Thread 0x0000000057672000 Uncommon trap: reason=class_check action=maybe_recompile pc=0x0000000002da1e70 method=com.android.dx.ssa.SsaConverter.placePhiFunctions(Lcom/android/dx/ssa/SsaMethod;Lcom/android/dx/ssa/LocalVariableInfo;I)V @ 257
Event: 36.139 Thread 0x00000000574a5000 Uncommon trap: reason=class_check action=maybe_recompile pc=0x0000000002d55dfc method=com.android.dx.ssa.SsaConverter.placePhiFunctions(Lcom/android/dx/ssa/SsaMethod;Lcom/android/dx/ssa/LocalVariableInfo;I)V @ 257

Internal exceptions (10 events):
Event: 2.045 Thread 0x0000000057672000 Exception <a 'java/security/PrivilegedActionException'> (0x00000000eb885c18) thrown at [D:\re\workspace\8-2-build-windows-amd64-cygwin\jdk8u20\1074\hotspot\src\share\vm\prims\jvm.cpp, line 1275]
Event: 5.603 Thread 0x00000000574a5000 Exception <a 'java/security/PrivilegedActionException'> (0x00000000ec851010) thrown at [D:\re\workspace\8-2-build-windows-amd64-cygwin\jdk8u20\1074\hotspot\src\share\vm\prims\jvm.cpp, line 1275]
Event: 7.272 Thread 0x00000000574a5000 Exception <a 'java/security/PrivilegedActionException'> (0x00000000eb4f1220) thrown at [D:\re\workspace\8-2-build-windows-amd64-cygwin\jdk8u20\1074\hotspot\src\share\vm\prims\jvm.cpp, line 1275]
Event: 7.463 Thread 0x00000000574a5000 Exception <a 'java/security/PrivilegedActionException'> (0x00000000eb75ce28) thrown at [D:\re\workspace\8-2-build-windows-amd64-cygwin\jdk8u20\1074\hotspot\src\share\vm\prims\jvm.cpp, line 1275]
Event: 9.202 Thread 0x00000000574a5000 Exception <a 'java/lang/ArrayIndexOutOfBoundsException': 18> (0x00000000ec53e408) thrown at [D:\re\workspace\8-2-build-windows-amd64-cygwin\jdk8u20\1074\hotspot\src\share\vm\interpreter\interpreterRuntime.cpp, line 366]
Event: 9.203 Thread 0x00000000574a5000 Exception <a 'java/lang/ArrayIndexOutOfBoundsException'> (0x00000000ec53fea0) thrown at [D:\re\workspace\8-2-build-windows-amd64-cygwin\jdk8u20\1074\hotspot\src\share\vm\runtime\sharedRuntime.cpp, line 604]
Event: 9.204 Thread 0x00000000574a5000 Exception <a 'java/lang/ArrayIndexOutOfBoundsException'> (0x00000000ec5410b8) thrown at [D:\re\workspace\8-2-build-windows-amd64-cygwin\jdk8u20\1074\hotspot\src\share\vm\runtime\sharedRuntime.cpp, line 604]
Event: 25.625 Thread 0x0000000057114000 Exception <a 'java/security/PrivilegedActionException'> (0x00000000f0c7d868) thrown at [D:\re\workspace\8-2-build-windows-amd64-cygwin\jdk8u20\1074\hotspot\src\share\vm\prims\jvm.cpp, line 1275]
Event: 25.641 Thread 0x0000000057114000 Exception <a 'java/security/PrivilegedActionException'> (0x00000000f0e59338) thrown at [D:\re\workspace\8-2-build-windows-amd64-cygwin\jdk8u20\1074\hotspot\src\share\vm\prims\jvm.cpp, line 1275]
Event: 32.529 Thread 0x0000000001fae800 Exception <a 'java/security/PrivilegedActionException'> (0x00000000ed6b5ed0) thrown at [D:\re\workspace\8-2-build-windows-amd64-cygwin\jdk8u20\1074\hotspot\src\share\vm\prims\jvm.cpp, line 1275]

Events (10 events):
Event: 33.946 Executing VM operation: ParallelGCFailedAllocation
Event: 35.934 Executing VM operation: ParallelGCFailedAllocation done
Event: 35.982 Thread 0x0000000057672000 Uncommon trap: trap_request=0xffffffde fr.pc=0x0000000002da1e70
Event: 35.982 Thread 0x0000000057672000 DEOPT PACKING pc=0x0000000002da1e70 sp=0x0000000058a4e8b0
Event: 35.982 Thread 0x0000000057672000 DEOPT UNPACKING pc=0x00000000024f556a sp=0x0000000058a4e888 mode 2
Event: 36.139 Thread 0x00000000574a5000 Uncommon trap: trap_request=0xffffffde fr.pc=0x0000000002d55dfc
Event: 36.139 Thread 0x00000000574a5000 DEOPT PACKING pc=0x0000000002d55dfc sp=0x0000000058c5eca0
Event: 36.139 Thread 0x00000000574a5000 DEOPT UNPACKING pc=0x00000000024f556a sp=0x0000000058c5ec78 mode 2
Event: 36.274 Executing VM operation: ParallelGCFailedAllocation
Event: 36.350 Executing VM operation: ParallelGCFailedAllocation done


Dynamic libraries:
0x000000013f780000 - 0x000000013f7b4000 	C:\Program Files\Java\jdk1.8.0_20\bin\java.exe
0x0000000076e60000 - 0x000000007700a000 	C:\Windows\SYSTEM32\ntdll.dll
0x0000000076d40000 - 0x0000000076e5f000 	C:\Windows\system32\kernel32.dll
0x000007fefcdb0000 - 0x000007fefce1a000 	C:\Windows\system32\KERNELBASE.dll
0x000007fefddd0000 - 0x000007fefdeab000 	C:\Windows\system32\ADVAPI32.dll
0x000007fefdeb0000 - 0x000007fefdf4f000 	C:\Windows\system32\msvcrt.dll
0x000007fefcfa0000 - 0x000007fefcfbf000 	C:\Windows\SYSTEM32\sechost.dll
0x000007fefd380000 - 0x000007fefd4ad000 	C:\Windows\system32\RPCRT4.dll
0x0000000076c40000 - 0x0000000076d3a000 	C:\Windows\system32\USER32.dll
0x000007fefdae0000 - 0x000007fefdb47000 	C:\Windows\system32\GDI32.dll
0x000007feff160000 - 0x000007feff16e000 	C:\Windows\system32\LPK.dll
0x000007fefd740000 - 0x000007fefd80a000 	C:\Windows\system32\USP10.dll
0x000007fefba40000 - 0x000007fefbc34000 	C:\Windows\WinSxS\amd64_microsoft.windows.common-controls_6595b64144ccf1df_6.0.7601.18837_none_fa3b1e3d17594757\COMCTL32.dll
0x000007fefdf50000 - 0x000007fefdfc1000 	C:\Windows\system32\SHLWAPI.dll
0x000007fefef50000 - 0x000007fefef7e000 	C:\Windows\system32\IMM32.DLL
0x000007fefd270000 - 0x000007fefd379000 	C:\Windows\system32\MSCTF.dll
0x0000000064a30000 - 0x0000000064b02000 	C:\Program Files\Java\jdk1.8.0_20\jre\bin\msvcr100.dll
0x0000000072950000 - 0x00000000731a8000 	C:\Program Files\Java\jdk1.8.0_20\jre\bin\server\jvm.dll
0x000007fefbfd0000 - 0x000007fefbfd9000 	C:\Windows\system32\WSOCK32.dll
0x000007fefef80000 - 0x000007fefefcd000 	C:\Windows\system32\WS2_32.dll
0x000007fefed60000 - 0x000007fefed68000 	C:\Windows\system32\NSI.dll
0x000007fefae60000 - 0x000007fefae9b000 	C:\Windows\system32\WINMM.dll
0x0000000077020000 - 0x0000000077027000 	C:\Windows\system32\PSAPI.DLL
0x0000000073710000 - 0x000000007371f000 	C:\Program Files\Java\jdk1.8.0_20\jre\bin\verify.dll
0x00000000736e0000 - 0x0000000073708000 	C:\Program Files\Java\jdk1.8.0_20\jre\bin\java.dll
0x00000000736c0000 - 0x00000000736d6000 	C:\Program Files\Java\jdk1.8.0_20\jre\bin\zip.dll
0x000007fefdfd0000 - 0x000007fefed5a000 	C:\Windows\system32\SHELL32.dll
0x000007fefd060000 - 0x000007fefd263000 	C:\Windows\system32\ole32.dll
0x000007fefcbe0000 - 0x000007fefcbef000 	C:\Windows\system32\profapi.dll
0x000007feeeba0000 - 0x000007feeecc5000 	C:\Windows\system32\dbghelp.dll

VM Arguments:
jvm_args: -Djava.awt.headless=true -Xmx1024M -Dfile.encoding=windows-1252 -Duser.country=US -Duser.language=en -Duser.variant 
java_command: com.android.dx.command.Main --dex --num-threads=4 --output C:\Users\Martin\AndroidStudioProjects\SystemEngineeringGSM\app\build\intermediates\pre-dexed\debug\com.google.android.gms-play-services-ads-8.4.0_5573907b5dd3f2cd6e0b03b9d0b5236d8c285cc2.jar C:\Users\Martin\AndroidStudioProjects\SystemEngineeringGSM\app\build\intermediates\exploded-aar\com.google.android.gms\play-services-ads\8.4.0\jars\classes.jar
java_class_path (initial): C:\Users\Martin\AppData\Local\Android\sdk\build-tools\23.0.2\lib\dx.jar
Launcher Type: SUN_STANDARD

Environment Variables:
PATH=C:\ProgramData\Oracle\Java\javapath;C:\Program Files\Common Files\Microsoft Shared\Windows Live;C:\Program Files (x86)\Common Files\Microsoft Shared\Windows Live;C:\Program Files (x86)\Intel\iCLS Client\;C:\Program Files\Intel\iCLS Client\;C:\Program Files\Dell\DW WLAN Card;C:\Windows\system32;C:\Windows;C:\Windows\System32\Wbem;C:\Windows\System32\WindowsPowerShell\v1.0\;C:\Program Files\WIDCOMM\Bluetooth Software\;C:\Program Files\WIDCOMM\Bluetooth Software\syswow64;C:\Program Files\Dell\Dell Data Protection\Access\Advanced\Wave\Gemalto\Access Client\v5\;C:\Program Files (x86)\Security Innovation\SI TSS\bin\;C:\Program Files (x86)\Windows Live\Shared;C:\Program Files (x86)\MySQL\MySQL Utilities 1.3.4\;C:\Program Files\Microsoft SQL Server\110\Tools\Binn\;C:\Program Files\nodejs\;C:\Program Files (x86)\Git\cmd;C:\Program Files\MATLAB\runtime\win64;C:\Program Files\MATLAB\bin;C:\Program Files (x86)\QuickTime\QTSystem\;C:\Program Files (x86)\GtkSharp\2.12\bin;C:\Program Files (x86)\Skype\Phone\;C:\Program Files\Intel\Intel(R) Management Engine Components\DAL;C:\Program Files\Intel\Intel(R) Management Engine Components\IPT;C:\Program Files (x86)\Intel\Intel(R) Management Engine Components\DAL;C:\Program Files (x86)\Intel\Intel(R) Management Engine Components\IPT;C:\Users\Martin\AppData\Local\Android\sdk\platform-tools;C:\Program Files\Java\jdk1.8.0_20\bin;C:\Users\Martin\AppData\Roaming\npm
USERNAME=Martin
OS=Windows_NT
PROCESSOR_IDENTIFIER=Intel64 Family 6 Model 58 Stepping 9, GenuineIntel



---------------  S Y S T E M  ---------------

OS: Windows 7 , 64 bit Build 7601 Service Pack 1

CPU:total 4 (2 cores per cpu, 2 threads per core) family 6 model 58 stepping 9, cmov, cx8, fxsr, mmx, sse, sse2, sse3, ssse3, sse4.1, sse4.2, popcnt, avx, aes, clmul, erms, ht, tsc, tscinvbit, tscinv

Memory: 4k page, physical 4077532k(393996k free), swap 6172824k(104248k free)

vm_info: Java HotSpot(TM) 64-Bit Server VM (25.20-b23) for windows-amd64 JRE (1.8.0_20-b26), built on Jul 30 2014 13:51:23 by "java_re" with MS VC++ 10.0 (VS2010)

time: Wed May 25 13:29:49 2016
elapsed time: 36 seconds (0d 0h 0m 36s)

