#
# There is insufficient memory for the Java Runtime Environment to continue.
# Native memory allocation (malloc) failed to allocate 708496 bytes for Chunk::new
# Possible reasons:
#   The system is out of physical RAM or swap space
#   In 32 bit mode, the process size limit was hit
# Possible solutions:
#   Reduce memory load on the system
#   Increase physical memory or swap space
#   Check if swap backing store is full
#   Use 64 bit Java on a 64 bit OS
#   Decrease Java heap size (-Xmx/-Xms)
#   Decrease number of Java threads
#   Decrease Java thread stack sizes (-Xss)
#   Set larger code cache with -XX:ReservedCodeCacheSize=
# This output file may be truncated or incomplete.
#
#  Out of Memory Error (allocation.cpp:390), pid=4900, tid=9928
#
# JRE version: Java(TM) SE Runtime Environment (8.0_20-b26) (build 1.8.0_20-b26)
# Java VM: Java HotSpot(TM) 64-Bit Server VM (25.20-b23 mixed mode windows-amd64 compressed oops)
# Failed to write core dump. Minidumps are not enabled by default on client versions of Windows
#

---------------  T H R E A D  ---------------

Current thread (0x0000000054db1800):  JavaThread "C2 CompilerThread1" daemon [_thread_in_native, id=9928, stack(0x00000000564c0000,0x00000000565c0000)]

Stack: [0x00000000564c0000,0x00000000565c0000],  sp=0x00000000565bf230,  free space=1020k
Native frames: (J=compiled Java code, j=interpreted, Vv=VM code, C=native code)
V  [jvm.dll+0x3152fa]


Current CompileTask:
C2:   2517  632       4       com.android.dx.ssa.NormalSsaInsn::accept (25 bytes)


---------------  P R O C E S S  ---------------

Java Threads: ( => current thread )
  0x000000005699e000 JavaThread "pool-1-thread-4" [_thread_blocked, id=10184, stack(0x0000000057ba0000,0x0000000057ca0000)]
  0x0000000056997000 JavaThread "pool-1-thread-3" [_thread_blocked, id=9796, stack(0x0000000057950000,0x0000000057a50000)]
  0x0000000056996000 JavaThread "pool-1-thread-2" [_thread_in_Java, id=2888, stack(0x0000000057560000,0x0000000057660000)]
  0x0000000056993000 JavaThread "pool-2-thread-1" [_thread_blocked, id=6972, stack(0x0000000057800000,0x0000000057900000)]
  0x0000000056a14800 JavaThread "pool-1-thread-1" [_thread_in_Java, id=9532, stack(0x00000000576c0000,0x00000000577c0000)]
  0x00000000566fb800 JavaThread "Service Thread" daemon [_thread_blocked, id=9812, stack(0x0000000056c50000,0x0000000056d50000)]
  0x0000000054db3000 JavaThread "C1 CompilerThread2" daemon [_thread_blocked, id=10212, stack(0x0000000056af0000,0x0000000056bf0000)]
=>0x0000000054db1800 JavaThread "C2 CompilerThread1" daemon [_thread_in_native, id=9928, stack(0x00000000564c0000,0x00000000565c0000)]
  0x0000000054dae000 JavaThread "C2 CompilerThread0" daemon [_thread_blocked, id=9764, stack(0x00000000565c0000,0x00000000566c0000)]
  0x0000000054dbe000 JavaThread "Attach Listener" daemon [_thread_blocked, id=9792, stack(0x00000000563b0000,0x00000000564b0000)]
  0x0000000054dbb000 JavaThread "Signal Dispatcher" daemon [_thread_blocked, id=8792, stack(0x00000000561f0000,0x00000000562f0000)]
  0x0000000054d4f000 JavaThread "Finalizer" daemon [_thread_blocked, id=9644, stack(0x0000000056070000,0x0000000056170000)]
  0x0000000054d4b800 JavaThread "Reference Handler" daemon [_thread_blocked, id=5260, stack(0x0000000055de0000,0x0000000055ee0000)]
  0x0000000001f5e800 JavaThread "main" [_thread_in_Java, id=10164, stack(0x00000000021d0000,0x00000000022d0000)]

Other Threads:
  0x0000000054d46000 VMThread [stack: 0x0000000055cc0000,0x0000000055dc0000] [id=9256]
  0x00000000566ff000 WatcherThread [stack: 0x0000000055f50000,0x0000000056050000] [id=9172]

VM state:not at safepoint (normal execution)

VM Mutex/Monitor currently owned by a thread: None

Heap:
 PSYoungGen      total 18944K, used 6939K [0x00000000eab00000, 0x00000000ec000000, 0x0000000100000000)
  eden space 16384K, 26% used [0x00000000eab00000,0x00000000eaf4e078,0x00000000ebb00000)
  from space 2560K, 98% used [0x00000000ebb00000,0x00000000ebd78d60,0x00000000ebd80000)
  to   space 2560K, 0% used [0x00000000ebd80000,0x00000000ebd80000,0x00000000ec000000)
 ParOldGen       total 44032K, used 697K [0x00000000c0000000, 0x00000000c2b00000, 0x00000000eab00000)
  object space 44032K, 1% used [0x00000000c0000000,0x00000000c00ae5c0,0x00000000c2b00000)
 Metaspace       used 5571K, capacity 6576K, committed 6784K, reserved 1056768K
  class space    used 584K, capacity 616K, committed 640K, reserved 1048576K

Card table byte_map: [0x0000000011960000,0x0000000011b70000] byte_map_base: 0x0000000011360000

Marking Bits: (ParMarkBitMap*) 0x000000007312b460
 Begin Bits: [0x00000000121c0000, 0x00000000131c0000)
 End Bits:   [0x00000000131c0000, 0x00000000141c0000)

Polling page: 0x0000000000210000

CodeCache: size=245760Kb used=2411Kb max_used=2411Kb free=243348Kb
 bounds [0x00000000025a0000, 0x0000000002810000, 0x00000000115a0000]
 total_blobs=944 nmethods=680 adapters=178
 compilation: enabled

Compilation events (10 events):
Event: 2.513 Thread 0x0000000054db3000 nmethod 673 0x00000000027f89d0 code [0x00000000027f8b40, 0x00000000027f8ee8]
Event: 2.513 Thread 0x0000000054db3000  674       3       com.android.dx.dex.file.Item::<init> (5 bytes)
Event: 2.513 Thread 0x0000000054db3000 nmethod 674 0x00000000027f8fd0 code [0x00000000027f9120, 0x00000000027f92d0]
Event: 2.513 Thread 0x0000000054db3000  675       3       com.android.dx.cf.code.BaseMachine::localInfo (6 bytes)
Event: 2.514 Thread 0x0000000054db3000 nmethod 675 0x00000000027f9390 code [0x00000000027f94e0, 0x00000000027f9630]
Event: 2.514 Thread 0x0000000054db3000  676       3       com.android.dx.cf.code.BaseMachine::auxIntArg (6 bytes)
Event: 2.514 Thread 0x0000000054db3000 nmethod 676 0x00000000027f96d0 code [0x00000000027f9820, 0x00000000027f9970]
Event: 2.514 Thread 0x0000000054db3000  677       3       com.android.dx.rop.code.RegisterSpec::make (7 bytes)
Event: 2.514 Thread 0x0000000054db3000 nmethod 677 0x00000000027f9a10 code [0x00000000027f9b80, 0x00000000027f9ce8]
Event: 2.514 Thread 0x0000000054db3000  678       3       com.android.dx.util.LabeledList::addLabelIndex (43 bytes)

GC Heap History (2 events):
Event: 1.323 GC heap before
{Heap before GC invocations=1 (full 0):
 PSYoungGen      total 18944K, used 16384K [0x00000000eab00000, 0x00000000ec000000, 0x0000000100000000)
  eden space 16384K, 100% used [0x00000000eab00000,0x00000000ebb00000,0x00000000ebb00000)
  from space 2560K, 0% used [0x00000000ebd80000,0x00000000ebd80000,0x00000000ec000000)
  to   space 2560K, 0% used [0x00000000ebb00000,0x00000000ebb00000,0x00000000ebd80000)
 ParOldGen       total 44032K, used 0K [0x00000000c0000000, 0x00000000c2b00000, 0x00000000eab00000)
  object space 44032K, 0% used [0x00000000c0000000,0x00000000c0000000,0x00000000c2b00000)
 Metaspace       used 5375K, capacity 6448K, committed 6528K, reserved 1056768K
  class space    used 582K, capacity 616K, committed 640K, reserved 1048576K
Event: 2.250 GC heap after
Heap after GC invocations=1 (full 0):
 PSYoungGen      total 18944K, used 2531K [0x00000000eab00000, 0x00000000ec000000, 0x0000000100000000)
  eden space 16384K, 0% used [0x00000000eab00000,0x00000000eab00000,0x00000000ebb00000)
  from space 2560K, 98% used [0x00000000ebb00000,0x00000000ebd78d60,0x00000000ebd80000)
  to   space 2560K, 0% used [0x00000000ebd80000,0x00000000ebd80000,0x00000000ec000000)
 ParOldGen       total 44032K, used 697K [0x00000000c0000000, 0x00000000c2b00000, 0x00000000eab00000)
  object space 44032K, 1% used [0x00000000c0000000,0x00000000c00ae5c0,0x00000000c2b00000)
 Metaspace       used 5375K, capacity 6448K, committed 6528K, reserved 1056768K
  class space    used 582K, capacity 616K, committed 640K, reserved 1048576K
}

Deoptimization events (0 events):
No events

Internal exceptions (10 events):
Event: 1.267 Thread 0x0000000001f5e800 Exception <a 'java/security/PrivilegedActionException'> (0x00000000eba1c288) thrown at [D:\re\workspace\8-2-build-windows-amd64-cygwin\jdk8u20\1074\hotspot\src\share\vm\prims\jvm.cpp, line 1275]
Event: 1.268 Thread 0x0000000001f5e800 Exception <a 'java/security/PrivilegedActionException'> (0x00000000eba1fb28) thrown at [D:\re\workspace\8-2-build-windows-amd64-cygwin\jdk8u20\1074\hotspot\src\share\vm\prims\jvm.cpp, line 1275]
Event: 1.269 Thread 0x0000000001f5e800 Exception <a 'java/security/PrivilegedActionException'> (0x00000000eba22c98) thrown at [D:\re\workspace\8-2-build-windows-amd64-cygwin\jdk8u20\1074\hotspot\src\share\vm\prims\jvm.cpp, line 1275]
Event: 1.269 Thread 0x0000000001f5e800 Exception <a 'java/security/PrivilegedActionException'> (0x00000000eba25e08) thrown at [D:\re\workspace\8-2-build-windows-amd64-cygwin\jdk8u20\1074\hotspot\src\share\vm\prims\jvm.cpp, line 1275]
Event: 1.274 Thread 0x0000000056a14800 Exception <a 'java/security/PrivilegedActionException'> (0x00000000eb90b728) thrown at [D:\re\workspace\8-2-build-windows-amd64-cygwin\jdk8u20\1074\hotspot\src\share\vm\prims\jvm.cpp, line 1275]
Event: 1.277 Thread 0x0000000056a14800 Exception <a 'java/security/PrivilegedActionException'> (0x00000000eb913e38) thrown at [D:\re\workspace\8-2-build-windows-amd64-cygwin\jdk8u20\1074\hotspot\src\share\vm\prims\jvm.cpp, line 1275]
Event: 1.282 Thread 0x0000000056a14800 Exception <a 'java/security/PrivilegedActionException'> (0x00000000eba5f238) thrown at [D:\re\workspace\8-2-build-windows-amd64-cygwin\jdk8u20\1074\hotspot\src\share\vm\prims\jvm.cpp, line 1275]
Event: 1.310 Thread 0x0000000056a14800 Exception <a 'java/security/PrivilegedActionException'> (0x00000000ebacd2b8) thrown at [D:\re\workspace\8-2-build-windows-amd64-cygwin\jdk8u20\1074\hotspot\src\share\vm\prims\jvm.cpp, line 1275]
Event: 2.323 Thread 0x0000000001f5e800 Exception <a 'java/security/PrivilegedActionException'> (0x00000000eac802a0) thrown at [D:\re\workspace\8-2-build-windows-amd64-cygwin\jdk8u20\1074\hotspot\src\share\vm\prims\jvm.cpp, line 1275]
Event: 2.324 Thread 0x0000000001f5e800 Exception <a 'java/security/PrivilegedActionException'> (0x00000000eac8d238) thrown at [D:\re\workspace\8-2-build-windows-amd64-cygwin\jdk8u20\1074\hotspot\src\share\vm\prims\jvm.cpp, line 1275]

Events (10 events):
Event: 1.310 loading class com/android/dx/dex/file/MethodAnnotationStruct
Event: 1.310 loading class com/android/dx/dex/file/MethodAnnotationStruct done
Event: 1.323 Executing VM operation: ParallelGCFailedAllocation
Event: 2.250 Executing VM operation: ParallelGCFailedAllocation done
Event: 2.254 loading class sun/misc/Cleaner
Event: 2.254 loading class sun/misc/Cleaner done
Event: 2.322 loading class com/android/dx/cf/attrib/AttLocalVariableTypeTable
Event: 2.322 loading class com/android/dx/cf/attrib/AttLocalVariableTypeTable done
Event: 2.324 loading class com/android/dx/dex/file/FieldAnnotationStruct
Event: 2.324 loading class com/android/dx/dex/file/FieldAnnotationStruct done


Dynamic libraries:
0x000000013f780000 - 0x000000013f7b4000 	C:\Program Files\Java\jdk1.8.0_20\bin\java.exe
0x0000000076e60000 - 0x000000007700a000 	C:\Windows\SYSTEM32\ntdll.dll
0x0000000076d40000 - 0x0000000076e5f000 	C:\Windows\system32\kernel32.dll
0x000007fefcdb0000 - 0x000007fefce1a000 	C:\Windows\system32\KERNELBASE.dll
0x000007fefddd0000 - 0x000007fefdeab000 	C:\Windows\system32\ADVAPI32.dll
0x000007fefdeb0000 - 0x000007fefdf4f000 	C:\Windows\system32\msvcrt.dll
0x000007fefcfa0000 - 0x000007fefcfbf000 	C:\Windows\SYSTEM32\sechost.dll
0x000007fefd380000 - 0x000007fefd4ad000 	C:\Windows\system32\RPCRT4.dll
0x0000000076c40000 - 0x0000000076d3a000 	C:\Windows\system32\USER32.dll
0x000007fefdae0000 - 0x000007fefdb47000 	C:\Windows\system32\GDI32.dll
0x000007feff160000 - 0x000007feff16e000 	C:\Windows\system32\LPK.dll
0x000007fefd740000 - 0x000007fefd80a000 	C:\Windows\system32\USP10.dll
0x000007fefba40000 - 0x000007fefbc34000 	C:\Windows\WinSxS\amd64_microsoft.windows.common-controls_6595b64144ccf1df_6.0.7601.18837_none_fa3b1e3d17594757\COMCTL32.dll
0x000007fefdf50000 - 0x000007fefdfc1000 	C:\Windows\system32\SHLWAPI.dll
0x000007fefef50000 - 0x000007fefef7e000 	C:\Windows\system32\IMM32.DLL
0x000007fefd270000 - 0x000007fefd379000 	C:\Windows\system32\MSCTF.dll
0x0000000064a30000 - 0x0000000064b02000 	C:\Program Files\Java\jdk1.8.0_20\jre\bin\msvcr100.dll
0x0000000072950000 - 0x00000000731a8000 	C:\Program Files\Java\jdk1.8.0_20\jre\bin\server\jvm.dll
0x000007fefbfd0000 - 0x000007fefbfd9000 	C:\Windows\system32\WSOCK32.dll
0x000007fefef80000 - 0x000007fefefcd000 	C:\Windows\system32\WS2_32.dll
0x000007fefed60000 - 0x000007fefed68000 	C:\Windows\system32\NSI.dll
0x000007fefae60000 - 0x000007fefae9b000 	C:\Windows\system32\WINMM.dll
0x0000000077020000 - 0x0000000077027000 	C:\Windows\system32\PSAPI.DLL
0x0000000073710000 - 0x000000007371f000 	C:\Program Files\Java\jdk1.8.0_20\jre\bin\verify.dll
0x00000000736e0000 - 0x0000000073708000 	C:\Program Files\Java\jdk1.8.0_20\jre\bin\java.dll
0x00000000736c0000 - 0x00000000736d6000 	C:\Program Files\Java\jdk1.8.0_20\jre\bin\zip.dll
0x000007fefdfd0000 - 0x000007fefed5a000 	C:\Windows\system32\SHELL32.dll
0x000007fefd060000 - 0x000007fefd263000 	C:\Windows\system32\ole32.dll
0x000007fefcbe0000 - 0x000007fefcbef000 	C:\Windows\system32\profapi.dll

VM Arguments:
jvm_args: -Djava.awt.headless=true -Xmx1024M -Dfile.encoding=windows-1252 -Duser.country=US -Duser.language=en -Duser.variant 
java_command: com.android.dx.command.Main --dex --num-threads=4 --output C:\Users\Martin\AndroidStudioProjects\SystemEngineeringGSM\app\build\intermediates\pre-dexed\debug\com.google.android.gms-play-services-analytics-8.4.0_b1c89f9ca076ec7d7490974cefea91f735a2e5ff.jar C:\Users\Martin\AndroidStudioProjects\SystemEngineeringGSM\app\build\intermediates\exploded-aar\com.google.android.gms\play-services-analytics\8.4.0\jars\classes.jar
java_class_path (initial): C:\Users\Martin\AppData\Local\Android\sdk\build-tools\23.0.2\lib\dx.jar
Launcher Type: SUN_STANDARD

Environment Variables:
PATH=C:\ProgramData\Oracle\Java\javapath;C:\Program Files\Common Files\Microsoft Shared\Windows Live;C:\Program Files (x86)\Common Files\Microsoft Shared\Windows Live;C:\Program Files (x86)\Intel\iCLS Client\;C:\Program Files\Intel\iCLS Client\;C:\Program Files\Dell\DW WLAN Card;C:\Windows\system32;C:\Windows;C:\Windows\System32\Wbem;C:\Windows\System32\WindowsPowerShell\v1.0\;C:\Program Files\WIDCOMM\Bluetooth Software\;C:\Program Files\WIDCOMM\Bluetooth Software\syswow64;C:\Program Files\Dell\Dell Data Protection\Access\Advanced\Wave\Gemalto\Access Client\v5\;C:\Program Files (x86)\Security Innovation\SI TSS\bin\;C:\Program Files (x86)\Windows Live\Shared;C:\Program Files (x86)\MySQL\MySQL Utilities 1.3.4\;C:\Program Files\Microsoft SQL Server\110\Tools\Binn\;C:\Program Files\nodejs\;C:\Program Files (x86)\Git\cmd;C:\Program Files\MATLAB\runtime\win64;C:\Program Files\MATLAB\bin;C:\Program Files (x86)\QuickTime\QTSystem\;C:\Program Files (x86)\GtkSharp\2.12\bin;C:\Program Files (x86)\Skype\Phone\;C:\Program Files\Intel\Intel(R) Management Engine Components\DAL;C:\Program Files\Intel\Intel(R) Management Engine Components\IPT;C:\Program Files (x86)\Intel\Intel(R) Management Engine Components\DAL;C:\Program Files (x86)\Intel\Intel(R) Management Engine Components\IPT;C:\Users\Martin\AppData\Local\Android\sdk\platform-tools;C:\Program Files\Java\jdk1.8.0_20\bin;C:\Users\Martin\AppData\Roaming\npm
USERNAME=Martin
OS=Windows_NT
PROCESSOR_IDENTIFIER=Intel64 Family 6 Model 58 Stepping 9, GenuineIntel



---------------  S Y S T E M  ---------------

OS: Windows 7 , 64 bit Build 7601 Service Pack 1

CPU:total 4 (2 cores per cpu, 2 threads per core) family 6 model 58 stepping 9, cmov, cx8, fxsr, mmx, sse, sse2, sse3, ssse3, sse4.1, sse4.2, popcnt, avx, aes, clmul, erms, ht, tsc, tscinvbit, tscinv

Memory: 4k page, physical 4077532k(392512k free), swap 6172824k(5208k free)

vm_info: Java HotSpot(TM) 64-Bit Server VM (25.20-b23) for windows-amd64 JRE (1.8.0_20-b26), built on Jul 30 2014 13:51:23 by "java_re" with MS VC++ 10.0 (VS2010)

time: Wed May 25 13:29:35 2016
elapsed time: 2 seconds (0d 0h 0m 2s)

