#
# There is insufficient memory for the Java Runtime Environment to continue.
# Native memory allocation (malloc) failed to allocate 262160 bytes for Chunk::new
# Possible reasons:
#   The system is out of physical RAM or swap space
#   In 32 bit mode, the process size limit was hit
# Possible solutions:
#   Reduce memory load on the system
#   Increase physical memory or swap space
#   Check if swap backing store is full
#   Use 64 bit Java on a 64 bit OS
#   Decrease Java heap size (-Xmx/-Xms)
#   Decrease number of Java threads
#   Decrease Java thread stack sizes (-Xss)
#   Set larger code cache with -XX:ReservedCodeCacheSize=
# This output file may be truncated or incomplete.
#
#  Out of Memory Error (allocation.cpp:390), pid=6880, tid=816
#
# JRE version: Java(TM) SE Runtime Environment (8.0_20-b26) (build 1.8.0_20-b26)
# Java VM: Java HotSpot(TM) 64-Bit Server VM (25.20-b23 mixed mode windows-amd64 compressed oops)
# Failed to write core dump. Minidumps are not enabled by default on client versions of Windows
#

---------------  T H R E A D  ---------------

Current thread (0x00000000561b8000):  JavaThread "C2 CompilerThread1" daemon [_thread_in_native, id=816, stack(0x0000000056a10000,0x0000000056b10000)]

Stack: [0x0000000056a10000,0x0000000056b10000]
Native frames: (J=compiled Java code, j=interpreted, Vv=VM code, C=native code)
V  [jvm.dll+0x3152fa]


Current CompileTask:
C2:  10189 1567   !   4       com.android.dx.cf.code.Ropper::processBlock (1101 bytes)


---------------  P R O C E S S  ---------------

Java Threads: ( => current thread )
  0x00000000563bb800 JavaThread "pool-1-thread-4" [_thread_blocked, id=3040, stack(0x0000000057c30000,0x0000000057d30000)]
  0x00000000563b2800 JavaThread "pool-1-thread-3" [_thread_blocked, id=7444, stack(0x0000000057b00000,0x0000000057c00000)]
  0x0000000056441800 JavaThread "pool-1-thread-2" [_thread_blocked, id=4844, stack(0x0000000056c60000,0x0000000056d60000)]
  0x0000000056440000 JavaThread "pool-2-thread-1" [_thread_blocked, id=5404, stack(0x00000000579e0000,0x0000000057ae0000)]
  0x0000000056e99800 JavaThread "pool-1-thread-1" [_thread_blocked, id=6912, stack(0x0000000057790000,0x0000000057890000)]
  0x00000000561be000 JavaThread "Service Thread" daemon [_thread_blocked, id=2188, stack(0x0000000055f40000,0x0000000056040000)]
  0x00000000561ba000 JavaThread "C1 CompilerThread2" daemon [_thread_blocked, id=8900, stack(0x0000000056b60000,0x0000000056c60000)]
=>0x00000000561b8000 JavaThread "C2 CompilerThread1" daemon [_thread_in_native, id=816, stack(0x0000000056a10000,0x0000000056b10000)]
  0x0000000054caf000 JavaThread "C2 CompilerThread0" daemon [_thread_in_native, id=7268, stack(0x00000000568b0000,0x00000000569b0000)]
  0x0000000054cad800 JavaThread "Attach Listener" daemon [_thread_blocked, id=4828, stack(0x0000000056560000,0x0000000056660000)]
  0x0000000054caa800 JavaThread "Signal Dispatcher" daemon [_thread_blocked, id=4752, stack(0x0000000056690000,0x0000000056790000)]
  0x0000000054c42800 JavaThread "Finalizer" daemon [_thread_blocked, id=4620, stack(0x0000000056060000,0x0000000056160000)]
  0x0000000054c3f000 JavaThread "Reference Handler" daemon [_thread_blocked, id=7300, stack(0x0000000055db0000,0x0000000055eb0000)]
  0x0000000001e1e800 JavaThread "main" [_thread_blocked, id=7944, stack(0x0000000002020000,0x0000000002120000)]

Other Threads:
  0x0000000054c3a000 VMThread [stack: 0x0000000055c50000,0x0000000055d50000] [id=6548]
  0x00000000561c1000 WatcherThread [stack: 0x0000000056d70000,0x0000000056e70000] [id=5148]

VM state:not at safepoint (normal execution)

VM Mutex/Monitor currently owned by a thread: None

Heap:
 PSYoungGen      total 35328K, used 31020K [0x00000000eab00000, 0x00000000ed000000, 0x0000000100000000)
  eden space 32768K, 86% used [0x00000000eab00000,0x00000000ec6d32a0,0x00000000ecb00000)
  from space 2560K, 98% used [0x00000000ecd80000,0x00000000ecff8018,0x00000000ed000000)
  to   space 2560K, 0% used [0x00000000ecb00000,0x00000000ecb00000,0x00000000ecd80000)
 ParOldGen       total 44032K, used 3329K [0x00000000c0000000, 0x00000000c2b00000, 0x00000000eab00000)
  object space 44032K, 7% used [0x00000000c0000000,0x00000000c0340578,0x00000000c2b00000)
 Metaspace       used 6093K, capacity 7024K, committed 7296K, reserved 1056768K
  class space    used 588K, capacity 616K, committed 640K, reserved 1048576K

Card table byte_map: [0x00000000117b0000,0x00000000119c0000] byte_map_base: 0x00000000111b0000

Marking Bits: (ParMarkBitMap*) 0x000000006dbab460
 Begin Bits: [0x00000000120b0000, 0x00000000130b0000)
 End Bits:   [0x00000000130b0000, 0x00000000140b0000)

Polling page: 0x00000000005a0000

CodeCache: size=245760Kb used=6632Kb max_used=6632Kb free=239127Kb
 bounds [0x00000000023f0000, 0x0000000002a70000, 0x00000000113f0000]
 total_blobs=1830 nmethods=1566 adapters=178
 compilation: enabled

Compilation events (10 events):
Event: 10.106 Thread 0x00000000561ba000 1576       3       com.android.dx.rop.code.Insn$BaseVisitor::visitThrowingInsn (1 bytes)
Event: 10.106 Thread 0x00000000561ba000 nmethod 1576 0x0000000002a6ca10 code [0x0000000002a6cb60, 0x0000000002a6ccb0]
Event: 10.106 Thread 0x00000000561ba000 1577       3       com.android.dx.dex.code.RopTranslator$LocalVariableAwareTranslationVisitor::visitThrowingInsn (11 bytes)
Event: 10.107 Thread 0x00000000561ba000 nmethod 1577 0x0000000002a6cd50 code [0x0000000002a6cf60, 0x0000000002a6da78]
Event: 10.107 Thread 0x00000000561ba000 1578       3       com.android.dx.rop.code.Rops::opPutField (97 bytes)
Event: 10.108 Thread 0x00000000561ba000 nmethod 1578 0x0000000002a6e0d0 code [0x0000000002a6e300, 0x0000000002a6eef8]
Event: 10.108 Thread 0x00000000561ba000 1579       1       com.android.dx.rop.cst.CstType::getType (4 bytes)
Event: 10.108 Thread 0x00000000561ba000 nmethod 1579 0x0000000002a37050 code [0x0000000002a371a0, 0x0000000002a372b0]
Event: 10.108 Thread 0x00000000561ba000 1580       3       java.util.BitSet::trimToSize (32 bytes)
Event: 10.109 Thread 0x00000000561ba000 nmethod 1580 0x0000000002a6f450 code [0x0000000002a6f5e0, 0x0000000002a6fa18]

GC Heap History (4 events):
Event: 3.912 GC heap before
{Heap before GC invocations=1 (full 0):
 PSYoungGen      total 18944K, used 16384K [0x00000000eab00000, 0x00000000ec000000, 0x0000000100000000)
  eden space 16384K, 100% used [0x00000000eab00000,0x00000000ebb00000,0x00000000ebb00000)
  from space 2560K, 0% used [0x00000000ebd80000,0x00000000ebd80000,0x00000000ec000000)
  to   space 2560K, 0% used [0x00000000ebb00000,0x00000000ebb00000,0x00000000ebd80000)
 ParOldGen       total 44032K, used 0K [0x00000000c0000000, 0x00000000c2b00000, 0x00000000eab00000)
  object space 44032K, 0% used [0x00000000c0000000,0x00000000c0000000,0x00000000c2b00000)
 Metaspace       used 5603K, capacity 6640K, committed 6784K, reserved 1056768K
  class space    used 585K, capacity 616K, committed 640K, reserved 1048576K
Event: 4.481 GC heap after
Heap after GC invocations=1 (full 0):
 PSYoungGen      total 18944K, used 2551K [0x00000000eab00000, 0x00000000ed000000, 0x0000000100000000)
  eden space 16384K, 0% used [0x00000000eab00000,0x00000000eab00000,0x00000000ebb00000)
  from space 2560K, 99% used [0x00000000ebb00000,0x00000000ebd7dc78,0x00000000ebd80000)
  to   space 2560K, 0% used [0x00000000ecd80000,0x00000000ecd80000,0x00000000ed000000)
 ParOldGen       total 44032K, used 1306K [0x00000000c0000000, 0x00000000c2b00000, 0x00000000eab00000)
  object space 44032K, 2% used [0x00000000c0000000,0x00000000c0146860,0x00000000c2b00000)
 Metaspace       used 5603K, capacity 6640K, committed 6784K, reserved 1056768K
  class space    used 585K, capacity 616K, committed 640K, reserved 1048576K
}
Event: 5.917 GC heap before
{Heap before GC invocations=2 (full 0):
 PSYoungGen      total 18944K, used 18935K [0x00000000eab00000, 0x00000000ed000000, 0x0000000100000000)
  eden space 16384K, 100% used [0x00000000eab00000,0x00000000ebb00000,0x00000000ebb00000)
  from space 2560K, 99% used [0x00000000ebb00000,0x00000000ebd7dc78,0x00000000ebd80000)
  to   space 2560K, 0% used [0x00000000ecd80000,0x00000000ecd80000,0x00000000ed000000)
 ParOldGen       total 44032K, used 1306K [0x00000000c0000000, 0x00000000c2b00000, 0x00000000eab00000)
  object space 44032K, 2% used [0x00000000c0000000,0x00000000c0146860,0x00000000c2b00000)
 Metaspace       used 5955K, capacity 6960K, committed 7040K, reserved 1056768K
  class space    used 587K, capacity 616K, committed 640K, reserved 1048576K
Event: 6.750 GC heap after
Heap after GC invocations=2 (full 0):
 PSYoungGen      total 35328K, used 2528K [0x00000000eab00000, 0x00000000ed000000, 0x0000000100000000)
  eden space 32768K, 0% used [0x00000000eab00000,0x00000000eab00000,0x00000000ecb00000)
  from space 2560K, 98% used [0x00000000ecd80000,0x00000000ecff8018,0x00000000ed000000)
  to   space 2560K, 0% used [0x00000000ecb00000,0x00000000ecb00000,0x00000000ecd80000)
 ParOldGen       total 44032K, used 3329K [0x00000000c0000000, 0x00000000c2b00000, 0x00000000eab00000)
  object space 44032K, 7% used [0x00000000c0000000,0x00000000c0340578,0x00000000c2b00000)
 Metaspace       used 5955K, capacity 6960K, committed 7040K, reserved 1056768K
  class space    used 587K, capacity 616K, committed 640K, reserved 1048576K
}

Deoptimization events (10 events):
Event: 8.336 Thread 0x00000000563bb800 Uncommon trap: reason=unreached action=reinterpret pc=0x00000000027900cc method=com.android.dx.ssa.SsaMethod.updateOneDefinition(Lcom/android/dx/ssa/SsaInsn;Lcom/android/dx/rop/code/RegisterSpec;)V @ 4
Event: 8.714 Thread 0x00000000563bb800 Uncommon trap: reason=bimorphic action=maybe_recompile pc=0x00000000029adfb0 method=com.android.dx.ssa.SCCP.setLatticeValueTo(IILcom/android/dx/rop/cst/Constant;)Z @ 43
Event: 8.714 Thread 0x00000000563bb800 Uncommon trap: reason=bimorphic action=maybe_recompile pc=0x00000000029adfb0 method=com.android.dx.ssa.SCCP.setLatticeValueTo(IILcom/android/dx/rop/cst/Constant;)Z @ 43
Event: 8.714 Thread 0x00000000563bb800 Uncommon trap: reason=bimorphic action=maybe_recompile pc=0x00000000029adfb0 method=com.android.dx.ssa.SCCP.setLatticeValueTo(IILcom/android/dx/rop/cst/Constant;)Z @ 43
Event: 8.714 Thread 0x00000000563bb800 Uncommon trap: reason=bimorphic action=maybe_recompile pc=0x00000000029adfb0 method=com.android.dx.ssa.SCCP.setLatticeValueTo(IILcom/android/dx/rop/cst/Constant;)Z @ 43
Event: 9.796 Thread 0x00000000563bb800 Uncommon trap: reason=bimorphic action=maybe_recompile pc=0x000000000267a7fc method=java.util.HashMap.getNode(ILjava/lang/Object;)Ljava/util/HashMap$Node; @ 126
Event: 9.871 Thread 0x00000000563bb800 Uncommon trap: reason=bimorphic action=maybe_recompile pc=0x0000000002a52784 method=com.android.dx.cf.code.BytecodeArray.parseInstruction(ILcom/android/dx/cf/code/BytecodeArray$Visitor;)I @ 923
Event: 9.871 Thread 0x00000000563bb800 Uncommon trap: reason=bimorphic action=maybe_recompile pc=0x0000000002a52704 method=com.android.dx.cf.code.BytecodeArray.parseInstruction(ILcom/android/dx/cf/code/BytecodeArray$Visitor;)I @ 907
Event: 9.871 Thread 0x00000000563bb800 Uncommon trap: reason=bimorphic action=maybe_recompile pc=0x0000000002a523e8 method=com.android.dx.cf.code.BytecodeArray.parseInstruction(ILcom/android/dx/cf/code/BytecodeArray$Visitor;)I @ 1597
Event: 9.871 Thread 0x00000000563bb800 Uncommon trap: reason=bimorphic action=maybe_recompile pc=0x0000000002a52784 method=com.android.dx.cf.code.BytecodeArray.parseInstruction(ILcom/android/dx/cf/code/BytecodeArray$Visitor;)I @ 923

Internal exceptions (10 events):
Event: 3.511 Thread 0x00000000563bb800 Exception <a 'java/security/PrivilegedActionException'> (0x00000000eb3dd9f8) thrown at [D:\re\workspace\8-2-build-windows-amd64-cygwin\jdk8u20\1074\hotspot\src\share\vm\prims\jvm.cpp, line 1275]
Event: 3.512 Thread 0x0000000056441800 Exception <a 'java/security/PrivilegedActionException'> (0x00000000eb6ac158) thrown at [D:\re\workspace\8-2-build-windows-amd64-cygwin\jdk8u20\1074\hotspot\src\share\vm\prims\jvm.cpp, line 1275]
Event: 3.513 Thread 0x0000000056441800 Exception <a 'java/security/PrivilegedActionException'> (0x00000000eb6b0a60) thrown at [D:\re\workspace\8-2-build-windows-amd64-cygwin\jdk8u20\1074\hotspot\src\share\vm\prims\jvm.cpp, line 1275]
Event: 3.529 Thread 0x0000000056441800 Exception <a 'java/security/PrivilegedActionException'> (0x00000000eb6d92d0) thrown at [D:\re\workspace\8-2-build-windows-amd64-cygwin\jdk8u20\1074\hotspot\src\share\vm\prims\jvm.cpp, line 1275]
Event: 3.532 Thread 0x0000000056441800 Exception <a 'java/security/PrivilegedActionException'> (0x00000000eb6e53f8) thrown at [D:\re\workspace\8-2-build-windows-amd64-cygwin\jdk8u20\1074\hotspot\src\share\vm\prims\jvm.cpp, line 1275]
Event: 3.600 Thread 0x0000000001e1e800 Exception <a 'java/security/PrivilegedActionException'> (0x00000000eb896ac8) thrown at [D:\re\workspace\8-2-build-windows-amd64-cygwin\jdk8u20\1074\hotspot\src\share\vm\prims\jvm.cpp, line 1275]
Event: 4.770 Thread 0x0000000001e1e800 Exception <a 'java/security/PrivilegedActionException'> (0x00000000eaff4b58) thrown at [D:\re\workspace\8-2-build-windows-amd64-cygwin\jdk8u20\1074\hotspot\src\share\vm\prims\jvm.cpp, line 1275]
Event: 5.734 Thread 0x0000000056441800 Exception <a 'java/security/PrivilegedActionException'> (0x00000000eb9320f8) thrown at [D:\re\workspace\8-2-build-windows-amd64-cygwin\jdk8u20\1074\hotspot\src\share\vm\prims\jvm.cpp, line 1275]
Event: 7.175 Thread 0x00000000563bb800 Implicit null exception at 0x00000000028e7bd2 to 0x00000000028e7cc2
Event: 7.774 Thread 0x00000000563bb800 Exception <a 'java/security/PrivilegedActionException'> (0x00000000eb3cb7d8) thrown at [D:\re\workspace\8-2-build-windows-amd64-cygwin\jdk8u20\1074\hotspot\src\share\vm\prims\jvm.cpp, line 1275]

Events (10 events):
Event: 9.871 Thread 0x00000000563bb800 DEOPT UNPACKING pc=0x000000000243556a sp=0x0000000057d2ed78 mode 2
Event: 9.871 Thread 0x00000000563bb800 Uncommon trap: trap_request=0xffffffc6 fr.pc=0x0000000002a52704
Event: 9.871 Thread 0x00000000563bb800 DEOPT PACKING pc=0x0000000002a52704 sp=0x0000000057d2edc0
Event: 9.871 Thread 0x00000000563bb800 DEOPT UNPACKING pc=0x000000000243556a sp=0x0000000057d2ed78 mode 2
Event: 9.871 Thread 0x00000000563bb800 Uncommon trap: trap_request=0xffffffc6 fr.pc=0x0000000002a523e8
Event: 9.871 Thread 0x00000000563bb800 DEOPT PACKING pc=0x0000000002a523e8 sp=0x0000000057d2edc0
Event: 9.871 Thread 0x00000000563bb800 DEOPT UNPACKING pc=0x000000000243556a sp=0x0000000057d2ed70 mode 2
Event: 9.871 Thread 0x00000000563bb800 Uncommon trap: trap_request=0xffffffc6 fr.pc=0x0000000002a52784
Event: 9.871 Thread 0x00000000563bb800 DEOPT PACKING pc=0x0000000002a52784 sp=0x0000000057d2eb80
Event: 9.871 Thread 0x00000000563bb800 DEOPT UNPACKING pc=0x000000000243556a sp=0x0000000057d2eb38 mode 2


Dynamic libraries:
0x000000013f460000 - 0x000000013f494000 	C:\Program Files\Java\jdk1.8.0_20\bin\java.exe
0x0000000077740000 - 0x00000000778ea000 	C:\Windows\SYSTEM32\ntdll.dll
0x0000000077620000 - 0x000000007773f000 	C:\Windows\system32\kernel32.dll
0x000007fefd800000 - 0x000007fefd86a000 	C:\Windows\system32\KERNELBASE.dll
0x000007feff060000 - 0x000007feff13b000 	C:\Windows\system32\ADVAPI32.dll
0x000007feff160000 - 0x000007feff1ff000 	C:\Windows\system32\msvcrt.dll
0x000007feff7e0000 - 0x000007feff7ff000 	C:\Windows\SYSTEM32\sechost.dll
0x000007fefdb30000 - 0x000007fefdc5d000 	C:\Windows\system32\RPCRT4.dll
0x0000000077520000 - 0x000000007761a000 	C:\Windows\system32\USER32.dll
0x000007feff740000 - 0x000007feff7a7000 	C:\Windows\system32\GDI32.dll
0x000007feff8d0000 - 0x000007feff8de000 	C:\Windows\system32\LPK.dll
0x000007feff800000 - 0x000007feff8ca000 	C:\Windows\system32\USP10.dll
0x000007fefc320000 - 0x000007fefc514000 	C:\Windows\WinSxS\amd64_microsoft.windows.common-controls_6595b64144ccf1df_6.0.7601.18837_none_fa3b1e3d17594757\COMCTL32.dll
0x000007fefe9f0000 - 0x000007fefea61000 	C:\Windows\system32\SHLWAPI.dll
0x000007feff7b0000 - 0x000007feff7de000 	C:\Windows\system32\IMM32.DLL
0x000007feff940000 - 0x000007feffa49000 	C:\Windows\system32\MSCTF.dll
0x000000006de20000 - 0x000000006def2000 	C:\Program Files\Java\jdk1.8.0_20\jre\bin\msvcr100.dll
0x000000006d3d0000 - 0x000000006dc28000 	C:\Program Files\Java\jdk1.8.0_20\jre\bin\server\jvm.dll
0x000007fefc8b0000 - 0x000007fefc8b9000 	C:\Windows\system32\WSOCK32.dll
0x000007feff8f0000 - 0x000007feff93d000 	C:\Windows\system32\WS2_32.dll
0x000007feff8e0000 - 0x000007feff8e8000 	C:\Windows\system32\NSI.dll
0x000007fefb370000 - 0x000007fefb3ab000 	C:\Windows\system32\WINMM.dll
0x0000000077910000 - 0x0000000077917000 	C:\Windows\system32\PSAPI.DLL
0x0000000072a60000 - 0x0000000072a6f000 	C:\Program Files\Java\jdk1.8.0_20\jre\bin\verify.dll
0x000000006d3a0000 - 0x000000006d3c8000 	C:\Program Files\Java\jdk1.8.0_20\jre\bin\java.dll
0x000000006d210000 - 0x000000006d226000 	C:\Program Files\Java\jdk1.8.0_20\jre\bin\zip.dll
0x000007fefdc60000 - 0x000007fefe9ea000 	C:\Windows\system32\SHELL32.dll
0x000007fefd920000 - 0x000007fefdb23000 	C:\Windows\system32\ole32.dll
0x000007fefd4c0000 - 0x000007fefd4cf000 	C:\Windows\system32\profapi.dll

VM Arguments:
jvm_args: -Djava.awt.headless=true -Xmx1024M -Dfile.encoding=windows-1252 -Duser.country=US -Duser.language=en -Duser.variant 
java_command: com.android.dx.command.Main --dex --num-threads=4 --output C:\Users\Martin\AndroidStudioProjects\SystemEngineeringGSM\app\build\intermediates\pre-dexed\debug\com.google.android.gms-play-services-cast-8.4.0_680cc2a1901073e032e4d6d1b6a9cba2ae4467ad.jar C:\Users\Martin\AndroidStudioProjects\SystemEngineeringGSM\app\build\intermediates\exploded-aar\com.google.android.gms\play-services-cast\8.4.0\jars\classes.jar
java_class_path (initial): C:\Users\Martin\AppData\Local\Android\sdk\build-tools\23.0.2\lib\dx.jar
Launcher Type: SUN_STANDARD

Environment Variables:
PATH=C:\ProgramData\Oracle\Java\javapath;C:\Program Files\Common Files\Microsoft Shared\Windows Live;C:\Program Files (x86)\Common Files\Microsoft Shared\Windows Live;C:\Program Files (x86)\Intel\iCLS Client\;C:\Program Files\Intel\iCLS Client\;C:\Program Files\Dell\DW WLAN Card;C:\Windows\system32;C:\Windows;C:\Windows\System32\Wbem;C:\Windows\System32\WindowsPowerShell\v1.0\;C:\Program Files\WIDCOMM\Bluetooth Software\;C:\Program Files\WIDCOMM\Bluetooth Software\syswow64;C:\Program Files\Dell\Dell Data Protection\Access\Advanced\Wave\Gemalto\Access Client\v5\;C:\Program Files (x86)\Security Innovation\SI TSS\bin\;C:\Program Files (x86)\Windows Live\Shared;C:\Program Files (x86)\MySQL\MySQL Utilities 1.3.4\;C:\Program Files\Microsoft SQL Server\110\Tools\Binn\;C:\Program Files\nodejs\;C:\Program Files (x86)\Git\cmd;C:\Program Files\MATLAB\runtime\win64;C:\Program Files\MATLAB\bin;C:\Program Files (x86)\QuickTime\QTSystem\;C:\Program Files (x86)\GtkSharp\2.12\bin;C:\Program Files (x86)\Skype\Phone\;C:\Program Files\Intel\Intel(R) Management Engine Components\DAL;C:\Program Files\Intel\Intel(R) Management Engine Components\IPT;C:\Program Files (x86)\Intel\Intel(R) Management Engine Components\DAL;C:\Program Files (x86)\Intel\Intel(R) Management Engine Components\IPT;C:\Users\Martin\AppData\Local\Android\sdk\platform-tools;C:\Program Files\Java\jdk1.8.0_20\bin;C:\Users\Martin\AppData\Roaming\npm
USERNAME=Martin
OS=Windows_NT
PROCESSOR_IDENTIFIER=Intel64 Family 6 Model 58 Stepping 9, GenuineIntel



---------------  S Y S T E M  ---------------

OS: Windows 7 , 64 bit Build 7601 Service Pack 1

CPU:total 4 (2 cores per cpu, 2 threads per core) family 6 model 58 stepping 9, cmov, cx8, fxsr, mmx, sse, sse2, sse3, ssse3, sse4.1, sse4.2, popcnt, avx, aes, clmul, erms, ht, tsc, tscinvbit, tscinv

Memory: 4k page, physical 4077532k(120084k free), swap 6172824k(5112k free)

vm_info: Java HotSpot(TM) 64-Bit Server VM (25.20-b23) for windows-amd64 JRE (1.8.0_20-b26), built on Jul 30 2014 13:51:23 by "java_re" with MS VC++ 10.0 (VS2010)

time: Thu May 26 10:33:04 2016
elapsed time: 10 seconds (0d 0h 0m 10s)

