#
# There is insufficient memory for the Java Runtime Environment to continue.
# Native memory allocation (malloc) failed to allocate 280816 bytes for Chunk::new
# Possible reasons:
#   The system is out of physical RAM or swap space
#   In 32 bit mode, the process size limit was hit
# Possible solutions:
#   Reduce memory load on the system
#   Increase physical memory or swap space
#   Check if swap backing store is full
#   Use 64 bit Java on a 64 bit OS
#   Decrease Java heap size (-Xmx/-Xms)
#   Decrease number of Java threads
#   Decrease Java thread stack sizes (-Xss)
#   Set larger code cache with -XX:ReservedCodeCacheSize=
# This output file may be truncated or incomplete.
#
#  Out of Memory Error (allocation.cpp:390), pid=9804, tid=6436
#
# JRE version: Java(TM) SE Runtime Environment (8.0_20-b26) (build 1.8.0_20-b26)
# Java VM: Java HotSpot(TM) 64-Bit Server VM (25.20-b23 mixed mode windows-amd64 compressed oops)
# Failed to write core dump. Minidumps are not enabled by default on client versions of Windows
#

---------------  T H R E A D  ---------------

Current thread (0x0000000054f0f800):  JavaThread "C2 CompilerThread0" daemon [_thread_in_native, id=6436, stack(0x0000000056690000,0x0000000056790000)]

Stack: [0x0000000056690000,0x0000000056790000]
Native frames: (J=compiled Java code, j=interpreted, Vv=VM code, C=native code)
V  [jvm.dll+0x3152fa]


Current CompileTask:
C2:   4774 1177   !   4       com.android.dx.cf.code.BytecodeArray::parseInstruction (2764 bytes)


---------------  P R O C E S S  ---------------

Java Threads: ( => current thread )
  0x0000000056c1a000 JavaThread "pool-1-thread-4" [_thread_blocked, id=9232, stack(0x00000000574e0000,0x00000000575e0000)]
  0x0000000056c0c000 JavaThread "pool-1-thread-3" [_thread_blocked, id=2384, stack(0x0000000057390000,0x0000000057490000)]
  0x0000000056c37000 JavaThread "pool-1-thread-2" [_thread_blocked, id=1012, stack(0x0000000056590000,0x0000000056690000)]
  0x0000000056c36800 JavaThread "pool-2-thread-1" [_thread_blocked, id=6152, stack(0x0000000057150000,0x0000000057250000)]
  0x0000000056caf800 JavaThread "pool-1-thread-1" [_thread_blocked, id=5904, stack(0x0000000057270000,0x0000000057370000)]
  0x00000000569e6800 JavaThread "Service Thread" daemon [_thread_blocked, id=9444, stack(0x0000000056e00000,0x0000000056f00000)]
  0x0000000054f14000 JavaThread "C1 CompilerThread2" daemon [_thread_blocked, id=7004, stack(0x0000000056890000,0x0000000056990000)]
  0x0000000054f12000 JavaThread "C2 CompilerThread1" daemon [_thread_blocked, id=2876, stack(0x0000000056320000,0x0000000056420000)]
=>0x0000000054f0f800 JavaThread "C2 CompilerThread0" daemon [_thread_in_native, id=6436, stack(0x0000000056690000,0x0000000056790000)]
  0x0000000054f0c800 JavaThread "Attach Listener" daemon [_thread_blocked, id=7308, stack(0x0000000056450000,0x0000000056550000)]
  0x0000000054f1d000 JavaThread "Signal Dispatcher" daemon [_thread_blocked, id=6624, stack(0x0000000055e40000,0x0000000055f40000)]
  0x0000000054eb5000 JavaThread "Finalizer" daemon [_thread_blocked, id=1960, stack(0x0000000056210000,0x0000000056310000)]
  0x0000000054eac000 JavaThread "Reference Handler" daemon [_thread_blocked, id=5920, stack(0x0000000056110000,0x0000000056210000)]
  0x0000000001fae800 JavaThread "main" [_thread_blocked, id=6448, stack(0x0000000002270000,0x0000000002370000)]

Other Threads:
  0x0000000054ea6800 VMThread [stack: 0x0000000055f40000,0x0000000056040000] [id=1080]
  0x00000000569ea000 WatcherThread [stack: 0x0000000057000000,0x0000000057100000] [id=9456]

VM state:not at safepoint (normal execution)

VM Mutex/Monitor currently owned by a thread: None

Heap:
 PSYoungGen      total 18944K, used 12366K [0x00000000eab00000, 0x00000000ed000000, 0x0000000100000000)
  eden space 16384K, 59% used [0x00000000eab00000,0x00000000eb4967b0,0x00000000ebb00000)
  from space 2560K, 99% used [0x00000000ebb00000,0x00000000ebd7d2e0,0x00000000ebd80000)
  to   space 2560K, 0% used [0x00000000ecd80000,0x00000000ecd80000,0x00000000ed000000)
 ParOldGen       total 44032K, used 1273K [0x00000000c0000000, 0x00000000c2b00000, 0x00000000eab00000)
  object space 44032K, 2% used [0x00000000c0000000,0x00000000c013e5e8,0x00000000c2b00000)
 Metaspace       used 5857K, capacity 6896K, committed 7040K, reserved 1056768K
  class space    used 587K, capacity 616K, committed 640K, reserved 1048576K

Card table byte_map: [0x0000000011a00000,0x0000000011c10000] byte_map_base: 0x0000000011400000

Marking Bits: (ParMarkBitMap*) 0x000000007312b460
 Begin Bits: [0x0000000012320000, 0x0000000013320000)
 End Bits:   [0x0000000013320000, 0x0000000014320000)

Polling page: 0x00000000001a0000

CodeCache: size=245760Kb used=4504Kb max_used=4504Kb free=241255Kb
 bounds [0x0000000002640000, 0x0000000002ab0000, 0x0000000011640000]
 total_blobs=1429 nmethods=1165 adapters=178
 compilation: enabled

Compilation events (10 events):
Event: 4.445 Thread 0x0000000054f14000 1178       3       com.android.dx.rop.code.Rops::opMoveParam (69 bytes)
Event: 4.446 Thread 0x0000000054f14000 nmethod 1178 0x0000000002aa59d0 code [0x0000000002aa5c00, 0x0000000002aa6778]
Event: 4.446 Thread 0x0000000054f14000 1175       3       com.android.dx.dex.cf.AttributeTranslator::getAnnotations0 (62 bytes)
Event: 4.446 Thread 0x0000000054f14000 nmethod 1175 0x0000000002aa6cd0 code [0x0000000002aa6f00, 0x0000000002aa7c98]
Event: 4.763 Thread 0x0000000054f14000 1179       3       java.util.concurrent.locks.AbstractQueuedSynchronizer::setState (6 bytes)
Event: 4.763 Thread 0x0000000054f14000 nmethod 1179 0x0000000002a902d0 code [0x0000000002a90420, 0x0000000002a90570]
Event: 4.768 Thread 0x0000000054f14000 1180       3       com.android.dx.cf.iface.StdMember::<init> (69 bytes)
Event: 4.769 Thread 0x0000000054f14000 nmethod 1180 0x0000000002aa8250 code [0x0000000002aa8400, 0x0000000002aa8868]
Event: 4.769 Thread 0x0000000054f14000 1181       3       com.android.dx.cf.code.LocalVariableList$Item::<init> (115 bytes)
Event: 4.770 Thread 0x0000000054f14000 nmethod 1181 0x0000000002aa8a10 code [0x0000000002aa8be0, 0x0000000002aa9228]

GC Heap History (2 events):
Event: 0.997 GC heap before
{Heap before GC invocations=1 (full 0):
 PSYoungGen      total 18944K, used 16384K [0x00000000eab00000, 0x00000000ec000000, 0x0000000100000000)
  eden space 16384K, 100% used [0x00000000eab00000,0x00000000ebb00000,0x00000000ebb00000)
  from space 2560K, 0% used [0x00000000ebd80000,0x00000000ebd80000,0x00000000ec000000)
  to   space 2560K, 0% used [0x00000000ebb00000,0x00000000ebb00000,0x00000000ebd80000)
 ParOldGen       total 44032K, used 0K [0x00000000c0000000, 0x00000000c2b00000, 0x00000000eab00000)
  object space 44032K, 0% used [0x00000000c0000000,0x00000000c0000000,0x00000000c2b00000)
 Metaspace       used 5642K, capacity 6704K, committed 6784K, reserved 1056768K
  class space    used 586K, capacity 616K, committed 640K, reserved 1048576K
Event: 1.063 GC heap after
Heap after GC invocations=1 (full 0):
 PSYoungGen      total 18944K, used 2548K [0x00000000eab00000, 0x00000000ed000000, 0x0000000100000000)
  eden space 16384K, 0% used [0x00000000eab00000,0x00000000eab00000,0x00000000ebb00000)
  from space 2560K, 99% used [0x00000000ebb00000,0x00000000ebd7d2e0,0x00000000ebd80000)
  to   space 2560K, 0% used [0x00000000ecd80000,0x00000000ecd80000,0x00000000ed000000)
 ParOldGen       total 44032K, used 1273K [0x00000000c0000000, 0x00000000c2b00000, 0x00000000eab00000)
  object space 44032K, 2% used [0x00000000c0000000,0x00000000c013e5e8,0x00000000c2b00000)
 Metaspace       used 5642K, capacity 6704K, committed 6784K, reserved 1056768K
  class space    used 586K, capacity 616K, committed 640K, reserved 1048576K
}

Deoptimization events (0 events):
No events

Internal exceptions (10 events):
Event: 0.715 Thread 0x0000000056c37000 Exception <a 'java/security/PrivilegedActionException'> (0x00000000eb4e0c38) thrown at [D:\re\workspace\8-2-build-windows-amd64-cygwin\jdk8u20\1074\hotspot\src\share\vm\prims\jvm.cpp, line 1275]
Event: 0.715 Thread 0x0000000056c37000 Exception <a 'java/security/PrivilegedActionException'> (0x00000000eb4e5d38) thrown at [D:\re\workspace\8-2-build-windows-amd64-cygwin\jdk8u20\1074\hotspot\src\share\vm\prims\jvm.cpp, line 1275]
Event: 0.716 Thread 0x0000000056c37000 Exception <a 'java/security/PrivilegedActionException'> (0x00000000eb4eb290) thrown at [D:\re\workspace\8-2-build-windows-amd64-cygwin\jdk8u20\1074\hotspot\src\share\vm\prims\jvm.cpp, line 1275]
Event: 0.717 Thread 0x0000000056c37000 Exception <a 'java/security/PrivilegedActionException'> (0x00000000eb4eeb20) thrown at [D:\re\workspace\8-2-build-windows-amd64-cygwin\jdk8u20\1074\hotspot\src\share\vm\prims\jvm.cpp, line 1275]
Event: 0.720 Thread 0x0000000056c37000 Exception <a 'java/security/PrivilegedActionException'> (0x00000000eb53b378) thrown at [D:\re\workspace\8-2-build-windows-amd64-cygwin\jdk8u20\1074\hotspot\src\share\vm\prims\jvm.cpp, line 1275]
Event: 0.721 Thread 0x0000000056c37000 Exception <a 'java/security/PrivilegedActionException'> (0x00000000eb5415c8) thrown at [D:\re\workspace\8-2-build-windows-amd64-cygwin\jdk8u20\1074\hotspot\src\share\vm\prims\jvm.cpp, line 1275]
Event: 0.722 Thread 0x0000000001fae800 Exception <a 'java/security/PrivilegedActionException'> (0x00000000eb2058a0) thrown at [D:\re\workspace\8-2-build-windows-amd64-cygwin\jdk8u20\1074\hotspot\src\share\vm\prims\jvm.cpp, line 1275]
Event: 0.725 Thread 0x0000000001fae800 Exception <a 'java/security/PrivilegedActionException'> (0x00000000eb58ec00) thrown at [D:\re\workspace\8-2-build-windows-amd64-cygwin\jdk8u20\1074\hotspot\src\share\vm\prims\jvm.cpp, line 1275]
Event: 0.732 Thread 0x0000000001fae800 Exception <a 'java/security/PrivilegedActionException'> (0x00000000eb5aa220) thrown at [D:\re\workspace\8-2-build-windows-amd64-cygwin\jdk8u20\1074\hotspot\src\share\vm\prims\jvm.cpp, line 1275]
Event: 1.680 Thread 0x0000000056c1a000 Exception <a 'java/security/PrivilegedActionException'> (0x00000000eac5e818) thrown at [D:\re\workspace\8-2-build-windows-amd64-cygwin\jdk8u20\1074\hotspot\src\share\vm\prims\jvm.cpp, line 1275]

Events (10 events):
Event: 0.825 loading class java/util/ArrayList$1
Event: 0.825 loading class java/util/ArrayList$1 done
Event: 0.994 Executing VM operation: ParallelGCFailedAllocation
Event: 1.063 Executing VM operation: ParallelGCFailedAllocation done
Event: 1.099 loading class sun/misc/Cleaner
Event: 1.099 loading class sun/misc/Cleaner done
Event: 1.680 loading class com/android/dx/cf/code/SwitchList
Event: 1.680 loading class com/android/dx/cf/code/SwitchList done
Event: 4.250 Executing VM operation: EnableBiasedLocking
Event: 4.250 Executing VM operation: EnableBiasedLocking done


Dynamic libraries:
0x000000013f780000 - 0x000000013f7b4000 	C:\Program Files\Java\jdk1.8.0_20\bin\java.exe
0x0000000076e60000 - 0x000000007700a000 	C:\Windows\SYSTEM32\ntdll.dll
0x0000000076d40000 - 0x0000000076e5f000 	C:\Windows\system32\kernel32.dll
0x000007fefcdb0000 - 0x000007fefce1a000 	C:\Windows\system32\KERNELBASE.dll
0x000007fefddd0000 - 0x000007fefdeab000 	C:\Windows\system32\ADVAPI32.dll
0x000007fefdeb0000 - 0x000007fefdf4f000 	C:\Windows\system32\msvcrt.dll
0x000007fefcfa0000 - 0x000007fefcfbf000 	C:\Windows\SYSTEM32\sechost.dll
0x000007fefd380000 - 0x000007fefd4ad000 	C:\Windows\system32\RPCRT4.dll
0x0000000076c40000 - 0x0000000076d3a000 	C:\Windows\system32\USER32.dll
0x000007fefdae0000 - 0x000007fefdb47000 	C:\Windows\system32\GDI32.dll
0x000007feff160000 - 0x000007feff16e000 	C:\Windows\system32\LPK.dll
0x000007fefd740000 - 0x000007fefd80a000 	C:\Windows\system32\USP10.dll
0x000007fefba40000 - 0x000007fefbc34000 	C:\Windows\WinSxS\amd64_microsoft.windows.common-controls_6595b64144ccf1df_6.0.7601.18837_none_fa3b1e3d17594757\COMCTL32.dll
0x000007fefdf50000 - 0x000007fefdfc1000 	C:\Windows\system32\SHLWAPI.dll
0x000007fefef50000 - 0x000007fefef7e000 	C:\Windows\system32\IMM32.DLL
0x000007fefd270000 - 0x000007fefd379000 	C:\Windows\system32\MSCTF.dll
0x0000000064a30000 - 0x0000000064b02000 	C:\Program Files\Java\jdk1.8.0_20\jre\bin\msvcr100.dll
0x0000000072950000 - 0x00000000731a8000 	C:\Program Files\Java\jdk1.8.0_20\jre\bin\server\jvm.dll
0x000007fefbfd0000 - 0x000007fefbfd9000 	C:\Windows\system32\WSOCK32.dll
0x000007fefef80000 - 0x000007fefefcd000 	C:\Windows\system32\WS2_32.dll
0x000007fefed60000 - 0x000007fefed68000 	C:\Windows\system32\NSI.dll
0x000007fefae60000 - 0x000007fefae9b000 	C:\Windows\system32\WINMM.dll
0x0000000077020000 - 0x0000000077027000 	C:\Windows\system32\PSAPI.DLL
0x0000000073710000 - 0x000000007371f000 	C:\Program Files\Java\jdk1.8.0_20\jre\bin\verify.dll
0x00000000736e0000 - 0x0000000073708000 	C:\Program Files\Java\jdk1.8.0_20\jre\bin\java.dll
0x00000000736c0000 - 0x00000000736d6000 	C:\Program Files\Java\jdk1.8.0_20\jre\bin\zip.dll
0x000007fefdfd0000 - 0x000007fefed5a000 	C:\Windows\system32\SHELL32.dll
0x000007fefd060000 - 0x000007fefd263000 	C:\Windows\system32\ole32.dll
0x000007fefcbe0000 - 0x000007fefcbef000 	C:\Windows\system32\profapi.dll

VM Arguments:
jvm_args: -Djava.awt.headless=true -Xmx1024M -Dfile.encoding=windows-1252 -Duser.country=US -Duser.language=en -Duser.variant 
java_command: com.android.dx.command.Main --dex --num-threads=4 --output C:\Users\Martin\AndroidStudioProjects\SystemEngineeringGSM\app\build\intermediates\pre-dexed\debug\com.google.android.gms-play-services-vision-8.4.0_d4219d4d3ecf0b6003d2c6529f956fc538548ef4.jar C:\Users\Martin\AndroidStudioProjects\SystemEngineeringGSM\app\build\intermediates\exploded-aar\com.google.android.gms\play-services-vision\8.4.0\jars\classes.jar
java_class_path (initial): C:\Users\Martin\AppData\Local\Android\sdk\build-tools\23.0.2\lib\dx.jar
Launcher Type: SUN_STANDARD

Environment Variables:
PATH=C:\ProgramData\Oracle\Java\javapath;C:\Program Files\Common Files\Microsoft Shared\Windows Live;C:\Program Files (x86)\Common Files\Microsoft Shared\Windows Live;C:\Program Files (x86)\Intel\iCLS Client\;C:\Program Files\Intel\iCLS Client\;C:\Program Files\Dell\DW WLAN Card;C:\Windows\system32;C:\Windows;C:\Windows\System32\Wbem;C:\Windows\System32\WindowsPowerShell\v1.0\;C:\Program Files\WIDCOMM\Bluetooth Software\;C:\Program Files\WIDCOMM\Bluetooth Software\syswow64;C:\Program Files\Dell\Dell Data Protection\Access\Advanced\Wave\Gemalto\Access Client\v5\;C:\Program Files (x86)\Security Innovation\SI TSS\bin\;C:\Program Files (x86)\Windows Live\Shared;C:\Program Files (x86)\MySQL\MySQL Utilities 1.3.4\;C:\Program Files\Microsoft SQL Server\110\Tools\Binn\;C:\Program Files\nodejs\;C:\Program Files (x86)\Git\cmd;C:\Program Files\MATLAB\runtime\win64;C:\Program Files\MATLAB\bin;C:\Program Files (x86)\QuickTime\QTSystem\;C:\Program Files (x86)\GtkSharp\2.12\bin;C:\Program Files (x86)\Skype\Phone\;C:\Program Files\Intel\Intel(R) Management Engine Components\DAL;C:\Program Files\Intel\Intel(R) Management Engine Components\IPT;C:\Program Files (x86)\Intel\Intel(R) Management Engine Components\DAL;C:\Program Files (x86)\Intel\Intel(R) Management Engine Components\IPT;C:\Users\Martin\AppData\Local\Android\sdk\platform-tools;C:\Program Files\Java\jdk1.8.0_20\bin;C:\Users\Martin\AppData\Roaming\npm
USERNAME=Martin
OS=Windows_NT
PROCESSOR_IDENTIFIER=Intel64 Family 6 Model 58 Stepping 9, GenuineIntel



---------------  S Y S T E M  ---------------

OS: Windows 7 , 64 bit Build 7601 Service Pack 1

CPU:total 4 (2 cores per cpu, 2 threads per core) family 6 model 58 stepping 9, cmov, cx8, fxsr, mmx, sse, sse2, sse3, ssse3, sse4.1, sse4.2, popcnt, avx, aes, clmul, erms, ht, tsc, tscinvbit, tscinv

Memory: 4k page, physical 4077532k(616984k free), swap 6172824k(5156k free)

vm_info: Java HotSpot(TM) 64-Bit Server VM (25.20-b23) for windows-amd64 JRE (1.8.0_20-b26), built on Jul 30 2014 13:51:23 by "java_re" with MS VC++ 10.0 (VS2010)

time: Wed May 25 13:26:36 2016
elapsed time: 4 seconds (0d 0h 0m 4s)

