#
# There is insufficient memory for the Java Runtime Environment to continue.
# Native memory allocation (malloc) failed to allocate 524336 bytes for Chunk::new
# Possible reasons:
#   The system is out of physical RAM or swap space
#   In 32 bit mode, the process size limit was hit
# Possible solutions:
#   Reduce memory load on the system
#   Increase physical memory or swap space
#   Check if swap backing store is full
#   Use 64 bit Java on a 64 bit OS
#   Decrease Java heap size (-Xmx/-Xms)
#   Decrease number of Java threads
#   Decrease Java thread stack sizes (-Xss)
#   Set larger code cache with -XX:ReservedCodeCacheSize=
# This output file may be truncated or incomplete.
#
#  Out of Memory Error (allocation.cpp:323), pid=13208, tid=6108
#
# JRE version: Java(TM) SE Runtime Environment (7.0_40-b43) (build 1.7.0_40-b43)
# Java VM: Java HotSpot(TM) 64-Bit Server VM (24.0-b56 mixed mode windows-amd64 compressed oops)
# Failed to write core dump. Minidumps are not enabled by default on client versions of Windows
#

---------------  T H R E A D  ---------------

Current thread (0x000000000825f800):  JavaThread "C2 CompilerThread0" daemon [_thread_in_native, id=6108, stack(0x0000000009a30000,0x0000000009b30000)]

Stack: [0x0000000009a30000,0x0000000009b30000]

Current CompileTask:
C2:  13543  381             com.android.dx.ssa.ConstCollector::getConstsSortedByCountUse (386 bytes)


---------------  P R O C E S S  ---------------

Java Threads: ( => current thread )
  0x000000000a327800 JavaThread "pool-1-thread-4" [_thread_blocked, id=10220, stack(0x000000000adb0000,0x000000000aeb0000)]
  0x000000000a327000 JavaThread "pool-1-thread-3" [_thread_blocked, id=14080, stack(0x000000000a840000,0x000000000a940000)]
  0x000000000a329800 JavaThread "pool-1-thread-2" [_thread_blocked, id=10296, stack(0x000000000ac10000,0x000000000ad10000)]
  0x000000000a346000 JavaThread "pool-2-thread-1" [_thread_blocked, id=1016, stack(0x000000000aa80000,0x000000000ab80000)]
  0x000000000a2bd800 JavaThread "pool-1-thread-1" [_thread_in_vm, id=14292, stack(0x000000000a980000,0x000000000aa80000)]
  0x0000000008263800 JavaThread "Service Thread" daemon [_thread_blocked, id=11500, stack(0x0000000009ed0000,0x0000000009fd0000)]
  0x0000000008263000 JavaThread "C2 CompilerThread1" daemon [_thread_blocked, id=8360, stack(0x0000000009c40000,0x0000000009d40000)]
=>0x000000000825f800 JavaThread "C2 CompilerThread0" daemon [_thread_in_native, id=6108, stack(0x0000000009a30000,0x0000000009b30000)]
  0x000000000825e800 JavaThread "Attach Listener" daemon [_thread_blocked, id=8940, stack(0x00000000096b0000,0x00000000097b0000)]
  0x0000000008257800 JavaThread "Signal Dispatcher" daemon [_thread_blocked, id=15588, stack(0x0000000009830000,0x0000000009930000)]
  0x0000000008205800 JavaThread "Finalizer" daemon [_thread_blocked, id=14692, stack(0x0000000009560000,0x0000000009660000)]
  0x00000000081fa000 JavaThread "Reference Handler" daemon [_thread_blocked, id=6996, stack(0x0000000009400000,0x0000000009500000)]
  0x0000000001e3e800 JavaThread "main" [_thread_blocked, id=8400, stack(0x00000000020d0000,0x00000000021d0000)]

Other Threads:
  0x00000000081f8800 VMThread [stack: 0x0000000009290000,0x0000000009390000] [id=15600]
  0x0000000008265000 WatcherThread [stack: 0x000000000a030000,0x000000000a130000] [id=15056]

VM state:not at safepoint (normal execution)

VM Mutex/Monitor currently owned by a thread: None

Heap
 PSYoungGen      total 35328K, used 4447K [0x00000000eaa80000, 0x00000000eef80000, 0x0000000100000000)
  eden space 32768K, 5% used [0x00000000eaa80000,0x00000000eac5bc70,0x00000000eca80000)
  from space 2560K, 99% used [0x00000000eca80000,0x00000000eccfc038,0x00000000ecd00000)
  to   space 2560K, 0% used [0x00000000eed00000,0x00000000eed00000,0x00000000eef80000)
 ParOldGen       total 42496K, used 7517K [0x00000000c0000000, 0x00000000c2980000, 0x00000000eaa80000)
  object space 42496K, 17% used [0x00000000c0000000,0x00000000c0757570,0x00000000c2980000)
 PSPermGen       total 21504K, used 5838K [0x00000000bae00000, 0x00000000bc300000, 0x00000000c0000000)
  object space 21504K, 27% used [0x00000000bae00000,0x00000000bb3b38c8,0x00000000bc300000)

Card table byte_map: [0x00000000051d0000,0x0000000005400000] byte_map_base: 0x0000000004bf9000

Polling page: 0x0000000000130000

Code Cache  [0x00000000021d0000, 0x0000000002440000, 0x00000000051d0000)
 total_blobs=612 nmethods=376 adapters=188 free_code_cache=47620Kb largest_free_block=48737024

Compilation events (10 events):
Event: 13.438 Thread 0x0000000008263000  377             com.android.dx.rop.code.Rop::hashCode (54 bytes)
Event: 13.442 Thread 0x000000000825f800 nmethod 376 0x0000000002350ad0 code [0x0000000002350d80, 0x0000000002351998]
Event: 13.443 Thread 0x0000000008263000 nmethod 377 0x0000000002333850 code [0x00000000023339a0, 0x0000000002333c38]
Event: 13.443 Thread 0x000000000825f800  378             java.lang.String::lastIndexOf (151 bytes)
Event: 13.450 Thread 0x000000000825f800 nmethod 378 0x0000000002353090 code [0x00000000023531e0, 0x0000000002353498]
Event: 13.508 Thread 0x0000000008263000  379             com.android.dx.dex.code.RopToDop::dopFor (792 bytes)
Event: 13.513 Thread 0x000000000825f800  380             com.android.dx.cf.direct.DirectClassFile::getBytes (5 bytes)
Event: 13.514 Thread 0x000000000825f800 nmethod 380 0x0000000002333e50 code [0x0000000002333f80, 0x0000000002333fd8]
Event: 13.514 Thread 0x000000000825f800  381             com.android.dx.ssa.ConstCollector::getConstsSortedByCountUse (386 bytes)
Event: 13.527 Thread 0x0000000008263000 nmethod 379 0x00000000023536d0 code [0x0000000002353b60, 0x0000000002354660]

GC Heap History (6 events):
Event: 4.973 GC heap before
{Heap before GC invocations=1 (full 0):
 PSYoungGen      total 18944K, used 16384K [0x00000000eaa80000, 0x00000000ebf80000, 0x0000000100000000)
  eden space 16384K, 100% used [0x00000000eaa80000,0x00000000eba80000,0x00000000eba80000)
  from space 2560K, 0% used [0x00000000ebd00000,0x00000000ebd00000,0x00000000ebf80000)
  to   space 2560K, 0% used [0x00000000eba80000,0x00000000eba80000,0x00000000ebd00000)
 ParOldGen       total 42496K, used 0K [0x00000000c0000000, 0x00000000c2980000, 0x00000000eaa80000)
  object space 42496K, 0% used [0x00000000c0000000,0x00000000c0000000,0x00000000c2980000)
 PSPermGen       total 21504K, used 5478K [0x00000000bae00000, 0x00000000bc300000, 0x00000000c0000000)
  object space 21504K, 25% used [0x00000000bae00000,0x00000000bb359810,0x00000000bc300000)
Event: 5.675 GC heap after
Heap after GC invocations=1 (full 0):
 PSYoungGen      total 18944K, used 2555K [0x00000000eaa80000, 0x00000000ecf80000, 0x0000000100000000)
  eden space 16384K, 0% used [0x00000000eaa80000,0x00000000eaa80000,0x00000000eba80000)
  from space 2560K, 99% used [0x00000000eba80000,0x00000000ebcfedf8,0x00000000ebd00000)
  to   space 2560K, 0% used [0x00000000ecd00000,0x00000000ecd00000,0x00000000ecf80000)
 ParOldGen       total 42496K, used 722K [0x00000000c0000000, 0x00000000c2980000, 0x00000000eaa80000)
  object space 42496K, 1% used [0x00000000c0000000,0x00000000c00b49a0,0x00000000c2980000)
 PSPermGen       total 21504K, used 5478K [0x00000000bae00000, 0x00000000bc300000, 0x00000000c0000000)
  object space 21504K, 25% used [0x00000000bae00000,0x00000000bb359810,0x00000000bc300000)
}
Event: 7.476 GC heap before
{Heap before GC invocations=2 (full 0):
 PSYoungGen      total 18944K, used 18939K [0x00000000eaa80000, 0x00000000ecf80000, 0x0000000100000000)
  eden space 16384K, 100% used [0x00000000eaa80000,0x00000000eba80000,0x00000000eba80000)
  from space 2560K, 99% used [0x00000000eba80000,0x00000000ebcfedf8,0x00000000ebd00000)
  to   space 2560K, 0% used [0x00000000ecd00000,0x00000000ecd00000,0x00000000ecf80000)
 ParOldGen       total 42496K, used 722K [0x00000000c0000000, 0x00000000c2980000, 0x00000000eaa80000)
  object space 42496K, 1% used [0x00000000c0000000,0x00000000c00b49a0,0x00000000c2980000)
 PSPermGen       total 21504K, used 5704K [0x00000000bae00000, 0x00000000bc300000, 0x00000000c0000000)
  object space 21504K, 26% used [0x00000000bae00000,0x00000000bb392218,0x00000000bc300000)
Event: 7.616 GC heap after
Heap after GC invocations=2 (full 0):
 PSYoungGen      total 35328K, used 2544K [0x00000000eaa80000, 0x00000000ecf80000, 0x0000000100000000)
  eden space 32768K, 0% used [0x00000000eaa80000,0x00000000eaa80000,0x00000000eca80000)
  from space 2560K, 99% used [0x00000000ecd00000,0x00000000ecf7c038,0x00000000ecf80000)
  to   space 2560K, 0% used [0x00000000eca80000,0x00000000eca80000,0x00000000ecd00000)
 ParOldGen       total 42496K, used 2491K [0x00000000c0000000, 0x00000000c2980000, 0x00000000eaa80000)
  object space 42496K, 5% used [0x00000000c0000000,0x00000000c026ede0,0x00000000c2980000)
 PSPermGen       total 21504K, used 5704K [0x00000000bae00000, 0x00000000bc300000, 0x00000000c0000000)
  object space 21504K, 26% used [0x00000000bae00000,0x00000000bb392218,0x00000000bc300000)
}
Event: 13.496 GC heap before
{Heap before GC invocations=3 (full 0):
 PSYoungGen      total 35328K, used 35312K [0x00000000eaa80000, 0x00000000ecf80000, 0x0000000100000000)
  eden space 32768K, 100% used [0x00000000eaa80000,0x00000000eca80000,0x00000000eca80000)
  from space 2560K, 99% used [0x00000000ecd00000,0x00000000ecf7c038,0x00000000ecf80000)
  to   space 2560K, 0% used [0x00000000eca80000,0x00000000eca80000,0x00000000ecd00000)
 ParOldGen       total 42496K, used 2491K [0x00000000c0000000, 0x00000000c2980000, 0x00000000eaa80000)
  object space 42496K, 5% used [0x00000000c0000000,0x00000000c026ede0,0x00000000c2980000)
 PSPermGen       total 21504K, used 5836K [0x00000000bae00000, 0x00000000bc300000, 0x00000000c0000000)
  object space 21504K, 27% used [0x00000000bae00000,0x00000000bb3b31c0,0x00000000bc300000)
Event: 13.507 GC heap after
Heap after GC invocations=3 (full 0):
 PSYoungGen      total 35328K, used 2544K [0x00000000eaa80000, 0x00000000eef80000, 0x0000000100000000)
  eden space 32768K, 0% used [0x00000000eaa80000,0x00000000eaa80000,0x00000000eca80000)
  from space 2560K, 99% used [0x00000000eca80000,0x00000000eccfc038,0x00000000ecd00000)
  to   space 2560K, 0% used [0x00000000eed00000,0x00000000eed00000,0x00000000eef80000)
 ParOldGen       total 42496K, used 7517K [0x00000000c0000000, 0x00000000c2980000, 0x00000000eaa80000)
  object space 42496K, 17% used [0x00000000c0000000,0x00000000c0757570,0x00000000c2980000)
 PSPermGen       total 21504K, used 5836K [0x00000000bae00000, 0x00000000bc300000, 0x00000000c0000000)
  object space 21504K, 27% used [0x00000000bae00000,0x00000000bb3b31c0,0x00000000bc300000)
}

Deoptimization events (7 events):
Event: 5.818 Thread 0x0000000001e3e800 Uncommon trap: reason=null_check action=make_not_entrant pc=0x00000000022533f8 method=com.android.dx.rop.code.LocalItem.equals(Ljava/lang/Object;)Z @ 1
Event: 5.924 Thread 0x000000000a329800 Uncommon trap: reason=unreached action=reinterpret pc=0x0000000002255084 method=com.android.dx.rop.cst.Constant.compareTo(Lcom/android/dx/rop/cst/Constant;)I @ 12
Event: 6.950 Thread 0x000000000a2bd800 Uncommon trap: reason=null_check action=make_not_entrant pc=0x0000000002284820 method=com.android.dx.rop.code.RegisterSpec.equals(Ljava/lang/Object;)Z @ 1
Event: 7.181 Thread 0x000000000a2bd800 Uncommon trap: reason=null_check action=make_not_entrant pc=0x0000000002288750 method=com.android.dx.rop.type.Type.equals(Ljava/lang/Object;)Z @ 8
Event: 7.711 Thread 0x000000000a327000 Uncommon trap: reason=null_check action=make_not_entrant pc=0x0000000002293840 method=com.android.dx.ssa.SsaRenamer.getLocalForNewReg(I)Lcom/android/dx/rop/code/LocalItem; @ 19
Event: 9.067 Thread 0x000000000a327000 Uncommon trap: reason=null_check action=make_not_entrant pc=0x00000000022f2c18 method=com.android.dx.cf.code.Ropper$CatchInfo.getSetup(Lcom/android/dx/rop/type/Type;)Lcom/android/dx/cf/code/Ropper$ExceptionHandlerSetup; @ 10
Event: 13.097 Thread 0x000000000a329800 Uncommon trap: reason=null_check action=make_not_entrant pc=0x000000000233e89c method=com.android.dx.dex.file.MethodIdsSection.intern(Lcom/android/dx/rop/cst/CstBaseMethodRef;)Lcom/android/dx/dex/file/MethodIdItem; @ 26

Internal exceptions (10 events):
Event: 8.870 Thread 0x0000000001e3e800 Threw 0x00000000eb5035f8 at C:\jdk7u2_64p\jdk7u40\hotspot\src\share\vm\prims\jvm.cpp:1244
Event: 9.067 Thread 0x000000000a327000 Implicit null exception at 0x00000000022f0d51 to 0x00000000022f2c0d
Event: 9.068 Thread 0x000000000a327000 Threw 0x00000000eb642f20 at C:\jdk7u2_64p\jdk7u40\hotspot\src\share\vm\prims\jvm.cpp:1244
Event: 9.069 Thread 0x000000000a327000 Threw 0x00000000eb6487a0 at C:\jdk7u2_64p\jdk7u40\hotspot\src\share\vm\prims\jvm.cpp:1244
Event: 9.069 Thread 0x000000000a327000 Threw 0x00000000eb64dd98 at C:\jdk7u2_64p\jdk7u40\hotspot\src\share\vm\prims\jvm.cpp:1244
Event: 9.311 Thread 0x0000000001e3e800 Threw 0x00000000eb513890 at C:\jdk7u2_64p\jdk7u40\hotspot\src\share\vm\prims\jvm.cpp:1244
Event: 11.007 Thread 0x0000000001e3e800 Threw 0x00000000eb792180 at C:\jdk7u2_64p\jdk7u40\hotspot\src\share\vm\prims\jvm.cpp:1244
Event: 11.007 Thread 0x0000000001e3e800 Threw 0x00000000eb7945c8 at C:\jdk7u2_64p\jdk7u40\hotspot\src\share\vm\prims\jvm.cpp:1244
Event: 12.737 Thread 0x000000000a327000 Threw 0x00000000ebf51000 at C:\jdk7u2_64p\jdk7u40\hotspot\src\share\vm\prims\jvm.cpp:1244
Event: 13.097 Thread 0x000000000a329800 Implicit null exception at 0x000000000233df5c to 0x000000000233e88d

Events (10 events):
Event: 11.007 loading class 0x000000000a3f1280 done
Event: 11.982 Thread 0x0000000008263000 flushing nmethod 0x00000000022832d0
Event: 12.737 loading class 0x000000000a42bdb0
Event: 12.737 loading class 0x000000000a42bdb0 done
Event: 12.980 Thread 0x0000000008263000 flushing nmethod 0x00000000022884d0
Event: 13.097 Thread 0x000000000a329800 Uncommon trap: trap_request=0xfffffff4 fr.pc=0x000000000233e89c
Event: 13.097 Thread 0x000000000a329800 DEOPT PACKING pc=0x000000000233e89c sp=0x000000000ad0ead0
Event: 13.097 Thread 0x000000000a329800 DEOPT UNPACKING pc=0x00000000022075a4 sp=0x000000000ad0ea28 mode 2
Event: 13.495 Executing VM operation: ParallelGCFailedAllocation
Event: 13.507 Executing VM operation: ParallelGCFailedAllocation done


Dynamic libraries:
0x000000013f710000 - 0x000000013f743000 	C:\Program Files\Java\jdk1.7.0_40\bin\java.exe
0x0000000077560000 - 0x000000007770a000 	C:\Windows\SYSTEM32\ntdll.dll
0x0000000077440000 - 0x000000007755f000 	C:\Windows\system32\kernel32.dll
0x000007fefd310000 - 0x000007fefd37b000 	C:\Windows\system32\KERNELBASE.dll
0x000007fefd880000 - 0x000007fefd95b000 	C:\Windows\system32\ADVAPI32.dll
0x000007fefd960000 - 0x000007fefd9ff000 	C:\Windows\system32\msvcrt.dll
0x000007feff1b0000 - 0x000007feff1cf000 	C:\Windows\SYSTEM32\sechost.dll
0x000007feff530000 - 0x000007feff65d000 	C:\Windows\system32\RPCRT4.dll
0x0000000077340000 - 0x000000007743a000 	C:\Windows\system32\USER32.dll
0x000007fefda30000 - 0x000007fefda97000 	C:\Windows\system32\GDI32.dll
0x000007fefe2a0000 - 0x000007fefe2ae000 	C:\Windows\system32\LPK.dll
0x000007feff1d0000 - 0x000007feff29a000 	C:\Windows\system32\USP10.dll
0x000007fefc140000 - 0x000007fefc334000 	C:\Windows\WinSxS\amd64_microsoft.windows.common-controls_6595b64144ccf1df_6.0.7601.18837_none_fa3b1e3d17594757\COMCTL32.dll
0x000007fefe140000 - 0x000007fefe1b1000 	C:\Windows\system32\SHLWAPI.dll
0x000007fefda00000 - 0x000007fefda2e000 	C:\Windows\system32\IMM32.DLL
0x000007feff040000 - 0x000007feff149000 	C:\Windows\system32\MSCTF.dll
0x0000000055110000 - 0x00000000551e1000 	C:\Program Files\Java\jdk1.7.0_40\jre\bin\msvcr100.dll
0x000000006e320000 - 0x000000006eae9000 	C:\Program Files\Java\jdk1.7.0_40\jre\bin\server\jvm.dll
0x000007fefc6d0000 - 0x000007fefc6d9000 	C:\Windows\system32\WSOCK32.dll
0x000007feff150000 - 0x000007feff19d000 	C:\Windows\system32\WS2_32.dll
0x000007feff1a0000 - 0x000007feff1a8000 	C:\Windows\system32\NSI.dll
0x000007fefb340000 - 0x000007fefb37b000 	C:\Windows\system32\WINMM.dll
0x0000000077730000 - 0x0000000077737000 	C:\Windows\system32\PSAPI.DLL
0x0000000073a10000 - 0x0000000073a1f000 	C:\Program Files\Java\jdk1.7.0_40\jre\bin\verify.dll
0x00000000739c0000 - 0x00000000739e8000 	C:\Program Files\Java\jdk1.7.0_40\jre\bin\java.dll
0x0000000073980000 - 0x0000000073995000 	C:\Program Files\Java\jdk1.7.0_40\jre\bin\zip.dll
0x0000000073960000 - 0x0000000073979000 	C:\Program Files\Java\jdk1.7.0_40\jre\bin\net.dll
0x000007fefca70000 - 0x000007fefcac5000 	C:\Windows\system32\mswsock.dll
0x000007fefcd40000 - 0x000007fefcd47000 	C:\Windows\System32\wship6.dll
0x0000000073900000 - 0x0000000073911000 	C:\Program Files\Java\jdk1.7.0_40\jre\bin\nio.dll

VM Arguments:
jvm_args: -Djava.awt.headless=true -Xmx1024M -Dfile.encoding=windows-1252 -Duser.country=US -Duser.language=en -Duser.variant 
java_command: com.android.dx.command.Main --dex --num-threads=4 --output C:\Users\Martin\AndroidStudioProjects\SystemEngineeringGSM\app\build\intermediates\pre-dexed\debug\internal_impl-23.2.1_e1401850c6c5e70643ff08d2ce5c0a577f79e518.jar C:\Users\Martin\AndroidStudioProjects\SystemEngineeringGSM\app\build\intermediates\exploded-aar\com.android.support\support-v4\23.2.1\jars\libs\internal_impl-23.2.1.jar
Launcher Type: SUN_STANDARD

Environment Variables:
PATH=C:\ProgramData\Oracle\Java\javapath;C:\Program Files\Common Files\Microsoft Shared\Windows Live;C:\Program Files (x86)\Common Files\Microsoft Shared\Windows Live;C:\Program Files (x86)\Intel\iCLS Client\;C:\Program Files\Intel\iCLS Client\;C:\Program Files\Dell\DW WLAN Card;C:\Windows\system32;C:\Windows;C:\Windows\System32\Wbem;C:\Windows\System32\WindowsPowerShell\v1.0\;C:\Program Files\WIDCOMM\Bluetooth Software\;C:\Program Files\WIDCOMM\Bluetooth Software\syswow64;C:\Program Files\Dell\Dell Data Protection\Access\Advanced\Wave\Gemalto\Access Client\v5\;C:\Program Files (x86)\Security Innovation\SI TSS\bin\;C:\Program Files (x86)\Windows Live\Shared;C:\Program Files (x86)\MySQL\MySQL Utilities 1.3.4\;C:\Program Files\Microsoft SQL Server\110\Tools\Binn\;C:\Program Files\nodejs\;C:\Program Files (x86)\Git\cmd;C:\Program Files\MATLAB\runtime\win64;C:\Program Files\MATLAB\bin;C:\Program Files (x86)\QuickTime\QTSystem\;C:\Program Files (x86)\GtkSharp\2.12\bin;C:\Program Files (x86)\Skype\Phone\;C:\Program Files\Intel\Intel(R) Management Engine Components\DAL;C:\Program Files\Intel\Intel(R) Management Engine Components\IPT;C:\Program Files (x86)\Intel\Intel(R) Management Engine Components\DAL;C:\Program Files (x86)\Intel\Intel(R) Management Engine Components\IPT;C:\Users\Martin\AppData\Local\Android\sdk\platform-tools;C:\Program Files\Java\jdk1.8.0_20\bin;C:\Users\Martin\AppData\Roaming\npm
USERNAME=Martin
OS=Windows_NT
PROCESSOR_IDENTIFIER=Intel64 Family 6 Model 58 Stepping 9, GenuineIntel



---------------  S Y S T E M  ---------------

OS: Windows 7 , 64 bit Build 7601 Service Pack 1

CPU:total 4 (2 cores per cpu, 2 threads per core) family 6 model 58 stepping 9, cmov, cx8, fxsr, mmx, sse, sse2, sse3, ssse3, sse4.1, sse4.2, popcnt, avx, aes, erms, ht, tsc, tscinvbit, tscinv

Memory: 4k page, physical 4077532k(530988k free), swap 6170092k(5200k free)

vm_info: Java HotSpot(TM) 64-Bit Server VM (24.0-b56) for windows-amd64 JRE (1.7.0_40-b43), built on Aug 26 2013 22:38:32 by "java_re" with unknown MS VC++:1600

time: Thu Mar 31 11:04:55 2016
elapsed time: 13 seconds

