#
# There is insufficient memory for the Java Runtime Environment to continue.
# Native memory allocation (malloc) failed to allocate 505776 bytes for Chunk::new
# Possible reasons:
#   The system is out of physical RAM or swap space
#   In 32 bit mode, the process size limit was hit
# Possible solutions:
#   Reduce memory load on the system
#   Increase physical memory or swap space
#   Check if swap backing store is full
#   Use 64 bit Java on a 64 bit OS
#   Decrease Java heap size (-Xmx/-Xms)
#   Decrease number of Java threads
#   Decrease Java thread stack sizes (-Xss)
#   Set larger code cache with -XX:ReservedCodeCacheSize=
# This output file may be truncated or incomplete.
#
#  Out of Memory Error (allocation.cpp:390), pid=9072, tid=5540
#
# JRE version: Java(TM) SE Runtime Environment (8.0_20-b26) (build 1.8.0_20-b26)
# Java VM: Java HotSpot(TM) 64-Bit Server VM (25.20-b23 mixed mode windows-amd64 compressed oops)
# Failed to write core dump. Minidumps are not enabled by default on client versions of Windows
#

---------------  T H R E A D  ---------------

Current thread (0x0000000054d04000):  JavaThread "C2 CompilerThread1" daemon [_thread_in_native, id=5540, stack(0x00000000565e0000,0x00000000566e0000)]

Stack: [0x00000000565e0000,0x00000000566e0000]
Native frames: (J=compiled Java code, j=interpreted, Vv=VM code, C=native code)
V  [jvm.dll+0x3152fa]


Current CompileTask:
C2:  15081 1914       4       com.android.dx.ssa.SsaMethod::convertRopToSsaBlocks (103 bytes)


---------------  P R O C E S S  ---------------

Java Threads: ( => current thread )
  0x0000000056bcc800 JavaThread "pool-1-thread-4" [_thread_in_vm, id=5132, stack(0x00000000563a0000,0x00000000564a0000)]
  0x0000000056bcc000 JavaThread "pool-1-thread-3" [_thread_in_vm, id=1852, stack(0x0000000057670000,0x0000000057770000)]
  0x0000000056bc7800 JavaThread "pool-1-thread-2" [_thread_in_vm, id=7888, stack(0x0000000057430000,0x0000000057530000)]
  0x0000000056bbc000 JavaThread "pool-2-thread-1" [_thread_blocked, id=9420, stack(0x00000000572d0000,0x00000000573d0000)]
  0x0000000056bb9000 JavaThread "pool-1-thread-1" [_thread_in_vm, id=10068, stack(0x0000000057100000,0x0000000057200000)]
  0x0000000056955000 JavaThread "Service Thread" daemon [_thread_blocked, id=9980, stack(0x0000000056dc0000,0x0000000056ec0000)]
  0x0000000054d05800 JavaThread "C1 CompilerThread2" daemon [_thread_in_vm, id=6412, stack(0x00000000567f0000,0x00000000568f0000)]
=>0x0000000054d04000 JavaThread "C2 CompilerThread1" daemon [_thread_in_native, id=5540, stack(0x00000000565e0000,0x00000000566e0000)]
  0x0000000054d02000 JavaThread "C2 CompilerThread0" daemon [_thread_blocked, id=4476, stack(0x0000000055c40000,0x0000000055d40000)]
  0x0000000054cfe800 JavaThread "Attach Listener" daemon [_thread_blocked, id=7260, stack(0x00000000564a0000,0x00000000565a0000)]
  0x0000000054d0d000 JavaThread "Signal Dispatcher" daemon [_thread_blocked, id=5956, stack(0x0000000056290000,0x0000000056390000)]
  0x0000000054c9f000 JavaThread "Finalizer" daemon [_thread_blocked, id=9332, stack(0x00000000560f0000,0x00000000561f0000)]
  0x0000000054c9c000 JavaThread "Reference Handler" daemon [_thread_blocked, id=2848, stack(0x0000000055fb0000,0x00000000560b0000)]
  0x000000000012e800 JavaThread "main" [_thread_in_Java, id=9616, stack(0x00000000020d0000,0x00000000021d0000)]

Other Threads:
  0x0000000054c96800 VMThread [stack: 0x0000000055da0000,0x0000000055ea0000] [id=8532]
  0x0000000056958000 WatcherThread [stack: 0x0000000056ee0000,0x0000000056fe0000] [id=6240]

VM state:not at safepoint (normal execution)

VM Mutex/Monitor currently owned by a thread:  ([mutex/lock_event])
[0x000000000012d0f0] CompiledIC_lock - owner thread: 0x0000000054d05800

Heap:
 PSYoungGen      total 68096K, used 34433K [0x00000000eab00000, 0x00000000ef000000, 0x0000000100000000)
  eden space 65536K, 48% used [0x00000000eab00000,0x00000000eca21ff8,0x00000000eeb00000)
  from space 2560K, 99% used [0x00000000eed80000,0x00000000eeffe538,0x00000000ef000000)
  to   space 2560K, 0% used [0x00000000eeb00000,0x00000000eeb00000,0x00000000eed80000)
 ParOldGen       total 44032K, used 12835K [0x00000000c0000000, 0x00000000c2b00000, 0x00000000eab00000)
  object space 44032K, 29% used [0x00000000c0000000,0x00000000c0c88ea0,0x00000000c2b00000)
 Metaspace       used 6330K, capacity 7192K, committed 7424K, reserved 1056768K
  class space    used 613K, capacity 656K, committed 768K, reserved 1048576K

Card table byte_map: [0x0000000011860000,0x0000000011a70000] byte_map_base: 0x0000000011260000

Marking Bits: (ParMarkBitMap*) 0x000000006d22b460
 Begin Bits: [0x0000000012110000, 0x0000000013110000)
 End Bits:   [0x0000000013110000, 0x0000000014110000)

Polling page: 0x0000000000110000

CodeCache: size=245760Kb used=8606Kb max_used=8613Kb free=237153Kb
 bounds [0x00000000024a0000, 0x0000000002d20000, 0x00000000114a0000]
 total_blobs=2151 nmethods=1887 adapters=178
 compilation: enabled

Compilation events (10 events):
Event: 13.743 Thread 0x0000000054d04000 nmethod 1903 0x0000000002d02990 code [0x0000000002d031c0, 0x0000000002d0ba20]
Event: 13.787 Thread 0x0000000054d05800 1908       3       com.android.dx.rop.code.CstInsn::contentEquals (31 bytes)
Event: 13.787 Thread 0x0000000054d02000 1909       4       com.android.dx.util.LabeledList::rebuildLabelToIndex (46 bytes)
Event: 13.787 Thread 0x0000000054d05800 nmethod 1908 0x0000000002ce3850 code [0x0000000002ce39e0, 0x0000000002ce3e58]
Event: 13.792 Thread 0x0000000054d02000 nmethod 1909 0x0000000002ccaa90 code [0x0000000002ccabe0, 0x0000000002ccae18]
Event: 13.838 Thread 0x0000000054d05800 1910       3       com.android.dx.dex.file.AnnotationUtils::makeCstArray (57 bytes)
Event: 13.840 Thread 0x0000000054d05800 nmethod 1910 0x0000000002ce62d0 code [0x0000000002ce6540, 0x0000000002ce7518]
Event: 14.481 Thread 0x0000000054d05800 1911   !   3       com.android.dx.cf.direct.DirectClassFile$DcfTypeList::<init> (137 bytes)
Event: 14.483 Thread 0x0000000054d05800 nmethod 1911 0x0000000002cfe750 code [0x0000000002cfeb20, 0x0000000002d00cd8]
Event: 14.760 Thread 0x0000000054d04000 1914       4       com.android.dx.ssa.SsaMethod::convertRopToSsaBlocks (103 bytes)

GC Heap History (8 events):
Event: 1.847 GC heap before
{Heap before GC invocations=1 (full 0):
 PSYoungGen      total 18944K, used 16384K [0x00000000eab00000, 0x00000000ec000000, 0x0000000100000000)
  eden space 16384K, 100% used [0x00000000eab00000,0x00000000ebb00000,0x00000000ebb00000)
  from space 2560K, 0% used [0x00000000ebd80000,0x00000000ebd80000,0x00000000ec000000)
  to   space 2560K, 0% used [0x00000000ebb00000,0x00000000ebb00000,0x00000000ebd80000)
 ParOldGen       total 44032K, used 0K [0x00000000c0000000, 0x00000000c2b00000, 0x00000000eab00000)
  object space 44032K, 0% used [0x00000000c0000000,0x00000000c0000000,0x00000000c2b00000)
 Metaspace       used 5602K, capacity 6640K, committed 6784K, reserved 1056768K
  class space    used 585K, capacity 616K, committed 640K, reserved 1048576K
Event: 1.902 GC heap after
Heap after GC invocations=1 (full 0):
 PSYoungGen      total 18944K, used 2536K [0x00000000eab00000, 0x00000000ed000000, 0x0000000100000000)
  eden space 16384K, 0% used [0x00000000eab00000,0x00000000eab00000,0x00000000ebb00000)
  from space 2560K, 99% used [0x00000000ebb00000,0x00000000ebd7a110,0x00000000ebd80000)
  to   space 2560K, 0% used [0x00000000ecd80000,0x00000000ecd80000,0x00000000ed000000)
 ParOldGen       total 44032K, used 1173K [0x00000000c0000000, 0x00000000c2b00000, 0x00000000eab00000)
  object space 44032K, 2% used [0x00000000c0000000,0x00000000c01254f0,0x00000000c2b00000)
 Metaspace       used 5602K, capacity 6640K, committed 6784K, reserved 1056768K
  class space    used 585K, capacity 616K, committed 640K, reserved 1048576K
}
Event: 4.224 GC heap before
{Heap before GC invocations=2 (full 0):
 PSYoungGen      total 18944K, used 18920K [0x00000000eab00000, 0x00000000ed000000, 0x0000000100000000)
  eden space 16384K, 100% used [0x00000000eab00000,0x00000000ebb00000,0x00000000ebb00000)
  from space 2560K, 99% used [0x00000000ebb00000,0x00000000ebd7a110,0x00000000ebd80000)
  to   space 2560K, 0% used [0x00000000ecd80000,0x00000000ecd80000,0x00000000ed000000)
 ParOldGen       total 44032K, used 1173K [0x00000000c0000000, 0x00000000c2b00000, 0x00000000eab00000)
  object space 44032K, 2% used [0x00000000c0000000,0x00000000c01254f0,0x00000000c2b00000)
 Metaspace       used 5982K, capacity 6960K, committed 7040K, reserved 1056768K
  class space    used 587K, capacity 616K, committed 640K, reserved 1048576K
Event: 4.233 GC heap after
Heap after GC invocations=2 (full 0):
 PSYoungGen      total 35328K, used 2535K [0x00000000eab00000, 0x00000000ed000000, 0x0000000100000000)
  eden space 32768K, 0% used [0x00000000eab00000,0x00000000eab00000,0x00000000ecb00000)
  from space 2560K, 99% used [0x00000000ecd80000,0x00000000ecff9c98,0x00000000ed000000)
  to   space 2560K, 0% used [0x00000000ecb00000,0x00000000ecb00000,0x00000000ecd80000)
 ParOldGen       total 44032K, used 3230K [0x00000000c0000000, 0x00000000c2b00000, 0x00000000eab00000)
  object space 44032K, 7% used [0x00000000c0000000,0x00000000c0327b60,0x00000000c2b00000)
 Metaspace       used 5982K, capacity 6960K, committed 7040K, reserved 1056768K
  class space    used 587K, capacity 616K, committed 640K, reserved 1048576K
}
Event: 5.300 GC heap before
{Heap before GC invocations=3 (full 0):
 PSYoungGen      total 35328K, used 35303K [0x00000000eab00000, 0x00000000ed000000, 0x0000000100000000)
  eden space 32768K, 100% used [0x00000000eab00000,0x00000000ecb00000,0x00000000ecb00000)
  from space 2560K, 99% used [0x00000000ecd80000,0x00000000ecff9c98,0x00000000ed000000)
  to   space 2560K, 0% used [0x00000000ecb00000,0x00000000ecb00000,0x00000000ecd80000)
 ParOldGen       total 44032K, used 3230K [0x00000000c0000000, 0x00000000c2b00000, 0x00000000eab00000)
  object space 44032K, 7% used [0x00000000c0000000,0x00000000c0327b60,0x00000000c2b00000)
 Metaspace       used 6131K, capacity 7088K, committed 7296K, reserved 1056768K
  class space    used 588K, capacity 616K, committed 640K, reserved 1048576K
Event: 5.356 GC heap after
Heap after GC invocations=3 (full 0):
 PSYoungGen      total 35328K, used 2548K [0x00000000eab00000, 0x00000000ef000000, 0x0000000100000000)
  eden space 32768K, 0% used [0x00000000eab00000,0x00000000eab00000,0x00000000ecb00000)
  from space 2560K, 99% used [0x00000000ecb00000,0x00000000ecd7d2f8,0x00000000ecd80000)
  to   space 2560K, 0% used [0x00000000eed80000,0x00000000eed80000,0x00000000ef000000)
 ParOldGen       total 44032K, used 7922K [0x00000000c0000000, 0x00000000c2b00000, 0x00000000eab00000)
  object space 44032K, 17% used [0x00000000c0000000,0x00000000c07bcbc0,0x00000000c2b00000)
 Metaspace       used 6131K, capacity 7088K, committed 7296K, reserved 1056768K
  class space    used 588K, capacity 616K, committed 640K, reserved 1048576K
}
Event: 7.887 GC heap before
{Heap before GC invocations=4 (full 0):
 PSYoungGen      total 35328K, used 35316K [0x00000000eab00000, 0x00000000ef000000, 0x0000000100000000)
  eden space 32768K, 100% used [0x00000000eab00000,0x00000000ecb00000,0x00000000ecb00000)
  from space 2560K, 99% used [0x00000000ecb00000,0x00000000ecd7d2f8,0x00000000ecd80000)
  to   space 2560K, 0% used [0x00000000eed80000,0x00000000eed80000,0x00000000ef000000)
 ParOldGen       total 44032K, used 7922K [0x00000000c0000000, 0x00000000c2b00000, 0x00000000eab00000)
  object space 44032K, 17% used [0x00000000c0000000,0x00000000c07bcbc0,0x00000000c2b00000)
 Metaspace       used 6212K, capacity 7152K, committed 7296K, reserved 1056768K
  class space    used 592K, capacity 616K, committed 640K, reserved 1048576K
Event: 8.402 GC heap after
Heap after GC invocations=4 (full 0):
 PSYoungGen      total 68096K, used 2553K [0x00000000eab00000, 0x00000000ef000000, 0x0000000100000000)
  eden space 65536K, 0% used [0x00000000eab00000,0x00000000eab00000,0x00000000eeb00000)
  from space 2560K, 99% used [0x00000000eed80000,0x00000000eeffe538,0x00000000ef000000)
  to   space 2560K, 0% used [0x00000000eeb00000,0x00000000eeb00000,0x00000000eed80000)
 ParOldGen       total 44032K, used 12835K [0x00000000c0000000, 0x00000000c2b00000, 0x00000000eab00000)
  object space 44032K, 29% used [0x00000000c0000000,0x00000000c0c88ea0,0x00000000c2b00000)
 Metaspace       used 6212K, capacity 7152K, committed 7296K, reserved 1056768K
  class space    used 592K, capacity 616K, committed 640K, reserved 1048576K
}

Deoptimization events (10 events):
Event: 7.871 Thread 0x0000000056bcc000 Uncommon trap: reason=class_check action=maybe_recompile pc=0x00000000029c65e0 method=java.util.HashMap.putVal(ILjava/lang/Object;Ljava/lang/Object;ZZ)Ljava/lang/Object; @ 203
Event: 7.876 Thread 0x0000000056bcc000 Uncommon trap: reason=class_check action=maybe_recompile pc=0x00000000029c65e0 method=java.util.HashMap.putVal(ILjava/lang/Object;Ljava/lang/Object;ZZ)Ljava/lang/Object; @ 203
Event: 7.876 Thread 0x0000000056bcc000 Uncommon trap: reason=class_check action=maybe_recompile pc=0x00000000029c65e0 method=java.util.HashMap.putVal(ILjava/lang/Object;Ljava/lang/Object;ZZ)Ljava/lang/Object; @ 203
Event: 9.842 Thread 0x0000000056bc7800 Uncommon trap: reason=unreached action=reinterpret pc=0x0000000002b44080 method=java.util.HashMap.getNode(ILjava/lang/Object;)Ljava/util/HashMap$Node; @ 84
Event: 9.891 Thread 0x0000000056bc7800 Uncommon trap: reason=class_check action=maybe_recompile pc=0x0000000002bf525c method=com.android.dx.cf.code.Ropper.processBlock(Lcom/android/dx/cf/code/ByteBlock;Lcom/android/dx/cf/code/Frame;[I)V @ 711
Event: 9.892 Thread 0x0000000056bc7800 Uncommon trap: reason=class_check action=maybe_recompile pc=0x0000000002bf525c method=com.android.dx.cf.code.Ropper.processBlock(Lcom/android/dx/cf/code/ByteBlock;Lcom/android/dx/cf/code/Frame;[I)V @ 711
Event: 9.904 Thread 0x0000000056bc7800 Uncommon trap: reason=class_check action=maybe_recompile pc=0x0000000002bf525c method=com.android.dx.cf.code.Ropper.processBlock(Lcom/android/dx/cf/code/ByteBlock;Lcom/android/dx/cf/code/Frame;[I)V @ 711
Event: 9.904 Thread 0x0000000056bc7800 Uncommon trap: reason=class_check action=maybe_recompile pc=0x0000000002bf525c method=com.android.dx.cf.code.Ropper.processBlock(Lcom/android/dx/cf/code/ByteBlock;Lcom/android/dx/cf/code/Frame;[I)V @ 711
Event: 10.255 Thread 0x0000000056bcc000 Uncommon trap: reason=bimorphic action=maybe_recompile pc=0x0000000002a375dc method=com.android.dx.ssa.LiteralOpUpgrader.tryReplacingWithConstant(Lcom/android/dx/ssa/NormalSsaInsn;)Z @ 62
Event: 13.038 Thread 0x0000000056bb9000 Uncommon trap: reason=unreached action=reinterpret pc=0x0000000002be43d4 method=java.util.HashMap.resize()[Ljava/util/HashMap$Node; @ 206

Internal exceptions (10 events):
Event: 5.855 Thread 0x000000000012e800 Exception <a 'java/security/PrivilegedActionException'> (0x00000000eb55d230) thrown at [D:\re\workspace\8-2-build-windows-amd64-cygwin\jdk8u20\1074\hotspot\src\share\vm\prims\jvm.cpp, line 1275]
Event: 5.855 Thread 0x000000000012e800 Exception <a 'java/security/PrivilegedActionException'> (0x00000000eb55fba0) thrown at [D:\re\workspace\8-2-build-windows-amd64-cygwin\jdk8u20\1074\hotspot\src\share\vm\prims\jvm.cpp, line 1275]
Event: 5.927 Thread 0x0000000056bcc800 Exception <a 'java/security/PrivilegedActionException'> (0x00000000eb7b6400) thrown at [D:\re\workspace\8-2-build-windows-amd64-cygwin\jdk8u20\1074\hotspot\src\share\vm\prims\jvm.cpp, line 1275]
Event: 5.928 Thread 0x0000000056bcc800 Exception <a 'java/security/PrivilegedActionException'> (0x00000000eb7bbe68) thrown at [D:\re\workspace\8-2-build-windows-amd64-cygwin\jdk8u20\1074\hotspot\src\share\vm\prims\jvm.cpp, line 1275]
Event: 5.929 Thread 0x0000000056bcc800 Exception <a 'java/security/PrivilegedActionException'> (0x00000000eb7c1678) thrown at [D:\re\workspace\8-2-build-windows-amd64-cygwin\jdk8u20\1074\hotspot\src\share\vm\prims\jvm.cpp, line 1275]
Event: 6.885 Thread 0x0000000056bcc800 Exception <a 'java/security/PrivilegedActionException'> (0x00000000ec13e248) thrown at [D:\re\workspace\8-2-build-windows-amd64-cygwin\jdk8u20\1074\hotspot\src\share\vm\prims\jvm.cpp, line 1275]
Event: 7.704 Thread 0x0000000056bcc000 Exception <a 'java/security/PrivilegedActionException'> (0x00000000ec4a4898) thrown at [D:\re\workspace\8-2-build-windows-amd64-cygwin\jdk8u20\1074\hotspot\src\share\vm\prims\jvm.cpp, line 1275]
Event: 9.583 Thread 0x0000000056bcc000 Exception <a 'java/lang/ArrayIndexOutOfBoundsException': 18> (0x00000000eac780a0) thrown at [D:\re\workspace\8-2-build-windows-amd64-cygwin\jdk8u20\1074\hotspot\src\share\vm\interpreter\interpreterRuntime.cpp, line 366]
Event: 9.583 Thread 0x0000000056bcc000 Exception <a 'java/lang/ArrayIndexOutOfBoundsException': 145> (0x00000000eac79b38) thrown at [D:\re\workspace\8-2-build-windows-amd64-cygwin\jdk8u20\1074\hotspot\src\share\vm\interpreter\interpreterRuntime.cpp, line 366]
Event: 9.586 Thread 0x0000000056bcc000 Exception <a 'java/lang/ArrayIndexOutOfBoundsException': 40> (0x00000000eac7ad50) thrown at [D:\re\workspace\8-2-build-windows-amd64-cygwin\jdk8u20\1074\hotspot\src\share\vm\interpreter\interpreterRuntime.cpp, line 366]

Events (10 events):
Event: 10.254 Thread 0x0000000056bcc000 DEOPT PACKING pc=0x00000000028d3458 sp=0x000000005776ebb0
Event: 10.254 Thread 0x0000000056bcc000 DEOPT UNPACKING pc=0x00000000024e75bf sp=0x000000005776e9e0 mode 0
Event: 10.255 Thread 0x0000000056bcc000 Uncommon trap: trap_request=0xffffffc6 fr.pc=0x0000000002a375dc
Event: 10.255 Thread 0x0000000056bcc000 DEOPT PACKING pc=0x0000000002a375dc sp=0x000000005776ea50
Event: 10.255 Thread 0x0000000056bcc000 DEOPT UNPACKING pc=0x00000000024e556a sp=0x000000005776e9f0 mode 2
Event: 12.520 Thread 0x0000000056bb9000 DEOPT PACKING pc=0x000000000290e021 sp=0x00000000571fe9a0
Event: 12.520 Thread 0x0000000056bb9000 DEOPT UNPACKING pc=0x00000000024e75bf sp=0x00000000571fe730 mode 0
Event: 13.038 Thread 0x0000000056bb9000 Uncommon trap: trap_request=0xffffffad fr.pc=0x0000000002be43d4
Event: 13.038 Thread 0x0000000056bb9000 DEOPT PACKING pc=0x0000000002be43d4 sp=0x00000000571fe970
Event: 13.038 Thread 0x0000000056bb9000 DEOPT UNPACKING pc=0x00000000024e556a sp=0x00000000571fe8d8 mode 2


Dynamic libraries:
0x000000013f900000 - 0x000000013f934000 	C:\Program Files\Java\jdk1.8.0_20\bin\java.exe
0x00000000772e0000 - 0x000000007748a000 	C:\Windows\SYSTEM32\ntdll.dll
0x00000000771c0000 - 0x00000000772df000 	C:\Windows\system32\kernel32.dll
0x000007fefd370000 - 0x000007fefd3da000 	C:\Windows\system32\KERNELBASE.dll
0x000007fefd420000 - 0x000007fefd4fb000 	C:\Windows\system32\ADVAPI32.dll
0x000007fefd8a0000 - 0x000007fefd93f000 	C:\Windows\system32\msvcrt.dll
0x000007fefdd60000 - 0x000007fefdd7f000 	C:\Windows\SYSTEM32\sechost.dll
0x000007feff4c0000 - 0x000007feff5ed000 	C:\Windows\system32\RPCRT4.dll
0x00000000770c0000 - 0x00000000771ba000 	C:\Windows\system32\USER32.dll
0x000007fefe010000 - 0x000007fefe077000 	C:\Windows\system32\GDI32.dll
0x000007feff490000 - 0x000007feff49e000 	C:\Windows\system32\LPK.dll
0x000007fefdc90000 - 0x000007fefdd5a000 	C:\Windows\system32\USP10.dll
0x000007fefbfe0000 - 0x000007fefc1d4000 	C:\Windows\WinSxS\amd64_microsoft.windows.common-controls_6595b64144ccf1df_6.0.7601.18837_none_fa3b1e3d17594757\COMCTL32.dll
0x000007fefdc10000 - 0x000007fefdc81000 	C:\Windows\system32\SHLWAPI.dll
0x000007feff460000 - 0x000007feff48e000 	C:\Windows\system32\IMM32.DLL
0x000007fefe320000 - 0x000007fefe429000 	C:\Windows\system32\MSCTF.dll
0x000000006d2b0000 - 0x000000006d382000 	C:\Program Files\Java\jdk1.8.0_20\jre\bin\msvcr100.dll
0x000000006ca50000 - 0x000000006d2a8000 	C:\Program Files\Java\jdk1.8.0_20\jre\bin\server\jvm.dll
0x000007fefbfc0000 - 0x000007fefbfc9000 	C:\Windows\system32\WSOCK32.dll
0x000007fefe670000 - 0x000007fefe6bd000 	C:\Windows\system32\WS2_32.dll
0x000007feff450000 - 0x000007feff458000 	C:\Windows\system32\NSI.dll
0x000007fefad90000 - 0x000007fefadcb000 	C:\Windows\system32\WINMM.dll
0x00000000774b0000 - 0x00000000774b7000 	C:\Windows\system32\PSAPI.DLL
0x00000000707a0000 - 0x00000000707af000 	C:\Program Files\Java\jdk1.8.0_20\jre\bin\verify.dll
0x000000006dbe0000 - 0x000000006dc08000 	C:\Program Files\Java\jdk1.8.0_20\jre\bin\java.dll
0x000000006c9f0000 - 0x000000006ca06000 	C:\Program Files\Java\jdk1.8.0_20\jre\bin\zip.dll
0x000007fefe6c0000 - 0x000007feff44a000 	C:\Windows\system32\SHELL32.dll
0x000007fefd690000 - 0x000007fefd893000 	C:\Windows\system32\ole32.dll
0x000007fefd070000 - 0x000007fefd07f000 	C:\Windows\system32\profapi.dll

VM Arguments:
jvm_args: -Djava.awt.headless=true -Xmx1024M -Dfile.encoding=windows-1252 -Duser.country=US -Duser.language=en -Duser.variant 
java_command: com.android.dx.command.Main --dex --num-threads=4 --output C:\Users\Martin\AndroidStudioProjects\SystemEngineeringGSM\app\build\intermediates\pre-dexed\debug\com.google.android.gms-play-services-cast-8.4.0_680cc2a1901073e032e4d6d1b6a9cba2ae4467ad.jar C:\Users\Martin\AndroidStudioProjects\SystemEngineeringGSM\app\build\intermediates\exploded-aar\com.google.android.gms\play-services-cast\8.4.0\jars\classes.jar
java_class_path (initial): C:\Users\Martin\AppData\Local\Android\sdk\build-tools\23.0.2\lib\dx.jar
Launcher Type: SUN_STANDARD

Environment Variables:
PATH=C:\ProgramData\Oracle\Java\javapath;C:\Program Files\Common Files\Microsoft Shared\Windows Live;C:\Program Files (x86)\Common Files\Microsoft Shared\Windows Live;C:\Program Files (x86)\Intel\iCLS Client\;C:\Program Files\Intel\iCLS Client\;C:\Program Files\Dell\DW WLAN Card;C:\Windows\system32;C:\Windows;C:\Windows\System32\Wbem;C:\Windows\System32\WindowsPowerShell\v1.0\;C:\Program Files\WIDCOMM\Bluetooth Software\;C:\Program Files\WIDCOMM\Bluetooth Software\syswow64;C:\Program Files\Dell\Dell Data Protection\Access\Advanced\Wave\Gemalto\Access Client\v5\;C:\Program Files (x86)\Security Innovation\SI TSS\bin\;C:\Program Files (x86)\Windows Live\Shared;C:\Program Files (x86)\MySQL\MySQL Utilities 1.3.4\;C:\Program Files\Microsoft SQL Server\110\Tools\Binn\;C:\Program Files\nodejs\;C:\Program Files (x86)\Git\cmd;C:\Program Files\MATLAB\runtime\win64;C:\Program Files\MATLAB\bin;C:\Program Files (x86)\QuickTime\QTSystem\;C:\Program Files (x86)\GtkSharp\2.12\bin;C:\Program Files (x86)\Skype\Phone\;C:\Program Files\Intel\Intel(R) Management Engine Components\DAL;C:\Program Files\Intel\Intel(R) Management Engine Components\IPT;C:\Program Files (x86)\Intel\Intel(R) Management Engine Components\DAL;C:\Program Files (x86)\Intel\Intel(R) Management Engine Components\IPT;C:\Users\Martin\AppData\Local\Android\sdk\platform-tools;C:\Program Files\Java\jdk1.8.0_20\bin;C:\Users\Martin\AppData\Roaming\npm
USERNAME=Martin
OS=Windows_NT
PROCESSOR_IDENTIFIER=Intel64 Family 6 Model 58 Stepping 9, GenuineIntel



---------------  S Y S T E M  ---------------

OS: Windows 7 , 64 bit Build 7601 Service Pack 1

CPU:total 4 (2 cores per cpu, 2 threads per core) family 6 model 58 stepping 9, cmov, cx8, fxsr, mmx, sse, sse2, sse3, ssse3, sse4.1, sse4.2, popcnt, avx, aes, clmul, erms, ht, tsc, tscinvbit, tscinv

Memory: 4k page, physical 4077532k(251028k free), swap 7325248k(5032k free)

vm_info: Java HotSpot(TM) 64-Bit Server VM (25.20-b23) for windows-amd64 JRE (1.8.0_20-b26), built on Jul 30 2014 13:51:23 by "java_re" with MS VC++ 10.0 (VS2010)

time: Wed Apr 13 10:26:21 2016
elapsed time: 15 seconds (0d 0h 0m 15s)

