#
# There is insufficient memory for the Java Runtime Environment to continue.
# Native memory allocation (malloc) failed to allocate 936656 bytes for Chunk::new
# Possible reasons:
#   The system is out of physical RAM or swap space
#   In 32 bit mode, the process size limit was hit
# Possible solutions:
#   Reduce memory load on the system
#   Increase physical memory or swap space
#   Check if swap backing store is full
#   Use 64 bit Java on a 64 bit OS
#   Decrease Java heap size (-Xmx/-Xms)
#   Decrease number of Java threads
#   Decrease Java thread stack sizes (-Xss)
#   Set larger code cache with -XX:ReservedCodeCacheSize=
# This output file may be truncated or incomplete.
#
#  Out of Memory Error (allocation.cpp:390), pid=4072, tid=3864
#
# JRE version: Java(TM) SE Runtime Environment (8.0_20-b26) (build 1.8.0_20-b26)
# Java VM: Java HotSpot(TM) 64-Bit Server VM (25.20-b23 mixed mode windows-amd64 compressed oops)
# Failed to write core dump. Minidumps are not enabled by default on client versions of Windows
#

---------------  T H R E A D  ---------------

Current thread (0x000000005513f800):  JavaThread "C2 CompilerThread0" daemon [_thread_in_native, id=3864, stack(0x00000000568c0000,0x00000000569c0000)]

Stack: [0x00000000568c0000,0x00000000569c0000]
Native frames: (J=compiled Java code, j=interpreted, Vv=VM code, C=native code)
V  [jvm.dll+0x3152fa]


Current CompileTask:
C2:  27051 2349 % !   4       com.android.dx.cf.code.Ropper::doit @ 21 (126 bytes)


---------------  P R O C E S S  ---------------

Java Threads: ( => current thread )
  0x0000000057315800 JavaThread "pool-1-thread-4" [_thread_in_Java, id=5596, stack(0x00000000563b0000,0x00000000564b0000)]
  0x0000000057708800 JavaThread "pool-1-thread-3" [_thread_in_Java, id=5316, stack(0x00000000580d0000,0x00000000581d0000)]
  0x0000000057707800 JavaThread "pool-1-thread-2" [_thread_in_Java, id=8652, stack(0x0000000057fc0000,0x00000000580c0000)]
  0x0000000056d88000 JavaThread "pool-2-thread-1" [_thread_blocked, id=7884, stack(0x0000000057e40000,0x0000000057f40000)]
  0x0000000056ec6000 JavaThread "pool-1-thread-1" [_thread_in_Java, id=5028, stack(0x0000000057c40000,0x0000000057d40000)]
  0x0000000056b23800 JavaThread "Service Thread" daemon [_thread_blocked, id=9056, stack(0x0000000057070000,0x0000000057170000)]
  0x0000000055147000 JavaThread "C1 CompilerThread2" daemon [_thread_blocked, id=3564, stack(0x0000000056f50000,0x0000000057050000)]
  0x0000000055142000 JavaThread "C2 CompilerThread1" daemon [_thread_blocked, id=7976, stack(0x00000000569d0000,0x0000000056ad0000)]
=>0x000000005513f800 JavaThread "C2 CompilerThread0" daemon [_thread_in_native, id=3864, stack(0x00000000568c0000,0x00000000569c0000)]
  0x000000005513c800 JavaThread "Attach Listener" daemon [_thread_blocked, id=5468, stack(0x00000000566c0000,0x00000000567c0000)]
  0x000000005514d000 JavaThread "Signal Dispatcher" daemon [_thread_blocked, id=6888, stack(0x0000000056190000,0x0000000056290000)]
  0x00000000550df000 JavaThread "Finalizer" daemon [_thread_blocked, id=1476, stack(0x00000000564b0000,0x00000000565b0000)]
  0x00000000550db800 JavaThread "Reference Handler" daemon [_thread_blocked, id=3920, stack(0x00000000562b0000,0x00000000563b0000)]
  0x000000000223e800 JavaThread "main" [_thread_blocked, id=8160, stack(0x0000000002480000,0x0000000002580000)]

Other Threads:
  0x00000000550d6000 VMThread [stack: 0x0000000055fe0000,0x00000000560e0000] [id=5824]
  0x0000000056b2b000 WatcherThread [stack: 0x00000000571a0000,0x00000000572a0000] [id=6276]

VM state:not at safepoint (normal execution)

VM Mutex/Monitor currently owned by a thread: None

Heap:
 PSYoungGen      total 229888K, used 67279K [0x00000000eab00000, 0x0000000100000000, 0x0000000100000000)
  eden space 167936K, 17% used [0x00000000eab00000,0x00000000ec7f0c88,0x00000000f4f00000)
  from space 61952K, 60% used [0x00000000fc380000,0x00000000fe8430b8,0x0000000100000000)
  to   space 90624K, 0% used [0x00000000f4f00000,0x00000000f4f00000,0x00000000fa780000)
 ParOldGen       total 235008K, used 142736K [0x00000000c0000000, 0x00000000ce580000, 0x00000000eab00000)
  object space 235008K, 60% used [0x00000000c0000000,0x00000000c8b64258,0x00000000ce580000)
 Metaspace       used 6460K, capacity 7256K, committed 7424K, reserved 1056768K
  class space    used 614K, capacity 656K, committed 768K, reserved 1048576K

Card table byte_map: [0x0000000011c10000,0x0000000011e20000] byte_map_base: 0x0000000011610000

Marking Bits: (ParMarkBitMap*) 0x000000005b45b460
 Begin Bits: [0x0000000012550000, 0x0000000013550000)
 End Bits:   [0x0000000013550000, 0x0000000014550000)

Polling page: 0x0000000000230000

CodeCache: size=245760Kb used=11693Kb max_used=11720Kb free=234066Kb
 bounds [0x0000000002850000, 0x00000000033d0000, 0x0000000011850000]
 total_blobs=2578 nmethods=2313 adapters=178
 compilation: enabled

Compilation events (10 events):
Event: 26.802 Thread 0x0000000055142000 2325       4       com.android.dx.util.ListIntSet::<init> (23 bytes)
Event: 26.805 Thread 0x0000000055142000 nmethod 2325 0x00000000033a9190 code [0x00000000033a92e0, 0x00000000033a9478]
Event: 26.838 Thread 0x0000000055142000 2347       4       com.android.dx.ssa.SCCP::simulateMath (424 bytes)
Event: 26.846 Thread 0x0000000055142000 nmethod 2347 0x00000000033be950 code [0x00000000033beb60, 0x00000000033bf068]
Event: 26.854 Thread 0x000000005513f800 nmethod 2332 0x00000000033bf810 code [0x00000000033c1000, 0x00000000033c77b8]
Event: 26.917 Thread 0x0000000055142000 2348       4       com.android.dx.rop.code.DexTranslationAdvice::hasConstantOperation (163 bytes)
Event: 26.921 Thread 0x0000000055142000 nmethod 2348 0x00000000033aaa90 code [0x00000000033aac80, 0x00000000033aae88]
Event: 26.948 Thread 0x000000005513f800 2349 % !   4       com.android.dx.cf.code.Ropper::doit @ 21 (126 bytes)
Event: 26.988 Thread 0x0000000055142000 2350       4       com.android.dx.cf.code.BasicBlocker::visitNoArgs (298 bytes)
Event: 26.997 Thread 0x0000000055142000 nmethod 2350 0x00000000033bd790 code [0x00000000033bda00, 0x00000000033bdf88]

GC Heap History (10 events):
Event: 20.922 GC heap before
{Heap before GC invocations=8 (full 1):
 PSYoungGen      total 145408K, used 16895K [0x00000000eab00000, 0x0000000100000000, 0x0000000100000000)
  eden space 128512K, 0% used [0x00000000eab00000,0x00000000eab00000,0x00000000f2880000)
  from space 16896K, 99% used [0x00000000f2880000,0x00000000f38ffec0,0x00000000f3900000)
  to   space 50176K, 0% used [0x00000000fcf00000,0x00000000fcf00000,0x0000000100000000)
 ParOldGen       total 80896K, used 80259K [0x00000000c0000000, 0x00000000c4f00000, 0x00000000eab00000)
  object space 80896K, 99% used [0x00000000c0000000,0x00000000c4e60e88,0x00000000c4f00000)
 Metaspace       used 6425K, capacity 7256K, committed 7424K, reserved 1056768K
  class space    used 612K, capacity 656K, committed 768K, reserved 1048576K
Event: 21.990 GC heap after
Heap after GC invocations=8 (full 1):
 PSYoungGen      total 145408K, used 12215K [0x00000000eab00000, 0x0000000100000000, 0x0000000100000000)
  eden space 128512K, 0% used [0x00000000eab00000,0x00000000eab00000,0x00000000f2880000)
  from space 16896K, 72% used [0x00000000f2880000,0x00000000f346dc60,0x00000000f3900000)
  to   space 50176K, 0% used [0x00000000fcf00000,0x00000000fcf00000,0x0000000100000000)
 ParOldGen       total 142848K, used 80646K [0x00000000c0000000, 0x00000000c8b80000, 0x00000000eab00000)
  object space 142848K, 56% used [0x00000000c0000000,0x00000000c4ec1810,0x00000000c8b80000)
 Metaspace       used 6425K, capacity 7256K, committed 7424K, reserved 1056768K
  class space    used 612K, capacity 656K, committed 768K, reserved 1048576K
}
Event: 22.619 GC heap before
{Heap before GC invocations=9 (full 1):
 PSYoungGen      total 145408K, used 140727K [0x00000000eab00000, 0x0000000100000000, 0x0000000100000000)
  eden space 128512K, 100% used [0x00000000eab00000,0x00000000f2880000,0x00000000f2880000)
  from space 16896K, 72% used [0x00000000f2880000,0x00000000f346dc60,0x00000000f3900000)
  to   space 50176K, 0% used [0x00000000fcf00000,0x00000000fcf00000,0x0000000100000000)
 ParOldGen       total 142848K, used 80646K [0x00000000c0000000, 0x00000000c8b80000, 0x00000000eab00000)
  object space 142848K, 56% used [0x00000000c0000000,0x00000000c4ec1810,0x00000000c8b80000)
 Metaspace       used 6442K, capacity 7256K, committed 7424K, reserved 1056768K
  class space    used 614K, capacity 656K, committed 768K, reserved 1048576K
Event: 22.821 GC heap after
Heap after GC invocations=9 (full 1):
 PSYoungGen      total 253440K, used 50147K [0x00000000eab00000, 0x0000000100000000, 0x0000000100000000)
  eden space 203264K, 0% used [0x00000000eab00000,0x00000000eab00000,0x00000000f7180000)
  from space 50176K, 99% used [0x00000000fcf00000,0x00000000ffff8d48,0x0000000100000000)
  to   space 61952K, 0% used [0x00000000f8700000,0x00000000f8700000,0x00000000fc380000)
 ParOldGen       total 142848K, used 83431K [0x00000000c0000000, 0x00000000c8b80000, 0x00000000eab00000)
  object space 142848K, 58% used [0x00000000c0000000,0x00000000c5179f10,0x00000000c8b80000)
 Metaspace       used 6442K, capacity 7256K, committed 7424K, reserved 1056768K
  class space    used 614K, capacity 656K, committed 768K, reserved 1048576K
}
Event: 23.436 GC heap before
{Heap before GC invocations=10 (full 1):
 PSYoungGen      total 253440K, used 253411K [0x00000000eab00000, 0x0000000100000000, 0x0000000100000000)
  eden space 203264K, 100% used [0x00000000eab00000,0x00000000f7180000,0x00000000f7180000)
  from space 50176K, 99% used [0x00000000fcf00000,0x00000000ffff8d48,0x0000000100000000)
  to   space 61952K, 0% used [0x00000000f8700000,0x00000000f8700000,0x00000000fc380000)
 ParOldGen       total 142848K, used 83431K [0x00000000c0000000, 0x00000000c8b80000, 0x00000000eab00000)
  object space 142848K, 58% used [0x00000000c0000000,0x00000000c5179f10,0x00000000c8b80000)
 Metaspace       used 6454K, capacity 7256K, committed 7424K, reserved 1056768K
  class space    used 614K, capacity 656K, committed 768K, reserved 1048576K
Event: 23.626 GC heap after
Heap after GC invocations=10 (full 1):
 PSYoungGen      total 287232K, used 61933K [0x00000000eab00000, 0x0000000100000000, 0x0000000100000000)
  eden space 225280K, 0% used [0x00000000eab00000,0x00000000eab00000,0x00000000f8700000)
  from space 61952K, 99% used [0x00000000f8700000,0x00000000fc37b4f8,0x00000000fc380000)
  to   space 61952K, 0% used [0x00000000fc380000,0x00000000fc380000,0x0000000100000000)
 ParOldGen       total 142848K, used 135103K [0x00000000c0000000, 0x00000000c8b80000, 0x00000000eab00000)
  object space 142848K, 94% used [0x00000000c0000000,0x00000000c83efd68,0x00000000c8b80000)
 Metaspace       used 6454K, capacity 7256K, committed 7424K, reserved 1056768K
  class space    used 614K, capacity 656K, committed 768K, reserved 1048576K
}
Event: 23.626 GC heap before
{Heap before GC invocations=11 (full 2):
 PSYoungGen      total 287232K, used 61933K [0x00000000eab00000, 0x0000000100000000, 0x0000000100000000)
  eden space 225280K, 0% used [0x00000000eab00000,0x00000000eab00000,0x00000000f8700000)
  from space 61952K, 99% used [0x00000000f8700000,0x00000000fc37b4f8,0x00000000fc380000)
  to   space 61952K, 0% used [0x00000000fc380000,0x00000000fc380000,0x0000000100000000)
 ParOldGen       total 142848K, used 135103K [0x00000000c0000000, 0x00000000c8b80000, 0x00000000eab00000)
  object space 142848K, 94% used [0x00000000c0000000,0x00000000c83efd68,0x00000000c8b80000)
 Metaspace       used 6454K, capacity 7256K, committed 7424K, reserved 1056768K
  class space    used 614K, capacity 656K, committed 768K, reserved 1048576K
Event: 25.342 GC heap after
Heap after GC invocations=11 (full 2):
 PSYoungGen      total 287232K, used 9038K [0x00000000eab00000, 0x0000000100000000, 0x0000000100000000)
  eden space 225280K, 0% used [0x00000000eab00000,0x00000000eab00000,0x00000000f8700000)
  from space 61952K, 14% used [0x00000000f8700000,0x00000000f8fd3bc0,0x00000000fc380000)
  to   space 61952K, 0% used [0x00000000fc380000,0x00000000fc380000,0x0000000100000000)
 ParOldGen       total 235008K, used 142336K [0x00000000c0000000, 0x00000000ce580000, 0x00000000eab00000)
  object space 235008K, 60% used [0x00000000c0000000,0x00000000c8b00258,0x00000000ce580000)
 Metaspace       used 6454K, capacity 7256K, committed 7424K, reserved 1056768K
  class space    used 614K, capacity 656K, committed 768K, reserved 1048576K
}
Event: 26.270 GC heap before
{Heap before GC invocations=12 (full 2):
 PSYoungGen      total 287232K, used 234318K [0x00000000eab00000, 0x0000000100000000, 0x0000000100000000)
  eden space 225280K, 100% used [0x00000000eab00000,0x00000000f8700000,0x00000000f8700000)
  from space 61952K, 14% used [0x00000000f8700000,0x00000000f8fd3bc0,0x00000000fc380000)
  to   space 61952K, 0% used [0x00000000fc380000,0x00000000fc380000,0x0000000100000000)
 ParOldGen       total 235008K, used 142336K [0x00000000c0000000, 0x00000000ce580000, 0x00000000eab00000)
  object space 235008K, 60% used [0x00000000c0000000,0x00000000c8b00258,0x00000000ce580000)
 Metaspace       used 6460K, capacity 7256K, committed 7424K, reserved 1056768K
  class space    used 614K, capacity 656K, committed 768K, reserved 1048576K
Event: 26.619 GC heap after
Heap after GC invocations=12 (full 2):
 PSYoungGen      total 229888K, used 37644K [0x00000000eab00000, 0x0000000100000000, 0x0000000100000000)
  eden space 167936K, 0% used [0x00000000eab00000,0x00000000eab00000,0x00000000f4f00000)
  from space 61952K, 60% used [0x00000000fc380000,0x00000000fe8430b8,0x0000000100000000)
  to   space 90624K, 0% used [0x00000000f4f00000,0x00000000f4f00000,0x00000000fa780000)
 ParOldGen       total 235008K, used 142736K [0x00000000c0000000, 0x00000000ce580000, 0x00000000eab00000)
  object space 235008K, 60% used [0x00000000c0000000,0x00000000c8b64258,0x00000000ce580000)
 Metaspace       used 6460K, capacity 7256K, committed 7424K, reserved 1056768K
  class space    used 614K, capacity 656K, committed 768K, reserved 1048576K
}

Deoptimization events (10 events):
Event: 22.916 Thread 0x0000000057707800 Uncommon trap: reason=class_check action=maybe_recompile pc=0x0000000003141a08 method=com.android.dx.ssa.back.InterferenceGraph.mergeInterferenceSet(ILcom/android/dx/util/IntSet;)V @ 20
Event: 25.480 Thread 0x000000000223e800 Uncommon trap: reason=bimorphic action=maybe_recompile pc=0x000000000332f4a4 method=com.android.dx.cf.code.BytecodeArray.parseInstruction(ILcom/android/dx/cf/code/BytecodeArray$Visitor;)I @ 1597
Event: 25.480 Thread 0x000000000223e800 Uncommon trap: reason=bimorphic action=maybe_recompile pc=0x000000000333040c method=com.android.dx.cf.code.BytecodeArray.parseInstruction(ILcom/android/dx/cf/code/BytecodeArray$Visitor;)I @ 1357
Event: 25.480 Thread 0x000000000223e800 Uncommon trap: reason=bimorphic action=maybe_recompile pc=0x000000000332f4a4 method=com.android.dx.cf.code.BytecodeArray.parseInstruction(ILcom/android/dx/cf/code/BytecodeArray$Visitor;)I @ 1597
Event: 25.693 Thread 0x0000000057707800 Uncommon trap: reason=class_check action=maybe_recompile pc=0x000000000308c7a4 method=com.android.dx.ssa.SsaConverter.placePhiFunctions(Lcom/android/dx/ssa/SsaMethod;Lcom/android/dx/ssa/LocalVariableInfo;I)V @ 257
Event: 25.724 Thread 0x0000000057708800 Uncommon trap: reason=class_check action=maybe_recompile pc=0x000000000339a8b0 method=com.android.dx.ssa.SsaBasicBlock.addLiveOut(I)V @ 26
Event: 25.724 Thread 0x0000000057708800 Uncommon trap: reason=class_check action=maybe_recompile pc=0x000000000339a8b0 method=com.android.dx.ssa.SsaBasicBlock.addLiveOut(I)V @ 26
Event: 25.724 Thread 0x0000000057708800 Uncommon trap: reason=class_check action=maybe_recompile pc=0x000000000339a8b0 method=com.android.dx.ssa.SsaBasicBlock.addLiveOut(I)V @ 26
Event: 25.724 Thread 0x0000000057708800 Uncommon trap: reason=class_check action=maybe_recompile pc=0x000000000339a8b0 method=com.android.dx.ssa.SsaBasicBlock.addLiveOut(I)V @ 26
Event: 25.901 Thread 0x0000000056ec6000 Uncommon trap: reason=class_check action=maybe_recompile pc=0x000000000308c7a4 method=com.android.dx.ssa.SsaConverter.placePhiFunctions(Lcom/android/dx/ssa/SsaMethod;Lcom/android/dx/ssa/LocalVariableInfo;I)V @ 257

Internal exceptions (10 events):
Event: 3.986 Thread 0x0000000056ec6000 Exception <a 'java/security/PrivilegedActionException'> (0x00000000ebded470) thrown at [D:\re\workspace\8-2-build-windows-amd64-cygwin\jdk8u20\1074\hotspot\src\share\vm\prims\jvm.cpp, line 1275]
Event: 3.987 Thread 0x0000000056ec6000 Exception <a 'java/security/PrivilegedActionException'> (0x00000000ebdf2c80) thrown at [D:\re\workspace\8-2-build-windows-amd64-cygwin\jdk8u20\1074\hotspot\src\share\vm\prims\jvm.cpp, line 1275]
Event: 9.060 Thread 0x0000000056ec6000 Exception <a 'java/security/PrivilegedActionException'> (0x00000000ec62f578) thrown at [D:\re\workspace\8-2-build-windows-amd64-cygwin\jdk8u20\1074\hotspot\src\share\vm\prims\jvm.cpp, line 1275]
Event: 9.297 Thread 0x0000000056ec6000 Exception <a 'java/security/PrivilegedActionException'> (0x00000000ec8f5ce8) thrown at [D:\re\workspace\8-2-build-windows-amd64-cygwin\jdk8u20\1074\hotspot\src\share\vm\prims\jvm.cpp, line 1275]
Event: 10.345 Thread 0x0000000057315800 Exception <a 'java/security/PrivilegedActionException'> (0x00000000eb2f0490) thrown at [D:\re\workspace\8-2-build-windows-amd64-cygwin\jdk8u20\1074\hotspot\src\share\vm\prims\jvm.cpp, line 1275]
Event: 10.976 Thread 0x0000000057708800 Exception <a 'java/lang/ArrayIndexOutOfBoundsException': 18> (0x00000000ec3382f8) thrown at [D:\re\workspace\8-2-build-windows-amd64-cygwin\jdk8u20\1074\hotspot\src\share\vm\interpreter\interpreterRuntime.cpp, line 366]
Event: 10.976 Thread 0x0000000057708800 Exception <a 'java/lang/ArrayIndexOutOfBoundsException': 145> (0x00000000ec339d90) thrown at [D:\re\workspace\8-2-build-windows-amd64-cygwin\jdk8u20\1074\hotspot\src\share\vm\interpreter\interpreterRuntime.cpp, line 366]
Event: 10.977 Thread 0x0000000057708800 Exception <a 'java/lang/ArrayIndexOutOfBoundsException'> (0x00000000ec33afa8) thrown at [D:\re\workspace\8-2-build-windows-amd64-cygwin\jdk8u20\1074\hotspot\src\share\vm\runtime\sharedRuntime.cpp, line 604]
Event: 22.208 Thread 0x0000000057707800 Exception <a 'java/security/PrivilegedActionException'> (0x00000000f0409c10) thrown at [D:\re\workspace\8-2-build-windows-amd64-cygwin\jdk8u20\1074\hotspot\src\share\vm\prims\jvm.cpp, line 1275]
Event: 22.305 Thread 0x0000000057707800 Exception <a 'java/security/PrivilegedActionException'> (0x00000000f1673810) thrown at [D:\re\workspace\8-2-build-windows-amd64-cygwin\jdk8u20\1074\hotspot\src\share\vm\prims\jvm.cpp, line 1275]

Events (10 events):
Event: 25.724 Thread 0x0000000057708800 DEOPT UNPACKING pc=0x000000000289556a sp=0x00000000581cecf8 mode 2
Event: 25.830 Thread 0x000000000223e800 DEOPT PACKING pc=0x000000000336aa51 sp=0x000000000257e180
Event: 25.830 Thread 0x000000000223e800 DEOPT UNPACKING pc=0x00000000028975bf sp=0x000000000257dfb0 mode 0
Event: 25.901 Thread 0x0000000056ec6000 Uncommon trap: trap_request=0xffffffde fr.pc=0x000000000308c7a4
Event: 25.901 Thread 0x0000000056ec6000 DEOPT PACKING pc=0x000000000308c7a4 sp=0x0000000057d3e700
Event: 25.901 Thread 0x0000000056ec6000 DEOPT UNPACKING pc=0x000000000289556a sp=0x0000000057d3e6d8 mode 2
Event: 25.966 Thread 0x000000000223e800 DEOPT PACKING pc=0x000000000336a927 sp=0x000000000257e230
Event: 25.966 Thread 0x000000000223e800 DEOPT UNPACKING pc=0x00000000028975bf sp=0x000000000257e060 mode 0
Event: 25.978 Executing VM operation: ParallelGCFailedAllocation
Event: 26.619 Executing VM operation: ParallelGCFailedAllocation done


Dynamic libraries:
0x000000013fbf0000 - 0x000000013fc24000 	C:\Program Files\Java\jdk1.8.0_20\bin\java.exe
0x0000000077c00000 - 0x0000000077daa000 	C:\Windows\SYSTEM32\ntdll.dll
0x00000000779e0000 - 0x0000000077aff000 	C:\Windows\system32\kernel32.dll
0x000007fefdcb0000 - 0x000007fefdd1a000 	C:\Windows\system32\KERNELBASE.dll
0x000007feff1e0000 - 0x000007feff2bb000 	C:\Windows\system32\ADVAPI32.dll
0x000007feff2f0000 - 0x000007feff38f000 	C:\Windows\system32\msvcrt.dll
0x000007fefdde0000 - 0x000007fefddff000 	C:\Windows\SYSTEM32\sechost.dll
0x000007feff810000 - 0x000007feff93d000 	C:\Windows\system32\RPCRT4.dll
0x0000000077b00000 - 0x0000000077bfa000 	C:\Windows\system32\USER32.dll
0x000007feff540000 - 0x000007feff5a7000 	C:\Windows\system32\GDI32.dll
0x000007fefeb90000 - 0x000007fefeb9e000 	C:\Windows\system32\LPK.dll
0x000007feff390000 - 0x000007feff45a000 	C:\Windows\system32\USP10.dll
0x000007fefc800000 - 0x000007fefc9f4000 	C:\Windows\WinSxS\amd64_microsoft.windows.common-controls_6595b64144ccf1df_6.0.7601.18837_none_fa3b1e3d17594757\COMCTL32.dll
0x000007feff5b0000 - 0x000007feff621000 	C:\Windows\system32\SHLWAPI.dll
0x000007feff2c0000 - 0x000007feff2ee000 	C:\Windows\system32\IMM32.DLL
0x000007feff070000 - 0x000007feff179000 	C:\Windows\system32\MSCTF.dll
0x0000000073d10000 - 0x0000000073de2000 	C:\Program Files\Java\jdk1.8.0_20\jre\bin\msvcr100.dll
0x000000005ac80000 - 0x000000005b4d8000 	C:\Program Files\Java\jdk1.8.0_20\jre\bin\server\jvm.dll
0x000007fefd300000 - 0x000007fefd309000 	C:\Windows\system32\WSOCK32.dll
0x000007feff9e0000 - 0x000007feffa2d000 	C:\Windows\system32\WS2_32.dll
0x000007fefed50000 - 0x000007fefed58000 	C:\Windows\system32\NSI.dll
0x000007fefb9a0000 - 0x000007fefb9db000 	C:\Windows\system32\WINMM.dll
0x0000000077dc0000 - 0x0000000077dc7000 	C:\Windows\system32\PSAPI.DLL
0x0000000074620000 - 0x000000007462f000 	C:\Program Files\Java\jdk1.8.0_20\jre\bin\verify.dll
0x00000000745f0000 - 0x0000000074618000 	C:\Program Files\Java\jdk1.8.0_20\jre\bin\java.dll
0x00000000745d0000 - 0x00000000745e6000 	C:\Program Files\Java\jdk1.8.0_20\jre\bin\zip.dll
0x000007fefde00000 - 0x000007fefeb8a000 	C:\Windows\system32\SHELL32.dll
0x000007feffa30000 - 0x000007feffc33000 	C:\Windows\system32\ole32.dll
0x000007fefd990000 - 0x000007fefd99f000 	C:\Windows\system32\profapi.dll

VM Arguments:
jvm_args: -Djava.awt.headless=true -Xmx1024M -Dfile.encoding=windows-1252 -Duser.country=US -Duser.language=en -Duser.variant 
java_command: com.android.dx.command.Main --dex --num-threads=4 --output C:\Users\Martin\AndroidStudioProjects\SystemEngineeringGSM\app\build\intermediates\pre-dexed\debug\com.google.android.gms-play-services-ads-8.4.0_5573907b5dd3f2cd6e0b03b9d0b5236d8c285cc2.jar C:\Users\Martin\AndroidStudioProjects\SystemEngineeringGSM\app\build\intermediates\exploded-aar\com.google.android.gms\play-services-ads\8.4.0\jars\classes.jar
java_class_path (initial): C:\Users\Martin\AppData\Local\Android\sdk\build-tools\23.0.2\lib\dx.jar
Launcher Type: SUN_STANDARD

Environment Variables:
PATH=C:\ProgramData\Oracle\Java\javapath;C:\Program Files\Common Files\Microsoft Shared\Windows Live;C:\Program Files (x86)\Common Files\Microsoft Shared\Windows Live;C:\Program Files (x86)\Intel\iCLS Client\;C:\Program Files\Intel\iCLS Client\;C:\Program Files\Dell\DW WLAN Card;C:\Windows\system32;C:\Windows;C:\Windows\System32\Wbem;C:\Windows\System32\WindowsPowerShell\v1.0\;C:\Program Files\WIDCOMM\Bluetooth Software\;C:\Program Files\WIDCOMM\Bluetooth Software\syswow64;C:\Program Files\Dell\Dell Data Protection\Access\Advanced\Wave\Gemalto\Access Client\v5\;C:\Program Files (x86)\Security Innovation\SI TSS\bin\;C:\Program Files (x86)\Windows Live\Shared;C:\Program Files (x86)\MySQL\MySQL Utilities 1.3.4\;C:\Program Files\Microsoft SQL Server\110\Tools\Binn\;C:\Program Files\nodejs\;C:\Program Files (x86)\Git\cmd;C:\Program Files\MATLAB\runtime\win64;C:\Program Files\MATLAB\bin;C:\Program Files (x86)\QuickTime\QTSystem\;C:\Program Files (x86)\GtkSharp\2.12\bin;C:\Program Files (x86)\Skype\Phone\;C:\Program Files\Intel\Intel(R) Management Engine Components\DAL;C:\Program Files\Intel\Intel(R) Management Engine Components\IPT;C:\Program Files (x86)\Intel\Intel(R) Management Engine Components\DAL;C:\Program Files (x86)\Intel\Intel(R) Management Engine Components\IPT;C:\Users\Martin\AppData\Local\Android\sdk\platform-tools;C:\Program Files\Java\jdk1.8.0_20\bin;C:\Users\Martin\AppData\Roaming\npm
USERNAME=Martin
OS=Windows_NT
PROCESSOR_IDENTIFIER=Intel64 Family 6 Model 58 Stepping 9, GenuineIntel



---------------  S Y S T E M  ---------------

OS: Windows 7 , 64 bit Build 7601 Service Pack 1

CPU:total 4 (2 cores per cpu, 2 threads per core) family 6 model 58 stepping 9, cmov, cx8, fxsr, mmx, sse, sse2, sse3, ssse3, sse4.1, sse4.2, popcnt, avx, aes, clmul, erms, ht, tsc, tscinvbit, tscinv

Memory: 4k page, physical 4077532k(251168k free), swap 5811308k(5184k free)

vm_info: Java HotSpot(TM) 64-Bit Server VM (25.20-b23) for windows-amd64 JRE (1.8.0_20-b26), built on Jul 30 2014 13:51:23 by "java_re" with MS VC++ 10.0 (VS2010)

time: Wed Jun 01 10:31:50 2016
elapsed time: 27 seconds (0d 0h 0m 27s)

