#
# There is insufficient memory for the Java Runtime Environment to continue.
# Native memory allocation (malloc) failed to allocate 915056 bytes for Chunk::new
# Possible reasons:
#   The system is out of physical RAM or swap space
#   In 32 bit mode, the process size limit was hit
# Possible solutions:
#   Reduce memory load on the system
#   Increase physical memory or swap space
#   Check if swap backing store is full
#   Use 64 bit Java on a 64 bit OS
#   Decrease Java heap size (-Xmx/-Xms)
#   Decrease number of Java threads
#   Decrease Java thread stack sizes (-Xss)
#   Set larger code cache with -XX:ReservedCodeCacheSize=
# This output file may be truncated or incomplete.
#
#  Out of Memory Error (allocation.cpp:390), pid=9144, tid=8276
#
# JRE version: Java(TM) SE Runtime Environment (8.0_20-b26) (build 1.8.0_20-b26)
# Java VM: Java HotSpot(TM) 64-Bit Server VM (25.20-b23 mixed mode windows-amd64 compressed oops)
# Failed to write core dump. Minidumps are not enabled by default on client versions of Windows
#

---------------  T H R E A D  ---------------

Current thread (0x0000000054f9a000):  JavaThread "C2 CompilerThread1" daemon [_thread_in_native, id=8276, stack(0x0000000056a10000,0x0000000056b10000)]

Stack: [0x0000000056a10000,0x0000000056b10000]
Native frames: (J=compiled Java code, j=interpreted, Vv=VM code, C=native code)
V  [jvm.dll+0x3152fa]


Current CompileTask:
C2:  23424 2365 % !   4       com.android.dx.cf.code.Ropper::doit @ 21 (126 bytes)


---------------  P R O C E S S  ---------------

Java Threads: ( => current thread )
  0x0000000056fd7800 JavaThread "pool-1-thread-4" [_thread_in_Java, id=8000, stack(0x0000000057f60000,0x0000000058060000)]
  0x0000000056ea5800 JavaThread "pool-1-thread-3" [_thread_in_Java, id=7972, stack(0x00000000580a0000,0x00000000581a0000)]
  0x000000005720d000 JavaThread "pool-1-thread-2" [_thread_in_Java, id=8936, stack(0x0000000057df0000,0x0000000057ef0000)]
  0x0000000056fad800 JavaThread "pool-2-thread-1" [_thread_blocked, id=8772, stack(0x0000000057cb0000,0x0000000057db0000)]
  0x0000000056fab000 JavaThread "pool-1-thread-1" [_thread_in_Java, id=556, stack(0x0000000057ac0000,0x0000000057bc0000)]
  0x0000000056c9b800 JavaThread "Service Thread" daemon [_thread_blocked, id=7136, stack(0x0000000056900000,0x0000000056a00000)]
  0x0000000054f9b800 JavaThread "C1 CompilerThread2" daemon [_thread_blocked, id=7048, stack(0x0000000056b40000,0x0000000056c40000)]
=>0x0000000054f9a000 JavaThread "C2 CompilerThread1" daemon [_thread_in_native, id=8276, stack(0x0000000056a10000,0x0000000056b10000)]
  0x0000000054f97000 JavaThread "C2 CompilerThread0" daemon [_thread_blocked, id=6812, stack(0x0000000056720000,0x0000000056820000)]
  0x0000000054f94000 JavaThread "Attach Listener" daemon [_thread_blocked, id=4592, stack(0x0000000056540000,0x0000000056640000)]
  0x0000000054f90800 JavaThread "Signal Dispatcher" daemon [_thread_blocked, id=8300, stack(0x00000000563e0000,0x00000000564e0000)]
  0x0000000054f2f000 JavaThread "Finalizer" daemon [_thread_blocked, id=8940, stack(0x00000000562a0000,0x00000000563a0000)]
  0x0000000054f2c000 JavaThread "Reference Handler" daemon [_thread_blocked, id=8540, stack(0x0000000056150000,0x0000000056250000)]
  0x000000000215e800 JavaThread "main" [_thread_blocked, id=8652, stack(0x0000000002260000,0x0000000002360000)]

Other Threads:
  0x0000000054f26800 VMThread [stack: 0x0000000055fd0000,0x00000000560d0000] [id=636]
  0x0000000056ca1000 WatcherThread [stack: 0x00000000570d0000,0x00000000571d0000] [id=7740]

VM state:not at safepoint (normal execution)

VM Mutex/Monitor currently owned by a thread: None

Heap:
 PSYoungGen      total 142848K, used 89011K [0x00000000eab00000, 0x00000000f4c00000, 0x0000000100000000)
  eden space 128512K, 69% used [0x00000000eab00000,0x00000000f01ecda8,0x00000000f2880000)
  from space 14336K, 0% used [0x00000000f3900000,0x00000000f3900000,0x00000000f4700000)
  to   space 16896K, 0% used [0x00000000f2880000,0x00000000f2880000,0x00000000f3900000)
 ParOldGen       total 257024K, used 142779K [0x00000000c0000000, 0x00000000cfb00000, 0x00000000eab00000)
  object space 257024K, 55% used [0x00000000c0000000,0x00000000c8b6eee8,0x00000000cfb00000)
 Metaspace       used 6474K, capacity 7256K, committed 7424K, reserved 1056768K
  class space    used 614K, capacity 656K, committed 768K, reserved 1048576K

Card table byte_map: [0x00000000119f0000,0x0000000011c00000] byte_map_base: 0x00000000113f0000

Marking Bits: (ParMarkBitMap*) 0x000000005b45b460
 Begin Bits: [0x00000000123a0000, 0x00000000133a0000)
 End Bits:   [0x00000000133a0000, 0x00000000143a0000)

Polling page: 0x0000000000330000

CodeCache: size=245760Kb used=8733Kb max_used=10430Kb free=237026Kb
 bounds [0x0000000002630000, 0x0000000003070000, 0x0000000011630000]
 total_blobs=2207 nmethods=1942 adapters=178
 compilation: enabled

Compilation events (10 events):
Event: 23.153 Thread 0x0000000054f9a000 2345       4       com.android.dx.util.IntList::equals (82 bytes)
Event: 23.153 Thread 0x0000000054f9a000 nmethod 2345 0x0000000002796a10 code [0x0000000002796b40, 0x0000000002796bb8]
Event: 23.159 Thread 0x0000000054f97000 nmethod 2348 0x00000000029d6c10 code [0x00000000029d6e20, 0x00000000029d7328]
Event: 23.160 Thread 0x0000000054f9a000 2362       4       com.android.dx.cf.code.BasicBlocker::visitNoArgs (298 bytes)
Event: 23.229 Thread 0x0000000054f97000 2363       4       com.android.dx.rop.code.DexTranslationAdvice::hasConstantOperation (163 bytes)
Event: 23.234 Thread 0x0000000054f97000 nmethod 2363 0x0000000002830bd0 code [0x0000000002830dc0, 0x0000000002830fc8]
Event: 23.234 Thread 0x0000000054f9a000 nmethod 2362 0x00000000029e8450 code [0x00000000029e8760, 0x00000000029e9f08]
Event: 23.241 Thread 0x0000000054f97000 2364       4       com.android.dx.rop.code.Rops::opPutField (97 bytes)
Event: 23.243 Thread 0x0000000054f97000 nmethod 2364 0x00000000028cdf50 code [0x00000000028ce0a0, 0x00000000028ce1e8]
Event: 23.265 Thread 0x0000000054f9a000 2365 % !   4       com.android.dx.cf.code.Ropper::doit @ 21 (126 bytes)

GC Heap History (10 events):
Event: 20.371 GC heap before
{Heap before GC invocations=9 (full 1):
 PSYoungGen      total 145408K, used 140716K [0x00000000eab00000, 0x00000000f4c00000, 0x0000000100000000)
  eden space 128512K, 100% used [0x00000000eab00000,0x00000000f2880000,0x00000000f2880000)
  from space 16896K, 72% used [0x00000000f2880000,0x00000000f346b208,0x00000000f3900000)
  to   space 14336K, 0% used [0x00000000f3900000,0x00000000f3900000,0x00000000f4700000)
 ParOldGen       total 172032K, used 101670K [0x00000000c0000000, 0x00000000ca800000, 0x00000000eab00000)
  object space 172032K, 59% used [0x00000000c0000000,0x00000000c6349a90,0x00000000ca800000)
 Metaspace       used 6447K, capacity 7256K, committed 7424K, reserved 1056768K
  class space    used 613K, capacity 656K, committed 768K, reserved 1048576K
Event: 20.440 GC heap after
Heap after GC invocations=9 (full 1):
 PSYoungGen      total 142848K, used 14320K [0x00000000eab00000, 0x00000000f4c00000, 0x0000000100000000)
  eden space 128512K, 0% used [0x00000000eab00000,0x00000000eab00000,0x00000000f2880000)
  from space 14336K, 99% used [0x00000000f3900000,0x00000000f46fc288,0x00000000f4700000)
  to   space 16896K, 0% used [0x00000000f2880000,0x00000000f2880000,0x00000000f3900000)
 ParOldGen       total 172032K, used 143637K [0x00000000c0000000, 0x00000000ca800000, 0x00000000eab00000)
  object space 172032K, 83% used [0x00000000c0000000,0x00000000c8c45728,0x00000000ca800000)
 Metaspace       used 6447K, capacity 7256K, committed 7424K, reserved 1056768K
  class space    used 613K, capacity 656K, committed 768K, reserved 1048576K
}
Event: 20.440 GC heap before
{Heap before GC invocations=10 (full 2):
 PSYoungGen      total 142848K, used 14320K [0x00000000eab00000, 0x00000000f4c00000, 0x0000000100000000)
  eden space 128512K, 0% used [0x00000000eab00000,0x00000000eab00000,0x00000000f2880000)
  from space 14336K, 99% used [0x00000000f3900000,0x00000000f46fc288,0x00000000f4700000)
  to   space 16896K, 0% used [0x00000000f2880000,0x00000000f2880000,0x00000000f3900000)
 ParOldGen       total 172032K, used 143637K [0x00000000c0000000, 0x00000000ca800000, 0x00000000eab00000)
  object space 172032K, 83% used [0x00000000c0000000,0x00000000c8c45728,0x00000000ca800000)
 Metaspace       used 6447K, capacity 7256K, committed 7424K, reserved 1056768K
  class space    used 613K, capacity 656K, committed 768K, reserved 1048576K
Event: 20.978 GC heap after
Heap after GC invocations=10 (full 2):
 PSYoungGen      total 142848K, used 0K [0x00000000eab00000, 0x00000000f4c00000, 0x0000000100000000)
  eden space 128512K, 0% used [0x00000000eab00000,0x00000000eab00000,0x00000000f2880000)
  from space 14336K, 0% used [0x00000000f3900000,0x00000000f3900000,0x00000000f4700000)
  to   space 16896K, 0% used [0x00000000f2880000,0x00000000f2880000,0x00000000f3900000)
 ParOldGen       total 250368K, used 155315K [0x00000000c0000000, 0x00000000cf480000, 0x00000000eab00000)
  object space 250368K, 62% used [0x00000000c0000000,0x00000000c97ace18,0x00000000cf480000)
 Metaspace       used 6447K, capacity 7256K, committed 7424K, reserved 1056768K
  class space    used 613K, capacity 656K, committed 768K, reserved 1048576K
}
Event: 22.061 GC heap before
{Heap before GC invocations=11 (full 2):
 PSYoungGen      total 142848K, used 128512K [0x00000000eab00000, 0x00000000f4c00000, 0x0000000100000000)
  eden space 128512K, 100% used [0x00000000eab00000,0x00000000f2880000,0x00000000f2880000)
  from space 14336K, 0% used [0x00000000f3900000,0x00000000f3900000,0x00000000f4700000)
  to   space 16896K, 0% used [0x00000000f2880000,0x00000000f2880000,0x00000000f3900000)
 ParOldGen       total 250368K, used 155315K [0x00000000c0000000, 0x00000000cf480000, 0x00000000eab00000)
  object space 250368K, 62% used [0x00000000c0000000,0x00000000c97ace18,0x00000000cf480000)
 Metaspace       used 6466K, capacity 7256K, committed 7424K, reserved 1056768K
  class space    used 614K, capacity 656K, committed 768K, reserved 1048576K
Event: 22.156 GC heap after
Heap after GC invocations=11 (full 2):
 PSYoungGen      total 145408K, used 16871K [0x00000000eab00000, 0x00000000f4c00000, 0x0000000100000000)
  eden space 128512K, 0% used [0x00000000eab00000,0x00000000eab00000,0x00000000f2880000)
  from space 16896K, 99% used [0x00000000f2880000,0x00000000f38f9fe0,0x00000000f3900000)
  to   space 14336K, 0% used [0x00000000f3900000,0x00000000f3900000,0x00000000f4700000)
 ParOldGen       total 250368K, used 172092K [0x00000000c0000000, 0x00000000cf480000, 0x00000000eab00000)
  object space 250368K, 68% used [0x00000000c0000000,0x00000000ca80f368,0x00000000cf480000)
 Metaspace       used 6466K, capacity 7256K, committed 7424K, reserved 1056768K
  class space    used 614K, capacity 656K, committed 768K, reserved 1048576K
}
Event: 22.455 GC heap before
{Heap before GC invocations=12 (full 2):
 PSYoungGen      total 145408K, used 145383K [0x00000000eab00000, 0x00000000f4c00000, 0x0000000100000000)
  eden space 128512K, 100% used [0x00000000eab00000,0x00000000f2880000,0x00000000f2880000)
  from space 16896K, 99% used [0x00000000f2880000,0x00000000f38f9fe0,0x00000000f3900000)
  to   space 14336K, 0% used [0x00000000f3900000,0x00000000f3900000,0x00000000f4700000)
 ParOldGen       total 250368K, used 172092K [0x00000000c0000000, 0x00000000cf480000, 0x00000000eab00000)
  object space 250368K, 68% used [0x00000000c0000000,0x00000000ca80f368,0x00000000cf480000)
 Metaspace       used 6474K, capacity 7256K, committed 7424K, reserved 1056768K
  class space    used 614K, capacity 656K, committed 768K, reserved 1048576K
Event: 22.679 GC heap after
Heap after GC invocations=12 (full 2):
 PSYoungGen      total 142848K, used 14319K [0x00000000eab00000, 0x00000000f4c00000, 0x0000000100000000)
  eden space 128512K, 0% used [0x00000000eab00000,0x00000000eab00000,0x00000000f2880000)
  from space 14336K, 99% used [0x00000000f3900000,0x00000000f46fbc08,0x00000000f4700000)
  to   space 16896K, 0% used [0x00000000f2880000,0x00000000f2880000,0x00000000f3900000)
 ParOldGen       total 250368K, used 220445K [0x00000000c0000000, 0x00000000cf480000, 0x00000000eab00000)
  object space 250368K, 88% used [0x00000000c0000000,0x00000000cd747790,0x00000000cf480000)
 Metaspace       used 6474K, capacity 7256K, committed 7424K, reserved 1056768K
  class space    used 614K, capacity 656K, committed 768K, reserved 1048576K
}
Event: 22.679 GC heap before
{Heap before GC invocations=13 (full 3):
 PSYoungGen      total 142848K, used 14319K [0x00000000eab00000, 0x00000000f4c00000, 0x0000000100000000)
  eden space 128512K, 0% used [0x00000000eab00000,0x00000000eab00000,0x00000000f2880000)
  from space 14336K, 99% used [0x00000000f3900000,0x00000000f46fbc08,0x00000000f4700000)
  to   space 16896K, 0% used [0x00000000f2880000,0x00000000f2880000,0x00000000f3900000)
 ParOldGen       total 250368K, used 220445K [0x00000000c0000000, 0x00000000cf480000, 0x00000000eab00000)
  object space 250368K, 88% used [0x00000000c0000000,0x00000000cd747790,0x00000000cf480000)
 Metaspace       used 6474K, capacity 7256K, committed 7424K, reserved 1056768K
  class space    used 614K, capacity 656K, committed 768K, reserved 1048576K
Event: 23.148 GC heap after
Heap after GC invocations=13 (full 3):
 PSYoungGen      total 142848K, used 0K [0x00000000eab00000, 0x00000000f4c00000, 0x0000000100000000)
  eden space 128512K, 0% used [0x00000000eab00000,0x00000000eab00000,0x00000000f2880000)
  from space 14336K, 0% used [0x00000000f3900000,0x00000000f3900000,0x00000000f4700000)
  to   space 16896K, 0% used [0x00000000f2880000,0x00000000f2880000,0x00000000f3900000)
 ParOldGen       total 257024K, used 142779K [0x00000000c0000000, 0x00000000cfb00000, 0x00000000eab00000)
  object space 257024K, 55% used [0x00000000c0000000,0x00000000c8b6eee8,0x00000000cfb00000)
 Metaspace       used 6474K, capacity 7256K, committed 7424K, reserved 1056768K
  class space    used 614K, capacity 656K, committed 768K, reserved 1048576K
}

Deoptimization events (10 events):
Event: 21.457 Thread 0x0000000056fd7800 Uncommon trap: reason=class_check action=maybe_recompile pc=0x0000000002f70aa4 method=com.android.dx.ssa.back.InterferenceGraph.add(II)V @ 19
Event: 21.457 Thread 0x0000000056fd7800 Uncommon trap: reason=class_check action=maybe_recompile pc=0x0000000002f70aa4 method=com.android.dx.ssa.back.InterferenceGraph.add(II)V @ 19
Event: 21.457 Thread 0x0000000056fd7800 Uncommon trap: reason=class_check action=maybe_recompile pc=0x0000000002f70aa4 method=com.android.dx.ssa.back.InterferenceGraph.add(II)V @ 19
Event: 21.457 Thread 0x0000000056fd7800 Uncommon trap: reason=class_check action=maybe_recompile pc=0x0000000002f70aa4 method=com.android.dx.ssa.back.InterferenceGraph.add(II)V @ 19
Event: 21.546 Thread 0x0000000056fd7800 Uncommon trap: reason=class_check action=maybe_recompile pc=0x0000000002dbee24 method=com.android.dx.ssa.back.InterferenceGraph.mergeInterferenceSet(ILcom/android/dx/util/IntSet;)V @ 20
Event: 21.548 Thread 0x0000000056fd7800 Uncommon trap: reason=class_check action=maybe_recompile pc=0x0000000002dbee24 method=com.android.dx.ssa.back.InterferenceGraph.mergeInterferenceSet(ILcom/android/dx/util/IntSet;)V @ 20
Event: 21.548 Thread 0x0000000056fd7800 Uncommon trap: reason=class_check action=maybe_recompile pc=0x0000000002dbee24 method=com.android.dx.ssa.back.InterferenceGraph.mergeInterferenceSet(ILcom/android/dx/util/IntSet;)V @ 20
Event: 21.553 Thread 0x0000000056fd7800 Uncommon trap: reason=class_check action=maybe_recompile pc=0x0000000002dbee24 method=com.android.dx.ssa.back.InterferenceGraph.mergeInterferenceSet(ILcom/android/dx/util/IntSet;)V @ 20
Event: 21.919 Thread 0x0000000056fab000 Uncommon trap: reason=predicate action=maybe_recompile pc=0x0000000002ea7f84 method=com.android.dx.ssa.DomFront.run()[Lcom/android/dx/ssa/DomFront$DomInfo; @ 175
Event: 21.928 Thread 0x0000000056fab000 Uncommon trap: reason=class_check action=maybe_recompile pc=0x0000000002df2050 method=com.android.dx.ssa.SsaConverter.placePhiFunctions(Lcom/android/dx/ssa/SsaMethod;Lcom/android/dx/ssa/LocalVariableInfo;I)V @ 257

Internal exceptions (10 events):
Event: 3.306 Thread 0x000000005720d000 Exception <a 'java/security/PrivilegedActionException'> (0x00000000ebde08e8) thrown at [D:\re\workspace\8-2-build-windows-amd64-cygwin\jdk8u20\1074\hotspot\src\share\vm\prims\jvm.cpp, line 1275]
Event: 3.306 Thread 0x000000005720d000 Exception <a 'java/security/PrivilegedActionException'> (0x00000000ebde60f8) thrown at [D:\re\workspace\8-2-build-windows-amd64-cygwin\jdk8u20\1074\hotspot\src\share\vm\prims\jvm.cpp, line 1275]
Event: 8.183 Thread 0x000000005720d000 Exception <a 'java/security/PrivilegedActionException'> (0x00000000ec0a6098) thrown at [D:\re\workspace\8-2-build-windows-amd64-cygwin\jdk8u20\1074\hotspot\src\share\vm\prims\jvm.cpp, line 1275]
Event: 9.643 Thread 0x0000000056fab000 Exception <a 'java/security/PrivilegedActionException'> (0x00000000ec5f97d8) thrown at [D:\re\workspace\8-2-build-windows-amd64-cygwin\jdk8u20\1074\hotspot\src\share\vm\prims\jvm.cpp, line 1275]
Event: 11.034 Thread 0x0000000056fab000 Exception <a 'java/security/PrivilegedActionException'> (0x00000000eb308bc8) thrown at [D:\re\workspace\8-2-build-windows-amd64-cygwin\jdk8u20\1074\hotspot\src\share\vm\prims\jvm.cpp, line 1275]
Event: 12.218 Thread 0x0000000056fd7800 Exception <a 'java/lang/ArrayIndexOutOfBoundsException': 18> (0x00000000ec2d0c88) thrown at [D:\re\workspace\8-2-build-windows-amd64-cygwin\jdk8u20\1074\hotspot\src\share\vm\interpreter\interpreterRuntime.cpp, line 366]
Event: 12.218 Thread 0x0000000056fd7800 Exception <a 'java/lang/ArrayIndexOutOfBoundsException': 145> (0x00000000ec2d2720) thrown at [D:\re\workspace\8-2-build-windows-amd64-cygwin\jdk8u20\1074\hotspot\src\share\vm\interpreter\interpreterRuntime.cpp, line 366]
Event: 12.219 Thread 0x0000000056fd7800 Exception <a 'java/lang/ArrayIndexOutOfBoundsException'> (0x00000000ec2d3938) thrown at [D:\re\workspace\8-2-build-windows-amd64-cygwin\jdk8u20\1074\hotspot\src\share\vm\runtime\sharedRuntime.cpp, line 604]
Event: 21.025 Thread 0x0000000056fd7800 Exception <a 'java/security/PrivilegedActionException'> (0x00000000ecb1d360) thrown at [D:\re\workspace\8-2-build-windows-amd64-cygwin\jdk8u20\1074\hotspot\src\share\vm\prims\jvm.cpp, line 1275]
Event: 21.209 Thread 0x0000000056fd7800 Exception <a 'java/security/PrivilegedActionException'> (0x00000000ecc4fd40) thrown at [D:\re\workspace\8-2-build-windows-amd64-cygwin\jdk8u20\1074\hotspot\src\share\vm\prims\jvm.cpp, line 1275]

Events (10 events):
Event: 21.919 Thread 0x0000000056fab000 Uncommon trap: trap_request=0xffffff86 fr.pc=0x0000000002ea7f84
Event: 21.919 Thread 0x0000000056fab000 DEOPT PACKING pc=0x0000000002ea7f84 sp=0x0000000057bbe7c0
Event: 21.919 Thread 0x0000000056fab000 DEOPT UNPACKING pc=0x000000000267556a sp=0x0000000057bbe728 mode 2
Event: 21.928 Thread 0x0000000056fab000 Uncommon trap: trap_request=0xffffffde fr.pc=0x0000000002df2050
Event: 21.928 Thread 0x0000000056fab000 DEOPT PACKING pc=0x0000000002df2050 sp=0x0000000057bbe7c0
Event: 21.928 Thread 0x0000000056fab000 DEOPT UNPACKING pc=0x000000000267556a sp=0x0000000057bbe798 mode 2
Event: 21.949 Executing VM operation: ParallelGCFailedAllocation
Event: 22.156 Executing VM operation: ParallelGCFailedAllocation done
Event: 22.453 Executing VM operation: ParallelGCFailedAllocation
Event: 23.148 Executing VM operation: ParallelGCFailedAllocation done


Dynamic libraries:
0x000000013fbf0000 - 0x000000013fc24000 	C:\Program Files\Java\jdk1.8.0_20\bin\java.exe
0x0000000077c00000 - 0x0000000077daa000 	C:\Windows\SYSTEM32\ntdll.dll
0x00000000779e0000 - 0x0000000077aff000 	C:\Windows\system32\kernel32.dll
0x000007fefdcb0000 - 0x000007fefdd1a000 	C:\Windows\system32\KERNELBASE.dll
0x000007feff1e0000 - 0x000007feff2bb000 	C:\Windows\system32\ADVAPI32.dll
0x000007feff2f0000 - 0x000007feff38f000 	C:\Windows\system32\msvcrt.dll
0x000007fefdde0000 - 0x000007fefddff000 	C:\Windows\SYSTEM32\sechost.dll
0x000007feff810000 - 0x000007feff93d000 	C:\Windows\system32\RPCRT4.dll
0x0000000077b00000 - 0x0000000077bfa000 	C:\Windows\system32\USER32.dll
0x000007feff540000 - 0x000007feff5a7000 	C:\Windows\system32\GDI32.dll
0x000007fefeb90000 - 0x000007fefeb9e000 	C:\Windows\system32\LPK.dll
0x000007feff390000 - 0x000007feff45a000 	C:\Windows\system32\USP10.dll
0x000007fefc800000 - 0x000007fefc9f4000 	C:\Windows\WinSxS\amd64_microsoft.windows.common-controls_6595b64144ccf1df_6.0.7601.18837_none_fa3b1e3d17594757\COMCTL32.dll
0x000007feff5b0000 - 0x000007feff621000 	C:\Windows\system32\SHLWAPI.dll
0x000007feff2c0000 - 0x000007feff2ee000 	C:\Windows\system32\IMM32.DLL
0x000007feff070000 - 0x000007feff179000 	C:\Windows\system32\MSCTF.dll
0x0000000073d10000 - 0x0000000073de2000 	C:\Program Files\Java\jdk1.8.0_20\jre\bin\msvcr100.dll
0x000000005ac80000 - 0x000000005b4d8000 	C:\Program Files\Java\jdk1.8.0_20\jre\bin\server\jvm.dll
0x000007fefd300000 - 0x000007fefd309000 	C:\Windows\system32\WSOCK32.dll
0x000007feff9e0000 - 0x000007feffa2d000 	C:\Windows\system32\WS2_32.dll
0x000007fefed50000 - 0x000007fefed58000 	C:\Windows\system32\NSI.dll
0x000007fefb9a0000 - 0x000007fefb9db000 	C:\Windows\system32\WINMM.dll
0x0000000077dc0000 - 0x0000000077dc7000 	C:\Windows\system32\PSAPI.DLL
0x0000000074620000 - 0x000000007462f000 	C:\Program Files\Java\jdk1.8.0_20\jre\bin\verify.dll
0x00000000745f0000 - 0x0000000074618000 	C:\Program Files\Java\jdk1.8.0_20\jre\bin\java.dll
0x00000000745d0000 - 0x00000000745e6000 	C:\Program Files\Java\jdk1.8.0_20\jre\bin\zip.dll
0x000007fefde00000 - 0x000007fefeb8a000 	C:\Windows\system32\SHELL32.dll
0x000007feffa30000 - 0x000007feffc33000 	C:\Windows\system32\ole32.dll
0x000007fefd990000 - 0x000007fefd99f000 	C:\Windows\system32\profapi.dll

VM Arguments:
jvm_args: -Djava.awt.headless=true -Xmx1024M -Dfile.encoding=windows-1252 -Duser.country=US -Duser.language=en -Duser.variant 
java_command: com.android.dx.command.Main --dex --num-threads=4 --output C:\Users\Martin\AndroidStudioProjects\SystemEngineeringGSM\app\build\intermediates\pre-dexed\debug\com.google.android.gms-play-services-ads-8.4.0_5573907b5dd3f2cd6e0b03b9d0b5236d8c285cc2.jar C:\Users\Martin\AndroidStudioProjects\SystemEngineeringGSM\app\build\intermediates\exploded-aar\com.google.android.gms\play-services-ads\8.4.0\jars\classes.jar
java_class_path (initial): C:\Users\Martin\AppData\Local\Android\sdk\build-tools\23.0.2\lib\dx.jar
Launcher Type: SUN_STANDARD

Environment Variables:
PATH=C:\ProgramData\Oracle\Java\javapath;C:\Program Files\Common Files\Microsoft Shared\Windows Live;C:\Program Files (x86)\Common Files\Microsoft Shared\Windows Live;C:\Program Files (x86)\Intel\iCLS Client\;C:\Program Files\Intel\iCLS Client\;C:\Program Files\Dell\DW WLAN Card;C:\Windows\system32;C:\Windows;C:\Windows\System32\Wbem;C:\Windows\System32\WindowsPowerShell\v1.0\;C:\Program Files\WIDCOMM\Bluetooth Software\;C:\Program Files\WIDCOMM\Bluetooth Software\syswow64;C:\Program Files\Dell\Dell Data Protection\Access\Advanced\Wave\Gemalto\Access Client\v5\;C:\Program Files (x86)\Security Innovation\SI TSS\bin\;C:\Program Files (x86)\Windows Live\Shared;C:\Program Files (x86)\MySQL\MySQL Utilities 1.3.4\;C:\Program Files\Microsoft SQL Server\110\Tools\Binn\;C:\Program Files\nodejs\;C:\Program Files (x86)\Git\cmd;C:\Program Files\MATLAB\runtime\win64;C:\Program Files\MATLAB\bin;C:\Program Files (x86)\QuickTime\QTSystem\;C:\Program Files (x86)\GtkSharp\2.12\bin;C:\Program Files (x86)\Skype\Phone\;C:\Program Files\Intel\Intel(R) Management Engine Components\DAL;C:\Program Files\Intel\Intel(R) Management Engine Components\IPT;C:\Program Files (x86)\Intel\Intel(R) Management Engine Components\DAL;C:\Program Files (x86)\Intel\Intel(R) Management Engine Components\IPT;C:\Users\Martin\AppData\Local\Android\sdk\platform-tools;C:\Program Files\Java\jdk1.8.0_20\bin;C:\Users\Martin\AppData\Roaming\npm
USERNAME=Martin
OS=Windows_NT
PROCESSOR_IDENTIFIER=Intel64 Family 6 Model 58 Stepping 9, GenuineIntel



---------------  S Y S T E M  ---------------

OS: Windows 7 , 64 bit Build 7601 Service Pack 1

CPU:total 4 (2 cores per cpu, 2 threads per core) family 6 model 58 stepping 9, cmov, cx8, fxsr, mmx, sse, sse2, sse3, ssse3, sse4.1, sse4.2, popcnt, avx, aes, clmul, erms, ht, tsc, tscinvbit, tscinv

Memory: 4k page, physical 4077532k(275304k free), swap 5811308k(5188k free)

vm_info: Java HotSpot(TM) 64-Bit Server VM (25.20-b23) for windows-amd64 JRE (1.8.0_20-b26), built on Jul 30 2014 13:51:23 by "java_re" with MS VC++ 10.0 (VS2010)

time: Wed Jun 01 10:30:13 2016
elapsed time: 23 seconds (0d 0h 0m 23s)

