#
# There is insufficient memory for the Java Runtime Environment to continue.
# Native memory allocation (malloc) failed to allocate 1127776 bytes for Chunk::new
# Possible reasons:
#   The system is out of physical RAM or swap space
#   In 32 bit mode, the process size limit was hit
# Possible solutions:
#   Reduce memory load on the system
#   Increase physical memory or swap space
#   Check if swap backing store is full
#   Use 64 bit Java on a 64 bit OS
#   Decrease Java heap size (-Xmx/-Xms)
#   Decrease number of Java threads
#   Decrease Java thread stack sizes (-Xss)
#   Set larger code cache with -XX:ReservedCodeCacheSize=
# This output file may be truncated or incomplete.
#
#  Out of Memory Error (allocation.cpp:390), pid=9952, tid=4456
#
# JRE version: Java(TM) SE Runtime Environment (8.0_20-b26) (build 1.8.0_20-b26)
# Java VM: Java HotSpot(TM) 64-Bit Server VM (25.20-b23 mixed mode windows-amd64 compressed oops)
# Failed to write core dump. Minidumps are not enabled by default on client versions of Windows
#

---------------  T H R E A D  ---------------

Current thread (0x0000000054e21800):  JavaThread "C2 CompilerThread0" daemon [_thread_in_native, id=4456, stack(0x00000000565b0000,0x00000000566b0000)]

Stack: [0x00000000565b0000,0x00000000566b0000]
Native frames: (J=compiled Java code, j=interpreted, Vv=VM code, C=native code)
V  [jvm.dll+0x3152fa]


Current CompileTask:
C2:   9307 1762   !   4       com.android.dx.cf.code.RopperMachine::run (1550 bytes)


---------------  P R O C E S S  ---------------

Java Threads: ( => current thread )
  0x0000000056a60000 JavaThread "pool-1-thread-4" [_thread_blocked, id=9044, stack(0x0000000056c70000,0x0000000056d70000)]
  0x0000000056a57800 JavaThread "pool-1-thread-3" [_thread_in_Java, id=10008, stack(0x0000000057500000,0x0000000057600000)]
  0x0000000056ad9800 JavaThread "pool-1-thread-2" [_thread_blocked, id=5900, stack(0x00000000573b0000,0x00000000574b0000)]
  0x0000000056ac3000 JavaThread "pool-2-thread-1" [_thread_blocked, id=1264, stack(0x0000000057230000,0x0000000057330000)]
  0x0000000056ac2800 JavaThread "pool-1-thread-1" [_thread_blocked, id=7560, stack(0x0000000057070000,0x0000000057170000)]
  0x00000000568d4800 JavaThread "Service Thread" daemon [_thread_blocked, id=9568, stack(0x0000000056e20000,0x0000000056f20000)]
  0x0000000054e26000 JavaThread "C1 CompilerThread2" daemon [_thread_blocked, id=7520, stack(0x0000000056110000,0x0000000056210000)]
  0x0000000054e24000 JavaThread "C2 CompilerThread1" daemon [_thread_in_native, id=1188, stack(0x0000000056760000,0x0000000056860000)]
=>0x0000000054e21800 JavaThread "C2 CompilerThread0" daemon [_thread_in_native, id=4456, stack(0x00000000565b0000,0x00000000566b0000)]
  0x0000000054e1e800 JavaThread "Attach Listener" daemon [_thread_blocked, id=5304, stack(0x0000000056400000,0x0000000056500000)]
  0x0000000054e2d000 JavaThread "Signal Dispatcher" daemon [_thread_blocked, id=8636, stack(0x0000000056220000,0x0000000056320000)]
  0x0000000054dbf000 JavaThread "Finalizer" daemon [_thread_blocked, id=4476, stack(0x0000000055f70000,0x0000000056070000)]
  0x0000000054dbc000 JavaThread "Reference Handler" daemon [_thread_blocked, id=9276, stack(0x0000000055e40000,0x0000000055f40000)]
  0x00000000004ae800 JavaThread "main" [_thread_blocked, id=10112, stack(0x0000000002070000,0x0000000002170000)]

Other Threads:
  0x0000000054db6800 VMThread [stack: 0x0000000055d20000,0x0000000055e20000] [id=9940]
  0x00000000568d7800 WatcherThread [stack: 0x0000000056f60000,0x0000000057060000] [id=7848]

VM state:not at safepoint (normal execution)

VM Mutex/Monitor currently owned by a thread: None

Heap:
 PSYoungGen      total 68096K, used 22434K [0x00000000eab00000, 0x00000000ef000000, 0x0000000100000000)
  eden space 65536K, 30% used [0x00000000eab00000,0x00000000ebe703d8,0x00000000eeb00000)
  from space 2560K, 98% used [0x00000000eed80000,0x00000000eeff8558,0x00000000ef000000)
  to   space 2560K, 0% used [0x00000000eeb00000,0x00000000eeb00000,0x00000000eed80000)
 ParOldGen       total 44032K, used 12896K [0x00000000c0000000, 0x00000000c2b00000, 0x00000000eab00000)
  object space 44032K, 29% used [0x00000000c0000000,0x00000000c0c982f0,0x00000000c2b00000)
 Metaspace       used 6077K, capacity 7088K, committed 7296K, reserved 1056768K
  class space    used 590K, capacity 616K, committed 640K, reserved 1048576K

Card table byte_map: [0x0000000011800000,0x0000000011a10000] byte_map_base: 0x0000000011200000

Marking Bits: (ParMarkBitMap*) 0x000000006d22b460
 Begin Bits: [0x0000000012230000, 0x0000000013230000)
 End Bits:   [0x0000000013230000, 0x0000000014230000)

Polling page: 0x0000000000310000

CodeCache: size=245760Kb used=6943Kb max_used=6957Kb free=238816Kb
 bounds [0x0000000002440000, 0x0000000002b20000, 0x0000000011440000]
 total_blobs=1912 nmethods=1648 adapters=178
 compilation: enabled

Compilation events (10 events):
Event: 9.234 Thread 0x0000000054e21800 nmethod 1739 0x0000000002b0da50 code [0x0000000002b0dd00, 0x0000000002b0f9b0]
Event: 9.235 Thread 0x0000000054e24000 nmethod 1758 0x0000000002aff3d0 code [0x0000000002aff520, 0x0000000002aff638]
Event: 9.236 Thread 0x0000000054e21800 1761       4       com.android.dx.cf.code.BaseMachine::storeResults (90 bytes)
Event: 9.236 Thread 0x0000000054e24000 1763       4       com.android.dx.cf.code.RopperMachine::getSources (264 bytes)
Event: 9.243 Thread 0x0000000054e21800 nmethod 1761 0x0000000002b06810 code [0x0000000002b069c0, 0x0000000002b06e88]
Event: 9.243 Thread 0x0000000054e21800 1759       4       com.android.dx.rop.type.StdTypeList::withFirst (53 bytes)
Event: 9.248 Thread 0x0000000054e21800 nmethod 1759 0x0000000002b047d0 code [0x0000000002b04920, 0x0000000002b04b98]
Event: 9.248 Thread 0x0000000054e21800 1762   !   4       com.android.dx.cf.code.RopperMachine::run (1550 bytes)
Event: 9.254 Thread 0x0000000054e24000 nmethod 1763 0x0000000002b09d10 code [0x0000000002b09f00, 0x0000000002b0a978]
Event: 9.254 Thread 0x0000000054e24000 1760       4       com.android.dx.cf.code.ValueAwareMachine::run (1142 bytes)

GC Heap History (8 events):
Event: 2.659 GC heap before
{Heap before GC invocations=1 (full 0):
 PSYoungGen      total 18944K, used 16384K [0x00000000eab00000, 0x00000000ec000000, 0x0000000100000000)
  eden space 16384K, 100% used [0x00000000eab00000,0x00000000ebb00000,0x00000000ebb00000)
  from space 2560K, 0% used [0x00000000ebd80000,0x00000000ebd80000,0x00000000ec000000)
  to   space 2560K, 0% used [0x00000000ebb00000,0x00000000ebb00000,0x00000000ebd80000)
 ParOldGen       total 44032K, used 0K [0x00000000c0000000, 0x00000000c2b00000, 0x00000000eab00000)
  object space 44032K, 0% used [0x00000000c0000000,0x00000000c0000000,0x00000000c2b00000)
 Metaspace       used 5624K, capacity 6704K, committed 6784K, reserved 1056768K
  class space    used 580K, capacity 616K, committed 640K, reserved 1048576K
Event: 3.019 GC heap after
Heap after GC invocations=1 (full 0):
 PSYoungGen      total 18944K, used 2536K [0x00000000eab00000, 0x00000000ed000000, 0x0000000100000000)
  eden space 16384K, 0% used [0x00000000eab00000,0x00000000eab00000,0x00000000ebb00000)
  from space 2560K, 99% used [0x00000000ebb00000,0x00000000ebd7a130,0x00000000ebd80000)
  to   space 2560K, 0% used [0x00000000ecd80000,0x00000000ecd80000,0x00000000ed000000)
 ParOldGen       total 44032K, used 1314K [0x00000000c0000000, 0x00000000c2b00000, 0x00000000eab00000)
  object space 44032K, 2% used [0x00000000c0000000,0x00000000c0148a48,0x00000000c2b00000)
 Metaspace       used 5624K, capacity 6704K, committed 6784K, reserved 1056768K
  class space    used 580K, capacity 616K, committed 640K, reserved 1048576K
}
Event: 3.339 GC heap before
{Heap before GC invocations=2 (full 0):
 PSYoungGen      total 18944K, used 18920K [0x00000000eab00000, 0x00000000ed000000, 0x0000000100000000)
  eden space 16384K, 100% used [0x00000000eab00000,0x00000000ebb00000,0x00000000ebb00000)
  from space 2560K, 99% used [0x00000000ebb00000,0x00000000ebd7a130,0x00000000ebd80000)
  to   space 2560K, 0% used [0x00000000ecd80000,0x00000000ecd80000,0x00000000ed000000)
 ParOldGen       total 44032K, used 1314K [0x00000000c0000000, 0x00000000c2b00000, 0x00000000eab00000)
  object space 44032K, 2% used [0x00000000c0000000,0x00000000c0148a48,0x00000000c2b00000)
 Metaspace       used 5722K, capacity 6768K, committed 7040K, reserved 1056768K
  class space    used 581K, capacity 616K, committed 640K, reserved 1048576K
Event: 3.359 GC heap after
Heap after GC invocations=2 (full 0):
 PSYoungGen      total 35328K, used 2538K [0x00000000eab00000, 0x00000000ed000000, 0x0000000100000000)
  eden space 32768K, 0% used [0x00000000eab00000,0x00000000eab00000,0x00000000ecb00000)
  from space 2560K, 99% used [0x00000000ecd80000,0x00000000ecffaaa8,0x00000000ed000000)
  to   space 2560K, 0% used [0x00000000ecb00000,0x00000000ecb00000,0x00000000ecd80000)
 ParOldGen       total 44032K, used 3435K [0x00000000c0000000, 0x00000000c2b00000, 0x00000000eab00000)
  object space 44032K, 7% used [0x00000000c0000000,0x00000000c035ae88,0x00000000c2b00000)
 Metaspace       used 5722K, capacity 6768K, committed 7040K, reserved 1056768K
  class space    used 581K, capacity 616K, committed 640K, reserved 1048576K
}
Event: 5.535 GC heap before
{Heap before GC invocations=3 (full 0):
 PSYoungGen      total 35328K, used 35306K [0x00000000eab00000, 0x00000000ed000000, 0x0000000100000000)
  eden space 32768K, 100% used [0x00000000eab00000,0x00000000ecb00000,0x00000000ecb00000)
  from space 2560K, 99% used [0x00000000ecd80000,0x00000000ecffaaa8,0x00000000ed000000)
  to   space 2560K, 0% used [0x00000000ecb00000,0x00000000ecb00000,0x00000000ecd80000)
 ParOldGen       total 44032K, used 3435K [0x00000000c0000000, 0x00000000c2b00000, 0x00000000eab00000)
  object space 44032K, 7% used [0x00000000c0000000,0x00000000c035ae88,0x00000000c2b00000)
 Metaspace       used 5904K, capacity 6896K, committed 7040K, reserved 1056768K
  class space    used 588K, capacity 616K, committed 640K, reserved 1048576K
Event: 6.315 GC heap after
Heap after GC invocations=3 (full 0):
 PSYoungGen      total 35328K, used 2528K [0x00000000eab00000, 0x00000000ef000000, 0x0000000100000000)
  eden space 32768K, 0% used [0x00000000eab00000,0x00000000eab00000,0x00000000ecb00000)
  from space 2560K, 98% used [0x00000000ecb00000,0x00000000ecd78018,0x00000000ecd80000)
  to   space 2560K, 0% used [0x00000000eed80000,0x00000000eed80000,0x00000000ef000000)
 ParOldGen       total 44032K, used 8559K [0x00000000c0000000, 0x00000000c2b00000, 0x00000000eab00000)
  object space 44032K, 19% used [0x00000000c0000000,0x00000000c085be90,0x00000000c2b00000)
 Metaspace       used 5904K, capacity 6896K, committed 7040K, reserved 1056768K
  class space    used 588K, capacity 616K, committed 640K, reserved 1048576K
}
Event: 7.768 GC heap before
{Heap before GC invocations=4 (full 0):
 PSYoungGen      total 35328K, used 35296K [0x00000000eab00000, 0x00000000ef000000, 0x0000000100000000)
  eden space 32768K, 100% used [0x00000000eab00000,0x00000000ecb00000,0x00000000ecb00000)
  from space 2560K, 98% used [0x00000000ecb00000,0x00000000ecd78018,0x00000000ecd80000)
  to   space 2560K, 0% used [0x00000000eed80000,0x00000000eed80000,0x00000000ef000000)
 ParOldGen       total 44032K, used 8559K [0x00000000c0000000, 0x00000000c2b00000, 0x00000000eab00000)
  object space 44032K, 19% used [0x00000000c0000000,0x00000000c085be90,0x00000000c2b00000)
 Metaspace       used 6004K, capacity 7024K, committed 7296K, reserved 1056768K
  class space    used 590K, capacity 616K, committed 640K, reserved 1048576K
Event: 7.931 GC heap after
Heap after GC invocations=4 (full 0):
 PSYoungGen      total 68096K, used 2529K [0x00000000eab00000, 0x00000000ef000000, 0x0000000100000000)
  eden space 65536K, 0% used [0x00000000eab00000,0x00000000eab00000,0x00000000eeb00000)
  from space 2560K, 98% used [0x00000000eed80000,0x00000000eeff8558,0x00000000ef000000)
  to   space 2560K, 0% used [0x00000000eeb00000,0x00000000eeb00000,0x00000000eed80000)
 ParOldGen       total 44032K, used 12896K [0x00000000c0000000, 0x00000000c2b00000, 0x00000000eab00000)
  object space 44032K, 29% used [0x00000000c0000000,0x00000000c0c982f0,0x00000000c2b00000)
 Metaspace       used 6004K, capacity 7024K, committed 7296K, reserved 1056768K
  class space    used 590K, capacity 616K, committed 640K, reserved 1048576K
}

Deoptimization events (10 events):
Event: 5.013 Thread 0x0000000056ad9800 Uncommon trap: reason=class_check action=maybe_recompile pc=0x000000000266a720 method=com.android.dx.ssa.NormalSsaInsn.accept(Lcom/android/dx/ssa/SsaInsn$Visitor;)V @ 9
Event: 5.013 Thread 0x0000000056ad9800 Uncommon trap: reason=class_check action=maybe_recompile pc=0x000000000266a720 method=com.android.dx.ssa.NormalSsaInsn.accept(Lcom/android/dx/ssa/SsaInsn$Visitor;)V @ 9
Event: 5.014 Thread 0x0000000056ad9800 Uncommon trap: reason=class_check action=maybe_recompile pc=0x00000000027266dc method=com.android.dx.ssa.NormalSsaInsn.accept(Lcom/android/dx/ssa/SsaInsn$Visitor;)V @ 9
Event: 6.706 Thread 0x00000000004ae800 Uncommon trap: reason=bimorphic action=maybe_recompile pc=0x00000000028da474 method=com.android.dx.cf.code.BytecodeArray.parseInstruction(ILcom/android/dx/cf/code/BytecodeArray$Visitor;)I @ 1161
Event: 6.707 Thread 0x00000000004ae800 Uncommon trap: reason=bimorphic action=maybe_recompile pc=0x00000000028da474 method=com.android.dx.cf.code.BytecodeArray.parseInstruction(ILcom/android/dx/cf/code/BytecodeArray$Visitor;)I @ 1161
Event: 6.865 Thread 0x0000000056a57800 Uncommon trap: reason=class_check action=maybe_recompile pc=0x000000000278d3e8 method=java.util.HashMap.putVal(ILjava/lang/Object;Ljava/lang/Object;ZZ)Ljava/lang/Object; @ 203
Event: 6.865 Thread 0x0000000056a57800 Uncommon trap: reason=bimorphic action=maybe_recompile pc=0x000000000266c3a0 method=java.util.HashMap.getNode(ILjava/lang/Object;)Ljava/util/HashMap$Node; @ 126
Event: 6.866 Thread 0x0000000056a57800 Uncommon trap: reason=bimorphic action=maybe_recompile pc=0x000000000266c3a0 method=java.util.HashMap.getNode(ILjava/lang/Object;)Ljava/util/HashMap$Node; @ 126
Event: 7.989 Thread 0x0000000056ad9800 Uncommon trap: reason=bimorphic action=maybe_recompile pc=0x00000000029c11fc method=com.android.dx.cf.code.BytecodeArray.parseInstruction(ILcom/android/dx/cf/code/BytecodeArray$Visitor;)I @ 1357
Event: 7.990 Thread 0x0000000056ad9800 Uncommon trap: reason=bimorphic action=maybe_recompile pc=0x00000000029c11fc method=com.android.dx.cf.code.BytecodeArray.parseInstruction(ILcom/android/dx/cf/code/BytecodeArray$Visitor;)I @ 1357

Internal exceptions (10 events):
Event: 3.563 Thread 0x00000000004ae800 Exception <a 'java/security/PrivilegedActionException'> (0x00000000eadde268) thrown at [D:\re\workspace\8-2-build-windows-amd64-cygwin\jdk8u20\1074\hotspot\src\share\vm\prims\jvm.cpp, line 1275]
Event: 3.574 Thread 0x00000000004ae800 Exception <a 'java/security/PrivilegedActionException'> (0x00000000eae49b48) thrown at [D:\re\workspace\8-2-build-windows-amd64-cygwin\jdk8u20\1074\hotspot\src\share\vm\prims\jvm.cpp, line 1275]
Event: 4.579 Thread 0x0000000056ac2800 Implicit null exception at 0x000000000278fa92 to 0x000000000278fb82
Event: 4.908 Thread 0x0000000056ad9800 Exception <a 'java/security/PrivilegedActionException'> (0x00000000eb5e7090) thrown at [D:\re\workspace\8-2-build-windows-amd64-cygwin\jdk8u20\1074\hotspot\src\share\vm\prims\jvm.cpp, line 1275]
Event: 5.263 Thread 0x00000000004ae800 Exception <a 'java/security/PrivilegedActionException'> (0x00000000ebff0ef0) thrown at [D:\re\workspace\8-2-build-windows-amd64-cygwin\jdk8u20\1074\hotspot\src\share\vm\prims\jvm.cpp, line 1275]
Event: 5.263 Thread 0x00000000004ae800 Exception <a 'java/security/PrivilegedActionException'> (0x00000000ebff3860) thrown at [D:\re\workspace\8-2-build-windows-amd64-cygwin\jdk8u20\1074\hotspot\src\share\vm\prims\jvm.cpp, line 1275]
Event: 5.326 Thread 0x0000000056ad9800 Exception <a 'java/security/PrivilegedActionException'> (0x00000000eca95760) thrown at [D:\re\workspace\8-2-build-windows-amd64-cygwin\jdk8u20\1074\hotspot\src\share\vm\prims\jvm.cpp, line 1275]
Event: 5.327 Thread 0x0000000056ad9800 Exception <a 'java/security/PrivilegedActionException'> (0x00000000eca9b1c8) thrown at [D:\re\workspace\8-2-build-windows-amd64-cygwin\jdk8u20\1074\hotspot\src\share\vm\prims\jvm.cpp, line 1275]
Event: 6.355 Thread 0x0000000056ad9800 Exception <a 'java/security/PrivilegedActionException'> (0x00000000eab53560) thrown at [D:\re\workspace\8-2-build-windows-amd64-cygwin\jdk8u20\1074\hotspot\src\share\vm\prims\jvm.cpp, line 1275]
Event: 9.027 Thread 0x0000000056a60000 Exception <a 'java/security/PrivilegedActionException'> (0x00000000ebc888d0) thrown at [D:\re\workspace\8-2-build-windows-amd64-cygwin\jdk8u20\1074\hotspot\src\share\vm\prims\jvm.cpp, line 1275]

Events (10 events):
Event: 8.106 Thread 0x0000000056ad9800 DEOPT PACKING pc=0x000000000280896f sp=0x00000000574aec40
Event: 8.106 Thread 0x0000000056ad9800 DEOPT UNPACKING pc=0x00000000024875bf sp=0x00000000574ae9d8 mode 0
Event: 9.027 loading class com/android/dx/rop/code/RegisterSpec$1
Event: 9.027 loading class com/android/dx/rop/code/RegisterSpec$1 done
Event: 9.148 Thread 0x0000000056a57800 DEOPT PACKING pc=0x00000000028a486b sp=0x00000000575fefd0
Event: 9.148 Thread 0x0000000056a57800 DEOPT UNPACKING pc=0x00000000024875bf sp=0x00000000575fed20 mode 0
Event: 9.152 Thread 0x0000000056a57800 DEOPT PACKING pc=0x00000000028a578a sp=0x00000000575fedc0
Event: 9.152 Thread 0x0000000056a57800 DEOPT UNPACKING pc=0x00000000024875bf sp=0x00000000575feb88 mode 0
Event: 9.153 Thread 0x0000000056a57800 DEOPT PACKING pc=0x00000000028a6505 sp=0x00000000575fef10
Event: 9.153 Thread 0x0000000056a57800 DEOPT UNPACKING pc=0x00000000024875bf sp=0x00000000575fec50 mode 0


Dynamic libraries:
0x000000013f900000 - 0x000000013f934000 	C:\Program Files\Java\jdk1.8.0_20\bin\java.exe
0x00000000772e0000 - 0x000000007748a000 	C:\Windows\SYSTEM32\ntdll.dll
0x00000000771c0000 - 0x00000000772df000 	C:\Windows\system32\kernel32.dll
0x000007fefd370000 - 0x000007fefd3da000 	C:\Windows\system32\KERNELBASE.dll
0x000007fefd420000 - 0x000007fefd4fb000 	C:\Windows\system32\ADVAPI32.dll
0x000007fefd8a0000 - 0x000007fefd93f000 	C:\Windows\system32\msvcrt.dll
0x000007fefdd60000 - 0x000007fefdd7f000 	C:\Windows\SYSTEM32\sechost.dll
0x000007feff4c0000 - 0x000007feff5ed000 	C:\Windows\system32\RPCRT4.dll
0x00000000770c0000 - 0x00000000771ba000 	C:\Windows\system32\USER32.dll
0x000007fefe010000 - 0x000007fefe077000 	C:\Windows\system32\GDI32.dll
0x000007feff490000 - 0x000007feff49e000 	C:\Windows\system32\LPK.dll
0x000007fefdc90000 - 0x000007fefdd5a000 	C:\Windows\system32\USP10.dll
0x000007fefbfe0000 - 0x000007fefc1d4000 	C:\Windows\WinSxS\amd64_microsoft.windows.common-controls_6595b64144ccf1df_6.0.7601.18837_none_fa3b1e3d17594757\COMCTL32.dll
0x000007fefdc10000 - 0x000007fefdc81000 	C:\Windows\system32\SHLWAPI.dll
0x000007feff460000 - 0x000007feff48e000 	C:\Windows\system32\IMM32.DLL
0x000007fefe320000 - 0x000007fefe429000 	C:\Windows\system32\MSCTF.dll
0x000000006d2b0000 - 0x000000006d382000 	C:\Program Files\Java\jdk1.8.0_20\jre\bin\msvcr100.dll
0x000000006ca50000 - 0x000000006d2a8000 	C:\Program Files\Java\jdk1.8.0_20\jre\bin\server\jvm.dll
0x000007fefbfc0000 - 0x000007fefbfc9000 	C:\Windows\system32\WSOCK32.dll
0x000007fefe670000 - 0x000007fefe6bd000 	C:\Windows\system32\WS2_32.dll
0x000007feff450000 - 0x000007feff458000 	C:\Windows\system32\NSI.dll
0x000007fefad90000 - 0x000007fefadcb000 	C:\Windows\system32\WINMM.dll
0x00000000774b0000 - 0x00000000774b7000 	C:\Windows\system32\PSAPI.DLL
0x00000000707a0000 - 0x00000000707af000 	C:\Program Files\Java\jdk1.8.0_20\jre\bin\verify.dll
0x000000006dbe0000 - 0x000000006dc08000 	C:\Program Files\Java\jdk1.8.0_20\jre\bin\java.dll
0x000000006c9f0000 - 0x000000006ca06000 	C:\Program Files\Java\jdk1.8.0_20\jre\bin\zip.dll
0x000007fefe6c0000 - 0x000007feff44a000 	C:\Windows\system32\SHELL32.dll
0x000007fefd690000 - 0x000007fefd893000 	C:\Windows\system32\ole32.dll
0x000007fefd070000 - 0x000007fefd07f000 	C:\Windows\system32\profapi.dll

VM Arguments:
jvm_args: -Djava.awt.headless=true -Xmx1024M -Dfile.encoding=windows-1252 -Duser.country=US -Duser.language=en -Duser.variant 
java_command: com.android.dx.command.Main --dex --num-threads=4 --output C:\Users\Martin\AndroidStudioProjects\SystemEngineeringGSM\app\build\intermediates\pre-dexed\debug\com.google.android.gms-play-services-measurement-8.4.0_3091f73e70e69b6bbe0314bd71322828a6f524ed.jar C:\Users\Martin\AndroidStudioProjects\SystemEngineeringGSM\app\build\intermediates\exploded-aar\com.google.android.gms\play-services-measurement\8.4.0\jars\classes.jar
java_class_path (initial): C:\Users\Martin\AppData\Local\Android\sdk\build-tools\23.0.2\lib\dx.jar
Launcher Type: SUN_STANDARD

Environment Variables:
PATH=C:\ProgramData\Oracle\Java\javapath;C:\Program Files\Common Files\Microsoft Shared\Windows Live;C:\Program Files (x86)\Common Files\Microsoft Shared\Windows Live;C:\Program Files (x86)\Intel\iCLS Client\;C:\Program Files\Intel\iCLS Client\;C:\Program Files\Dell\DW WLAN Card;C:\Windows\system32;C:\Windows;C:\Windows\System32\Wbem;C:\Windows\System32\WindowsPowerShell\v1.0\;C:\Program Files\WIDCOMM\Bluetooth Software\;C:\Program Files\WIDCOMM\Bluetooth Software\syswow64;C:\Program Files\Dell\Dell Data Protection\Access\Advanced\Wave\Gemalto\Access Client\v5\;C:\Program Files (x86)\Security Innovation\SI TSS\bin\;C:\Program Files (x86)\Windows Live\Shared;C:\Program Files (x86)\MySQL\MySQL Utilities 1.3.4\;C:\Program Files\Microsoft SQL Server\110\Tools\Binn\;C:\Program Files\nodejs\;C:\Program Files (x86)\Git\cmd;C:\Program Files\MATLAB\runtime\win64;C:\Program Files\MATLAB\bin;C:\Program Files (x86)\QuickTime\QTSystem\;C:\Program Files (x86)\GtkSharp\2.12\bin;C:\Program Files (x86)\Skype\Phone\;C:\Program Files\Intel\Intel(R) Management Engine Components\DAL;C:\Program Files\Intel\Intel(R) Management Engine Components\IPT;C:\Program Files (x86)\Intel\Intel(R) Management Engine Components\DAL;C:\Program Files (x86)\Intel\Intel(R) Management Engine Components\IPT;C:\Users\Martin\AppData\Local\Android\sdk\platform-tools;C:\Program Files\Java\jdk1.8.0_20\bin;C:\Users\Martin\AppData\Roaming\npm
USERNAME=Martin
OS=Windows_NT
PROCESSOR_IDENTIFIER=Intel64 Family 6 Model 58 Stepping 9, GenuineIntel



---------------  S Y S T E M  ---------------

OS: Windows 7 , 64 bit Build 7601 Service Pack 1

CPU:total 4 (2 cores per cpu, 2 threads per core) family 6 model 58 stepping 9, cmov, cx8, fxsr, mmx, sse, sse2, sse3, ssse3, sse4.1, sse4.2, popcnt, avx, aes, clmul, erms, ht, tsc, tscinvbit, tscinv

Memory: 4k page, physical 4077532k(193956k free), swap 7325248k(5100k free)

vm_info: Java HotSpot(TM) 64-Bit Server VM (25.20-b23) for windows-amd64 JRE (1.8.0_20-b26), built on Jul 30 2014 13:51:23 by "java_re" with MS VC++ 10.0 (VS2010)

time: Wed Apr 13 10:30:37 2016
elapsed time: 9 seconds (0d 0h 0m 9s)

