#
# There is insufficient memory for the Java Runtime Environment to continue.
# Native memory allocation (malloc) failed to allocate 70416 bytes for Chunk::new
# Possible reasons:
#   The system is out of physical RAM or swap space
#   In 32 bit mode, the process size limit was hit
# Possible solutions:
#   Reduce memory load on the system
#   Increase physical memory or swap space
#   Check if swap backing store is full
#   Use 64 bit Java on a 64 bit OS
#   Decrease Java heap size (-Xmx/-Xms)
#   Decrease number of Java threads
#   Decrease Java thread stack sizes (-Xss)
#   Set larger code cache with -XX:ReservedCodeCacheSize=
# This output file may be truncated or incomplete.
#
#  Out of Memory Error (allocation.cpp:390), pid=3360, tid=5232
#
# JRE version: Java(TM) SE Runtime Environment (8.0_20-b26) (build 1.8.0_20-b26)
# Java VM: Java HotSpot(TM) 64-Bit Server VM (25.20-b23 mixed mode windows-amd64 compressed oops)
# Failed to write core dump. Minidumps are not enabled by default on client versions of Windows
#

---------------  T H R E A D  ---------------

Current thread (0x000000001668e000):  JavaThread "C2 CompilerThread1" daemon [_thread_in_native, id=5232, stack(0x0000000016400000,0x0000000016500000)]

Stack: [0x0000000016400000,0x0000000016500000]
Native frames: (J=compiled Java code, j=interpreted, Vv=VM code, C=native code)
V  [jvm.dll+0x3152fa]


Current CompileTask:
C2:   4131  931       4       java.util.HashMap::putVal (300 bytes)


---------------  P R O C E S S  ---------------

Java Threads: ( => current thread )
  0x0000000016694800 JavaThread "Service Thread" daemon [_thread_blocked, id=14756, stack(0x0000000016a90000,0x0000000016b90000)]
  0x0000000016690000 JavaThread "C1 CompilerThread2" daemon [_thread_in_native, id=12100, stack(0x0000000016bf0000,0x0000000016cf0000)]
=>0x000000001668e000 JavaThread "C2 CompilerThread1" daemon [_thread_in_native, id=5232, stack(0x0000000016400000,0x0000000016500000)]
  0x0000000014cc1800 JavaThread "C2 CompilerThread0" daemon [_thread_blocked, id=3196, stack(0x0000000016540000,0x0000000016640000)]
  0x0000000014cbe800 JavaThread "Attach Listener" daemon [_thread_blocked, id=10412, stack(0x00000000160c0000,0x00000000161c0000)]
  0x0000000014ccd000 JavaThread "Signal Dispatcher" daemon [_thread_blocked, id=4580, stack(0x0000000016290000,0x0000000016390000)]
  0x0000000014c5f000 JavaThread "Finalizer" daemon [_thread_blocked, id=10584, stack(0x0000000015fb0000,0x00000000160b0000)]
  0x0000000014c5c000 JavaThread "Reference Handler" daemon [_thread_blocked, id=12928, stack(0x0000000015e80000,0x0000000015f80000)]
  0x0000000001f2e800 JavaThread "main" [_thread_in_Java, id=6444, stack(0x0000000002260000,0x0000000002360000)]

Other Threads:
  0x0000000014c56800 VMThread [stack: 0x0000000015d20000,0x0000000015e20000] [id=15528]
  0x0000000016697800 WatcherThread [stack: 0x0000000016e20000,0x0000000016f20000] [id=13240]

VM state:not at safepoint (normal execution)

VM Mutex/Monitor currently owned by a thread: None

Heap:
 PSYoungGen      total 18944K, used 15448K [0x00000000eab00000, 0x00000000ec000000, 0x0000000100000000)
  eden space 16384K, 94% used [0x00000000eab00000,0x00000000eba16008,0x00000000ebb00000)
  from space 2560K, 0% used [0x00000000ebd80000,0x00000000ebd80000,0x00000000ec000000)
  to   space 2560K, 0% used [0x00000000ebb00000,0x00000000ebb00000,0x00000000ebd80000)
 ParOldGen       total 44032K, used 0K [0x00000000c0000000, 0x00000000c2b00000, 0x00000000eab00000)
  object space 44032K, 0% used [0x00000000c0000000,0x00000000c0000000,0x00000000c2b00000)
 Metaspace       used 5799K, capacity 6768K, committed 7040K, reserved 1056768K
  class space    used 595K, capacity 616K, committed 640K, reserved 1048576K

Card table byte_map: [0x00000000119f0000,0x0000000011c00000] byte_map_base: 0x00000000113f0000

Marking Bits: (ParMarkBitMap*) 0x000000005172b460
 Begin Bits: [0x00000000120d0000, 0x00000000130d0000)
 End Bits:   [0x00000000130d0000, 0x00000000140d0000)

Polling page: 0x0000000000130000

CodeCache: size=245760Kb used=3678Kb max_used=3681Kb free=242081Kb
 bounds [0x0000000002630000, 0x00000000029d0000, 0x0000000011630000]
 total_blobs=1208 nmethods=944 adapters=178
 compilation: enabled

Compilation events (10 events):
Event: 4.124 Thread 0x0000000016690000  939       3       com.android.dx.dex.file.DexFile::internIfAppropriate (128 bytes)
Event: 4.125 Thread 0x0000000016690000 nmethod 939 0x00000000029c6b90 code [0x00000000029c6e20, 0x00000000029c82f8]
Event: 4.125 Thread 0x0000000016690000  940       3       java.util.TreeMap::getFirstEntry (26 bytes)
Event: 4.126 Thread 0x0000000016690000 nmethod 940 0x00000000029c6710 code [0x00000000029c6880, 0x00000000029c6ab0]
Event: 4.126 Thread 0x0000000016690000  941       3       java.util.TreeMap$PrivateEntryIterator::<init> (28 bytes)
Event: 4.126 Thread 0x0000000014cc1800  942       4       java.util.Collections$UnmodifiableCollection$1::hasNext (10 bytes)
Event: 4.126 Thread 0x0000000016690000 nmethod 941 0x00000000029c6290 code [0x00000000029c6400, 0x00000000029c6610]
Event: 4.127 Thread 0x0000000014cc1800 nmethod 942 0x00000000029c5f90 code [0x00000000029c60e0, 0x00000000029c6198]
Event: 4.127 Thread 0x0000000016690000  943       1       com.android.dx.dex.file.DexFile::getTypeIds (5 bytes)
Event: 4.127 Thread 0x0000000016690000 nmethod 943 0x00000000029c5cd0 code [0x00000000029c5e20, 0x00000000029c5f30]

GC Heap History (0 events):
No events

Deoptimization events (2 events):
Event: 3.956 Thread 0x0000000016896800 Uncommon trap: reason=class_check action=maybe_recompile pc=0x000000000287c1e0 method=com.android.dx.ssa.NormalSsaInsn.accept(Lcom/android/dx/ssa/SsaInsn$Visitor;)V @ 9
Event: 3.956 Thread 0x0000000016896800 Uncommon trap: reason=class_check action=maybe_recompile pc=0x000000000287c1e0 method=com.android.dx.ssa.NormalSsaInsn.accept(Lcom/android/dx/ssa/SsaInsn$Visitor;)V @ 9

Internal exceptions (10 events):
Event: 3.693 Thread 0x0000000016896800 Exception <a 'java/security/PrivilegedActionException'> (0x00000000eb50c4a8) thrown at [D:\re\workspace\8-2-build-windows-amd64-cygwin\jdk8u20\1074\hotspot\src\share\vm\prims\jvm.cpp, line 1275]
Event: 3.694 Thread 0x0000000016896800 Exception <a 'java/security/PrivilegedActionException'> (0x00000000eb514f80) thrown at [D:\re\workspace\8-2-build-windows-amd64-cygwin\jdk8u20\1074\hotspot\src\share\vm\prims\jvm.cpp, line 1275]
Event: 3.695 Thread 0x00000000168e3800 Exception <a 'java/security/PrivilegedActionException'> (0x00000000eb138988) thrown at [D:\re\workspace\8-2-build-windows-amd64-cygwin\jdk8u20\1074\hotspot\src\share\vm\prims\jvm.cpp, line 1275]
Event: 3.710 Thread 0x0000000016896800 Exception <a 'java/security/PrivilegedActionException'> (0x00000000eb523450) thrown at [D:\re\workspace\8-2-build-windows-amd64-cygwin\jdk8u20\1074\hotspot\src\share\vm\prims\jvm.cpp, line 1275]
Event: 3.712 Thread 0x0000000016896800 Exception <a 'java/security/PrivilegedActionException'> (0x00000000eb528eb8) thrown at [D:\re\workspace\8-2-build-windows-amd64-cygwin\jdk8u20\1074\hotspot\src\share\vm\prims\jvm.cpp, line 1275]
Event: 3.713 Thread 0x0000000016896800 Exception <a 'java/security/PrivilegedActionException'> (0x00000000eb52e6c8) thrown at [D:\re\workspace\8-2-build-windows-amd64-cygwin\jdk8u20\1074\hotspot\src\share\vm\prims\jvm.cpp, line 1275]
Event: 3.739 Thread 0x0000000016896800 Exception <a 'java/security/PrivilegedActionException'> (0x00000000eb56c568) thrown at [D:\re\workspace\8-2-build-windows-amd64-cygwin\jdk8u20\1074\hotspot\src\share\vm\prims\jvm.cpp, line 1275]
Event: 3.775 Thread 0x0000000016896800 Exception <a 'java/security/PrivilegedActionException'> (0x00000000eb62ad60) thrown at [D:\re\workspace\8-2-build-windows-amd64-cygwin\jdk8u20\1074\hotspot\src\share\vm\prims\jvm.cpp, line 1275]
Event: 4.118 Thread 0x0000000001f2e800 Exception <a 'java/security/PrivilegedActionException'> (0x00000000eaf03b48) thrown at [D:\re\workspace\8-2-build-windows-amd64-cygwin\jdk8u20\1074\hotspot\src\share\vm\prims\jvm.cpp, line 1275]
Event: 4.128 Thread 0x0000000001f2e800 Exception <a 'java/security/PrivilegedActionException'> (0x00000000eaf171e0) thrown at [D:\re\workspace\8-2-build-windows-amd64-cygwin\jdk8u20\1074\hotspot\src\share\vm\prims\jvm.cpp, line 1275]

Events (10 events):
Event: 4.105 loading class java/util/TreeMap$KeyIterator
Event: 4.106 loading class java/util/TreeMap$KeyIterator done
Event: 4.106 loading class java/util/TreeMap$EntrySet
Event: 4.106 loading class java/util/TreeMap$EntrySet done
Event: 4.106 loading class java/util/TreeMap$EntryIterator
Event: 4.107 loading class java/util/TreeMap$EntryIterator done
Event: 4.118 loading class com/android/dx/dex/file/CatchStructs
Event: 4.118 loading class com/android/dx/dex/file/CatchStructs done
Event: 4.127 loading class com/android/dx/dex/file/ProtoIdItem
Event: 4.127 loading class com/android/dx/dex/file/ProtoIdItem done


Dynamic libraries:
0x000000013ff00000 - 0x000000013ff34000 	C:\Program Files\Java\jdk1.8.0_20\bin\java.exe
0x0000000077560000 - 0x000000007770a000 	C:\Windows\SYSTEM32\ntdll.dll
0x0000000077440000 - 0x000000007755f000 	C:\Windows\system32\kernel32.dll
0x000007fefd310000 - 0x000007fefd37b000 	C:\Windows\system32\KERNELBASE.dll
0x000007fefd880000 - 0x000007fefd95b000 	C:\Windows\system32\ADVAPI32.dll
0x000007fefd960000 - 0x000007fefd9ff000 	C:\Windows\system32\msvcrt.dll
0x000007feff1b0000 - 0x000007feff1cf000 	C:\Windows\SYSTEM32\sechost.dll
0x000007feff530000 - 0x000007feff65d000 	C:\Windows\system32\RPCRT4.dll
0x0000000077340000 - 0x000000007743a000 	C:\Windows\system32\USER32.dll
0x000007fefda30000 - 0x000007fefda97000 	C:\Windows\system32\GDI32.dll
0x000007fefe2a0000 - 0x000007fefe2ae000 	C:\Windows\system32\LPK.dll
0x000007feff1d0000 - 0x000007feff29a000 	C:\Windows\system32\USP10.dll
0x000007fefc140000 - 0x000007fefc334000 	C:\Windows\WinSxS\amd64_microsoft.windows.common-controls_6595b64144ccf1df_6.0.7601.18837_none_fa3b1e3d17594757\COMCTL32.dll
0x000007fefe140000 - 0x000007fefe1b1000 	C:\Windows\system32\SHLWAPI.dll
0x000007fefda00000 - 0x000007fefda2e000 	C:\Windows\system32\IMM32.DLL
0x000007feff040000 - 0x000007feff149000 	C:\Windows\system32\MSCTF.dll
0x00000000601b0000 - 0x0000000060282000 	C:\Program Files\Java\jdk1.8.0_20\jre\bin\msvcr100.dll
0x0000000050f50000 - 0x00000000517a8000 	C:\Program Files\Java\jdk1.8.0_20\jre\bin\server\jvm.dll
0x000007fefc6d0000 - 0x000007fefc6d9000 	C:\Windows\system32\WSOCK32.dll
0x000007feff150000 - 0x000007feff19d000 	C:\Windows\system32\WS2_32.dll
0x000007feff1a0000 - 0x000007feff1a8000 	C:\Windows\system32\NSI.dll
0x000007fefb340000 - 0x000007fefb37b000 	C:\Windows\system32\WINMM.dll
0x0000000077730000 - 0x0000000077737000 	C:\Windows\system32\PSAPI.DLL
0x0000000074340000 - 0x000000007434f000 	C:\Program Files\Java\jdk1.8.0_20\jre\bin\verify.dll
0x0000000073dc0000 - 0x0000000073de8000 	C:\Program Files\Java\jdk1.8.0_20\jre\bin\java.dll
0x0000000073da0000 - 0x0000000073db6000 	C:\Program Files\Java\jdk1.8.0_20\jre\bin\zip.dll
0x000007fefe2b0000 - 0x000007feff03a000 	C:\Windows\system32\SHELL32.dll
0x000007feff660000 - 0x000007feff863000 	C:\Windows\system32\ole32.dll
0x000007fefd2f0000 - 0x000007fefd2ff000 	C:\Windows\system32\profapi.dll

VM Arguments:
jvm_args: -Djava.awt.headless=true -Xmx1024M -Dfile.encoding=windows-1252 -Duser.country=US -Duser.language=en -Duser.variant 
java_command: com.android.dx.command.Main --dex --num-threads=4 --output C:\Users\Martin\AndroidStudioProjects\SystemEngineeringGSM\app\build\intermediates\pre-dexed\debug\com.android.support-animated-vector-drawable-23.2.1_9fac12e40b2b5c68cec28fe4bf985172c1d6f719.jar C:\Users\Martin\AndroidStudioProjects\SystemEngineeringGSM\app\build\intermediates\exploded-aar\com.android.support\animated-vector-drawable\23.2.1\jars\classes.jar
java_class_path (initial): C:\Users\Martin\AppData\Local\Android\sdk\build-tools\23.0.2\lib\dx.jar
Launcher Type: SUN_STANDARD

Environment Variables:
PATH=C:\ProgramData\Oracle\Java\javapath;C:\Program Files\Common Files\Microsoft Shared\Windows Live;C:\Program Files (x86)\Common Files\Microsoft Shared\Windows Live;C:\Program Files (x86)\Intel\iCLS Client\;C:\Program Files\Intel\iCLS Client\;C:\Program Files\Dell\DW WLAN Card;C:\Windows\system32;C:\Windows;C:\Windows\System32\Wbem;C:\Windows\System32\WindowsPowerShell\v1.0\;C:\Program Files\WIDCOMM\Bluetooth Software\;C:\Program Files\WIDCOMM\Bluetooth Software\syswow64;C:\Program Files\Dell\Dell Data Protection\Access\Advanced\Wave\Gemalto\Access Client\v5\;C:\Program Files (x86)\Security Innovation\SI TSS\bin\;C:\Program Files (x86)\Windows Live\Shared;C:\Program Files (x86)\MySQL\MySQL Utilities 1.3.4\;C:\Program Files\Microsoft SQL Server\110\Tools\Binn\;C:\Program Files\nodejs\;C:\Program Files (x86)\Git\cmd;C:\Program Files\MATLAB\runtime\win64;C:\Program Files\MATLAB\bin;C:\Program Files (x86)\QuickTime\QTSystem\;C:\Program Files (x86)\GtkSharp\2.12\bin;C:\Program Files (x86)\Skype\Phone\;C:\Program Files\Intel\Intel(R) Management Engine Components\DAL;C:\Program Files\Intel\Intel(R) Management Engine Components\IPT;C:\Program Files (x86)\Intel\Intel(R) Management Engine Components\DAL;C:\Program Files (x86)\Intel\Intel(R) Management Engine Components\IPT;C:\Users\Martin\AppData\Local\Android\sdk\platform-tools;C:\Program Files\Java\jdk1.8.0_20\bin;C:\Users\Martin\AppData\Roaming\npm
USERNAME=Martin
OS=Windows_NT
PROCESSOR_IDENTIFIER=Intel64 Family 6 Model 58 Stepping 9, GenuineIntel



---------------  S Y S T E M  ---------------

OS: Windows 7 , 64 bit Build 7601 Service Pack 1

CPU:total 4 (2 cores per cpu, 2 threads per core) family 6 model 58 stepping 9, cmov, cx8, fxsr, mmx, sse, sse2, sse3, ssse3, sse4.1, sse4.2, popcnt, avx, aes, clmul, erms, ht, tsc, tscinvbit, tscinv

Memory: 4k page, physical 4077532k(232900k free), swap 6170092k(120288k free)

vm_info: Java HotSpot(TM) 64-Bit Server VM (25.20-b23) for windows-amd64 JRE (1.8.0_20-b26), built on Jul 30 2014 13:51:23 by "java_re" with MS VC++ 10.0 (VS2010)

time: Thu Mar 31 11:35:18 2016
elapsed time: 4 seconds (0d 0h 0m 4s)

