#
# There is insufficient memory for the Java Runtime Environment to continue.
# Native memory allocation (malloc) failed to allocate 62416 bytes for Chunk::new
# Possible reasons:
#   The system is out of physical RAM or swap space
#   In 32 bit mode, the process size limit was hit
# Possible solutions:
#   Reduce memory load on the system
#   Increase physical memory or swap space
#   Check if swap backing store is full
#   Use 64 bit Java on a 64 bit OS
#   Decrease Java heap size (-Xmx/-Xms)
#   Decrease number of Java threads
#   Decrease Java thread stack sizes (-Xss)
#   Set larger code cache with -XX:ReservedCodeCacheSize=
# This output file may be truncated or incomplete.
#
#  Out of Memory Error (allocation.cpp:390), pid=1600, tid=6096
#
# JRE version: Java(TM) SE Runtime Environment (8.0_20-b26) (build 1.8.0_20-b26)
# Java VM: Java HotSpot(TM) 64-Bit Server VM (25.20-b23 mixed mode windows-amd64 compressed oops)
# Failed to write core dump. Minidumps are not enabled by default on client versions of Windows
#

---------------  T H R E A D  ---------------

Current thread (0x0000000054f57000):  JavaThread "C2 CompilerThread0" daemon [_thread_in_native, id=6096, stack(0x0000000056660000,0x0000000056760000)]

Stack: [0x0000000056660000,0x0000000056760000]
Native frames: (J=compiled Java code, j=interpreted, Vv=VM code, C=native code)
V  [jvm.dll+0x3152fa]


Current CompileTask:
C2:  14217 1840 %     4       com.android.dx.ssa.back.SsaToRop::removePhiFunctions @ 56 (83 bytes)


---------------  P R O C E S S  ---------------

Java Threads: ( => current thread )
  0x00000000571b9800 JavaThread "pool-1-thread-4" [_thread_blocked, id=9740, stack(0x0000000057b00000,0x0000000057c00000)]
  0x00000000571b9000 JavaThread "pool-1-thread-3" [_thread_blocked, id=8404, stack(0x0000000057c60000,0x0000000057d60000)]
  0x0000000056d15800 JavaThread "pool-1-thread-2" [_thread_blocked, id=9248, stack(0x00000000579c0000,0x0000000057ac0000)]
  0x0000000057186800 JavaThread "pool-2-thread-1" [_thread_blocked, id=10020, stack(0x0000000056dc0000,0x0000000056ec0000)]
  0x0000000057186000 JavaThread "pool-1-thread-1" [_thread_in_Java, id=1800, stack(0x0000000056780000,0x0000000056880000)]
  0x0000000054f5e000 JavaThread "Service Thread" daemon [_thread_blocked, id=2704, stack(0x0000000056ee0000,0x0000000056fe0000)]
  0x0000000054f5a800 JavaThread "C1 CompilerThread2" daemon [_thread_blocked, id=9708, stack(0x00000000568a0000,0x00000000569a0000)]
  0x0000000054f59000 JavaThread "C2 CompilerThread1" daemon [_thread_in_native, id=1736, stack(0x0000000011dd0000,0x0000000011ed0000)]
=>0x0000000054f57000 JavaThread "C2 CompilerThread0" daemon [_thread_in_native, id=6096, stack(0x0000000056660000,0x0000000056760000)]
  0x0000000054f53800 JavaThread "Attach Listener" daemon [_thread_blocked, id=9880, stack(0x0000000056510000,0x0000000056610000)]
  0x0000000054f50800 JavaThread "Signal Dispatcher" daemon [_thread_blocked, id=10204, stack(0x0000000056310000,0x0000000056410000)]
  0x0000000054ef4800 JavaThread "Finalizer" daemon [_thread_blocked, id=9236, stack(0x0000000056100000,0x0000000056200000)]
  0x0000000054eeb800 JavaThread "Reference Handler" daemon [_thread_blocked, id=4916, stack(0x0000000055f20000,0x0000000056020000)]
  0x0000000001f4e800 JavaThread "main" [_thread_blocked, id=7624, stack(0x0000000002180000,0x0000000002280000)]

Other Threads:
  0x0000000054ee6000 VMThread [stack: 0x0000000055e00000,0x0000000055f00000] [id=6056]
  0x0000000054f5f000 WatcherThread [stack: 0x0000000057050000,0x0000000057150000] [id=8584]

VM state:not at safepoint (normal execution)

VM Mutex/Monitor currently owned by a thread: None

Heap:
 PSYoungGen      total 68096K, used 29208K [0x00000000eab00000, 0x00000000ef000000, 0x0000000100000000)
  eden space 65536K, 40% used [0x00000000eab00000,0x00000000ec509f40,0x00000000eeb00000)
  from space 2560K, 99% used [0x00000000eed80000,0x00000000eeffc0d0,0x00000000ef000000)
  to   space 2560K, 0% used [0x00000000eeb00000,0x00000000eeb00000,0x00000000eed80000)
 ParOldGen       total 44032K, used 10885K [0x00000000c0000000, 0x00000000c2b00000, 0x00000000eab00000)
  object space 44032K, 24% used [0x00000000c0000000,0x00000000c0aa1658,0x00000000c2b00000)
 Metaspace       used 6200K, capacity 7088K, committed 7296K, reserved 1056768K
  class space    used 594K, capacity 616K, committed 640K, reserved 1048576K

Card table byte_map: [0x0000000011910000,0x0000000011b20000] byte_map_base: 0x0000000011310000

Marking Bits: (ParMarkBitMap*) 0x000000006d22b460
 Begin Bits: [0x0000000012360000, 0x0000000013360000)
 End Bits:   [0x0000000013360000, 0x0000000014360000)

Polling page: 0x0000000000110000

CodeCache: size=245760Kb used=8024Kb max_used=8060Kb free=237735Kb
 bounds [0x0000000002550000, 0x0000000002d40000, 0x0000000011550000]
 total_blobs=2050 nmethods=1786 adapters=178
 compilation: enabled

Compilation events (10 events):
Event: 13.792 Thread 0x0000000054f57000 nmethod 1835 0x0000000002d0fa50 code [0x0000000002d0fc60, 0x0000000002d10bc0]
Event: 13.840 Thread 0x0000000054f59000 nmethod 1833 0x0000000002d27350 code [0x0000000002d27be0, 0x0000000002d309a8]
Event: 13.888 Thread 0x0000000054f57000 1837       4       com.android.dx.rop.code.BasicBlockList$RegCountVisitor::visitPlainCstInsn (6 bytes)
Event: 13.893 Thread 0x0000000054f57000 nmethod 1837 0x0000000002d0f250 code [0x0000000002d0f3a0, 0x0000000002d0f5f8]
Event: 14.117 Thread 0x0000000054f5a800 1838       3       java.util.concurrent.locks.AbstractQueuedSynchronizer::isOnSyncQueue (33 bytes)
Event: 14.117 Thread 0x0000000054f5a800 nmethod 1838 0x0000000002d0ec10 code [0x0000000002d0ed80, 0x0000000002d0f110]
Event: 14.207 Thread 0x0000000054f57000 1840 %     4       com.android.dx.ssa.back.SsaToRop::removePhiFunctions @ 56 (83 bytes)
Event: 14.207 Thread 0x0000000054f5a800 1839       1       com.android.dx.cf.attrib.AttConstantValue::getConstantValue (5 bytes)
Event: 14.207 Thread 0x0000000054f59000 1844       4       com.android.dx.ssa.back.LivenessAnalyzer::<init> (55 bytes)
Event: 14.207 Thread 0x0000000054f5a800 nmethod 1839 0x0000000002d0e950 code [0x0000000002d0eaa0, 0x0000000002d0ebb0]

GC Heap History (8 events):
Event: 3.512 GC heap before
{Heap before GC invocations=1 (full 0):
 PSYoungGen      total 18944K, used 16384K [0x00000000eab00000, 0x00000000ec000000, 0x0000000100000000)
  eden space 16384K, 100% used [0x00000000eab00000,0x00000000ebb00000,0x00000000ebb00000)
  from space 2560K, 0% used [0x00000000ebd80000,0x00000000ebd80000,0x00000000ec000000)
  to   space 2560K, 0% used [0x00000000ebb00000,0x00000000ebb00000,0x00000000ebd80000)
 ParOldGen       total 44032K, used 0K [0x00000000c0000000, 0x00000000c2b00000, 0x00000000eab00000)
  object space 44032K, 0% used [0x00000000c0000000,0x00000000c0000000,0x00000000c2b00000)
 Metaspace       used 3853K, capacity 5040K, committed 5120K, reserved 1056768K
  class space    used 426K, capacity 488K, committed 512K, reserved 1048576K
Event: 3.658 GC heap after
Heap after GC invocations=1 (full 0):
 PSYoungGen      total 18944K, used 1385K [0x00000000eab00000, 0x00000000ed000000, 0x0000000100000000)
  eden space 16384K, 0% used [0x00000000eab00000,0x00000000eab00000,0x00000000ebb00000)
  from space 2560K, 54% used [0x00000000ebb00000,0x00000000ebc5a410,0x00000000ebd80000)
  to   space 2560K, 0% used [0x00000000ecd80000,0x00000000ecd80000,0x00000000ed000000)
 ParOldGen       total 44032K, used 0K [0x00000000c0000000, 0x00000000c2b00000, 0x00000000eab00000)
  object space 44032K, 0% used [0x00000000c0000000,0x00000000c0000000,0x00000000c2b00000)
 Metaspace       used 3853K, capacity 5040K, committed 5120K, reserved 1056768K
  class space    used 426K, capacity 488K, committed 512K, reserved 1048576K
}
Event: 5.842 GC heap before
{Heap before GC invocations=2 (full 0):
 PSYoungGen      total 18944K, used 17769K [0x00000000eab00000, 0x00000000ed000000, 0x0000000100000000)
  eden space 16384K, 100% used [0x00000000eab00000,0x00000000ebb00000,0x00000000ebb00000)
  from space 2560K, 54% used [0x00000000ebb00000,0x00000000ebc5a410,0x00000000ebd80000)
  to   space 2560K, 0% used [0x00000000ecd80000,0x00000000ecd80000,0x00000000ed000000)
 ParOldGen       total 44032K, used 0K [0x00000000c0000000, 0x00000000c2b00000, 0x00000000eab00000)
  object space 44032K, 0% used [0x00000000c0000000,0x00000000c0000000,0x00000000c2b00000)
 Metaspace       used 5912K, capacity 6896K, committed 7040K, reserved 1056768K
  class space    used 591K, capacity 616K, committed 640K, reserved 1048576K
Event: 6.337 GC heap after
Heap after GC invocations=2 (full 0):
 PSYoungGen      total 35328K, used 2538K [0x00000000eab00000, 0x00000000ed000000, 0x0000000100000000)
  eden space 32768K, 0% used [0x00000000eab00000,0x00000000eab00000,0x00000000ecb00000)
  from space 2560K, 99% used [0x00000000ecd80000,0x00000000ecffa8e0,0x00000000ed000000)
  to   space 2560K, 0% used [0x00000000ecb00000,0x00000000ecb00000,0x00000000ecd80000)
 ParOldGen       total 44032K, used 1892K [0x00000000c0000000, 0x00000000c2b00000, 0x00000000eab00000)
  object space 44032K, 4% used [0x00000000c0000000,0x00000000c01d9138,0x00000000c2b00000)
 Metaspace       used 5912K, capacity 6896K, committed 7040K, reserved 1056768K
  class space    used 591K, capacity 616K, committed 640K, reserved 1048576K
}
Event: 7.441 GC heap before
{Heap before GC invocations=3 (full 0):
 PSYoungGen      total 35328K, used 35306K [0x00000000eab00000, 0x00000000ed000000, 0x0000000100000000)
  eden space 32768K, 100% used [0x00000000eab00000,0x00000000ecb00000,0x00000000ecb00000)
  from space 2560K, 99% used [0x00000000ecd80000,0x00000000ecffa8e0,0x00000000ed000000)
  to   space 2560K, 0% used [0x00000000ecb00000,0x00000000ecb00000,0x00000000ecd80000)
 ParOldGen       total 44032K, used 1892K [0x00000000c0000000, 0x00000000c2b00000, 0x00000000eab00000)
  object space 44032K, 4% used [0x00000000c0000000,0x00000000c01d9138,0x00000000c2b00000)
 Metaspace       used 6060K, capacity 7024K, committed 7296K, reserved 1056768K
  class space    used 593K, capacity 616K, committed 640K, reserved 1048576K
Event: 7.870 GC heap after
Heap after GC invocations=3 (full 0):
 PSYoungGen      total 35328K, used 2544K [0x00000000eab00000, 0x00000000ef000000, 0x0000000100000000)
  eden space 32768K, 0% used [0x00000000eab00000,0x00000000eab00000,0x00000000ecb00000)
  from space 2560K, 99% used [0x00000000ecb00000,0x00000000ecd7c1c0,0x00000000ecd80000)
  to   space 2560K, 0% used [0x00000000eed80000,0x00000000eed80000,0x00000000ef000000)
 ParOldGen       total 44032K, used 6526K [0x00000000c0000000, 0x00000000c2b00000, 0x00000000eab00000)
  object space 44032K, 14% used [0x00000000c0000000,0x00000000c065fb28,0x00000000c2b00000)
 Metaspace       used 6060K, capacity 7024K, committed 7296K, reserved 1056768K
  class space    used 593K, capacity 616K, committed 640K, reserved 1048576K
}
Event: 9.190 GC heap before
{Heap before GC invocations=4 (full 0):
 PSYoungGen      total 35328K, used 35312K [0x00000000eab00000, 0x00000000ef000000, 0x0000000100000000)
  eden space 32768K, 100% used [0x00000000eab00000,0x00000000ecb00000,0x00000000ecb00000)
  from space 2560K, 99% used [0x00000000ecb00000,0x00000000ecd7c1c0,0x00000000ecd80000)
  to   space 2560K, 0% used [0x00000000eed80000,0x00000000eed80000,0x00000000ef000000)
 ParOldGen       total 44032K, used 6526K [0x00000000c0000000, 0x00000000c2b00000, 0x00000000eab00000)
  object space 44032K, 14% used [0x00000000c0000000,0x00000000c065fb28,0x00000000c2b00000)
 Metaspace       used 6159K, capacity 7088K, committed 7296K, reserved 1056768K
  class space    used 593K, capacity 616K, committed 640K, reserved 1048576K
Event: 9.395 GC heap after
Heap after GC invocations=4 (full 0):
 PSYoungGen      total 68096K, used 2544K [0x00000000eab00000, 0x00000000ef000000, 0x0000000100000000)
  eden space 65536K, 0% used [0x00000000eab00000,0x00000000eab00000,0x00000000eeb00000)
  from space 2560K, 99% used [0x00000000eed80000,0x00000000eeffc0d0,0x00000000ef000000)
  to   space 2560K, 0% used [0x00000000eeb00000,0x00000000eeb00000,0x00000000eed80000)
 ParOldGen       total 44032K, used 10885K [0x00000000c0000000, 0x00000000c2b00000, 0x00000000eab00000)
  object space 44032K, 24% used [0x00000000c0000000,0x00000000c0aa1658,0x00000000c2b00000)
 Metaspace       used 6159K, capacity 7088K, committed 7296K, reserved 1056768K
  class space    used 593K, capacity 616K, committed 640K, reserved 1048576K
}

Deoptimization events (10 events):
Event: 10.783 Thread 0x00000000571b9800 Uncommon trap: reason=class_check action=maybe_recompile pc=0x0000000002a08224 method=java.util.HashMap.putVal(ILjava/lang/Object;Ljava/lang/Object;ZZ)Ljava/lang/Object; @ 203
Event: 10.783 Thread 0x00000000571b9800 Uncommon trap: reason=bimorphic action=maybe_recompile pc=0x00000000027afdc0 method=java.util.HashMap.getNode(ILjava/lang/Object;)Ljava/util/HashMap$Node; @ 126
Event: 10.783 Thread 0x00000000571b9800 Uncommon trap: reason=class_check action=maybe_recompile pc=0x0000000002a08224 method=java.util.HashMap.putVal(ILjava/lang/Object;Ljava/lang/Object;ZZ)Ljava/lang/Object; @ 203
Event: 10.783 Thread 0x00000000571b9800 Uncommon trap: reason=bimorphic action=maybe_recompile pc=0x000000000285252c method=java.util.HashMap.getNode(ILjava/lang/Object;)Ljava/util/HashMap$Node; @ 126
Event: 10.783 Thread 0x00000000571b9800 Uncommon trap: reason=bimorphic action=maybe_recompile pc=0x000000000285252c method=java.util.HashMap.getNode(ILjava/lang/Object;)Ljava/util/HashMap$Node; @ 126
Event: 10.783 Thread 0x00000000571b9800 Uncommon trap: reason=class_check action=maybe_recompile pc=0x0000000002a08224 method=java.util.HashMap.putVal(ILjava/lang/Object;Ljava/lang/Object;ZZ)Ljava/lang/Object; @ 203
Event: 10.783 Thread 0x00000000571b9800 Uncommon trap: reason=bimorphic action=maybe_recompile pc=0x00000000027afdc0 method=java.util.HashMap.getNode(ILjava/lang/Object;)Ljava/util/HashMap$Node; @ 126
Event: 11.411 Thread 0x0000000056d15800 Uncommon trap: reason=unreached action=reinterpret pc=0x0000000002ae8ab0 method=com.android.dx.ssa.SCCP.simulateBranch(Lcom/android/dx/ssa/SsaInsn;)V @ 132
Event: 11.411 Thread 0x0000000056d15800 Uncommon trap: reason=unloaded action=reinterpret pc=0x0000000002b15020 method=com.android.dx.ssa.LiteralOpUpgrader$1.visitNonMoveInsn(Lcom/android/dx/ssa/NormalSsaInsn;)V @ 72
Event: 11.412 Thread 0x0000000056d15800 Uncommon trap: reason=unreached action=reinterpret pc=0x0000000002a02ccc method=com.android.dx.ssa.SsaMethod.updateOneDefinition(Lcom/android/dx/ssa/SsaInsn;Lcom/android/dx/rop/code/RegisterSpec;)V @ 4

Internal exceptions (10 events):
Event: 4.382 Thread 0x0000000056d15800 Exception <a 'java/security/PrivilegedActionException'> (0x00000000eb3eaea0) thrown at [D:\re\workspace\8-2-build-windows-amd64-cygwin\jdk8u20\1074\hotspot\src\share\vm\prims\jvm.cpp, line 1275]
Event: 4.916 Thread 0x00000000571b9800 Exception <a 'java/security/PrivilegedActionException'> (0x00000000eb4b6c78) thrown at [D:\re\workspace\8-2-build-windows-amd64-cygwin\jdk8u20\1074\hotspot\src\share\vm\prims\jvm.cpp, line 1275]
Event: 4.945 Thread 0x0000000001f4e800 Exception <a 'java/security/PrivilegedActionException'> (0x00000000eb5589d8) thrown at [D:\re\workspace\8-2-build-windows-amd64-cygwin\jdk8u20\1074\hotspot\src\share\vm\prims\jvm.cpp, line 1275]
Event: 4.946 Thread 0x0000000001f4e800 Exception <a 'java/security/PrivilegedActionException'> (0x00000000eb55b0d8) thrown at [D:\re\workspace\8-2-build-windows-amd64-cygwin\jdk8u20\1074\hotspot\src\share\vm\prims\jvm.cpp, line 1275]
Event: 5.756 Thread 0x0000000056d15800 Exception <a 'java/security/PrivilegedActionException'> (0x00000000eb52cda8) thrown at [D:\re\workspace\8-2-build-windows-amd64-cygwin\jdk8u20\1074\hotspot\src\share\vm\prims\jvm.cpp, line 1275]
Event: 6.732 Thread 0x0000000057186000 Implicit null exception at 0x0000000002928b52 to 0x0000000002928c51
Event: 7.213 Thread 0x00000000571b9800 Exception <a 'java/security/PrivilegedActionException'> (0x00000000ebb57a40) thrown at [D:\re\workspace\8-2-build-windows-amd64-cygwin\jdk8u20\1074\hotspot\src\share\vm\prims\jvm.cpp, line 1275]
Event: 11.295 Thread 0x0000000001f4e800 Exception <a 'java/security/PrivilegedActionException'> (0x00000000eb1b1280) thrown at [D:\re\workspace\8-2-build-windows-amd64-cygwin\jdk8u20\1074\hotspot\src\share\vm\prims\jvm.cpp, line 1275]
Event: 11.411 Thread 0x0000000056d15800 Exception <a 'java/security/PrivilegedActionException'> (0x00000000eb683528) thrown at [D:\re\workspace\8-2-build-windows-amd64-cygwin\jdk8u20\1074\hotspot\src\share\vm\prims\jvm.cpp, line 1275]
Event: 11.714 Thread 0x0000000056d15800 Exception <a 'java/security/PrivilegedActionException'> (0x00000000eb7e0990) thrown at [D:\re\workspace\8-2-build-windows-amd64-cygwin\jdk8u20\1074\hotspot\src\share\vm\prims\jvm.cpp, line 1275]

Events (10 events):
Event: 11.412 Thread 0x0000000056d15800 DEOPT UNPACKING pc=0x000000000259556a sp=0x0000000057abece8 mode 2
Event: 11.412 Thread 0x0000000056d15800 Uncommon trap: trap_request=0xffffffad fr.pc=0x0000000002a02ccc
Event: 11.412 Thread 0x0000000056d15800 DEOPT PACKING pc=0x0000000002a02ccc sp=0x0000000057abeb60
Event: 11.412 Thread 0x0000000056d15800 DEOPT UNPACKING pc=0x000000000259556a sp=0x0000000057abeb08 mode 2
Event: 11.714 loading class com/android/dx/rop/code/RegisterSpec$1
Event: 11.714 loading class com/android/dx/rop/code/RegisterSpec$1 done
Event: 12.233 Thread 0x0000000057186000 DEOPT PACKING pc=0x00000000029c79d1 sp=0x000000005687e6a0
Event: 12.233 Thread 0x0000000057186000 DEOPT UNPACKING pc=0x00000000025975bf sp=0x000000005687e430 mode 0
Event: 13.764 Thread 0x0000000057186000 DEOPT PACKING pc=0x0000000002985d6c sp=0x000000005687e6b0
Event: 13.764 Thread 0x0000000057186000 DEOPT UNPACKING pc=0x00000000025975bf sp=0x000000005687e430 mode 0


Dynamic libraries:
0x000000013f900000 - 0x000000013f934000 	C:\Program Files\Java\jdk1.8.0_20\bin\java.exe
0x00000000772e0000 - 0x000000007748a000 	C:\Windows\SYSTEM32\ntdll.dll
0x00000000771c0000 - 0x00000000772df000 	C:\Windows\system32\kernel32.dll
0x000007fefd370000 - 0x000007fefd3da000 	C:\Windows\system32\KERNELBASE.dll
0x000007fefd420000 - 0x000007fefd4fb000 	C:\Windows\system32\ADVAPI32.dll
0x000007fefd8a0000 - 0x000007fefd93f000 	C:\Windows\system32\msvcrt.dll
0x000007fefdd60000 - 0x000007fefdd7f000 	C:\Windows\SYSTEM32\sechost.dll
0x000007feff4c0000 - 0x000007feff5ed000 	C:\Windows\system32\RPCRT4.dll
0x00000000770c0000 - 0x00000000771ba000 	C:\Windows\system32\USER32.dll
0x000007fefe010000 - 0x000007fefe077000 	C:\Windows\system32\GDI32.dll
0x000007feff490000 - 0x000007feff49e000 	C:\Windows\system32\LPK.dll
0x000007fefdc90000 - 0x000007fefdd5a000 	C:\Windows\system32\USP10.dll
0x000007fefbfe0000 - 0x000007fefc1d4000 	C:\Windows\WinSxS\amd64_microsoft.windows.common-controls_6595b64144ccf1df_6.0.7601.18837_none_fa3b1e3d17594757\COMCTL32.dll
0x000007fefdc10000 - 0x000007fefdc81000 	C:\Windows\system32\SHLWAPI.dll
0x000007feff460000 - 0x000007feff48e000 	C:\Windows\system32\IMM32.DLL
0x000007fefe320000 - 0x000007fefe429000 	C:\Windows\system32\MSCTF.dll
0x000000006d2b0000 - 0x000000006d382000 	C:\Program Files\Java\jdk1.8.0_20\jre\bin\msvcr100.dll
0x000000006ca50000 - 0x000000006d2a8000 	C:\Program Files\Java\jdk1.8.0_20\jre\bin\server\jvm.dll
0x000007fefbfc0000 - 0x000007fefbfc9000 	C:\Windows\system32\WSOCK32.dll
0x000007fefe670000 - 0x000007fefe6bd000 	C:\Windows\system32\WS2_32.dll
0x000007feff450000 - 0x000007feff458000 	C:\Windows\system32\NSI.dll
0x000007fefad90000 - 0x000007fefadcb000 	C:\Windows\system32\WINMM.dll
0x00000000774b0000 - 0x00000000774b7000 	C:\Windows\system32\PSAPI.DLL
0x00000000707a0000 - 0x00000000707af000 	C:\Program Files\Java\jdk1.8.0_20\jre\bin\verify.dll
0x000000006dbe0000 - 0x000000006dc08000 	C:\Program Files\Java\jdk1.8.0_20\jre\bin\java.dll
0x000000006c9f0000 - 0x000000006ca06000 	C:\Program Files\Java\jdk1.8.0_20\jre\bin\zip.dll
0x000007fefe6c0000 - 0x000007feff44a000 	C:\Windows\system32\SHELL32.dll
0x000007fefd690000 - 0x000007fefd893000 	C:\Windows\system32\ole32.dll
0x000007fefd070000 - 0x000007fefd07f000 	C:\Windows\system32\profapi.dll

VM Arguments:
jvm_args: -Djava.awt.headless=true -Xmx1024M -Dfile.encoding=windows-1252 -Duser.country=US -Duser.language=en -Duser.variant 
java_command: com.android.dx.command.Main --dex --num-threads=4 --output C:\Users\Martin\AndroidStudioProjects\SystemEngineeringGSM\app\build\intermediates\pre-dexed\debug\com.android.support-support-v4-23.2.1_7b536736008ed5ba0c511a2e65dcf6b71dc3d7af.jar C:\Users\Martin\AndroidStudioProjects\SystemEngineeringGSM\app\build\intermediates\exploded-aar\com.android.support\support-v4\23.2.1\jars\classes.jar
java_class_path (initial): C:\Users\Martin\AppData\Local\Android\sdk\build-tools\23.0.2\lib\dx.jar
Launcher Type: SUN_STANDARD

Environment Variables:
PATH=C:\ProgramData\Oracle\Java\javapath;C:\Program Files\Common Files\Microsoft Shared\Windows Live;C:\Program Files (x86)\Common Files\Microsoft Shared\Windows Live;C:\Program Files (x86)\Intel\iCLS Client\;C:\Program Files\Intel\iCLS Client\;C:\Program Files\Dell\DW WLAN Card;C:\Windows\system32;C:\Windows;C:\Windows\System32\Wbem;C:\Windows\System32\WindowsPowerShell\v1.0\;C:\Program Files\WIDCOMM\Bluetooth Software\;C:\Program Files\WIDCOMM\Bluetooth Software\syswow64;C:\Program Files\Dell\Dell Data Protection\Access\Advanced\Wave\Gemalto\Access Client\v5\;C:\Program Files (x86)\Security Innovation\SI TSS\bin\;C:\Program Files (x86)\Windows Live\Shared;C:\Program Files (x86)\MySQL\MySQL Utilities 1.3.4\;C:\Program Files\Microsoft SQL Server\110\Tools\Binn\;C:\Program Files\nodejs\;C:\Program Files (x86)\Git\cmd;C:\Program Files\MATLAB\runtime\win64;C:\Program Files\MATLAB\bin;C:\Program Files (x86)\QuickTime\QTSystem\;C:\Program Files (x86)\GtkSharp\2.12\bin;C:\Program Files (x86)\Skype\Phone\;C:\Program Files\Intel\Intel(R) Management Engine Components\DAL;C:\Program Files\Intel\Intel(R) Management Engine Components\IPT;C:\Program Files (x86)\Intel\Intel(R) Management Engine Components\DAL;C:\Program Files (x86)\Intel\Intel(R) Management Engine Components\IPT;C:\Users\Martin\AppData\Local\Android\sdk\platform-tools;C:\Program Files\Java\jdk1.8.0_20\bin;C:\Users\Martin\AppData\Roaming\npm
USERNAME=Martin
OS=Windows_NT
PROCESSOR_IDENTIFIER=Intel64 Family 6 Model 58 Stepping 9, GenuineIntel



---------------  S Y S T E M  ---------------

OS: Windows 7 , 64 bit Build 7601 Service Pack 1

CPU:total 4 (2 cores per cpu, 2 threads per core) family 6 model 58 stepping 9, cmov, cx8, fxsr, mmx, sse, sse2, sse3, ssse3, sse4.1, sse4.2, popcnt, avx, aes, clmul, erms, ht, tsc, tscinvbit, tscinv

Memory: 4k page, physical 4077532k(647520k free), swap 7325248k(5008k free)

vm_info: Java HotSpot(TM) 64-Bit Server VM (25.20-b23) for windows-amd64 JRE (1.8.0_20-b26), built on Jul 30 2014 13:51:23 by "java_re" with MS VC++ 10.0 (VS2010)

time: Wed Apr 13 10:29:39 2016
elapsed time: 14 seconds (0d 0h 0m 14s)

