#
# There is insufficient memory for the Java Runtime Environment to continue.
# Native memory allocation (malloc) failed to allocate 172176 bytes for Chunk::new
# Possible reasons:
#   The system is out of physical RAM or swap space
#   In 32 bit mode, the process size limit was hit
# Possible solutions:
#   Reduce memory load on the system
#   Increase physical memory or swap space
#   Check if swap backing store is full
#   Use 64 bit Java on a 64 bit OS
#   Decrease Java heap size (-Xmx/-Xms)
#   Decrease number of Java threads
#   Decrease Java thread stack sizes (-Xss)
#   Set larger code cache with -XX:ReservedCodeCacheSize=
# This output file may be truncated or incomplete.
#
#  Out of Memory Error (allocation.cpp:390), pid=10136, tid=1784
#
# JRE version: Java(TM) SE Runtime Environment (8.0_20-b26) (build 1.8.0_20-b26)
# Java VM: Java HotSpot(TM) 64-Bit Server VM (25.20-b23 mixed mode windows-amd64 compressed oops)
# Failed to write core dump. Minidumps are not enabled by default on client versions of Windows
#

---------------  T H R E A D  ---------------

Current thread (0x000000005629a800):  JavaThread "C2 CompilerThread1" daemon [_thread_in_native, id=1784, stack(0x0000000056b40000,0x0000000056c40000)]

Stack: [0x0000000056b40000,0x0000000056c40000]
Native frames: (J=compiled Java code, j=interpreted, Vv=VM code, C=native code)
V  [jvm.dll+0x3152fa]
V  [jvm.dll+0x265d03]
V  [jvm.dll+0x266943]
V  [jvm.dll+0x25e265]
V  [jvm.dll+0xbe255]
V  [jvm.dll+0xbe6fc]
V  [jvm.dll+0x477e2c]
V  [jvm.dll+0x444cc3]
V  [jvm.dll+0x4500de]
V  [jvm.dll+0x4526c8]
V  [jvm.dll+0x435fc2]
V  [jvm.dll+0x97b62]
V  [jvm.dll+0x98353]
V  [jvm.dll+0x22aac4]
V  [jvm.dll+0x283f5a]
C  [msvcr100.dll+0x21d9f]
C  [msvcr100.dll+0x21e3b]
C  [kernel32.dll+0x159bd]
C  [ntdll.dll+0x2a2e1]


Current CompileTask:
C2:  22310 1550       4       com.android.dx.ssa.SsaBasicBlock::newFromRop (183 bytes)


---------------  P R O C E S S  ---------------

Java Threads: ( => current thread )
  0x000000005652b000 JavaThread "pool-1-thread-4" [_thread_blocked, id=10120, stack(0x0000000057690000,0x0000000057790000)]
  0x0000000056453000 JavaThread "pool-1-thread-3" [_thread_blocked, id=10116, stack(0x0000000057570000,0x0000000057670000)]
  0x0000000056404800 JavaThread "pool-1-thread-2" [_thread_blocked, id=10148, stack(0x00000000573a0000,0x00000000574a0000)]
  0x0000000056403000 JavaThread "pool-2-thread-1" [_thread_blocked, id=9308, stack(0x0000000057250000,0x0000000057350000)]
  0x0000000056402000 JavaThread "pool-1-thread-1" [_thread_blocked, id=9892, stack(0x0000000057020000,0x0000000057120000)]
  0x00000000562e8800 JavaThread "Service Thread" daemon [_thread_blocked, id=5904, stack(0x0000000056d10000,0x0000000056e10000)]
  0x0000000054e36000 JavaThread "C1 CompilerThread2" daemon [_thread_blocked, id=9232, stack(0x0000000056a40000,0x0000000056b40000)]
=>0x000000005629a800 JavaThread "C2 CompilerThread1" daemon [_thread_in_native, id=1784, stack(0x0000000056b40000,0x0000000056c40000)]
  0x0000000056298000 JavaThread "C2 CompilerThread0" daemon [_thread_in_native, id=9420, stack(0x0000000056030000,0x0000000056130000)]
  0x0000000056295000 JavaThread "Attach Listener" daemon [_thread_blocked, id=2932, stack(0x0000000056930000,0x0000000056a30000)]
  0x0000000056292800 JavaThread "Signal Dispatcher" daemon [_thread_blocked, id=1012, stack(0x00000000567b0000,0x00000000568b0000)]
  0x0000000054dcf000 JavaThread "Finalizer" daemon [_thread_blocked, id=2384, stack(0x0000000056190000,0x0000000056290000)]
  0x0000000054dcb800 JavaThread "Reference Handler" daemon [_thread_blocked, id=8632, stack(0x0000000055f10000,0x0000000056010000)]
  0x0000000001dee800 JavaThread "main" [_thread_blocked, id=1224, stack(0x0000000001f80000,0x0000000002080000)]

Other Threads:
  0x0000000054dc6000 VMThread [stack: 0x0000000055d20000,0x0000000055e20000] [id=10084]
  0x00000000562eb800 WatcherThread [stack: 0x0000000056e60000,0x0000000056f60000] [id=976]

VM state:not at safepoint (normal execution)

VM Mutex/Monitor currently owned by a thread: None

Heap:
 PSYoungGen      total 35328K, used 18638K [0x00000000eab00000, 0x00000000ed000000, 0x0000000100000000)
  eden space 32768K, 49% used [0x00000000eab00000,0x00000000ebab6088,0x00000000ecb00000)
  from space 2560K, 99% used [0x00000000ecd80000,0x00000000ecffd9a8,0x00000000ed000000)
  to   space 2560K, 0% used [0x00000000ecb00000,0x00000000ecb00000,0x00000000ecd80000)
 ParOldGen       total 44032K, used 5231K [0x00000000c0000000, 0x00000000c2b00000, 0x00000000eab00000)
  object space 44032K, 11% used [0x00000000c0000000,0x00000000c051bce0,0x00000000c2b00000)
 Metaspace       used 6026K, capacity 7024K, committed 7296K, reserved 1056768K
  class space    used 585K, capacity 616K, committed 640K, reserved 1048576K

Card table byte_map: [0x00000000117c0000,0x00000000119d0000] byte_map_base: 0x00000000111c0000

Marking Bits: (ParMarkBitMap*) 0x000000007312b460
 Begin Bits: [0x0000000012240000, 0x0000000013240000)
 End Bits:   [0x0000000013240000, 0x0000000014240000)

Polling page: 0x00000000000a0000

CodeCache: size=245760Kb used=6368Kb max_used=6380Kb free=239391Kb
 bounds [0x0000000002400000, 0x0000000002a50000, 0x0000000011400000]
 total_blobs=1816 nmethods=1551 adapters=178
 compilation: enabled

Compilation events (10 events):
Event: 21.539 Thread 0x0000000054e36000 nmethod 1545 0x0000000002a3c5d0 code [0x0000000002a3c760, 0x0000000002a3cbe8]
Event: 21.539 Thread 0x0000000054e36000 1546       3       com.android.dx.util.ByteArray::<init> (9 bytes)
Event: 21.539 Thread 0x0000000054e36000 nmethod 1546 0x0000000002a305d0 code [0x0000000002a30740, 0x0000000002a308c8]
Event: 21.539 Thread 0x0000000056298000 1547       4       com.android.dx.cf.direct.DirectClassFile::parseToInterfacesIfNecessary (13 bytes)
Event: 21.540 Thread 0x0000000056298000 nmethod 1547 0x0000000002970090 code [0x00000000029701e0, 0x0000000002970268]
Event: 21.896 Thread 0x0000000054e36000 1548       3       java.io.FileInputStream::read (8 bytes)
Event: 21.896 Thread 0x0000000054e36000 nmethod 1548 0x0000000002a3f210 code [0x0000000002a3f380, 0x0000000002a3f508]
Event: 21.970 Thread 0x000000005629a800 1550       4       com.android.dx.ssa.SsaBasicBlock::newFromRop (183 bytes)
Event: 21.994 Thread 0x0000000054e36000 1551       3       java.util.concurrent.locks.AbstractQueuedSynchronizer::parkAndCheckInterrupt (8 bytes)
Event: 21.995 Thread 0x0000000054e36000 nmethod 1551 0x0000000002a3ea50 code [0x0000000002a3ebe0, 0x0000000002a3f058]

GC Heap History (4 events):
Event: 5.159 GC heap before
{Heap before GC invocations=1 (full 0):
 PSYoungGen      total 18944K, used 16384K [0x00000000eab00000, 0x00000000ec000000, 0x0000000100000000)
  eden space 16384K, 100% used [0x00000000eab00000,0x00000000ebb00000,0x00000000ebb00000)
  from space 2560K, 0% used [0x00000000ebd80000,0x00000000ebd80000,0x00000000ec000000)
  to   space 2560K, 0% used [0x00000000ebb00000,0x00000000ebb00000,0x00000000ebd80000)
 ParOldGen       total 44032K, used 0K [0x00000000c0000000, 0x00000000c2b00000, 0x00000000eab00000)
  object space 44032K, 0% used [0x00000000c0000000,0x00000000c0000000,0x00000000c2b00000)
 Metaspace       used 5668K, capacity 6768K, committed 7040K, reserved 1056768K
  class space    used 578K, capacity 616K, committed 640K, reserved 1048576K
Event: 5.280 GC heap after
Heap after GC invocations=1 (full 0):
 PSYoungGen      total 18944K, used 2533K [0x00000000eab00000, 0x00000000ed000000, 0x0000000100000000)
  eden space 16384K, 0% used [0x00000000eab00000,0x00000000eab00000,0x00000000ebb00000)
  from space 2560K, 98% used [0x00000000ebb00000,0x00000000ebd79648,0x00000000ebd80000)
  to   space 2560K, 0% used [0x00000000ecd80000,0x00000000ecd80000,0x00000000ed000000)
 ParOldGen       total 44032K, used 2307K [0x00000000c0000000, 0x00000000c2b00000, 0x00000000eab00000)
  object space 44032K, 5% used [0x00000000c0000000,0x00000000c0240f90,0x00000000c2b00000)
 Metaspace       used 5668K, capacity 6768K, committed 7040K, reserved 1056768K
  class space    used 578K, capacity 616K, committed 640K, reserved 1048576K
}
Event: 6.614 GC heap before
{Heap before GC invocations=2 (full 0):
 PSYoungGen      total 18944K, used 18917K [0x00000000eab00000, 0x00000000ed000000, 0x0000000100000000)
  eden space 16384K, 100% used [0x00000000eab00000,0x00000000ebb00000,0x00000000ebb00000)
  from space 2560K, 98% used [0x00000000ebb00000,0x00000000ebd79648,0x00000000ebd80000)
  to   space 2560K, 0% used [0x00000000ecd80000,0x00000000ecd80000,0x00000000ed000000)
 ParOldGen       total 44032K, used 2307K [0x00000000c0000000, 0x00000000c2b00000, 0x00000000eab00000)
  object space 44032K, 5% used [0x00000000c0000000,0x00000000c0240f90,0x00000000c2b00000)
 Metaspace       used 5868K, capacity 6896K, committed 7040K, reserved 1056768K
  class space    used 585K, capacity 616K, committed 640K, reserved 1048576K
Event: 7.078 GC heap after
Heap after GC invocations=2 (full 0):
 PSYoungGen      total 35328K, used 2550K [0x00000000eab00000, 0x00000000ed000000, 0x0000000100000000)
  eden space 32768K, 0% used [0x00000000eab00000,0x00000000eab00000,0x00000000ecb00000)
  from space 2560K, 99% used [0x00000000ecd80000,0x00000000ecffd9a8,0x00000000ed000000)
  to   space 2560K, 0% used [0x00000000ecb00000,0x00000000ecb00000,0x00000000ecd80000)
 ParOldGen       total 44032K, used 5231K [0x00000000c0000000, 0x00000000c2b00000, 0x00000000eab00000)
  object space 44032K, 11% used [0x00000000c0000000,0x00000000c051bce0,0x00000000c2b00000)
 Metaspace       used 5868K, capacity 6896K, committed 7040K, reserved 1056768K
  class space    used 585K, capacity 616K, committed 640K, reserved 1048576K
}

Deoptimization events (10 events):
Event: 5.297 Thread 0x0000000001dee800 Uncommon trap: reason=unloaded action=reinterpret pc=0x00000000026a1974 method=com.android.dx.cf.cst.ConstantPoolParser.parse0(ILjava/util/BitSet;)Lcom/android/dx/rop/cst/Constant; @ 475
Event: 5.369 Thread 0x0000000056402000 Uncommon trap: reason=class_check action=maybe_recompile pc=0x00000000027acc20 method=com.android.dx.rop.type.Type.equals(Ljava/lang/Object;)Z @ 8
Event: 5.369 Thread 0x0000000056402000 Uncommon trap: reason=class_check action=maybe_recompile pc=0x00000000027acc20 method=com.android.dx.rop.type.Type.equals(Ljava/lang/Object;)Z @ 8
Event: 5.370 Thread 0x0000000056402000 Uncommon trap: reason=class_check action=maybe_recompile pc=0x00000000027acc20 method=com.android.dx.rop.type.Type.equals(Ljava/lang/Object;)Z @ 8
Event: 5.370 Thread 0x0000000056402000 Uncommon trap: reason=class_check action=maybe_recompile pc=0x00000000027acc20 method=com.android.dx.rop.type.Type.equals(Ljava/lang/Object;)Z @ 8
Event: 5.805 Thread 0x0000000056404800 Uncommon trap: reason=unreached action=reinterpret pc=0x000000000258b184 method=com.android.dx.rop.cst.Constant.compareTo(Lcom/android/dx/rop/cst/Constant;)I @ 12
Event: 5.873 Thread 0x0000000056404800 Uncommon trap: reason=class_check action=maybe_recompile pc=0x000000000287cdd4 method=com.android.dx.ssa.NormalSsaInsn.accept(Lcom/android/dx/ssa/SsaInsn$Visitor;)V @ 9
Event: 6.127 Thread 0x000000005652b000 Uncommon trap: reason=unreached action=reinterpret pc=0x00000000028a5ee4 method=com.android.dx.util.LabeledList.set(ILcom/android/dx/util/LabeledItem;)V @ 16
Event: 7.517 Thread 0x000000005652b000 Uncommon trap: reason=class_check action=maybe_recompile pc=0x000000000287cdd4 method=com.android.dx.ssa.NormalSsaInsn.accept(Lcom/android/dx/ssa/SsaInsn$Visitor;)V @ 9
Event: 7.523 Thread 0x000000005652b000 Uncommon trap: reason=class_check action=maybe_recompile pc=0x000000000287cdd4 method=com.android.dx.ssa.NormalSsaInsn.accept(Lcom/android/dx/ssa/SsaInsn$Visitor;)V @ 9

Internal exceptions (10 events):
Event: 5.077 Thread 0x0000000001dee800 Exception <a 'java/security/PrivilegedActionException'> (0x00000000eba7eab8) thrown at [D:\re\workspace\8-2-build-windows-amd64-cygwin\jdk8u20\1074\hotspot\src\share\vm\prims\jvm.cpp, line 1275]
Event: 5.152 Thread 0x0000000056402000 Exception <a 'java/security/PrivilegedActionException'> (0x00000000ebacfe70) thrown at [D:\re\workspace\8-2-build-windows-amd64-cygwin\jdk8u20\1074\hotspot\src\share\vm\prims\jvm.cpp, line 1275]
Event: 5.155 Thread 0x0000000056402000 Exception <a 'java/security/PrivilegedActionException'> (0x00000000ebae89c8) thrown at [D:\re\workspace\8-2-build-windows-amd64-cygwin\jdk8u20\1074\hotspot\src\share\vm\prims\jvm.cpp, line 1275]
Event: 5.290 Thread 0x0000000056453000 Implicit null exception at 0x0000000002752692 to 0x0000000002752791
Event: 5.360 Thread 0x0000000056402000 Exception <a 'java/security/PrivilegedActionException'> (0x00000000ead6d4c8) thrown at [D:\re\workspace\8-2-build-windows-amd64-cygwin\jdk8u20\1074\hotspot\src\share\vm\prims\jvm.cpp, line 1275]
Event: 5.385 Thread 0x0000000001dee800 Exception <a 'java/security/PrivilegedActionException'> (0x00000000eab745b8) thrown at [D:\re\workspace\8-2-build-windows-amd64-cygwin\jdk8u20\1074\hotspot\src\share\vm\prims\jvm.cpp, line 1275]
Event: 5.409 Thread 0x0000000056453000 Exception <a 'java/security/PrivilegedActionException'> (0x00000000eae3a378) thrown at [D:\re\workspace\8-2-build-windows-amd64-cygwin\jdk8u20\1074\hotspot\src\share\vm\prims\jvm.cpp, line 1275]
Event: 5.586 Thread 0x0000000056404800 Exception <a 'java/security/PrivilegedActionException'> (0x00000000eabbb768) thrown at [D:\re\workspace\8-2-build-windows-amd64-cygwin\jdk8u20\1074\hotspot\src\share\vm\prims\jvm.cpp, line 1275]
Event: 6.120 Thread 0x000000005652b000 Exception <a 'java/security/PrivilegedActionException'> (0x00000000eb82d260) thrown at [D:\re\workspace\8-2-build-windows-amd64-cygwin\jdk8u20\1074\hotspot\src\share\vm\prims\jvm.cpp, line 1275]
Event: 6.614 Thread 0x0000000001dee800 Exception <a 'java/security/PrivilegedActionException'> (0x00000000ebaf59c0) thrown at [D:\re\workspace\8-2-build-windows-amd64-cygwin\jdk8u20\1074\hotspot\src\share\vm\prims\jvm.cpp, line 1275]

Events (10 events):
Event: 6.614 Executing VM operation: ParallelGCFailedAllocation
Event: 7.078 Executing VM operation: ParallelGCFailedAllocation done
Event: 7.187 Thread 0x0000000056404800 DEOPT PACKING pc=0x000000000273a0f5 sp=0x000000005749e900
Event: 7.187 Thread 0x0000000056404800 DEOPT UNPACKING pc=0x00000000024475bf sp=0x000000005749e698 mode 0
Event: 7.517 Thread 0x000000005652b000 Uncommon trap: trap_request=0xffffffde fr.pc=0x000000000287cdd4
Event: 7.517 Thread 0x000000005652b000 DEOPT PACKING pc=0x000000000287cdd4 sp=0x000000005778e890
Event: 7.517 Thread 0x000000005652b000 DEOPT UNPACKING pc=0x000000000244556a sp=0x000000005778e770 mode 2
Event: 7.523 Thread 0x000000005652b000 Uncommon trap: trap_request=0xffffffde fr.pc=0x000000000287cdd4
Event: 7.523 Thread 0x000000005652b000 DEOPT PACKING pc=0x000000000287cdd4 sp=0x000000005778e800
Event: 7.523 Thread 0x000000005652b000 DEOPT UNPACKING pc=0x000000000244556a sp=0x000000005778e6e0 mode 2


Dynamic libraries:
0x000000013f780000 - 0x000000013f7b4000 	C:\Program Files\Java\jdk1.8.0_20\bin\java.exe
0x0000000076e60000 - 0x000000007700a000 	C:\Windows\SYSTEM32\ntdll.dll
0x0000000076d40000 - 0x0000000076e5f000 	C:\Windows\system32\kernel32.dll
0x000007fefcdb0000 - 0x000007fefce1a000 	C:\Windows\system32\KERNELBASE.dll
0x000007fefddd0000 - 0x000007fefdeab000 	C:\Windows\system32\ADVAPI32.dll
0x000007fefdeb0000 - 0x000007fefdf4f000 	C:\Windows\system32\msvcrt.dll
0x000007fefcfa0000 - 0x000007fefcfbf000 	C:\Windows\SYSTEM32\sechost.dll
0x000007fefd380000 - 0x000007fefd4ad000 	C:\Windows\system32\RPCRT4.dll
0x0000000076c40000 - 0x0000000076d3a000 	C:\Windows\system32\USER32.dll
0x000007fefdae0000 - 0x000007fefdb47000 	C:\Windows\system32\GDI32.dll
0x000007feff160000 - 0x000007feff16e000 	C:\Windows\system32\LPK.dll
0x000007fefd740000 - 0x000007fefd80a000 	C:\Windows\system32\USP10.dll
0x000007fefba40000 - 0x000007fefbc34000 	C:\Windows\WinSxS\amd64_microsoft.windows.common-controls_6595b64144ccf1df_6.0.7601.18837_none_fa3b1e3d17594757\COMCTL32.dll
0x000007fefdf50000 - 0x000007fefdfc1000 	C:\Windows\system32\SHLWAPI.dll
0x000007fefef50000 - 0x000007fefef7e000 	C:\Windows\system32\IMM32.DLL
0x000007fefd270000 - 0x000007fefd379000 	C:\Windows\system32\MSCTF.dll
0x0000000064a30000 - 0x0000000064b02000 	C:\Program Files\Java\jdk1.8.0_20\jre\bin\msvcr100.dll
0x0000000072950000 - 0x00000000731a8000 	C:\Program Files\Java\jdk1.8.0_20\jre\bin\server\jvm.dll
0x000007fefbfd0000 - 0x000007fefbfd9000 	C:\Windows\system32\WSOCK32.dll
0x000007fefef80000 - 0x000007fefefcd000 	C:\Windows\system32\WS2_32.dll
0x000007fefed60000 - 0x000007fefed68000 	C:\Windows\system32\NSI.dll
0x000007fefae60000 - 0x000007fefae9b000 	C:\Windows\system32\WINMM.dll
0x0000000077020000 - 0x0000000077027000 	C:\Windows\system32\PSAPI.DLL
0x0000000073710000 - 0x000000007371f000 	C:\Program Files\Java\jdk1.8.0_20\jre\bin\verify.dll
0x00000000736e0000 - 0x0000000073708000 	C:\Program Files\Java\jdk1.8.0_20\jre\bin\java.dll
0x00000000736c0000 - 0x00000000736d6000 	C:\Program Files\Java\jdk1.8.0_20\jre\bin\zip.dll
0x000007fefdfd0000 - 0x000007fefed5a000 	C:\Windows\system32\SHELL32.dll
0x000007fefd060000 - 0x000007fefd263000 	C:\Windows\system32\ole32.dll
0x000007fefcbe0000 - 0x000007fefcbef000 	C:\Windows\system32\profapi.dll
0x000007feeeba0000 - 0x000007feeecc5000 	C:\Windows\system32\dbghelp.dll

VM Arguments:
jvm_args: -Djava.awt.headless=true -Xmx1024M -Dfile.encoding=windows-1252 -Duser.country=US -Duser.language=en -Duser.variant 
java_command: com.android.dx.command.Main --dex --num-threads=4 --output C:\Users\Martin\AndroidStudioProjects\SystemEngineeringGSM\app\build\intermediates\pre-dexed\debug\debug_1eadc4e82313c4d44a411d3a28e3d6f768ea7497.jar C:\Users\Martin\AndroidStudioProjects\SystemEngineeringGSM\app\build\intermediates\classes\debug
java_class_path (initial): C:\Users\Martin\AppData\Local\Android\sdk\build-tools\23.0.2\lib\dx.jar
Launcher Type: SUN_STANDARD

Environment Variables:
PATH=C:\ProgramData\Oracle\Java\javapath;C:\Program Files\Common Files\Microsoft Shared\Windows Live;C:\Program Files (x86)\Common Files\Microsoft Shared\Windows Live;C:\Program Files (x86)\Intel\iCLS Client\;C:\Program Files\Intel\iCLS Client\;C:\Program Files\Dell\DW WLAN Card;C:\Windows\system32;C:\Windows;C:\Windows\System32\Wbem;C:\Windows\System32\WindowsPowerShell\v1.0\;C:\Program Files\WIDCOMM\Bluetooth Software\;C:\Program Files\WIDCOMM\Bluetooth Software\syswow64;C:\Program Files\Dell\Dell Data Protection\Access\Advanced\Wave\Gemalto\Access Client\v5\;C:\Program Files (x86)\Security Innovation\SI TSS\bin\;C:\Program Files (x86)\Windows Live\Shared;C:\Program Files (x86)\MySQL\MySQL Utilities 1.3.4\;C:\Program Files\Microsoft SQL Server\110\Tools\Binn\;C:\Program Files\nodejs\;C:\Program Files (x86)\Git\cmd;C:\Program Files\MATLAB\runtime\win64;C:\Program Files\MATLAB\bin;C:\Program Files (x86)\QuickTime\QTSystem\;C:\Program Files (x86)\GtkSharp\2.12\bin;C:\Program Files (x86)\Skype\Phone\;C:\Program Files\Intel\Intel(R) Management Engine Components\DAL;C:\Program Files\Intel\Intel(R) Management Engine Components\IPT;C:\Program Files (x86)\Intel\Intel(R) Management Engine Components\DAL;C:\Program Files (x86)\Intel\Intel(R) Management Engine Components\IPT;C:\Users\Martin\AppData\Local\Android\sdk\platform-tools;C:\Program Files\Java\jdk1.8.0_20\bin;C:\Users\Martin\AppData\Roaming\npm
USERNAME=Martin
OS=Windows_NT
PROCESSOR_IDENTIFIER=Intel64 Family 6 Model 58 Stepping 9, GenuineIntel



---------------  S Y S T E M  ---------------

OS: Windows 7 , 64 bit Build 7601 Service Pack 1

CPU:total 4 (2 cores per cpu, 2 threads per core) family 6 model 58 stepping 9, cmov, cx8, fxsr, mmx, sse, sse2, sse3, ssse3, sse4.1, sse4.2, popcnt, avx, aes, clmul, erms, ht, tsc, tscinvbit, tscinv

Memory: 4k page, physical 4077532k(395604k free), swap 6172824k(104272k free)

vm_info: Java HotSpot(TM) 64-Bit Server VM (25.20-b23) for windows-amd64 JRE (1.8.0_20-b26), built on Jul 30 2014 13:51:23 by "java_re" with MS VC++ 10.0 (VS2010)

time: Wed May 25 13:29:49 2016
elapsed time: 22 seconds (0d 0h 0m 22s)

