#
# There is insufficient memory for the Java Runtime Environment to continue.
# Native memory allocation (malloc) failed to allocate 748960 bytes for Chunk::new
# Possible reasons:
#   The system is out of physical RAM or swap space
#   In 32 bit mode, the process size limit was hit
# Possible solutions:
#   Reduce memory load on the system
#   Increase physical memory or swap space
#   Check if swap backing store is full
#   Use 64 bit Java on a 64 bit OS
#   Decrease Java heap size (-Xmx/-Xms)
#   Decrease number of Java threads
#   Decrease Java thread stack sizes (-Xss)
#   Set larger code cache with -XX:ReservedCodeCacheSize=
# This output file may be truncated or incomplete.
#
#  Out of Memory Error (allocation.cpp:390), pid=10116, tid=8280
#
# JRE version: Java(TM) SE Runtime Environment (8.0_20-b26) (build 1.8.0_20-b26)
# Java VM: Java HotSpot(TM) 64-Bit Server VM (25.20-b23 mixed mode windows-amd64 compressed oops)
# Failed to write core dump. Minidumps are not enabled by default on client versions of Windows
#

---------------  T H R E A D  ---------------

Current thread (0x0000000054ca1800):  JavaThread "C2 CompilerThread0" daemon [_thread_in_native, id=8280, stack(0x0000000056450000,0x0000000056550000)]

Stack: [0x0000000056450000,0x0000000056550000]
Native frames: (J=compiled Java code, j=interpreted, Vv=VM code, C=native code)
V  [jvm.dll+0x3152fa]


Current CompileTask:
C2:   9726 1564   !   4       com.android.dx.cf.code.BytecodeArray::parseInstruction (2764 bytes)


---------------  P R O C E S S  ---------------

Java Threads: ( => current thread )
  0x0000000056824800 JavaThread "pool-1-thread-4" [_thread_in_Java, id=9032, stack(0x0000000057460000,0x0000000057560000)]
  0x00000000567da800 JavaThread "pool-1-thread-3" [_thread_in_Java, id=7784, stack(0x00000000571c0000,0x00000000572c0000)]
  0x00000000567d2000 JavaThread "pool-1-thread-2" [_thread_in_Java, id=9680, stack(0x00000000570b0000,0x00000000571b0000)]
  0x00000000567b7800 JavaThread "pool-2-thread-1" [_thread_blocked, id=1860, stack(0x0000000056f10000,0x0000000057010000)]
  0x00000000567b7000 JavaThread "pool-1-thread-1" [_thread_in_Java, id=9868, stack(0x0000000011eb0000,0x0000000011fb0000)]
  0x00000000565b6800 JavaThread "Service Thread" daemon [_thread_blocked, id=156, stack(0x00000000560b0000,0x00000000561b0000)]
  0x0000000056597000 JavaThread "C1 CompilerThread2" daemon [_thread_blocked, id=4628, stack(0x0000000056c00000,0x0000000056d00000)]
  0x0000000056596000 JavaThread "C2 CompilerThread1" daemon [_thread_blocked, id=2120, stack(0x0000000056a60000,0x0000000056b60000)]
=>0x0000000054ca1800 JavaThread "C2 CompilerThread0" daemon [_thread_in_native, id=8280, stack(0x0000000056450000,0x0000000056550000)]
  0x0000000054c9e800 JavaThread "Attach Listener" daemon [_thread_blocked, id=5176, stack(0x0000000056320000,0x0000000056420000)]
  0x0000000054cad000 JavaThread "Signal Dispatcher" daemon [_thread_blocked, id=8652, stack(0x00000000561f0000,0x00000000562f0000)]
  0x0000000054c3f000 JavaThread "Finalizer" daemon [_thread_blocked, id=2852, stack(0x0000000055fa0000,0x00000000560a0000)]
  0x0000000054c3c000 JavaThread "Reference Handler" daemon [_thread_blocked, id=8404, stack(0x0000000055e80000,0x0000000055f80000)]
  0x0000000001e9e800 JavaThread "main" [_thread_blocked, id=4208, stack(0x0000000001f00000,0x0000000002000000)]

Other Threads:
  0x0000000054c36800 VMThread [stack: 0x0000000055cb0000,0x0000000055db0000] [id=9620]
  0x00000000565b9800 WatcherThread [stack: 0x0000000056db0000,0x0000000056eb0000] [id=5564]

VM state:not at safepoint (normal execution)

VM Mutex/Monitor currently owned by a thread: None

Heap:
 PSYoungGen      total 68096K, used 49266K [0x00000000eab00000, 0x00000000ef000000, 0x0000000100000000)
  eden space 65536K, 71% used [0x00000000eab00000,0x00000000ed8a46a8,0x00000000eeb00000)
  from space 2560K, 98% used [0x00000000eed80000,0x00000000eeff8530,0x00000000ef000000)
  to   space 2560K, 0% used [0x00000000eeb00000,0x00000000eeb00000,0x00000000eed80000)
 ParOldGen       total 44032K, used 12306K [0x00000000c0000000, 0x00000000c2b00000, 0x00000000eab00000)
  object space 44032K, 27% used [0x00000000c0000000,0x00000000c0c04a08,0x00000000c2b00000)
 Metaspace       used 6166K, capacity 7088K, committed 7296K, reserved 1056768K
  class space    used 592K, capacity 616K, committed 640K, reserved 1048576K

Card table byte_map: [0x0000000011780000,0x0000000011990000] byte_map_base: 0x0000000011180000

Marking Bits: (ParMarkBitMap*) 0x000000006d22b460
 Begin Bits: [0x00000000120b0000, 0x00000000130b0000)
 End Bits:   [0x00000000130b0000, 0x00000000140b0000)

Polling page: 0x0000000000210000

CodeCache: size=245760Kb used=7056Kb max_used=7077Kb free=238703Kb
 bounds [0x00000000023c0000, 0x0000000002ab0000, 0x00000000113c0000]
 total_blobs=1945 nmethods=1680 adapters=178
 compilation: disabled (not enough contiguous free space left)

Compilation events (10 events):
Event: 9.547 Thread 0x0000000056597000 nmethod 1656 0x0000000002a78d50 code [0x0000000002a78f60, 0x0000000002a79598]
Event: 9.547 Thread 0x0000000056597000 1657       2       com.android.dx.dex.cf.AttributeTranslator::getParameterAnnotations (69 bytes)
Event: 9.547 Thread 0x0000000056597000 nmethod 1657 0x0000000002a7e750 code [0x0000000002a7e920, 0x0000000002a7ecb8]
Event: 9.548 Thread 0x0000000056597000 1658       2       com.android.dx.ssa.LocalVariableInfo::<init> (78 bytes)
Event: 9.549 Thread 0x0000000056597000 nmethod 1658 0x0000000002a7ef90 code [0x0000000002a7f100, 0x0000000002a7f528]
Event: 9.550 Thread 0x0000000056597000 1659       2       java.util.TimSort::sort (229 bytes)
Event: 9.550 Thread 0x0000000056597000 nmethod 1659 0x0000000002a7f710 code [0x0000000002a7f8e0, 0x0000000002a7fd98]
Event: 9.551 Thread 0x0000000056597000 1660   !   2       com.android.dx.cf.code.Ropper::convert (52 bytes)
Event: 9.552 Thread 0x0000000056597000 nmethod 1660 0x0000000002a80250 code [0x0000000002a80420, 0x0000000002a808a8]
Event: 9.552 Thread 0x0000000056597000 1661       2       com.android.dx.cf.code.ValueAwareMachine::<init> (6 bytes)

GC Heap History (8 events):
Event: 2.507 GC heap before
{Heap before GC invocations=1 (full 0):
 PSYoungGen      total 18944K, used 16384K [0x00000000eab00000, 0x00000000ec000000, 0x0000000100000000)
  eden space 16384K, 100% used [0x00000000eab00000,0x00000000ebb00000,0x00000000ebb00000)
  from space 2560K, 0% used [0x00000000ebd80000,0x00000000ebd80000,0x00000000ec000000)
  to   space 2560K, 0% used [0x00000000ebb00000,0x00000000ebb00000,0x00000000ebd80000)
 ParOldGen       total 44032K, used 0K [0x00000000c0000000, 0x00000000c2b00000, 0x00000000eab00000)
  object space 44032K, 0% used [0x00000000c0000000,0x00000000c0000000,0x00000000c2b00000)
 Metaspace       used 5659K, capacity 6704K, committed 6784K, reserved 1056768K
  class space    used 580K, capacity 616K, committed 640K, reserved 1048576K
Event: 3.048 GC heap after
Heap after GC invocations=1 (full 0):
 PSYoungGen      total 18944K, used 2536K [0x00000000eab00000, 0x00000000ed000000, 0x0000000100000000)
  eden space 16384K, 0% used [0x00000000eab00000,0x00000000eab00000,0x00000000ebb00000)
  from space 2560K, 99% used [0x00000000ebb00000,0x00000000ebd7a130,0x00000000ebd80000)
  to   space 2560K, 0% used [0x00000000ecd80000,0x00000000ecd80000,0x00000000ed000000)
 ParOldGen       total 44032K, used 1198K [0x00000000c0000000, 0x00000000c2b00000, 0x00000000eab00000)
  object space 44032K, 2% used [0x00000000c0000000,0x00000000c012b838,0x00000000c2b00000)
 Metaspace       used 5659K, capacity 6704K, committed 6784K, reserved 1056768K
  class space    used 580K, capacity 616K, committed 640K, reserved 1048576K
}
Event: 3.480 GC heap before
{Heap before GC invocations=2 (full 0):
 PSYoungGen      total 18944K, used 18920K [0x00000000eab00000, 0x00000000ed000000, 0x0000000100000000)
  eden space 16384K, 100% used [0x00000000eab00000,0x00000000ebb00000,0x00000000ebb00000)
  from space 2560K, 99% used [0x00000000ebb00000,0x00000000ebd7a130,0x00000000ebd80000)
  to   space 2560K, 0% used [0x00000000ecd80000,0x00000000ecd80000,0x00000000ed000000)
 ParOldGen       total 44032K, used 1198K [0x00000000c0000000, 0x00000000c2b00000, 0x00000000eab00000)
  object space 44032K, 2% used [0x00000000c0000000,0x00000000c012b838,0x00000000c2b00000)
 Metaspace       used 5823K, capacity 6832K, committed 7040K, reserved 1056768K
  class space    used 580K, capacity 616K, committed 640K, reserved 1048576K
Event: 3.871 GC heap after
Heap after GC invocations=2 (full 0):
 PSYoungGen      total 35328K, used 2544K [0x00000000eab00000, 0x00000000ed000000, 0x0000000100000000)
  eden space 32768K, 0% used [0x00000000eab00000,0x00000000eab00000,0x00000000ecb00000)
  from space 2560K, 99% used [0x00000000ecd80000,0x00000000ecffc028,0x00000000ed000000)
  to   space 2560K, 0% used [0x00000000ecb00000,0x00000000ecb00000,0x00000000ecd80000)
 ParOldGen       total 44032K, used 3143K [0x00000000c0000000, 0x00000000c2b00000, 0x00000000eab00000)
  object space 44032K, 7% used [0x00000000c0000000,0x00000000c0311f18,0x00000000c2b00000)
 Metaspace       used 5823K, capacity 6832K, committed 7040K, reserved 1056768K
  class space    used 580K, capacity 616K, committed 640K, reserved 1048576K
}
Event: 7.133 GC heap before
{Heap before GC invocations=3 (full 0):
 PSYoungGen      total 35328K, used 35312K [0x00000000eab00000, 0x00000000ed000000, 0x0000000100000000)
  eden space 32768K, 100% used [0x00000000eab00000,0x00000000ecb00000,0x00000000ecb00000)
  from space 2560K, 99% used [0x00000000ecd80000,0x00000000ecffc028,0x00000000ed000000)
  to   space 2560K, 0% used [0x00000000ecb00000,0x00000000ecb00000,0x00000000ecd80000)
 ParOldGen       total 44032K, used 3143K [0x00000000c0000000, 0x00000000c2b00000, 0x00000000eab00000)
  object space 44032K, 7% used [0x00000000c0000000,0x00000000c0311f18,0x00000000c2b00000)
 Metaspace       used 6048K, capacity 7024K, committed 7296K, reserved 1056768K
  class space    used 589K, capacity 616K, committed 640K, reserved 1048576K
Event: 7.829 GC heap after
Heap after GC invocations=3 (full 0):
 PSYoungGen      total 35328K, used 2560K [0x00000000eab00000, 0x00000000ef000000, 0x0000000100000000)
  eden space 32768K, 0% used [0x00000000eab00000,0x00000000eab00000,0x00000000ecb00000)
  from space 2560K, 100% used [0x00000000ecb00000,0x00000000ecd80000,0x00000000ecd80000)
  to   space 2560K, 0% used [0x00000000eed80000,0x00000000eed80000,0x00000000ef000000)
 ParOldGen       total 44032K, used 8150K [0x00000000c0000000, 0x00000000c2b00000, 0x00000000eab00000)
  object space 44032K, 18% used [0x00000000c0000000,0x00000000c07f58f0,0x00000000c2b00000)
 Metaspace       used 6048K, capacity 7024K, committed 7296K, reserved 1056768K
  class space    used 589K, capacity 616K, committed 640K, reserved 1048576K
}
Event: 9.274 GC heap before
{Heap before GC invocations=4 (full 0):
 PSYoungGen      total 35328K, used 35328K [0x00000000eab00000, 0x00000000ef000000, 0x0000000100000000)
  eden space 32768K, 100% used [0x00000000eab00000,0x00000000ecb00000,0x00000000ecb00000)
  from space 2560K, 100% used [0x00000000ecb00000,0x00000000ecd80000,0x00000000ecd80000)
  to   space 2560K, 0% used [0x00000000eed80000,0x00000000eed80000,0x00000000ef000000)
 ParOldGen       total 44032K, used 8150K [0x00000000c0000000, 0x00000000c2b00000, 0x00000000eab00000)
  object space 44032K, 18% used [0x00000000c0000000,0x00000000c07f58f0,0x00000000c2b00000)
 Metaspace       used 6095K, capacity 7024K, committed 7296K, reserved 1056768K
  class space    used 589K, capacity 616K, committed 640K, reserved 1048576K
Event: 9.406 GC heap after
Heap after GC invocations=4 (full 0):
 PSYoungGen      total 68096K, used 2529K [0x00000000eab00000, 0x00000000ef000000, 0x0000000100000000)
  eden space 65536K, 0% used [0x00000000eab00000,0x00000000eab00000,0x00000000eeb00000)
  from space 2560K, 98% used [0x00000000eed80000,0x00000000eeff8530,0x00000000ef000000)
  to   space 2560K, 0% used [0x00000000eeb00000,0x00000000eeb00000,0x00000000eed80000)
 ParOldGen       total 44032K, used 12306K [0x00000000c0000000, 0x00000000c2b00000, 0x00000000eab00000)
  object space 44032K, 27% used [0x00000000c0000000,0x00000000c0c04a08,0x00000000c2b00000)
 Metaspace       used 6095K, capacity 7024K, committed 7296K, reserved 1056768K
  class space    used 589K, capacity 616K, committed 640K, reserved 1048576K
}

Deoptimization events (10 events):
Event: 8.427 Thread 0x00000000567d2000 Uncommon trap: reason=bimorphic action=maybe_recompile pc=0x00000000028a8200 method=com.android.dx.cf.code.BytecodeArray.parseInstruction(ILcom/android/dx/cf/code/BytecodeArray$Visitor;)I @ 1161
Event: 8.428 Thread 0x00000000567d2000 Uncommon trap: reason=bimorphic action=maybe_recompile pc=0x00000000028a8200 method=com.android.dx.cf.code.BytecodeArray.parseInstruction(ILcom/android/dx/cf/code/BytecodeArray$Visitor;)I @ 1161
Event: 8.432 Thread 0x00000000567d2000 Uncommon trap: reason=bimorphic action=maybe_recompile pc=0x00000000028a7724 method=com.android.dx.cf.code.BytecodeArray.parseInstruction(ILcom/android/dx/cf/code/BytecodeArray$Visitor;)I @ 1501
Event: 8.432 Thread 0x00000000567d2000 Uncommon trap: reason=bimorphic action=maybe_recompile pc=0x00000000028a7724 method=com.android.dx.cf.code.BytecodeArray.parseInstruction(ILcom/android/dx/cf/code/BytecodeArray$Visitor;)I @ 1501
Event: 8.434 Thread 0x00000000567d2000 Uncommon trap: reason=unreached action=reinterpret pc=0x0000000002916fc4 method=com.android.dx.rop.cst.Constant.compareTo(Lcom/android/dx/rop/cst/Constant;)I @ 12
Event: 8.439 Thread 0x00000000567d2000 Uncommon trap: reason=bimorphic action=maybe_recompile pc=0x00000000029ec28c method=com.android.dx.cf.code.RopperMachine.run(Lcom/android/dx/cf/code/Frame;II)V @ 988
Event: 8.441 Thread 0x00000000567d2000 Uncommon trap: reason=bimorphic action=maybe_recompile pc=0x00000000029ec28c method=com.android.dx.cf.code.RopperMachine.run(Lcom/android/dx/cf/code/Frame;II)V @ 988
Event: 8.467 Thread 0x00000000567da800 Uncommon trap: reason=class_check action=maybe_recompile pc=0x0000000002a045dc method=java.util.HashMap.putVal(ILjava/lang/Object;Ljava/lang/Object;ZZ)Ljava/lang/Object; @ 203
Event: 8.467 Thread 0x00000000567da800 Uncommon trap: reason=bimorphic action=maybe_recompile pc=0x000000000262339c method=java.util.HashMap.getNode(ILjava/lang/Object;)Ljava/util/HashMap$Node; @ 126
Event: 8.467 Thread 0x00000000567da800 Uncommon trap: reason=bimorphic action=maybe_recompile pc=0x000000000262339c method=java.util.HashMap.getNode(ILjava/lang/Object;)Ljava/util/HashMap$Node; @ 126

Internal exceptions (10 events):
Event: 4.074 Thread 0x0000000001e9e800 Exception <a 'java/security/PrivilegedActionException'> (0x00000000eab15cb0) thrown at [D:\re\workspace\8-2-build-windows-amd64-cygwin\jdk8u20\1074\hotspot\src\share\vm\prims\jvm.cpp, line 1275]
Event: 5.071 Thread 0x0000000001e9e800 Exception <a 'java/security/PrivilegedActionException'> (0x00000000eab42cf0) thrown at [D:\re\workspace\8-2-build-windows-amd64-cygwin\jdk8u20\1074\hotspot\src\share\vm\prims\jvm.cpp, line 1275]
Event: 5.274 Thread 0x0000000001e9e800 Exception <a 'java/security/PrivilegedActionException'> (0x00000000eb5a5938) thrown at [D:\re\workspace\8-2-build-windows-amd64-cygwin\jdk8u20\1074\hotspot\src\share\vm\prims\jvm.cpp, line 1275]
Event: 5.318 Thread 0x00000000567b7000 Exception <a 'java/security/PrivilegedActionException'> (0x00000000eb272b88) thrown at [D:\re\workspace\8-2-build-windows-amd64-cygwin\jdk8u20\1074\hotspot\src\share\vm\prims\jvm.cpp, line 1275]
Event: 5.649 Thread 0x00000000567da800 Implicit null exception at 0x00000000026d8752 to 0x00000000026d8842
Event: 7.002 Thread 0x0000000001e9e800 Exception <a 'java/security/PrivilegedActionException'> (0x00000000ec26a7b0) thrown at [D:\re\workspace\8-2-build-windows-amd64-cygwin\jdk8u20\1074\hotspot\src\share\vm\prims\jvm.cpp, line 1275]
Event: 7.002 Thread 0x0000000001e9e800 Exception <a 'java/security/PrivilegedActionException'> (0x00000000ec26d120) thrown at [D:\re\workspace\8-2-build-windows-amd64-cygwin\jdk8u20\1074\hotspot\src\share\vm\prims\jvm.cpp, line 1275]
Event: 7.039 Thread 0x00000000567d2000 Exception <a 'java/security/PrivilegedActionException'> (0x00000000ec472170) thrown at [D:\re\workspace\8-2-build-windows-amd64-cygwin\jdk8u20\1074\hotspot\src\share\vm\prims\jvm.cpp, line 1275]
Event: 7.040 Thread 0x00000000567d2000 Exception <a 'java/security/PrivilegedActionException'> (0x00000000ec477bd8) thrown at [D:\re\workspace\8-2-build-windows-amd64-cygwin\jdk8u20\1074\hotspot\src\share\vm\prims\jvm.cpp, line 1275]
Event: 7.041 Thread 0x00000000567d2000 Exception <a 'java/security/PrivilegedActionException'> (0x00000000ec47d3e8) thrown at [D:\re\workspace\8-2-build-windows-amd64-cygwin\jdk8u20\1074\hotspot\src\share\vm\prims\jvm.cpp, line 1275]

Events (10 events):
Event: 8.467 Thread 0x00000000567da800 DEOPT PACKING pc=0x0000000002a045dc sp=0x00000000572beab0
Event: 8.467 Thread 0x00000000567da800 DEOPT UNPACKING pc=0x000000000240556a sp=0x00000000572be9d8 mode 2
Event: 8.467 Thread 0x00000000567da800 Uncommon trap: trap_request=0xffffffc6 fr.pc=0x000000000262339c
Event: 8.467 Thread 0x00000000567da800 DEOPT PACKING pc=0x000000000262339c sp=0x00000000572be990
Event: 8.467 Thread 0x00000000567da800 DEOPT UNPACKING pc=0x000000000240556a sp=0x00000000572be8a8 mode 2
Event: 8.467 Thread 0x00000000567da800 Uncommon trap: trap_request=0xffffffc6 fr.pc=0x000000000262339c
Event: 8.467 Thread 0x00000000567da800 DEOPT PACKING pc=0x000000000262339c sp=0x00000000572be990
Event: 8.467 Thread 0x00000000567da800 DEOPT UNPACKING pc=0x000000000240556a sp=0x00000000572be8a8 mode 2
Event: 9.274 Executing VM operation: ParallelGCFailedAllocation
Event: 9.406 Executing VM operation: ParallelGCFailedAllocation done


Dynamic libraries:
0x000000013f900000 - 0x000000013f934000 	C:\Program Files\Java\jdk1.8.0_20\bin\java.exe
0x00000000772e0000 - 0x000000007748a000 	C:\Windows\SYSTEM32\ntdll.dll
0x00000000771c0000 - 0x00000000772df000 	C:\Windows\system32\kernel32.dll
0x000007fefd370000 - 0x000007fefd3da000 	C:\Windows\system32\KERNELBASE.dll
0x000007fefd420000 - 0x000007fefd4fb000 	C:\Windows\system32\ADVAPI32.dll
0x000007fefd8a0000 - 0x000007fefd93f000 	C:\Windows\system32\msvcrt.dll
0x000007fefdd60000 - 0x000007fefdd7f000 	C:\Windows\SYSTEM32\sechost.dll
0x000007feff4c0000 - 0x000007feff5ed000 	C:\Windows\system32\RPCRT4.dll
0x00000000770c0000 - 0x00000000771ba000 	C:\Windows\system32\USER32.dll
0x000007fefe010000 - 0x000007fefe077000 	C:\Windows\system32\GDI32.dll
0x000007feff490000 - 0x000007feff49e000 	C:\Windows\system32\LPK.dll
0x000007fefdc90000 - 0x000007fefdd5a000 	C:\Windows\system32\USP10.dll
0x000007fefbfe0000 - 0x000007fefc1d4000 	C:\Windows\WinSxS\amd64_microsoft.windows.common-controls_6595b64144ccf1df_6.0.7601.18837_none_fa3b1e3d17594757\COMCTL32.dll
0x000007fefdc10000 - 0x000007fefdc81000 	C:\Windows\system32\SHLWAPI.dll
0x000007feff460000 - 0x000007feff48e000 	C:\Windows\system32\IMM32.DLL
0x000007fefe320000 - 0x000007fefe429000 	C:\Windows\system32\MSCTF.dll
0x000000006d2b0000 - 0x000000006d382000 	C:\Program Files\Java\jdk1.8.0_20\jre\bin\msvcr100.dll
0x000000006ca50000 - 0x000000006d2a8000 	C:\Program Files\Java\jdk1.8.0_20\jre\bin\server\jvm.dll
0x000007fefbfc0000 - 0x000007fefbfc9000 	C:\Windows\system32\WSOCK32.dll
0x000007fefe670000 - 0x000007fefe6bd000 	C:\Windows\system32\WS2_32.dll
0x000007feff450000 - 0x000007feff458000 	C:\Windows\system32\NSI.dll
0x000007fefad90000 - 0x000007fefadcb000 	C:\Windows\system32\WINMM.dll
0x00000000774b0000 - 0x00000000774b7000 	C:\Windows\system32\PSAPI.DLL
0x00000000707a0000 - 0x00000000707af000 	C:\Program Files\Java\jdk1.8.0_20\jre\bin\verify.dll
0x000000006dbe0000 - 0x000000006dc08000 	C:\Program Files\Java\jdk1.8.0_20\jre\bin\java.dll
0x000000006c9f0000 - 0x000000006ca06000 	C:\Program Files\Java\jdk1.8.0_20\jre\bin\zip.dll
0x000007fefe6c0000 - 0x000007feff44a000 	C:\Windows\system32\SHELL32.dll
0x000007fefd690000 - 0x000007fefd893000 	C:\Windows\system32\ole32.dll
0x000007fefd070000 - 0x000007fefd07f000 	C:\Windows\system32\profapi.dll

VM Arguments:
jvm_args: -Djava.awt.headless=true -Xmx1024M -Dfile.encoding=windows-1252 -Duser.country=US -Duser.language=en -Duser.variant 
java_command: com.android.dx.command.Main --dex --num-threads=4 --output C:\Users\Martin\AndroidStudioProjects\SystemEngineeringGSM\app\build\intermediates\pre-dexed\debug\com.google.android.gms-play-services-measurement-8.4.0_3091f73e70e69b6bbe0314bd71322828a6f524ed.jar C:\Users\Martin\AndroidStudioProjects\SystemEngineeringGSM\app\build\intermediates\exploded-aar\com.google.android.gms\play-services-measurement\8.4.0\jars\classes.jar
java_class_path (initial): C:\Users\Martin\AppData\Local\Android\sdk\build-tools\23.0.2\lib\dx.jar
Launcher Type: SUN_STANDARD

Environment Variables:
PATH=C:\ProgramData\Oracle\Java\javapath;C:\Program Files\Common Files\Microsoft Shared\Windows Live;C:\Program Files (x86)\Common Files\Microsoft Shared\Windows Live;C:\Program Files (x86)\Intel\iCLS Client\;C:\Program Files\Intel\iCLS Client\;C:\Program Files\Dell\DW WLAN Card;C:\Windows\system32;C:\Windows;C:\Windows\System32\Wbem;C:\Windows\System32\WindowsPowerShell\v1.0\;C:\Program Files\WIDCOMM\Bluetooth Software\;C:\Program Files\WIDCOMM\Bluetooth Software\syswow64;C:\Program Files\Dell\Dell Data Protection\Access\Advanced\Wave\Gemalto\Access Client\v5\;C:\Program Files (x86)\Security Innovation\SI TSS\bin\;C:\Program Files (x86)\Windows Live\Shared;C:\Program Files (x86)\MySQL\MySQL Utilities 1.3.4\;C:\Program Files\Microsoft SQL Server\110\Tools\Binn\;C:\Program Files\nodejs\;C:\Program Files (x86)\Git\cmd;C:\Program Files\MATLAB\runtime\win64;C:\Program Files\MATLAB\bin;C:\Program Files (x86)\QuickTime\QTSystem\;C:\Program Files (x86)\GtkSharp\2.12\bin;C:\Program Files (x86)\Skype\Phone\;C:\Program Files\Intel\Intel(R) Management Engine Components\DAL;C:\Program Files\Intel\Intel(R) Management Engine Components\IPT;C:\Program Files (x86)\Intel\Intel(R) Management Engine Components\DAL;C:\Program Files (x86)\Intel\Intel(R) Management Engine Components\IPT;C:\Users\Martin\AppData\Local\Android\sdk\platform-tools;C:\Program Files\Java\jdk1.8.0_20\bin;C:\Users\Martin\AppData\Roaming\npm
USERNAME=Martin
OS=Windows_NT
PROCESSOR_IDENTIFIER=Intel64 Family 6 Model 58 Stepping 9, GenuineIntel



---------------  S Y S T E M  ---------------

OS: Windows 7 , 64 bit Build 7601 Service Pack 1

CPU:total 4 (2 cores per cpu, 2 threads per core) family 6 model 58 stepping 9, cmov, cx8, fxsr, mmx, sse, sse2, sse3, ssse3, sse4.1, sse4.2, popcnt, avx, aes, clmul, erms, ht, tsc, tscinvbit, tscinv

Memory: 4k page, physical 4077532k(251368k free), swap 7325248k(5048k free)

vm_info: Java HotSpot(TM) 64-Bit Server VM (25.20-b23) for windows-amd64 JRE (1.8.0_20-b26), built on Jul 30 2014 13:51:23 by "java_re" with MS VC++ 10.0 (VS2010)

time: Wed Apr 13 10:26:21 2016
elapsed time: 9 seconds (0d 0h 0m 9s)

