#
# There is insufficient memory for the Java Runtime Environment to continue.
# Native memory allocation (malloc) failed to allocate 190096 bytes for Chunk::new
# Possible reasons:
#   The system is out of physical RAM or swap space
#   In 32 bit mode, the process size limit was hit
# Possible solutions:
#   Reduce memory load on the system
#   Increase physical memory or swap space
#   Check if swap backing store is full
#   Use 64 bit Java on a 64 bit OS
#   Decrease Java heap size (-Xmx/-Xms)
#   Decrease number of Java threads
#   Decrease Java thread stack sizes (-Xss)
#   Set larger code cache with -XX:ReservedCodeCacheSize=
# This output file may be truncated or incomplete.
#
#  Out of Memory Error (allocation.cpp:323), pid=8896, tid=15404
#
# JRE version: Java(TM) SE Runtime Environment (7.0_40-b43) (build 1.7.0_40-b43)
# Java VM: Java HotSpot(TM) 64-Bit Server VM (24.0-b56 mixed mode windows-amd64 compressed oops)
# Failed to write core dump. Minidumps are not enabled by default on client versions of Windows
#

---------------  T H R E A D  ---------------

Current thread (0x0000000008154800):  JavaThread "C2 CompilerThread1" daemon [_thread_in_native, id=15404, stack(0x0000000009af0000,0x0000000009bf0000)]

Stack: [0x0000000009af0000,0x0000000009bf0000]

Current CompileTask:
C2:  15990  613   !         com.android.dx.cf.direct.StdAttributeFactory::parseLocalVariables (274 bytes)


---------------  P R O C E S S  ---------------

Java Threads: ( => current thread )
  0x000000000a12c800 JavaThread "pool-1-thread-4" [_thread_in_Java, id=9908, stack(0x000000000a7d0000,0x000000000a8d0000)]
  0x000000000a12b800 JavaThread "pool-1-thread-3" [_thread_blocked, id=1988, stack(0x000000000ae00000,0x000000000af00000)]
  0x000000000a12b000 JavaThread "pool-1-thread-2" [_thread_blocked, id=11364, stack(0x000000000ac00000,0x000000000ad00000)]
  0x000000000a126000 JavaThread "pool-2-thread-1" [_thread_blocked, id=13524, stack(0x000000000aa80000,0x000000000ab80000)]
  0x000000000a125800 JavaThread "pool-1-thread-1" [_thread_blocked, id=13584, stack(0x000000000a8f0000,0x000000000a9f0000)]
  0x000000000815d800 JavaThread "Service Thread" daemon [_thread_blocked, id=8508, stack(0x0000000009dc0000,0x0000000009ec0000)]
=>0x0000000008154800 JavaThread "C2 CompilerThread1" daemon [_thread_in_native, id=15404, stack(0x0000000009af0000,0x0000000009bf0000)]
  0x000000000813f800 JavaThread "C2 CompilerThread0" daemon [_thread_in_native, id=9980, stack(0x0000000009930000,0x0000000009a30000)]
  0x000000000813e800 JavaThread "Attach Listener" daemon [_thread_blocked, id=9492, stack(0x0000000009770000,0x0000000009870000)]
  0x0000000008137800 JavaThread "Signal Dispatcher" daemon [_thread_blocked, id=13856, stack(0x0000000009630000,0x0000000009730000)]
  0x00000000080df800 JavaThread "Finalizer" daemon [_thread_blocked, id=15564, stack(0x0000000009340000,0x0000000009440000)]
  0x00000000080da000 JavaThread "Reference Handler" daemon [_thread_blocked, id=1752, stack(0x00000000094c0000,0x00000000095c0000)]
  0x000000000027e800 JavaThread "main" [_thread_blocked, id=4052, stack(0x0000000002230000,0x0000000002330000)]

Other Threads:
  0x00000000080d8800 VMThread [stack: 0x00000000091d0000,0x00000000092d0000] [id=16360]
  0x000000000815e800 WatcherThread [stack: 0x000000000a370000,0x000000000a470000] [id=12932]

VM state:not at safepoint (normal execution)

VM Mutex/Monitor currently owned by a thread: None

Heap
 PSYoungGen      total 141824K, used 61157K [0x00000000eaa80000, 0x00000000f4980000, 0x0000000100000000)
  eden space 128512K, 37% used [0x00000000eaa80000,0x00000000ed9400d0,0x00000000f2800000)
  from space 13312K, 99% used [0x00000000f3780000,0x00000000f4479450,0x00000000f4480000)
  to   space 15872K, 0% used [0x00000000f2800000,0x00000000f2800000,0x00000000f3780000)
 ParOldGen       total 42496K, used 23269K [0x00000000c0000000, 0x00000000c2980000, 0x00000000eaa80000)
  object space 42496K, 54% used [0x00000000c0000000,0x00000000c16b97c8,0x00000000c2980000)
 PSPermGen       total 21504K, used 5966K [0x00000000bae00000, 0x00000000bc300000, 0x00000000c0000000)
  object space 21504K, 27% used [0x00000000bae00000,0x00000000bb3d3b70,0x00000000bc300000)

Card table byte_map: [0x0000000005330000,0x0000000005560000] byte_map_base: 0x0000000004d59000

Polling page: 0x0000000000230000

Code Cache  [0x0000000002330000, 0x00000000025b0000, 0x0000000005330000)
 total_blobs=837 nmethods=601 adapters=188 free_code_cache=46719Kb largest_free_block=47760064

Compilation events (10 events):
Event: 15.881 Thread 0x000000000813f800  612             com.android.dx.dex.file.Section::throwIfPrepared (18 bytes)
Event: 15.881 Thread 0x000000000813f800 nmethod 612 0x000000000259ee90 code [0x000000000259efc0, 0x000000000259f018]
Event: 15.959 Thread 0x0000000008154800  613   !         com.android.dx.cf.direct.StdAttributeFactory::parseLocalVariables (274 bytes)
Event: 15.959 Thread 0x000000000813f800  614             java.util.RegularEnumSet::contains (57 bytes)
Event: 15.960 Thread 0x000000000813f800 nmethod 614 0x00000000024bed90 code [0x00000000024beee0, 0x00000000024befb8]
Event: 15.964 Thread 0x000000000813f800  615             com.android.dx.ssa.SsaBasicBlock::addPhiInsnForReg (18 bytes)
Event: 15.970 Thread 0x000000000813f800 nmethod 615 0x00000000024ecd90 code [0x00000000024ecf20, 0x00000000024ed328]
Event: 15.970 Thread 0x000000000813f800  616             com.android.dx.ssa.PhiInsn::<init> (29 bytes)
Event: 15.972 Thread 0x000000000813f800 nmethod 616 0x00000000024ec950 code [0x00000000024ecaa0, 0x00000000024ecc08]
Event: 15.983 Thread 0x000000000813f800  617             java.lang.String::startsWith (7 bytes)

GC Heap History (10 events):
Event: 2.703 GC heap before
{Heap before GC invocations=2 (full 0):
 PSYoungGen      total 18944K, used 18934K [0x00000000eaa80000, 0x00000000ecf80000, 0x0000000100000000)
  eden space 16384K, 100% used [0x00000000eaa80000,0x00000000eba80000,0x00000000eba80000)
  from space 2560K, 99% used [0x00000000eba80000,0x00000000ebcfd940,0x00000000ebd00000)
  to   space 2560K, 0% used [0x00000000ecd00000,0x00000000ecd00000,0x00000000ecf80000)
 ParOldGen       total 42496K, used 882K [0x00000000c0000000, 0x00000000c2980000, 0x00000000eaa80000)
  object space 42496K, 2% used [0x00000000c0000000,0x00000000c00dcbb0,0x00000000c2980000)
 PSPermGen       total 21504K, used 5739K [0x00000000bae00000, 0x00000000bc300000, 0x00000000c0000000)
  object space 21504K, 26% used [0x00000000bae00000,0x00000000bb39add8,0x00000000bc300000)
Event: 3.722 GC heap after
Heap after GC invocations=2 (full 0):
 PSYoungGen      total 35328K, used 2550K [0x00000000eaa80000, 0x00000000ecf80000, 0x0000000100000000)
  eden space 32768K, 0% used [0x00000000eaa80000,0x00000000eaa80000,0x00000000eca80000)
  from space 2560K, 99% used [0x00000000ecd00000,0x00000000ecf7dab8,0x00000000ecf80000)
  to   space 2560K, 0% used [0x00000000eca80000,0x00000000eca80000,0x00000000ecd00000)
 ParOldGen       total 42496K, used 3103K [0x00000000c0000000, 0x00000000c2980000, 0x00000000eaa80000)
  object space 42496K, 7% used [0x00000000c0000000,0x00000000c0307fe0,0x00000000c2980000)
 PSPermGen       total 21504K, used 5739K [0x00000000bae00000, 0x00000000bc300000, 0x00000000c0000000)
  object space 21504K, 26% used [0x00000000bae00000,0x00000000bb39add8,0x00000000bc300000)
}
Event: 7.078 GC heap before
{Heap before GC invocations=3 (full 0):
 PSYoungGen      total 35328K, used 35318K [0x00000000eaa80000, 0x00000000ecf80000, 0x0000000100000000)
  eden space 32768K, 100% used [0x00000000eaa80000,0x00000000eca80000,0x00000000eca80000)
  from space 2560K, 99% used [0x00000000ecd00000,0x00000000ecf7dab8,0x00000000ecf80000)
  to   space 2560K, 0% used [0x00000000eca80000,0x00000000eca80000,0x00000000ecd00000)
 ParOldGen       total 42496K, used 3103K [0x00000000c0000000, 0x00000000c2980000, 0x00000000eaa80000)
  object space 42496K, 7% used [0x00000000c0000000,0x00000000c0307fe0,0x00000000c2980000)
 PSPermGen       total 21504K, used 5851K [0x00000000bae00000, 0x00000000bc300000, 0x00000000c0000000)
  object space 21504K, 27% used [0x00000000bae00000,0x00000000bb3b6c90,0x00000000bc300000)
Event: 7.174 GC heap after
Heap after GC invocations=3 (full 0):
 PSYoungGen      total 35328K, used 2534K [0x00000000eaa80000, 0x00000000eef80000, 0x0000000100000000)
  eden space 32768K, 0% used [0x00000000eaa80000,0x00000000eaa80000,0x00000000eca80000)
  from space 2560K, 99% used [0x00000000eca80000,0x00000000eccf9aa8,0x00000000ecd00000)
  to   space 2560K, 0% used [0x00000000eed00000,0x00000000eed00000,0x00000000eef80000)
 ParOldGen       total 42496K, used 8096K [0x00000000c0000000, 0x00000000c2980000, 0x00000000eaa80000)
  object space 42496K, 19% used [0x00000000c0000000,0x00000000c07e81b8,0x00000000c2980000)
 PSPermGen       total 21504K, used 5851K [0x00000000bae00000, 0x00000000bc300000, 0x00000000c0000000)
  object space 21504K, 27% used [0x00000000bae00000,0x00000000bb3b6c90,0x00000000bc300000)
}
Event: 8.716 GC heap before
{Heap before GC invocations=4 (full 0):
 PSYoungGen      total 35328K, used 35302K [0x00000000eaa80000, 0x00000000eef80000, 0x0000000100000000)
  eden space 32768K, 100% used [0x00000000eaa80000,0x00000000eca80000,0x00000000eca80000)
  from space 2560K, 99% used [0x00000000eca80000,0x00000000eccf9aa8,0x00000000ecd00000)
  to   space 2560K, 0% used [0x00000000eed00000,0x00000000eed00000,0x00000000eef80000)
 ParOldGen       total 42496K, used 8096K [0x00000000c0000000, 0x00000000c2980000, 0x00000000eaa80000)
  object space 42496K, 19% used [0x00000000c0000000,0x00000000c07e81b8,0x00000000c2980000)
 PSPermGen       total 21504K, used 5877K [0x00000000bae00000, 0x00000000bc300000, 0x00000000c0000000)
  object space 21504K, 27% used [0x00000000bae00000,0x00000000bb3bd710,0x00000000bc300000)
Event: 8.830 GC heap after
Heap after GC invocations=4 (full 0):
 PSYoungGen      total 68096K, used 2548K [0x00000000eaa80000, 0x00000000eef80000, 0x0000000100000000)
  eden space 65536K, 0% used [0x00000000eaa80000,0x00000000eaa80000,0x00000000eea80000)
  from space 2560K, 99% used [0x00000000eed00000,0x00000000eef7d350,0x00000000eef80000)
  to   space 2560K, 0% used [0x00000000eea80000,0x00000000eea80000,0x00000000eed00000)
 ParOldGen       total 42496K, used 13244K [0x00000000c0000000, 0x00000000c2980000, 0x00000000eaa80000)
  object space 42496K, 31% used [0x00000000c0000000,0x00000000c0cef210,0x00000000c2980000)
 PSPermGen       total 21504K, used 5877K [0x00000000bae00000, 0x00000000bc300000, 0x00000000c0000000)
  object space 21504K, 27% used [0x00000000bae00000,0x00000000bb3bd710,0x00000000bc300000)
}
Event: 14.817 GC heap before
{Heap before GC invocations=5 (full 0):
 PSYoungGen      total 68096K, used 68084K [0x00000000eaa80000, 0x00000000eef80000, 0x0000000100000000)
  eden space 65536K, 100% used [0x00000000eaa80000,0x00000000eea80000,0x00000000eea80000)
  from space 2560K, 99% used [0x00000000eed00000,0x00000000eef7d350,0x00000000eef80000)
  to   space 2560K, 0% used [0x00000000eea80000,0x00000000eea80000,0x00000000eed00000)
 ParOldGen       total 42496K, used 13244K [0x00000000c0000000, 0x00000000c2980000, 0x00000000eaa80000)
  object space 42496K, 31% used [0x00000000c0000000,0x00000000c0cef210,0x00000000c2980000)
 PSPermGen       total 21504K, used 5927K [0x00000000bae00000, 0x00000000bc300000, 0x00000000c0000000)
  object space 21504K, 27% used [0x00000000bae00000,0x00000000bb3c9d08,0x00000000bc300000)
Event: 14.936 GC heap after
Heap after GC invocations=5 (full 0):
 PSYoungGen      total 68096K, used 2529K [0x00000000eaa80000, 0x00000000f4480000, 0x0000000100000000)
  eden space 65536K, 0% used [0x00000000eaa80000,0x00000000eaa80000,0x00000000eea80000)
  from space 2560K, 98% used [0x00000000eea80000,0x00000000eecf8528,0x00000000eed00000)
  to   space 13312K, 0% used [0x00000000f3780000,0x00000000f3780000,0x00000000f4480000)
 ParOldGen       total 42496K, used 23247K [0x00000000c0000000, 0x00000000c2980000, 0x00000000eaa80000)
  object space 42496K, 54% used [0x00000000c0000000,0x00000000c16b3f40,0x00000000c2980000)
 PSPermGen       total 21504K, used 5927K [0x00000000bae00000, 0x00000000bc300000, 0x00000000c0000000)
  object space 21504K, 27% used [0x00000000bae00000,0x00000000bb3c9d08,0x00000000bc300000)
}
Event: 15.314 GC heap before
{Heap before GC invocations=6 (full 0):
 PSYoungGen      total 68096K, used 68065K [0x00000000eaa80000, 0x00000000f4480000, 0x0000000100000000)
  eden space 65536K, 100% used [0x00000000eaa80000,0x00000000eea80000,0x00000000eea80000)
  from space 2560K, 98% used [0x00000000eea80000,0x00000000eecf8528,0x00000000eed00000)
  to   space 13312K, 0% used [0x00000000f3780000,0x00000000f3780000,0x00000000f4480000)
 ParOldGen       total 42496K, used 23247K [0x00000000c0000000, 0x00000000c2980000, 0x00000000eaa80000)
  object space 42496K, 54% used [0x00000000c0000000,0x00000000c16b3f40,0x00000000c2980000)
 PSPermGen       total 21504K, used 5953K [0x00000000bae00000, 0x00000000bc300000, 0x00000000c0000000)
  object space 21504K, 27% used [0x00000000bae00000,0x00000000bb3d05e0,0x00000000bc300000)
Event: 15.392 GC heap after
Heap after GC invocations=6 (full 0):
 PSYoungGen      total 141824K, used 13285K [0x00000000eaa80000, 0x00000000f4980000, 0x0000000100000000)
  eden space 128512K, 0% used [0x00000000eaa80000,0x00000000eaa80000,0x00000000f2800000)
  from space 13312K, 99% used [0x00000000f3780000,0x00000000f4479450,0x00000000f4480000)
  to   space 15872K, 0% used [0x00000000f2800000,0x00000000f2800000,0x00000000f3780000)
 ParOldGen       total 42496K, used 23269K [0x00000000c0000000, 0x00000000c2980000, 0x00000000eaa80000)
  object space 42496K, 54% used [0x00000000c0000000,0x00000000c16b97c8,0x00000000c2980000)
 PSPermGen       total 21504K, used 5953K [0x00000000bae00000, 0x00000000bc300000, 0x00000000c0000000)
  object space 21504K, 27% used [0x00000000bae00000,0x00000000bb3d05e0,0x00000000bc300000)
}

Deoptimization events (10 events):
Event: 9.765 Thread 0x000000000a12b800 Uncommon trap: reason=bimorphic action=maybe_recompile pc=0x00000000025458b8 method=com.android.dx.cf.code.BytecodeArray.parseInstruction(ILcom/android/dx/cf/code/BytecodeArray$Visitor;)I @ 955
Event: 9.765 Thread 0x000000000a12b800 Uncommon trap: reason=class_check action=maybe_recompile pc=0x0000000002441e74 method=com.android.dx.cf.code.Ropper.processBlock(Lcom/android/dx/cf/code/ByteBlock;Lcom/android/dx/cf/code/Frame;[I)V @ 777
Event: 14.721 Thread 0x000000000a12c800 Uncommon trap: reason=class_check action=maybe_recompile pc=0x0000000002525b08 method=com.android.dx.cf.code.RopperMachine.run(Lcom/android/dx/cf/code/Frame;II)V @ 310
Event: 15.068 Thread 0x000000000a125800 Uncommon trap: reason=bimorphic action=maybe_recompile pc=0x000000000255bd40 method=com.android.dx.ssa.LiteralOpUpgrader.tryReplacingWithConstant(Lcom/android/dx/ssa/NormalSsaInsn;)Z @ 62
Event: 15.128 Thread 0x000000000a12b800 Uncommon trap: reason=bimorphic action=maybe_recompile pc=0x000000000255bd40 method=com.android.dx.ssa.LiteralOpUpgrader.tryReplacingWithConstant(Lcom/android/dx/ssa/NormalSsaInsn;)Z @ 62
Event: 15.193 Thread 0x000000000a12c800 Uncommon trap: reason=unloaded action=reinterpret pc=0x000000000252e8c8 method=com.android.dx.cf.code.Ropper.addReturnBlock()V @ 45
Event: 15.193 Thread 0x000000000a12c800 Uncommon trap: reason=unreached action=reinterpret pc=0x00000000024950ac method=com.android.dx.ssa.MoveParamCombiner$1.visitNonMoveInsn(Lcom/android/dx/ssa/NormalSsaInsn;)V @ 27
Event: 15.234 Thread 0x000000000a12b800 Uncommon trap: reason=class_check action=maybe_recompile pc=0x0000000002525b08 method=com.android.dx.cf.code.RopperMachine.run(Lcom/android/dx/cf/code/Frame;II)V @ 310
Event: 15.302 Thread 0x000000000a12b800 Uncommon trap: reason=class_check action=maybe_recompile pc=0x0000000002525b08 method=com.android.dx.cf.code.RopperMachine.run(Lcom/android/dx/cf/code/Frame;II)V @ 310
Event: 15.303 Thread 0x000000000a12b800 Uncommon trap: reason=class_check action=maybe_recompile pc=0x0000000002525b08 method=com.android.dx.cf.code.RopperMachine.run(Lcom/android/dx/cf/code/Frame;II)V @ 310

Internal exceptions (10 events):
Event: 1.541 Thread 0x000000000a125800 Implicit null exception at 0x00000000023af9db to 0x00000000023afd21
Event: 1.543 Thread 0x000000000027e800 Threw 0x00000000eacba180 at C:\jdk7u2_64p\jdk7u40\hotspot\src\share\vm\prims\jvm.cpp:1244
Event: 1.546 Thread 0x000000000027e800 Threw 0x00000000eae80340 at C:\jdk7u2_64p\jdk7u40\hotspot\src\share\vm\prims\jvm.cpp:1244
Event: 3.825 Thread 0x000000000a125800 Implicit null exception at 0x00000000023ef0b8 to 0x00000000023f0465
Event: 4.906 Thread 0x000000000027e800 Implicit null exception at 0x00000000023da387 to 0x00000000023daa69
Event: 6.647 Thread 0x000000000027e800 Threw 0x00000000ec33ce10 at C:\jdk7u2_64p\jdk7u40\hotspot\src\share\vm\prims\jvm.cpp:1244
Event: 7.832 Thread 0x000000000a12b000 Implicit null exception at 0x00000000025098ec to 0x000000000250a49d
Event: 7.876 Thread 0x000000000a12b000 Threw 0x00000000ebffd638 at C:\jdk7u2_64p\jdk7u40\hotspot\src\share\vm\prims\jvm.cpp:1244
Event: 9.181 Thread 0x000000000a12b800 Threw 0x00000000eb1b8d48 at C:\jdk7u2_64p\jdk7u40\hotspot\src\share\vm\prims\jvm.cpp:1244
Event: 15.094 Thread 0x000000000027e800 Threw 0x00000000ebd0b700 at C:\jdk7u2_64p\jdk7u40\hotspot\src\share\vm\prims\jvm.cpp:1244

Events (10 events):
Event: 15.461 Executing VM operation: RevokeBias done
Event: 15.461 Executing VM operation: RevokeBias
Event: 15.461 Executing VM operation: RevokeBias done
Event: 15.461 Executing VM operation: BulkRevokeBias
Event: 15.462 Executing VM operation: BulkRevokeBias done
Event: 15.512 Thread 0x0000000008154800 flushing nmethod 0x00000000024791d0
Event: 15.517 Thread 0x0000000008154800 flushing nmethod 0x00000000024989d0
Event: 15.582 Thread 0x0000000008154800 flushing nmethod 0x00000000024bebd0
Event: 15.591 Thread 0x0000000008154800 flushing nmethod 0x00000000024ec950
Event: 15.591 Thread 0x0000000008154800 flushing nmethod 0x0000000002508c90


Dynamic libraries:
0x000000013f710000 - 0x000000013f743000 	C:\Program Files\Java\jdk1.7.0_40\bin\java.exe
0x0000000077560000 - 0x000000007770a000 	C:\Windows\SYSTEM32\ntdll.dll
0x0000000077440000 - 0x000000007755f000 	C:\Windows\system32\kernel32.dll
0x000007fefd310000 - 0x000007fefd37b000 	C:\Windows\system32\KERNELBASE.dll
0x000007fefd880000 - 0x000007fefd95b000 	C:\Windows\system32\ADVAPI32.dll
0x000007fefd960000 - 0x000007fefd9ff000 	C:\Windows\system32\msvcrt.dll
0x000007feff1b0000 - 0x000007feff1cf000 	C:\Windows\SYSTEM32\sechost.dll
0x000007feff530000 - 0x000007feff65d000 	C:\Windows\system32\RPCRT4.dll
0x0000000077340000 - 0x000000007743a000 	C:\Windows\system32\USER32.dll
0x000007fefda30000 - 0x000007fefda97000 	C:\Windows\system32\GDI32.dll
0x000007fefe2a0000 - 0x000007fefe2ae000 	C:\Windows\system32\LPK.dll
0x000007feff1d0000 - 0x000007feff29a000 	C:\Windows\system32\USP10.dll
0x000007fefc140000 - 0x000007fefc334000 	C:\Windows\WinSxS\amd64_microsoft.windows.common-controls_6595b64144ccf1df_6.0.7601.18837_none_fa3b1e3d17594757\COMCTL32.dll
0x000007fefe140000 - 0x000007fefe1b1000 	C:\Windows\system32\SHLWAPI.dll
0x000007fefda00000 - 0x000007fefda2e000 	C:\Windows\system32\IMM32.DLL
0x000007feff040000 - 0x000007feff149000 	C:\Windows\system32\MSCTF.dll
0x0000000055110000 - 0x00000000551e1000 	C:\Program Files\Java\jdk1.7.0_40\jre\bin\msvcr100.dll
0x000000006e320000 - 0x000000006eae9000 	C:\Program Files\Java\jdk1.7.0_40\jre\bin\server\jvm.dll
0x000007fefc6d0000 - 0x000007fefc6d9000 	C:\Windows\system32\WSOCK32.dll
0x000007feff150000 - 0x000007feff19d000 	C:\Windows\system32\WS2_32.dll
0x000007feff1a0000 - 0x000007feff1a8000 	C:\Windows\system32\NSI.dll
0x000007fefb340000 - 0x000007fefb37b000 	C:\Windows\system32\WINMM.dll
0x0000000077730000 - 0x0000000077737000 	C:\Windows\system32\PSAPI.DLL
0x0000000073a10000 - 0x0000000073a1f000 	C:\Program Files\Java\jdk1.7.0_40\jre\bin\verify.dll
0x00000000739c0000 - 0x00000000739e8000 	C:\Program Files\Java\jdk1.7.0_40\jre\bin\java.dll
0x0000000073980000 - 0x0000000073995000 	C:\Program Files\Java\jdk1.7.0_40\jre\bin\zip.dll
0x0000000073960000 - 0x0000000073979000 	C:\Program Files\Java\jdk1.7.0_40\jre\bin\net.dll
0x000007fefca70000 - 0x000007fefcac5000 	C:\Windows\system32\mswsock.dll
0x000007fefcd40000 - 0x000007fefcd47000 	C:\Windows\System32\wship6.dll
0x0000000073900000 - 0x0000000073911000 	C:\Program Files\Java\jdk1.7.0_40\jre\bin\nio.dll

VM Arguments:
jvm_args: -Djava.awt.headless=true -Xmx1024M -Dfile.encoding=windows-1252 -Duser.country=US -Duser.language=en -Duser.variant 
java_command: com.android.dx.command.Main --dex --num-threads=4 --output C:\Users\Martin\AndroidStudioProjects\SystemEngineeringGSM\app\build\intermediates\pre-dexed\debug\com.android.support-appcompat-v7-23.2.1_ad07b252502f08ba444b06ea95b7dfa7ee77b49f.jar C:\Users\Martin\AndroidStudioProjects\SystemEngineeringGSM\app\build\intermediates\exploded-aar\com.android.support\appcompat-v7\23.2.1\jars\classes.jar
Launcher Type: SUN_STANDARD

Environment Variables:
PATH=C:\ProgramData\Oracle\Java\javapath;C:\Program Files\Common Files\Microsoft Shared\Windows Live;C:\Program Files (x86)\Common Files\Microsoft Shared\Windows Live;C:\Program Files (x86)\Intel\iCLS Client\;C:\Program Files\Intel\iCLS Client\;C:\Program Files\Dell\DW WLAN Card;C:\Windows\system32;C:\Windows;C:\Windows\System32\Wbem;C:\Windows\System32\WindowsPowerShell\v1.0\;C:\Program Files\WIDCOMM\Bluetooth Software\;C:\Program Files\WIDCOMM\Bluetooth Software\syswow64;C:\Program Files\Dell\Dell Data Protection\Access\Advanced\Wave\Gemalto\Access Client\v5\;C:\Program Files (x86)\Security Innovation\SI TSS\bin\;C:\Program Files (x86)\Windows Live\Shared;C:\Program Files (x86)\MySQL\MySQL Utilities 1.3.4\;C:\Program Files\Microsoft SQL Server\110\Tools\Binn\;C:\Program Files\nodejs\;C:\Program Files (x86)\Git\cmd;C:\Program Files\MATLAB\runtime\win64;C:\Program Files\MATLAB\bin;C:\Program Files (x86)\QuickTime\QTSystem\;C:\Program Files (x86)\GtkSharp\2.12\bin;C:\Program Files (x86)\Skype\Phone\;C:\Program Files\Intel\Intel(R) Management Engine Components\DAL;C:\Program Files\Intel\Intel(R) Management Engine Components\IPT;C:\Program Files (x86)\Intel\Intel(R) Management Engine Components\DAL;C:\Program Files (x86)\Intel\Intel(R) Management Engine Components\IPT;C:\Users\Martin\AppData\Local\Android\sdk\platform-tools;C:\Program Files\Java\jdk1.8.0_20\bin;C:\Users\Martin\AppData\Roaming\npm
USERNAME=Martin
OS=Windows_NT
PROCESSOR_IDENTIFIER=Intel64 Family 6 Model 58 Stepping 9, GenuineIntel



---------------  S Y S T E M  ---------------

OS: Windows 7 , 64 bit Build 7601 Service Pack 1

CPU:total 4 (2 cores per cpu, 2 threads per core) family 6 model 58 stepping 9, cmov, cx8, fxsr, mmx, sse, sse2, sse3, ssse3, sse4.1, sse4.2, popcnt, avx, aes, erms, ht, tsc, tscinvbit, tscinv

Memory: 4k page, physical 4077532k(561664k free), swap 6170092k(28828k free)

vm_info: Java HotSpot(TM) 64-Bit Server VM (24.0-b56) for windows-amd64 JRE (1.7.0_40-b43), built on Aug 26 2013 22:38:32 by "java_re" with unknown MS VC++:1600

time: Thu Mar 31 11:04:41 2016
elapsed time: 15 seconds

