#
# There is insufficient memory for the Java Runtime Environment to continue.
# Native memory allocation (malloc) failed to allocate 198496 bytes for Chunk::new
# Possible reasons:
#   The system is out of physical RAM or swap space
#   In 32 bit mode, the process size limit was hit
# Possible solutions:
#   Reduce memory load on the system
#   Increase physical memory or swap space
#   Check if swap backing store is full
#   Use 64 bit Java on a 64 bit OS
#   Decrease Java heap size (-Xmx/-Xms)
#   Decrease number of Java threads
#   Decrease Java thread stack sizes (-Xss)
#   Set larger code cache with -XX:ReservedCodeCacheSize=
# This output file may be truncated or incomplete.
#
#  Out of Memory Error (allocation.cpp:323), pid=9488, tid=8340
#
# JRE version: Java(TM) SE Runtime Environment (7.0_40-b43) (build 1.7.0_40-b43)
# Java VM: Java HotSpot(TM) 64-Bit Server VM (24.0-b56 mixed mode windows-amd64 compressed oops)
# Failed to write core dump. Minidumps are not enabled by default on client versions of Windows
#

---------------  T H R E A D  ---------------

Current thread (0x0000000008376000):  JavaThread "C2 CompilerThread1" daemon [_thread_in_native, id=8340, stack(0x0000000009f40000,0x000000000a040000)]

Stack: [0x0000000009f40000,0x000000000a040000]

Current CompileTask:
C2:   2526  108             com.android.dx.rop.code.RopMethod::calcPredecessors (227 bytes)


---------------  P R O C E S S  ---------------

Java Threads: ( => current thread )
  0x000000000a3d4800 JavaThread "pool-1-thread-2" [_thread_in_vm, id=2420, stack(0x000000000a810000,0x000000000a910000)]
  0x000000000a3cf000 JavaThread "pool-2-thread-1" [_thread_blocked, id=6756, stack(0x000000000a700000,0x000000000a800000)]
  0x0000000008383000 JavaThread "Service Thread" daemon [_thread_blocked, id=5100, stack(0x000000000a0c0000,0x000000000a1c0000)]
=>0x0000000008376000 JavaThread "C2 CompilerThread1" daemon [_thread_in_native, id=8340, stack(0x0000000009f40000,0x000000000a040000)]
  0x0000000008372800 JavaThread "C2 CompilerThread0" daemon [_thread_in_vm, id=8164, stack(0x0000000009cd0000,0x0000000009dd0000)]
  0x000000000836e800 JavaThread "Attach Listener" daemon [_thread_blocked, id=9344, stack(0x0000000009aa0000,0x0000000009ba0000)]
  0x0000000008367000 JavaThread "Signal Dispatcher" daemon [_thread_blocked, id=4856, stack(0x0000000009960000,0x0000000009a60000)]
  0x0000000008315800 JavaThread "Finalizer" daemon [_thread_blocked, id=1392, stack(0x00000000097c0000,0x00000000098c0000)]
  0x000000000830a000 JavaThread "Reference Handler" daemon [_thread_blocked, id=10172, stack(0x0000000009600000,0x0000000009700000)]
  0x000000000216e800 JavaThread "main" [_thread_blocked, id=4932, stack(0x0000000002310000,0x0000000002410000)]

Other Threads:
  0x0000000008308800 VMThread [stack: 0x0000000009400000,0x0000000009500000] [id=10064]
  0x000000000838c000 WatcherThread [stack: 0x000000000a1e0000,0x000000000a2e0000] [id=9704]

VM state:not at safepoint (normal execution)

VM Mutex/Monitor currently owned by a thread:  ([mutex/lock_event])
[0x0000000002168ba0] CodeCache_lock - owner thread: 0x0000000008372800
[0x000000000216d320] Compile_lock - owner thread: 0x0000000008372800
[0x000000000216d420] MethodCompileQueue_lock - owner thread: 0x0000000008372800

Heap
 PSYoungGen      total 18944K, used 16152K [0x00000000eaa80000, 0x00000000ebf80000, 0x0000000100000000)
  eden space 16384K, 98% used [0x00000000eaa80000,0x00000000eba460e0,0x00000000eba80000)
  from space 2560K, 0% used [0x00000000ebd00000,0x00000000ebd00000,0x00000000ebf80000)
  to   space 2560K, 0% used [0x00000000eba80000,0x00000000eba80000,0x00000000ebd00000)
 ParOldGen       total 42496K, used 0K [0x00000000c0000000, 0x00000000c2980000, 0x00000000eaa80000)
  object space 42496K, 0% used [0x00000000c0000000,0x00000000c0000000,0x00000000c2980000)
 PSPermGen       total 21504K, used 5135K [0x00000000bae00000, 0x00000000bc300000, 0x00000000c0000000)
  object space 21504K, 23% used [0x00000000bae00000,0x00000000bb303ff8,0x00000000bc300000)

Card table byte_map: [0x0000000005410000,0x0000000005640000] byte_map_base: 0x0000000004e39000

Polling page: 0x0000000000230000

Code Cache  [0x0000000002410000, 0x0000000002680000, 0x0000000005410000)
 total_blobs=321 nmethods=106 adapters=164 free_code_cache=48588Kb largest_free_block=49744960

Compilation events (10 events):
Event: 2.496 Thread 0x0000000008372800  103 %           com.android.dx.rop.code.RopMethod::calcPredecessors @ 157 (227 bytes)
Event: 2.501 Thread 0x0000000008372800 nmethod 103% 0x000000000247e410 code [0x000000000247e580, 0x000000000247e8d8]
Event: 2.501 Thread 0x0000000008372800  104             java.util.BitSet::cardinality (32 bytes)
Event: 2.504 Thread 0x0000000008372800 nmethod 104 0x00000000024970d0 code [0x0000000002497200, 0x0000000002497298]
Event: 2.504 Thread 0x0000000008372800  105             com.android.dx.ssa.back.LivenessAnalyzer::handleTailRecursion (94 bytes)
Event: 2.506 Thread 0x0000000008376000  106             java.util.BitSet::get (69 bytes)
Event: 2.508 Thread 0x0000000008376000 nmethod 106 0x0000000002496d50 code [0x0000000002496e80, 0x0000000002496f38]
Event: 2.513 Thread 0x0000000008376000  107             com.android.dx.ssa.NormalSsaInsn::getOpcode (8 bytes)
Event: 2.513 Thread 0x0000000008376000 nmethod 107 0x000000000249bad0 code [0x000000000249bc00, 0x000000000249bc78]
Event: 2.513 Thread 0x0000000008376000  108             com.android.dx.rop.code.RopMethod::calcPredecessors (227 bytes)

GC Heap History (0 events):
No events

Deoptimization events (10 events):
Event: 1.338 Thread 0x000000000216e800 Uncommon trap: reason=bimorphic action=maybe_recompile pc=0x0000000002489a44 method=java.util.HashMap.getEntry(Ljava/lang/Object;)Ljava/util/HashMap$Entry; @ 68
Event: 1.348 Thread 0x000000000216e800 Uncommon trap: reason=bimorphic action=maybe_recompile pc=0x0000000002489a44 method=java.util.HashMap.getEntry(Ljava/lang/Object;)Ljava/util/HashMap$Entry; @ 68
Event: 1.369 Thread 0x000000000a3cd000 Uncommon trap: reason=unreached action=reinterpret pc=0x00000000024878ec method=com.android.dx.rop.code.RopMethod.calcPredecessors()V @ 115
Event: 1.373 Thread 0x000000000a3cd000 Uncommon trap: reason=bimorphic action=maybe_recompile pc=0x0000000002489a44 method=java.util.HashMap.getEntry(Ljava/lang/Object;)Ljava/util/HashMap$Entry; @ 68
Event: 1.374 Thread 0x000000000a3cd000 Uncommon trap: reason=class_check action=maybe_recompile pc=0x000000000248e77c method=com.android.dx.ssa.SsaBasicBlock.forEachInsn(Lcom/android/dx/ssa/SsaInsn$Visitor;)V @ 23
Event: 1.374 Thread 0x000000000a3cd000 Uncommon trap: reason=class_check action=maybe_recompile pc=0x000000000248e77c method=com.android.dx.ssa.SsaBasicBlock.forEachInsn(Lcom/android/dx/ssa/SsaInsn$Visitor;)V @ 23
Event: 1.374 Thread 0x000000000a3cd000 Uncommon trap: reason=class_check action=maybe_recompile pc=0x000000000248e77c method=com.android.dx.ssa.SsaBasicBlock.forEachInsn(Lcom/android/dx/ssa/SsaInsn$Visitor;)V @ 23
Event: 1.374 Thread 0x000000000a3cd000 Uncommon trap: reason=class_check action=maybe_recompile pc=0x000000000248e77c method=com.android.dx.ssa.SsaBasicBlock.forEachInsn(Lcom/android/dx/ssa/SsaInsn$Visitor;)V @ 23
Event: 1.381 Thread 0x000000000a3cd000 Uncommon trap: reason=bimorphic action=maybe_recompile pc=0x0000000002489a44 method=java.util.HashMap.getEntry(Ljava/lang/Object;)Ljava/util/HashMap$Entry; @ 68
Event: 2.507 Thread 0x000000000a3cd000 Uncommon trap: reason=class_check action=maybe_recompile pc=0x00000000024944b0 method=com.android.dx.ssa.NormalSsaInsn.accept(Lcom/android/dx/ssa/SsaInsn$Visitor;)V @ 9

Internal exceptions (10 events):
Event: 1.063 Thread 0x000000000a3d7800 Threw 0x00000000eb30b568 at C:\jdk7u2_64p\jdk7u40\hotspot\src\share\vm\prims\jvm.cpp:1244
Event: 1.064 Thread 0x000000000a3d7800 Threw 0x00000000eb310db0 at C:\jdk7u2_64p\jdk7u40\hotspot\src\share\vm\prims\jvm.cpp:1244
Event: 1.065 Thread 0x000000000a3d4800 Threw 0x00000000eb1d2d58 at C:\jdk7u2_64p\jdk7u40\hotspot\src\share\vm\prims\jvm.cpp:1244
Event: 1.065 Thread 0x000000000a3d4800 Threw 0x00000000eb1d8070 at C:\jdk7u2_64p\jdk7u40\hotspot\src\share\vm\prims\jvm.cpp:1244
Event: 1.066 Thread 0x000000000216e800 Threw 0x00000000eafa80d0 at C:\jdk7u2_64p\jdk7u40\hotspot\src\share\vm\prims\jvm.cpp:1244
Event: 1.066 Thread 0x000000000216e800 Threw 0x00000000eafadeb8 at C:\jdk7u2_64p\jdk7u40\hotspot\src\share\vm\prims\jvm.cpp:1244
Event: 1.338 Thread 0x000000000216e800 Threw 0x00000000eb623480 at C:\jdk7u2_64p\jdk7u40\hotspot\src\share\vm\prims\jvm.cpp:1244
Event: 1.348 Thread 0x000000000216e800 Threw 0x00000000eb62d478 at C:\jdk7u2_64p\jdk7u40\hotspot\src\share\vm\prims\jvm.cpp:1244
Event: 1.373 Thread 0x000000000a3cd000 Threw 0x00000000eb6a3ce8 at C:\jdk7u2_64p\jdk7u40\hotspot\src\share\vm\prims\jvm.cpp:1244
Event: 1.381 Thread 0x000000000a3cd000 Threw 0x00000000eb6aaaa8 at C:\jdk7u2_64p\jdk7u40\hotspot\src\share\vm\prims\jvm.cpp:1244

Events (10 events):
Event: 2.488 loading class 0x00000000020ce1a0
Event: 2.488 loading class 0x00000000020ce1a0 done
Event: 2.488 loading class 0x00000000020ce170
Event: 2.488 loading class 0x00000000020ce170 done
Event: 2.489 Thread 0x000000000a3d7800 Thread exited: 0x000000000a3d7800
Event: 2.489 Thread 0x000000000a3d8000 Thread exited: 0x000000000a3d8000
Event: 2.507 Thread 0x000000000a3cd000 Uncommon trap: trap_request=0xffffffde fr.pc=0x00000000024944b0
Event: 2.507 Thread 0x000000000a3cd000 DEOPT PACKING pc=0x00000000024944b0 sp=0x0000000009f1e5d0
Event: 2.507 Thread 0x000000000a3cd000 DEOPT UNPACKING pc=0x00000000024475a4 sp=0x0000000009f1e520 mode 2
Event: 2.513 Thread 0x000000000a3cd000 Thread exited: 0x000000000a3cd000


Dynamic libraries:
0x000000013fa20000 - 0x000000013fa53000 	C:\Program Files\Java\jdk1.7.0_40\bin\java.exe
0x0000000077910000 - 0x0000000077aba000 	C:\Windows\SYSTEM32\ntdll.dll
0x00000000777f0000 - 0x000000007790f000 	C:\Windows\system32\kernel32.dll
0x000007fefd9a0000 - 0x000007fefda0b000 	C:\Windows\system32\KERNELBASE.dll
0x000007fefedb0000 - 0x000007fefee8b000 	C:\Windows\system32\ADVAPI32.dll
0x000007fefe2a0000 - 0x000007fefe33f000 	C:\Windows\system32\msvcrt.dll
0x000007fefec00000 - 0x000007fefec1f000 	C:\Windows\SYSTEM32\sechost.dll
0x000007fefe8a0000 - 0x000007fefe9cd000 	C:\Windows\system32\RPCRT4.dll
0x00000000776f0000 - 0x00000000777ea000 	C:\Windows\system32\USER32.dll
0x000007fefea00000 - 0x000007fefea67000 	C:\Windows\system32\GDI32.dll
0x000007fefe890000 - 0x000007fefe89e000 	C:\Windows\system32\LPK.dll
0x000007fefdf40000 - 0x000007fefe00a000 	C:\Windows\system32\USP10.dll
0x000007fefc4f0000 - 0x000007fefc6e4000 	C:\Windows\WinSxS\amd64_microsoft.windows.common-controls_6595b64144ccf1df_6.0.7601.18837_none_fa3b1e3d17594757\COMCTL32.dll
0x000007fefe4e0000 - 0x000007fefe551000 	C:\Windows\system32\SHLWAPI.dll
0x000007fefe9d0000 - 0x000007fefe9fe000 	C:\Windows\system32\IMM32.DLL
0x000007fefec20000 - 0x000007fefed29000 	C:\Windows\system32\MSCTF.dll
0x000000005af70000 - 0x000000005b041000 	C:\Program Files\Java\jdk1.7.0_40\jre\bin\msvcr100.dll
0x000000006e6f0000 - 0x000000006eeb9000 	C:\Program Files\Java\jdk1.7.0_40\jre\bin\server\jvm.dll
0x000007fefca80000 - 0x000007fefca89000 	C:\Windows\system32\WSOCK32.dll
0x000007fefe560000 - 0x000007fefe5ad000 	C:\Windows\system32\WS2_32.dll
0x000007fefe5b0000 - 0x000007fefe5b8000 	C:\Windows\system32\NSI.dll
0x000007fefb4b0000 - 0x000007fefb4eb000 	C:\Windows\system32\WINMM.dll
0x0000000077ad0000 - 0x0000000077ad7000 	C:\Windows\system32\PSAPI.DLL
0x0000000067570000 - 0x000000006757f000 	C:\Program Files\Java\jdk1.7.0_40\jre\bin\verify.dll
0x0000000067530000 - 0x0000000067558000 	C:\Program Files\Java\jdk1.7.0_40\jre\bin\java.dll
0x0000000067510000 - 0x0000000067525000 	C:\Program Files\Java\jdk1.7.0_40\jre\bin\zip.dll

VM Arguments:
jvm_args: -Djava.awt.headless=true -Xmx1024M -Dfile.encoding=windows-1252 -Duser.country=US -Duser.language=en -Duser.variant 
java_command: com.android.dx.command.Main --dex --num-threads=4 --output C:\Users\Martin\AndroidStudioProjects\SystemEngineeringGSM\app\build\intermediates\pre-dexed\debug\debug_1eadc4e82313c4d44a411d3a28e3d6f768ea7497.jar C:\Users\Martin\AndroidStudioProjects\SystemEngineeringGSM\app\build\intermediates\classes\debug
Launcher Type: SUN_STANDARD

Environment Variables:
PATH=C:\ProgramData\Oracle\Java\javapath;C:\Program Files\Common Files\Microsoft Shared\Windows Live;C:\Program Files (x86)\Common Files\Microsoft Shared\Windows Live;C:\Program Files (x86)\Intel\iCLS Client\;C:\Program Files\Intel\iCLS Client\;C:\Program Files\Dell\DW WLAN Card;C:\Windows\system32;C:\Windows;C:\Windows\System32\Wbem;C:\Windows\System32\WindowsPowerShell\v1.0\;C:\Program Files\WIDCOMM\Bluetooth Software\;C:\Program Files\WIDCOMM\Bluetooth Software\syswow64;C:\Program Files\Dell\Dell Data Protection\Access\Advanced\Wave\Gemalto\Access Client\v5\;C:\Program Files (x86)\Security Innovation\SI TSS\bin\;C:\Program Files (x86)\Windows Live\Shared;C:\Program Files (x86)\MySQL\MySQL Utilities 1.3.4\;C:\Program Files\Microsoft SQL Server\110\Tools\Binn\;C:\Program Files\nodejs\;C:\Program Files (x86)\Git\cmd;C:\Program Files\MATLAB\runtime\win64;C:\Program Files\MATLAB\bin;C:\Program Files (x86)\QuickTime\QTSystem\;C:\Program Files (x86)\GtkSharp\2.12\bin;C:\Program Files (x86)\Skype\Phone\;C:\Program Files\Intel\Intel(R) Management Engine Components\DAL;C:\Program Files\Intel\Intel(R) Management Engine Components\IPT;C:\Program Files (x86)\Intel\Intel(R) Management Engine Components\DAL;C:\Program Files (x86)\Intel\Intel(R) Management Engine Components\IPT;C:\Users\Martin\AppData\Roaming\npm
USERNAME=Martin
OS=Windows_NT
PROCESSOR_IDENTIFIER=Intel64 Family 6 Model 58 Stepping 9, GenuineIntel



---------------  S Y S T E M  ---------------

OS: Windows 7 , 64 bit Build 7601 Service Pack 1

CPU:total 4 (2 cores per cpu, 2 threads per core) family 6 model 58 stepping 9, cmov, cx8, fxsr, mmx, sse, sse2, sse3, ssse3, sse4.1, sse4.2, popcnt, avx, aes, erms, ht, tsc, tscinvbit, tscinv

Memory: 4k page, physical 4077532k(264992k free), swap 8043636k(22384k free)

vm_info: Java HotSpot(TM) 64-Bit Server VM (24.0-b56) for windows-amd64 JRE (1.7.0_40-b43), built on Aug 26 2013 22:38:32 by "java_re" with unknown MS VC++:1600

time: Tue Mar 22 13:08:23 2016
elapsed time: 2 seconds

