#
# There is insufficient memory for the Java Runtime Environment to continue.
# Native memory allocation (malloc) failed to allocate 46016 bytes for Chunk::new
# Possible reasons:
#   The system is out of physical RAM or swap space
#   In 32 bit mode, the process size limit was hit
# Possible solutions:
#   Reduce memory load on the system
#   Increase physical memory or swap space
#   Check if swap backing store is full
#   Use 64 bit Java on a 64 bit OS
#   Decrease Java heap size (-Xmx/-Xms)
#   Decrease number of Java threads
#   Decrease Java thread stack sizes (-Xss)
#   Set larger code cache with -XX:ReservedCodeCacheSize=
# This output file may be truncated or incomplete.
#
#  Out of Memory Error (allocation.cpp:390), pid=9824, tid=10104
#
# JRE version: Java(TM) SE Runtime Environment (8.0_20-b26) (build 1.8.0_20-b26)
# Java VM: Java HotSpot(TM) 64-Bit Server VM (25.20-b23 mixed mode windows-amd64 compressed oops)
# Failed to write core dump. Minidumps are not enabled by default on client versions of Windows
#

---------------  T H R E A D  ---------------

Current thread (0x0000000054e6f800):  JavaThread "C2 CompilerThread0" daemon [_thread_in_native, id=10104, stack(0x00000000566f0000,0x00000000567f0000)]

Stack: [0x00000000566f0000,0x00000000567f0000]
Native frames: (J=compiled Java code, j=interpreted, Vv=VM code, C=native code)
V  [jvm.dll+0x3152fa]


Current CompileTask:
C2:   1238  373       4       java.lang.String::equals (81 bytes)


---------------  P R O C E S S  ---------------

Java Threads: ( => current thread )
  0x0000000057166800 JavaThread "pool-1-thread-4" [_thread_blocked, id=3296, stack(0x0000000057d60000,0x0000000057e60000)]
  0x0000000057162000 JavaThread "pool-1-thread-3" [_thread_blocked, id=5976, stack(0x0000000057ed0000,0x0000000057fd0000)]
  0x0000000056fd4000 JavaThread "pool-1-thread-2" [_thread_in_Java, id=5520, stack(0x0000000056440000,0x0000000056540000)]
  0x0000000056e86000 JavaThread "pool-2-thread-1" [_thread_blocked, id=10232, stack(0x0000000057c60000,0x0000000057d60000)]
  0x0000000056e84000 JavaThread "pool-1-thread-1" [_thread_blocked, id=10228, stack(0x0000000057a60000,0x0000000057b60000)]
  0x0000000054e76800 JavaThread "Service Thread" daemon [_thread_blocked, id=10116, stack(0x0000000057060000,0x0000000057160000)]
  0x0000000054e73800 JavaThread "C1 CompilerThread2" daemon [_thread_blocked, id=10112, stack(0x0000000056b30000,0x0000000056c30000)]
  0x0000000054e72000 JavaThread "C2 CompilerThread1" daemon [_thread_blocked, id=10108, stack(0x0000000056960000,0x0000000056a60000)]
=>0x0000000054e6f800 JavaThread "C2 CompilerThread0" daemon [_thread_in_native, id=10104, stack(0x00000000566f0000,0x00000000567f0000)]
  0x0000000054e6c800 JavaThread "Attach Listener" daemon [_thread_blocked, id=10100, stack(0x0000000056540000,0x0000000056640000)]
  0x0000000054e7d800 JavaThread "Signal Dispatcher" daemon [_thread_blocked, id=10096, stack(0x00000000562f0000,0x00000000563f0000)]
  0x0000000054e0f000 JavaThread "Finalizer" daemon [_thread_blocked, id=10092, stack(0x0000000055fb0000,0x00000000560b0000)]
  0x0000000054e0b800 JavaThread "Reference Handler" daemon [_thread_blocked, id=10088, stack(0x00000000560e0000,0x00000000561e0000)]
  0x0000000001fde800 JavaThread "main" [_thread_blocked, id=10024, stack(0x0000000002260000,0x0000000002360000)]

Other Threads:
  0x0000000054e06000 VMThread [stack: 0x0000000055e30000,0x0000000055f30000] [id=10048]
  0x0000000056c84000 WatcherThread [stack: 0x0000000056820000,0x0000000056920000] [id=10120]

VM state:not at safepoint (normal execution)

VM Mutex/Monitor currently owned by a thread: None

Heap:
 PSYoungGen      total 18944K, used 5677K [0x00000000eab00000, 0x00000000ed000000, 0x0000000100000000)
  eden space 16384K, 26% used [0x00000000eab00000,0x00000000eaf36090,0x00000000ebb00000)
  from space 2560K, 53% used [0x00000000ebb00000,0x00000000ebc55600,0x00000000ebd80000)
  to   space 2560K, 0% used [0x00000000ecd80000,0x00000000ecd80000,0x00000000ed000000)
 ParOldGen       total 44032K, used 0K [0x00000000c0000000, 0x00000000c2b00000, 0x00000000eab00000)
  object space 44032K, 0% used [0x00000000c0000000,0x00000000c0000000,0x00000000c2b00000)
 Metaspace       used 4691K, capacity 5808K, committed 6016K, reserved 1056768K
  class space    used 506K, capacity 552K, committed 640K, reserved 1048576K

Card table byte_map: [0x00000000119f0000,0x0000000011c00000] byte_map_base: 0x00000000113f0000

Marking Bits: (ParMarkBitMap*) 0x000000007312b460
 Begin Bits: [0x0000000012280000, 0x0000000013280000)
 End Bits:   [0x0000000013280000, 0x0000000014280000)

Polling page: 0x0000000000120000

CodeCache: size=245760Kb used=2011Kb max_used=2011Kb free=243748Kb
 bounds [0x0000000002630000, 0x00000000028a0000, 0x0000000011630000]
 total_blobs=634 nmethods=374 adapters=174
 compilation: enabled

Compilation events (10 events):
Event: 1.135 Thread 0x0000000054e73800 nmethod 369 0x0000000002825350 code [0x00000000028254a0, 0x0000000002825610]
Event: 1.144 Thread 0x0000000054e73800  370       3       java.lang.StringBuffer::<init> (6 bytes)
Event: 1.145 Thread 0x0000000054e73800 nmethod 370 0x0000000002825710 code [0x0000000002825880, 0x0000000002825b30]
Event: 1.146 Thread 0x0000000054e73800  371   !   3       com.android.dx.util.FixedSizeList::get0 (47 bytes)
Event: 1.147 Thread 0x0000000054e73800 nmethod 371 0x0000000002825c50 code [0x0000000002825e60, 0x00000000028268f8]
Event: 1.235 Thread 0x0000000054e6f800  373       4       java.lang.String::equals (81 bytes)
Event: 1.235 Thread 0x0000000054e73800  374       1       com.android.dx.util.FixedSizeList::size (6 bytes)
Event: 1.235 Thread 0x0000000054e73800 nmethod 374 0x0000000002826f50 code [0x00000000028270a0, 0x00000000028271b0]
Event: 1.235 Thread 0x0000000054e73800  372       1       com.android.dx.rop.cst.CstType::getClassType (5 bytes)
Event: 1.236 Thread 0x0000000054e73800 nmethod 372 0x0000000002827250 code [0x00000000028273a0, 0x00000000028274b0]

GC Heap History (2 events):
Event: 0.869 GC heap before
{Heap before GC invocations=1 (full 0):
 PSYoungGen      total 18944K, used 16384K [0x00000000eab00000, 0x00000000ec000000, 0x0000000100000000)
  eden space 16384K, 100% used [0x00000000eab00000,0x00000000ebb00000,0x00000000ebb00000)
  from space 2560K, 0% used [0x00000000ebd80000,0x00000000ebd80000,0x00000000ec000000)
  to   space 2560K, 0% used [0x00000000ebb00000,0x00000000ebb00000,0x00000000ebd80000)
 ParOldGen       total 44032K, used 0K [0x00000000c0000000, 0x00000000c2b00000, 0x00000000eab00000)
  object space 44032K, 0% used [0x00000000c0000000,0x00000000c0000000,0x00000000c2b00000)
 Metaspace       used 3852K, capacity 5040K, committed 5120K, reserved 1056768K
  class space    used 426K, capacity 488K, committed 512K, reserved 1048576K
Event: 0.993 GC heap after
Heap after GC invocations=1 (full 0):
 PSYoungGen      total 18944K, used 1365K [0x00000000eab00000, 0x00000000ed000000, 0x0000000100000000)
  eden space 16384K, 0% used [0x00000000eab00000,0x00000000eab00000,0x00000000ebb00000)
  from space 2560K, 53% used [0x00000000ebb00000,0x00000000ebc55600,0x00000000ebd80000)
  to   space 2560K, 0% used [0x00000000ecd80000,0x00000000ecd80000,0x00000000ed000000)
 ParOldGen       total 44032K, used 0K [0x00000000c0000000, 0x00000000c2b00000, 0x00000000eab00000)
  object space 44032K, 0% used [0x00000000c0000000,0x00000000c0000000,0x00000000c2b00000)
 Metaspace       used 3852K, capacity 5040K, committed 5120K, reserved 1056768K
  class space    used 426K, capacity 488K, committed 512K, reserved 1048576K
}

Deoptimization events (0 events):
No events

Internal exceptions (10 events):
Event: 1.137 Thread 0x0000000056fd4000 Exception <a 'java/security/PrivilegedActionException'> (0x00000000eaecdbf8) thrown at [D:\re\workspace\8-2-build-windows-amd64-cygwin\jdk8u20\1074\hotspot\src\share\vm\prims\jvm.cpp, line 1275]
Event: 1.137 Thread 0x0000000056fd4000 Exception <a 'java/security/PrivilegedActionException'> (0x00000000eaed3620) thrown at [D:\re\workspace\8-2-build-windows-amd64-cygwin\jdk8u20\1074\hotspot\src\share\vm\prims\jvm.cpp, line 1275]
Event: 1.141 Thread 0x0000000056fd4000 Exception <a 'java/security/PrivilegedActionException'> (0x00000000eaed6b10) thrown at [D:\re\workspace\8-2-build-windows-amd64-cygwin\jdk8u20\1074\hotspot\src\share\vm\prims\jvm.cpp, line 1275]
Event: 1.143 Thread 0x0000000056fd4000 Exception <a 'java/security/PrivilegedActionException'> (0x00000000eaedcec8) thrown at [D:\re\workspace\8-2-build-windows-amd64-cygwin\jdk8u20\1074\hotspot\src\share\vm\prims\jvm.cpp, line 1275]
Event: 1.144 Thread 0x0000000056fd4000 Exception <a 'java/security/PrivilegedActionException'> (0x00000000eaeecd80) thrown at [D:\re\workspace\8-2-build-windows-amd64-cygwin\jdk8u20\1074\hotspot\src\share\vm\prims\jvm.cpp, line 1275]
Event: 1.144 Thread 0x0000000056fd4000 Exception <a 'java/security/PrivilegedActionException'> (0x00000000eaeeebf0) thrown at [D:\re\workspace\8-2-build-windows-amd64-cygwin\jdk8u20\1074\hotspot\src\share\vm\prims\jvm.cpp, line 1275]
Event: 1.145 Thread 0x0000000056fd4000 Exception <a 'java/security/PrivilegedActionException'> (0x00000000eaef3c20) thrown at [D:\re\workspace\8-2-build-windows-amd64-cygwin\jdk8u20\1074\hotspot\src\share\vm\prims\jvm.cpp, line 1275]
Event: 1.146 Thread 0x0000000056fd4000 Exception <a 'java/security/PrivilegedActionException'> (0x00000000eaef9590) thrown at [D:\re\workspace\8-2-build-windows-amd64-cygwin\jdk8u20\1074\hotspot\src\share\vm\prims\jvm.cpp, line 1275]
Event: 1.146 Thread 0x0000000056fd4000 Exception <a 'java/security/PrivilegedActionException'> (0x00000000eaefcdb8) thrown at [D:\re\workspace\8-2-build-windows-amd64-cygwin\jdk8u20\1074\hotspot\src\share\vm\prims\jvm.cpp, line 1275]
Event: 1.236 Thread 0x0000000056fd4000 Exception <a 'java/security/PrivilegedActionException'> (0x00000000eaf037a0) thrown at [D:\re\workspace\8-2-build-windows-amd64-cygwin\jdk8u20\1074\hotspot\src\share\vm\prims\jvm.cpp, line 1275]

Events (10 events):
Event: 1.144 loading class com/android/dx/ssa/SsaInsn
Event: 1.144 loading class com/android/dx/ssa/SsaInsn done
Event: 1.145 loading class com/android/dx/ssa/NormalSsaInsn
Event: 1.145 loading class com/android/dx/ssa/NormalSsaInsn done
Event: 1.145 loading class com/android/dx/rop/code/BasicBlockList$RegCountVisitor
Event: 1.145 loading class com/android/dx/rop/code/BasicBlockList$RegCountVisitor done
Event: 1.146 loading class com/android/dx/ssa/SsaBasicBlock
Event: 1.146 loading class com/android/dx/ssa/SsaBasicBlock done
Event: 1.236 loading class com/android/dx/ssa/SsaBasicBlock$LabelComparator
Event: 1.236 loading class com/android/dx/ssa/SsaBasicBlock$LabelComparator done


Dynamic libraries:
0x000000013f780000 - 0x000000013f7b4000 	C:\Program Files\Java\jdk1.8.0_20\bin\java.exe
0x0000000076e60000 - 0x000000007700a000 	C:\Windows\SYSTEM32\ntdll.dll
0x0000000076d40000 - 0x0000000076e5f000 	C:\Windows\system32\kernel32.dll
0x000007fefcdb0000 - 0x000007fefce1a000 	C:\Windows\system32\KERNELBASE.dll
0x000007fefddd0000 - 0x000007fefdeab000 	C:\Windows\system32\ADVAPI32.dll
0x000007fefdeb0000 - 0x000007fefdf4f000 	C:\Windows\system32\msvcrt.dll
0x000007fefcfa0000 - 0x000007fefcfbf000 	C:\Windows\SYSTEM32\sechost.dll
0x000007fefd380000 - 0x000007fefd4ad000 	C:\Windows\system32\RPCRT4.dll
0x0000000076c40000 - 0x0000000076d3a000 	C:\Windows\system32\USER32.dll
0x000007fefdae0000 - 0x000007fefdb47000 	C:\Windows\system32\GDI32.dll
0x000007feff160000 - 0x000007feff16e000 	C:\Windows\system32\LPK.dll
0x000007fefd740000 - 0x000007fefd80a000 	C:\Windows\system32\USP10.dll
0x000007fefba40000 - 0x000007fefbc34000 	C:\Windows\WinSxS\amd64_microsoft.windows.common-controls_6595b64144ccf1df_6.0.7601.18837_none_fa3b1e3d17594757\COMCTL32.dll
0x000007fefdf50000 - 0x000007fefdfc1000 	C:\Windows\system32\SHLWAPI.dll
0x000007fefef50000 - 0x000007fefef7e000 	C:\Windows\system32\IMM32.DLL
0x000007fefd270000 - 0x000007fefd379000 	C:\Windows\system32\MSCTF.dll
0x0000000064a30000 - 0x0000000064b02000 	C:\Program Files\Java\jdk1.8.0_20\jre\bin\msvcr100.dll
0x0000000072950000 - 0x00000000731a8000 	C:\Program Files\Java\jdk1.8.0_20\jre\bin\server\jvm.dll
0x000007fefbfd0000 - 0x000007fefbfd9000 	C:\Windows\system32\WSOCK32.dll
0x000007fefef80000 - 0x000007fefefcd000 	C:\Windows\system32\WS2_32.dll
0x000007fefed60000 - 0x000007fefed68000 	C:\Windows\system32\NSI.dll
0x000007fefae60000 - 0x000007fefae9b000 	C:\Windows\system32\WINMM.dll
0x0000000077020000 - 0x0000000077027000 	C:\Windows\system32\PSAPI.DLL
0x0000000073710000 - 0x000000007371f000 	C:\Program Files\Java\jdk1.8.0_20\jre\bin\verify.dll
0x00000000736e0000 - 0x0000000073708000 	C:\Program Files\Java\jdk1.8.0_20\jre\bin\java.dll
0x00000000736c0000 - 0x00000000736d6000 	C:\Program Files\Java\jdk1.8.0_20\jre\bin\zip.dll
0x000007fefdfd0000 - 0x000007fefed5a000 	C:\Windows\system32\SHELL32.dll
0x000007fefd060000 - 0x000007fefd263000 	C:\Windows\system32\ole32.dll
0x000007fefcbe0000 - 0x000007fefcbef000 	C:\Windows\system32\profapi.dll

VM Arguments:
jvm_args: -Djava.awt.headless=true -Xmx1024M -Dfile.encoding=windows-1252 -Duser.country=US -Duser.language=en -Duser.variant 
java_command: com.android.dx.command.Main --dex --num-threads=4 --output C:\Users\Martin\AndroidStudioProjects\SystemEngineeringGSM\app\build\intermediates\pre-dexed\debug\com.android.support-support-v4-23.2.1_7b536736008ed5ba0c511a2e65dcf6b71dc3d7af.jar C:\Users\Martin\AndroidStudioProjects\SystemEngineeringGSM\app\build\intermediates\exploded-aar\com.android.support\support-v4\23.2.1\jars\classes.jar
java_class_path (initial): C:\Users\Martin\AppData\Local\Android\sdk\build-tools\23.0.2\lib\dx.jar
Launcher Type: SUN_STANDARD

Environment Variables:
PATH=C:\ProgramData\Oracle\Java\javapath;C:\Program Files\Common Files\Microsoft Shared\Windows Live;C:\Program Files (x86)\Common Files\Microsoft Shared\Windows Live;C:\Program Files (x86)\Intel\iCLS Client\;C:\Program Files\Intel\iCLS Client\;C:\Program Files\Dell\DW WLAN Card;C:\Windows\system32;C:\Windows;C:\Windows\System32\Wbem;C:\Windows\System32\WindowsPowerShell\v1.0\;C:\Program Files\WIDCOMM\Bluetooth Software\;C:\Program Files\WIDCOMM\Bluetooth Software\syswow64;C:\Program Files\Dell\Dell Data Protection\Access\Advanced\Wave\Gemalto\Access Client\v5\;C:\Program Files (x86)\Security Innovation\SI TSS\bin\;C:\Program Files (x86)\Windows Live\Shared;C:\Program Files (x86)\MySQL\MySQL Utilities 1.3.4\;C:\Program Files\Microsoft SQL Server\110\Tools\Binn\;C:\Program Files\nodejs\;C:\Program Files (x86)\Git\cmd;C:\Program Files\MATLAB\runtime\win64;C:\Program Files\MATLAB\bin;C:\Program Files (x86)\QuickTime\QTSystem\;C:\Program Files (x86)\GtkSharp\2.12\bin;C:\Program Files (x86)\Skype\Phone\;C:\Program Files\Intel\Intel(R) Management Engine Components\DAL;C:\Program Files\Intel\Intel(R) Management Engine Components\IPT;C:\Program Files (x86)\Intel\Intel(R) Management Engine Components\DAL;C:\Program Files (x86)\Intel\Intel(R) Management Engine Components\IPT;C:\Users\Martin\AppData\Local\Android\sdk\platform-tools;C:\Program Files\Java\jdk1.8.0_20\bin;C:\Users\Martin\AppData\Roaming\npm
USERNAME=Martin
OS=Windows_NT
PROCESSOR_IDENTIFIER=Intel64 Family 6 Model 58 Stepping 9, GenuineIntel



---------------  S Y S T E M  ---------------

OS: Windows 7 , 64 bit Build 7601 Service Pack 1

CPU:total 4 (2 cores per cpu, 2 threads per core) family 6 model 58 stepping 9, cmov, cx8, fxsr, mmx, sse, sse2, sse3, ssse3, sse4.1, sse4.2, popcnt, avx, aes, clmul, erms, ht, tsc, tscinvbit, tscinv

Memory: 4k page, physical 4077532k(542072k free), swap 6172824k(5068k free)

vm_info: Java HotSpot(TM) 64-Bit Server VM (25.20-b23) for windows-amd64 JRE (1.8.0_20-b26), built on Jul 30 2014 13:51:23 by "java_re" with MS VC++ 10.0 (VS2010)

time: Wed May 25 13:26:31 2016
elapsed time: 1 seconds (0d 0h 0m 1s)

