#
# There is insufficient memory for the Java Runtime Environment to continue.
# Native memory allocation (malloc) failed to allocate 131088 bytes for Chunk::new
# Possible reasons:
#   The system is out of physical RAM or swap space
#   In 32 bit mode, the process size limit was hit
# Possible solutions:
#   Reduce memory load on the system
#   Increase physical memory or swap space
#   Check if swap backing store is full
#   Use 64 bit Java on a 64 bit OS
#   Decrease Java heap size (-Xmx/-Xms)
#   Decrease number of Java threads
#   Decrease Java thread stack sizes (-Xss)
#   Set larger code cache with -XX:ReservedCodeCacheSize=
# This output file may be truncated or incomplete.
#
#  Out of Memory Error (allocation.cpp:390), pid=8020, tid=6772
#
# JRE version: Java(TM) SE Runtime Environment (8.0_20-b26) (build 1.8.0_20-b26)
# Java VM: Java HotSpot(TM) 64-Bit Server VM (25.20-b23 mixed mode windows-amd64 compressed oops)
# Failed to write core dump. Minidumps are not enabled by default on client versions of Windows
#

---------------  T H R E A D  ---------------

Current thread (0x00000000552d5800):  JavaThread "C2 CompilerThread0" daemon [_thread_in_native, id=6772, stack(0x0000000056890000,0x0000000056990000)]

Stack: [0x0000000056890000,0x0000000056990000]
Native frames: (J=compiled Java code, j=interpreted, Vv=VM code, C=native code)
V  [jvm.dll+0x3152fa]


Current CompileTask:
C2:   5401 1483       4       com.android.dx.ssa.SCCP::simulateBranch (666 bytes)


---------------  P R O C E S S  ---------------

Java Threads: ( => current thread )
  0x0000000056c5d800 JavaThread "pool-1-thread-4" [_thread_blocked, id=7260, stack(0x00000000570c0000,0x00000000571c0000)]
  0x0000000056c59000 JavaThread "pool-1-thread-3" [_thread_blocked, id=4964, stack(0x00000000578e0000,0x00000000579e0000)]
  0x0000000056c56000 JavaThread "pool-1-thread-2" [_thread_blocked, id=7820, stack(0x00000000576e0000,0x00000000577e0000)]
  0x0000000056c54000 JavaThread "pool-2-thread-1" [_thread_blocked, id=1392, stack(0x0000000057520000,0x0000000057620000)]
  0x0000000056c51800 JavaThread "pool-1-thread-1" [_thread_blocked, id=4768, stack(0x0000000057380000,0x0000000057480000)]
  0x0000000056b0c800 JavaThread "Service Thread" daemon [_thread_blocked, id=8732, stack(0x0000000056f80000,0x0000000057080000)]
  0x00000000552d9000 JavaThread "C1 CompilerThread2" daemon [_thread_blocked, id=5000, stack(0x0000000056200000,0x0000000056300000)]
  0x00000000552d7800 JavaThread "C2 CompilerThread1" daemon [_thread_blocked, id=8984, stack(0x00000000569e0000,0x0000000056ae0000)]
=>0x00000000552d5800 JavaThread "C2 CompilerThread0" daemon [_thread_in_native, id=6772, stack(0x0000000056890000,0x0000000056990000)]
  0x00000000552d2000 JavaThread "Attach Listener" daemon [_thread_blocked, id=6900, stack(0x0000000056650000,0x0000000056750000)]
  0x00000000552df000 JavaThread "Signal Dispatcher" daemon [_thread_blocked, id=5636, stack(0x0000000012260000,0x0000000012360000)]
  0x000000005526f000 JavaThread "Finalizer" daemon [_thread_blocked, id=920, stack(0x00000000564b0000,0x00000000565b0000)]
  0x000000005526b800 JavaThread "Reference Handler" daemon [_thread_blocked, id=1112, stack(0x0000000056330000,0x0000000056430000)]
  0x000000000025e800 JavaThread "main" [_thread_in_Java, id=892, stack(0x00000000024e0000,0x00000000025e0000)]

Other Threads:
  0x0000000055266000 VMThread [stack: 0x00000000560d0000,0x00000000561d0000] [id=936]
  0x0000000056b46800 WatcherThread [stack: 0x00000000571d0000,0x00000000572d0000] [id=316]

VM state:not at safepoint (normal execution)

VM Mutex/Monitor currently owned by a thread: None

Heap:
 PSYoungGen      total 35328K, used 12139K [0x00000000eab00000, 0x00000000ed000000, 0x0000000100000000)
  eden space 32768K, 29% used [0x00000000eab00000,0x00000000eb462350,0x00000000ecb00000)
  from space 2560K, 98% used [0x00000000ecd80000,0x00000000ecff8b58,0x00000000ed000000)
  to   space 2560K, 0% used [0x00000000ecb00000,0x00000000ecb00000,0x00000000ecd80000)
 ParOldGen       total 44032K, used 5639K [0x00000000c0000000, 0x00000000c2b00000, 0x00000000eab00000)
  object space 44032K, 12% used [0x00000000c0000000,0x00000000c0581e10,0x00000000c2b00000)
 Metaspace       used 5977K, capacity 7024K, committed 7296K, reserved 1056768K
  class space    used 582K, capacity 616K, committed 640K, reserved 1048576K

Card table byte_map: [0x0000000011c70000,0x0000000011e80000] byte_map_base: 0x0000000011670000

Marking Bits: (ParMarkBitMap*) 0x000000005b45b460
 Begin Bits: [0x00000000126e0000, 0x00000000136e0000)
 End Bits:   [0x00000000136e0000, 0x00000000146e0000)

Polling page: 0x0000000000230000

CodeCache: size=245760Kb used=6138Kb max_used=6138Kb free=239621Kb
 bounds [0x00000000028b0000, 0x0000000002ec0000, 0x00000000118b0000]
 total_blobs=1750 nmethods=1486 adapters=178
 compilation: enabled

Compilation events (10 events):
Event: 5.216 Thread 0x00000000552d9000 1481       1       com.android.dx.rop.cst.CstType::isCategory2 (2 bytes)
Event: 5.216 Thread 0x00000000552d9000 nmethod 1481 0x0000000002e999d0 code [0x0000000002e99b20, 0x0000000002e99c30]
Event: 5.217 Thread 0x00000000552d9000 1482       3       com.android.dx.cf.code.LocalVariableList::concat (97 bytes)
Event: 5.219 Thread 0x00000000552d9000 nmethod 1482 0x0000000002e9ba50 code [0x0000000002e9bd60, 0x0000000002e9d928]
Event: 5.247 Thread 0x00000000552d7800 nmethod 1477 0x0000000002eafd10 code [0x0000000002eafee0, 0x0000000002eb0c98]
Event: 5.287 Thread 0x00000000552d5800 1483       4       com.android.dx.ssa.SCCP::simulateBranch (666 bytes)
Event: 5.287 Thread 0x00000000552d9000 1484       3       com.android.dx.cf.direct.StdAttributeFactory::localVariableTable (98 bytes)
Event: 5.289 Thread 0x00000000552d9000 nmethod 1484 0x0000000002eade10 code [0x0000000002eae0c0, 0x0000000002eaf1b8]
Event: 5.289 Thread 0x00000000552d9000 1485       3       java.util.Arrays::rangeCheck (74 bytes)
Event: 5.290 Thread 0x00000000552d9000 nmethod 1485 0x0000000002eac950 code [0x0000000002eacba0, 0x0000000002ead848]

GC Heap History (4 events):
Event: 1.759 GC heap before
{Heap before GC invocations=1 (full 0):
 PSYoungGen      total 18944K, used 16384K [0x00000000eab00000, 0x00000000ec000000, 0x0000000100000000)
  eden space 16384K, 100% used [0x00000000eab00000,0x00000000ebb00000,0x00000000ebb00000)
  from space 2560K, 0% used [0x00000000ebd80000,0x00000000ebd80000,0x00000000ec000000)
  to   space 2560K, 0% used [0x00000000ebb00000,0x00000000ebb00000,0x00000000ebd80000)
 ParOldGen       total 44032K, used 0K [0x00000000c0000000, 0x00000000c2b00000, 0x00000000eab00000)
  object space 44032K, 0% used [0x00000000c0000000,0x00000000c0000000,0x00000000c2b00000)
 Metaspace       used 5614K, capacity 6704K, committed 6784K, reserved 1056768K
  class space    used 579K, capacity 616K, committed 640K, reserved 1048576K
Event: 1.966 GC heap after
Heap after GC invocations=1 (full 0):
 PSYoungGen      total 18944K, used 2550K [0x00000000eab00000, 0x00000000ed000000, 0x0000000100000000)
  eden space 16384K, 0% used [0x00000000eab00000,0x00000000eab00000,0x00000000ebb00000)
  from space 2560K, 99% used [0x00000000ebb00000,0x00000000ebd7d9b8,0x00000000ebd80000)
  to   space 2560K, 0% used [0x00000000ecd80000,0x00000000ecd80000,0x00000000ed000000)
 ParOldGen       total 44032K, used 2292K [0x00000000c0000000, 0x00000000c2b00000, 0x00000000eab00000)
  object space 44032K, 5% used [0x00000000c0000000,0x00000000c023d0b8,0x00000000c2b00000)
 Metaspace       used 5614K, capacity 6704K, committed 6784K, reserved 1056768K
  class space    used 579K, capacity 616K, committed 640K, reserved 1048576K
}
Event: 3.501 GC heap before
{Heap before GC invocations=2 (full 0):
 PSYoungGen      total 18944K, used 18927K [0x00000000eab00000, 0x00000000ed000000, 0x0000000100000000)
  eden space 16384K, 99% used [0x00000000eab00000,0x00000000ebafe4a8,0x00000000ebb00000)
  from space 2560K, 99% used [0x00000000ebb00000,0x00000000ebd7d9b8,0x00000000ebd80000)
  to   space 2560K, 0% used [0x00000000ecd80000,0x00000000ecd80000,0x00000000ed000000)
 ParOldGen       total 44032K, used 2292K [0x00000000c0000000, 0x00000000c2b00000, 0x00000000eab00000)
  object space 44032K, 5% used [0x00000000c0000000,0x00000000c023d0b8,0x00000000c2b00000)
 Metaspace       used 5864K, capacity 6896K, committed 7040K, reserved 1056768K
  class space    used 582K, capacity 616K, committed 640K, reserved 1048576K
Event: 3.960 GC heap after
Heap after GC invocations=2 (full 0):
 PSYoungGen      total 35328K, used 2530K [0x00000000eab00000, 0x00000000ed000000, 0x0000000100000000)
  eden space 32768K, 0% used [0x00000000eab00000,0x00000000eab00000,0x00000000ecb00000)
  from space 2560K, 98% used [0x00000000ecd80000,0x00000000ecff8b58,0x00000000ed000000)
  to   space 2560K, 0% used [0x00000000ecb00000,0x00000000ecb00000,0x00000000ecd80000)
 ParOldGen       total 44032K, used 5639K [0x00000000c0000000, 0x00000000c2b00000, 0x00000000eab00000)
  object space 44032K, 12% used [0x00000000c0000000,0x00000000c0581e10,0x00000000c2b00000)
 Metaspace       used 5864K, capacity 6896K, committed 7040K, reserved 1056768K
  class space    used 582K, capacity 616K, committed 640K, reserved 1048576K
}

Deoptimization events (10 events):
Event: 2.001 Thread 0x0000000056c5d800 Uncommon trap: reason=null_check action=make_not_entrant pc=0x0000000002b9c520 method=com.android.dx.rop.type.Type.equals(Ljava/lang/Object;)Z @ 8
Event: 2.039 Thread 0x000000000025e800 Uncommon trap: reason=unloaded action=reinterpret pc=0x0000000002b43c74 method=com.android.dx.cf.cst.ConstantPoolParser.parse0(ILjava/util/BitSet;)Lcom/android/dx/rop/cst/Constant; @ 475
Event: 2.060 Thread 0x0000000056c59000 Uncommon trap: reason=class_check action=maybe_recompile pc=0x0000000002c1afa0 method=com.android.dx.rop.type.Type.equals(Ljava/lang/Object;)Z @ 8
Event: 2.060 Thread 0x0000000056c59000 Uncommon trap: reason=class_check action=maybe_recompile pc=0x0000000002c1afa0 method=com.android.dx.rop.type.Type.equals(Ljava/lang/Object;)Z @ 8
Event: 2.060 Thread 0x0000000056c59000 Uncommon trap: reason=class_check action=maybe_recompile pc=0x0000000002c1afa0 method=com.android.dx.rop.type.Type.equals(Ljava/lang/Object;)Z @ 8
Event: 2.060 Thread 0x0000000056c59000 Uncommon trap: reason=class_check action=maybe_recompile pc=0x0000000002c1afa0 method=com.android.dx.rop.type.Type.equals(Ljava/lang/Object;)Z @ 8
Event: 2.790 Thread 0x0000000056c59000 Uncommon trap: reason=unreached action=reinterpret pc=0x0000000002a4d844 method=com.android.dx.rop.cst.Constant.compareTo(Lcom/android/dx/rop/cst/Constant;)I @ 12
Event: 4.060 Thread 0x0000000056c56000 Uncommon trap: reason=class_check action=maybe_recompile pc=0x0000000002d27704 method=com.android.dx.ssa.NormalSsaInsn.accept(Lcom/android/dx/ssa/SsaInsn$Visitor;)V @ 9
Event: 4.065 Thread 0x0000000056c56000 Uncommon trap: reason=class_check action=maybe_recompile pc=0x0000000002d27704 method=com.android.dx.ssa.NormalSsaInsn.accept(Lcom/android/dx/ssa/SsaInsn$Visitor;)V @ 9
Event: 4.067 Thread 0x0000000056c56000 Uncommon trap: reason=uninitialized action=reinterpret pc=0x0000000002c561c0 method=com.android.dx.cf.code.BytecodeArray.parseInstruction(ILcom/android/dx/cf/code/BytecodeArray$Visitor;)I @ 1079

Internal exceptions (10 events):
Event: 1.664 Thread 0x000000000025e800 Exception <a 'java/security/PrivilegedActionException'> (0x00000000eba9bde0) thrown at [D:\re\workspace\8-2-build-windows-amd64-cygwin\jdk8u20\1074\hotspot\src\share\vm\prims\jvm.cpp, line 1275]
Event: 1.700 Thread 0x000000000025e800 Exception <a 'java/security/PrivilegedActionException'> (0x00000000ebaa9878) thrown at [D:\re\workspace\8-2-build-windows-amd64-cygwin\jdk8u20\1074\hotspot\src\share\vm\prims\jvm.cpp, line 1275]
Event: 1.749 Thread 0x0000000056c59000 Exception <a 'java/security/PrivilegedActionException'> (0x00000000ebabcba8) thrown at [D:\re\workspace\8-2-build-windows-amd64-cygwin\jdk8u20\1074\hotspot\src\share\vm\prims\jvm.cpp, line 1275]
Event: 1.752 Thread 0x0000000056c59000 Exception <a 'java/security/PrivilegedActionException'> (0x00000000ebad58a0) thrown at [D:\re\workspace\8-2-build-windows-amd64-cygwin\jdk8u20\1074\hotspot\src\share\vm\prims\jvm.cpp, line 1275]
Event: 2.001 Thread 0x0000000056c5d800 Implicit null exception at 0x0000000002b9c412 to 0x0000000002b9c511
Event: 2.055 Thread 0x0000000056c59000 Exception <a 'java/security/PrivilegedActionException'> (0x00000000eacda188) thrown at [D:\re\workspace\8-2-build-windows-amd64-cygwin\jdk8u20\1074\hotspot\src\share\vm\prims\jvm.cpp, line 1275]
Event: 2.193 Thread 0x000000000025e800 Exception <a 'java/security/PrivilegedActionException'> (0x00000000eabf4b28) thrown at [D:\re\workspace\8-2-build-windows-amd64-cygwin\jdk8u20\1074\hotspot\src\share\vm\prims\jvm.cpp, line 1275]
Event: 2.212 Thread 0x0000000056c59000 Exception <a 'java/security/PrivilegedActionException'> (0x00000000eae22cc8) thrown at [D:\re\workspace\8-2-build-windows-amd64-cygwin\jdk8u20\1074\hotspot\src\share\vm\prims\jvm.cpp, line 1275]
Event: 2.478 Thread 0x0000000056c59000 Exception <a 'java/security/PrivilegedActionException'> (0x00000000eaf77678) thrown at [D:\re\workspace\8-2-build-windows-amd64-cygwin\jdk8u20\1074\hotspot\src\share\vm\prims\jvm.cpp, line 1275]
Event: 4.100 Thread 0x000000000025e800 Exception <a 'java/security/PrivilegedActionException'> (0x00000000eab3f470) thrown at [D:\re\workspace\8-2-build-windows-amd64-cygwin\jdk8u20\1074\hotspot\src\share\vm\prims\jvm.cpp, line 1275]

Events (10 events):
Event: 4.065 Thread 0x0000000056c56000 Uncommon trap: trap_request=0xffffffde fr.pc=0x0000000002d27704
Event: 4.065 Thread 0x0000000056c56000 DEOPT PACKING pc=0x0000000002d27704 sp=0x00000000577deb00
Event: 4.065 Thread 0x0000000056c56000 DEOPT UNPACKING pc=0x00000000028f556a sp=0x00000000577de9e0 mode 2
Event: 4.067 Thread 0x0000000056c56000 Uncommon trap: trap_request=0xffffffb5 fr.pc=0x0000000002c561c0
Event: 4.067 Thread 0x0000000056c56000 DEOPT PACKING pc=0x0000000002c561c0 sp=0x00000000577deca0
Event: 4.067 Thread 0x0000000056c56000 DEOPT UNPACKING pc=0x00000000028f556a sp=0x00000000577dec10 mode 2
Event: 4.100 loading class com/android/dx/cf/iface/ParseObserver
Event: 4.100 loading class com/android/dx/cf/iface/ParseObserver done
Event: 4.262 Executing VM operation: EnableBiasedLocking
Event: 4.262 Executing VM operation: EnableBiasedLocking done


Dynamic libraries:
0x000000013fbf0000 - 0x000000013fc24000 	C:\Program Files\Java\jdk1.8.0_20\bin\java.exe
0x0000000077c00000 - 0x0000000077daa000 	C:\Windows\SYSTEM32\ntdll.dll
0x00000000779e0000 - 0x0000000077aff000 	C:\Windows\system32\kernel32.dll
0x000007fefdcb0000 - 0x000007fefdd1a000 	C:\Windows\system32\KERNELBASE.dll
0x000007feff1e0000 - 0x000007feff2bb000 	C:\Windows\system32\ADVAPI32.dll
0x000007feff2f0000 - 0x000007feff38f000 	C:\Windows\system32\msvcrt.dll
0x000007fefdde0000 - 0x000007fefddff000 	C:\Windows\SYSTEM32\sechost.dll
0x000007feff810000 - 0x000007feff93d000 	C:\Windows\system32\RPCRT4.dll
0x0000000077b00000 - 0x0000000077bfa000 	C:\Windows\system32\USER32.dll
0x000007feff540000 - 0x000007feff5a7000 	C:\Windows\system32\GDI32.dll
0x000007fefeb90000 - 0x000007fefeb9e000 	C:\Windows\system32\LPK.dll
0x000007feff390000 - 0x000007feff45a000 	C:\Windows\system32\USP10.dll
0x000007fefc800000 - 0x000007fefc9f4000 	C:\Windows\WinSxS\amd64_microsoft.windows.common-controls_6595b64144ccf1df_6.0.7601.18837_none_fa3b1e3d17594757\COMCTL32.dll
0x000007feff5b0000 - 0x000007feff621000 	C:\Windows\system32\SHLWAPI.dll
0x000007feff2c0000 - 0x000007feff2ee000 	C:\Windows\system32\IMM32.DLL
0x000007feff070000 - 0x000007feff179000 	C:\Windows\system32\MSCTF.dll
0x0000000073d10000 - 0x0000000073de2000 	C:\Program Files\Java\jdk1.8.0_20\jre\bin\msvcr100.dll
0x000000005ac80000 - 0x000000005b4d8000 	C:\Program Files\Java\jdk1.8.0_20\jre\bin\server\jvm.dll
0x000007fefd300000 - 0x000007fefd309000 	C:\Windows\system32\WSOCK32.dll
0x000007feff9e0000 - 0x000007feffa2d000 	C:\Windows\system32\WS2_32.dll
0x000007fefed50000 - 0x000007fefed58000 	C:\Windows\system32\NSI.dll
0x000007fefb9a0000 - 0x000007fefb9db000 	C:\Windows\system32\WINMM.dll
0x0000000077dc0000 - 0x0000000077dc7000 	C:\Windows\system32\PSAPI.DLL
0x0000000074620000 - 0x000000007462f000 	C:\Program Files\Java\jdk1.8.0_20\jre\bin\verify.dll
0x00000000745f0000 - 0x0000000074618000 	C:\Program Files\Java\jdk1.8.0_20\jre\bin\java.dll
0x00000000745d0000 - 0x00000000745e6000 	C:\Program Files\Java\jdk1.8.0_20\jre\bin\zip.dll
0x000007fefde00000 - 0x000007fefeb8a000 	C:\Windows\system32\SHELL32.dll
0x000007feffa30000 - 0x000007feffc33000 	C:\Windows\system32\ole32.dll
0x000007fefd990000 - 0x000007fefd99f000 	C:\Windows\system32\profapi.dll

VM Arguments:
jvm_args: -Djava.awt.headless=true -Xmx1024M -Dfile.encoding=windows-1252 -Duser.country=US -Duser.language=en -Duser.variant 
java_command: com.android.dx.command.Main --dex --num-threads=4 --output C:\Users\Martin\AndroidStudioProjects\SystemEngineeringGSM\app\build\intermediates\pre-dexed\debug\debug_1eadc4e82313c4d44a411d3a28e3d6f768ea7497.jar C:\Users\Martin\AndroidStudioProjects\SystemEngineeringGSM\app\build\intermediates\classes\debug
java_class_path (initial): C:\Users\Martin\AppData\Local\Android\sdk\build-tools\23.0.2\lib\dx.jar
Launcher Type: SUN_STANDARD

Environment Variables:
PATH=C:\ProgramData\Oracle\Java\javapath;C:\Program Files\Common Files\Microsoft Shared\Windows Live;C:\Program Files (x86)\Common Files\Microsoft Shared\Windows Live;C:\Program Files (x86)\Intel\iCLS Client\;C:\Program Files\Intel\iCLS Client\;C:\Program Files\Dell\DW WLAN Card;C:\Windows\system32;C:\Windows;C:\Windows\System32\Wbem;C:\Windows\System32\WindowsPowerShell\v1.0\;C:\Program Files\WIDCOMM\Bluetooth Software\;C:\Program Files\WIDCOMM\Bluetooth Software\syswow64;C:\Program Files\Dell\Dell Data Protection\Access\Advanced\Wave\Gemalto\Access Client\v5\;C:\Program Files (x86)\Security Innovation\SI TSS\bin\;C:\Program Files (x86)\Windows Live\Shared;C:\Program Files (x86)\MySQL\MySQL Utilities 1.3.4\;C:\Program Files\Microsoft SQL Server\110\Tools\Binn\;C:\Program Files\nodejs\;C:\Program Files (x86)\Git\cmd;C:\Program Files\MATLAB\runtime\win64;C:\Program Files\MATLAB\bin;C:\Program Files (x86)\QuickTime\QTSystem\;C:\Program Files (x86)\GtkSharp\2.12\bin;C:\Program Files (x86)\Skype\Phone\;C:\Program Files\Intel\Intel(R) Management Engine Components\DAL;C:\Program Files\Intel\Intel(R) Management Engine Components\IPT;C:\Program Files (x86)\Intel\Intel(R) Management Engine Components\DAL;C:\Program Files (x86)\Intel\Intel(R) Management Engine Components\IPT;C:\Users\Martin\AppData\Local\Android\sdk\platform-tools;C:\Program Files\Java\jdk1.8.0_20\bin;C:\Users\Martin\AppData\Roaming\npm
USERNAME=Martin
OS=Windows_NT
PROCESSOR_IDENTIFIER=Intel64 Family 6 Model 58 Stepping 9, GenuineIntel



---------------  S Y S T E M  ---------------

OS: Windows 7 , 64 bit Build 7601 Service Pack 1

CPU:total 4 (2 cores per cpu, 2 threads per core) family 6 model 58 stepping 9, cmov, cx8, fxsr, mmx, sse, sse2, sse3, ssse3, sse4.1, sse4.2, popcnt, avx, aes, clmul, erms, ht, tsc, tscinvbit, tscinv

Memory: 4k page, physical 4077532k(400748k free), swap 5811308k(5116k free)

vm_info: Java HotSpot(TM) 64-Bit Server VM (25.20-b23) for windows-amd64 JRE (1.8.0_20-b26), built on Jul 30 2014 13:51:23 by "java_re" with MS VC++ 10.0 (VS2010)

time: Wed Jun 01 10:31:44 2016
elapsed time: 5 seconds (0d 0h 0m 5s)

