#
# There is insufficient memory for the Java Runtime Environment to continue.
# Native memory allocation (malloc) failed to allocate 274416 bytes for Chunk::new
# Possible reasons:
#   The system is out of physical RAM or swap space
#   In 32 bit mode, the process size limit was hit
# Possible solutions:
#   Reduce memory load on the system
#   Increase physical memory or swap space
#   Check if swap backing store is full
#   Use 64 bit Java on a 64 bit OS
#   Decrease Java heap size (-Xmx/-Xms)
#   Decrease number of Java threads
#   Decrease Java thread stack sizes (-Xss)
#   Set larger code cache with -XX:ReservedCodeCacheSize=
# This output file may be truncated or incomplete.
#
#  Out of Memory Error (allocation.cpp:323), pid=11684, tid=10664
#
# JRE version: Java(TM) SE Runtime Environment (7.0_40-b43) (build 1.7.0_40-b43)
# Java VM: Java HotSpot(TM) 64-Bit Server VM (24.0-b56 mixed mode windows-amd64 compressed oops)
# Failed to write core dump. Minidumps are not enabled by default on client versions of Windows
#

---------------  T H R E A D  ---------------

Current thread (0x00000000081c2000):  JavaThread "C2 CompilerThread0" daemon [_thread_in_native, id=10664, stack(0x0000000009650000,0x0000000009750000)]

Stack: [0x0000000009650000,0x0000000009750000]

Current CompileTask:
C2:  16247  507             com.android.dx.cf.code.Simulator$SimVisitor::visitConstant (332 bytes)


---------------  P R O C E S S  ---------------

Java Threads: ( => current thread )
  0x000000000a0a2000 JavaThread "pool-1-thread-4" [_thread_blocked, id=12820, stack(0x000000000ae10000,0x000000000af10000)]
  0x000000000a03b000 JavaThread "pool-1-thread-3" [_thread_blocked, id=13524, stack(0x000000000ac50000,0x000000000ad50000)]
  0x0000000009fce800 JavaThread "pool-1-thread-2" [_thread_blocked, id=15252, stack(0x000000000a970000,0x000000000aa70000)]
  0x0000000009fce000 JavaThread "pool-2-thread-1" [_thread_blocked, id=1408, stack(0x000000000a680000,0x000000000a780000)]
  0x0000000009fcd000 JavaThread "pool-1-thread-1" [_thread_blocked, id=12596, stack(0x000000000a780000,0x000000000a880000)]
  0x00000000081d1800 JavaThread "Service Thread" daemon [_thread_blocked, id=8740, stack(0x0000000009d40000,0x0000000009e40000)]
  0x00000000081cd000 JavaThread "C2 CompilerThread1" daemon [_thread_blocked, id=11584, stack(0x0000000009a50000,0x0000000009b50000)]
=>0x00000000081c2000 JavaThread "C2 CompilerThread0" daemon [_thread_in_native, id=10664, stack(0x0000000009650000,0x0000000009750000)]
  0x00000000081c1000 JavaThread "Attach Listener" daemon [_thread_blocked, id=10356, stack(0x00000000098a0000,0x00000000099a0000)]
  0x00000000081ba000 JavaThread "Signal Dispatcher" daemon [_thread_blocked, id=3184, stack(0x0000000009770000,0x0000000009870000)]
  0x0000000008168800 JavaThread "Finalizer" daemon [_thread_blocked, id=9172, stack(0x00000000094c0000,0x00000000095c0000)]
  0x000000000815d800 JavaThread "Reference Handler" daemon [_thread_blocked, id=14088, stack(0x0000000009230000,0x0000000009330000)]
  0x000000000036e800 JavaThread "main" [_thread_blocked, id=5184, stack(0x0000000001e90000,0x0000000001f90000)]

Other Threads:
  0x000000000815c800 VMThread [stack: 0x00000000093a0000,0x00000000094a0000] [id=15108]
  0x00000000081da800 WatcherThread [stack: 0x0000000009b70000,0x0000000009c70000] [id=11128]

VM state:not at safepoint (normal execution)

VM Mutex/Monitor currently owned by a thread: None

Heap
 PSYoungGen      total 35328K, used 3020K [0x00000000eaa80000, 0x00000000efd80000, 0x0000000100000000)
  eden space 32768K, 1% used [0x00000000eaa80000,0x00000000eaaf6c60,0x00000000eca80000)
  from space 2560K, 99% used [0x00000000eca80000,0x00000000eccfc6a8,0x00000000ecd00000)
  to   space 9728K, 0% used [0x00000000ef400000,0x00000000ef400000,0x00000000efd80000)
 ParOldGen       total 42496K, used 17209K [0x00000000c0000000, 0x00000000c2980000, 0x00000000eaa80000)
  object space 42496K, 40% used [0x00000000c0000000,0x00000000c10ce758,0x00000000c2980000)
 PSPermGen       total 21504K, used 5868K [0x00000000bae00000, 0x00000000bc300000, 0x00000000c0000000)
  object space 21504K, 27% used [0x00000000bae00000,0x00000000bb3bb210,0x00000000bc300000)

Card table byte_map: [0x0000000005170000,0x00000000053a0000] byte_map_base: 0x0000000004b99000

Polling page: 0x0000000000330000

Code Cache  [0x00000000020b0000, 0x0000000002320000, 0x00000000050b0000)
 total_blobs=741 nmethods=505 adapters=188 free_code_cache=46842Kb largest_free_block=47908096

Compilation events (10 events):
Event: 16.020 Thread 0x00000000081cd000  510 %           com.android.dx.rop.code.RegisterSpecSet::intersect @ 33 (117 bytes)
Event: 16.030 Thread 0x00000000081cd000 nmethod 510% 0x00000000022c3850 code [0x00000000022c39e0, 0x00000000022c41b8]
Event: 16.031 Thread 0x00000000081cd000  511             java.util.Collections$UnmodifiableCollection$1::hasNext (10 bytes)
Event: 16.224 Thread 0x00000000081cd000 nmethod 511 0x00000000021ed150 code [0x00000000021ed2a0, 0x00000000021ed358]
Event: 16.224 Thread 0x00000000081cd000  512             java.lang.String::substring (56 bytes)
Event: 16.228 Thread 0x00000000081cd000 nmethod 512 0x00000000022c3190 code [0x00000000022c32e0, 0x00000000022c3618]
Event: 16.229 Thread 0x00000000081cd000  513             com.android.dx.rop.code.RegisterSpecSet::intersect (117 bytes)
Event: 16.239 Thread 0x00000000081cd000 nmethod 513 0x00000000022ef410 code [0x00000000022ef5a0, 0x00000000022efd58]
Event: 16.239 Thread 0x00000000081cd000  514             com.android.dx.cf.direct.DirectClassFile::parseToInterfacesIfNecessary (13 bytes)
Event: 16.239 Thread 0x00000000081cd000 nmethod 514 0x00000000022a97d0 code [0x00000000022a9920, 0x00000000022a99a8]

GC Heap History (10 events):
Event: 1.903 GC heap before
{Heap before GC invocations=1 (full 0):
 PSYoungGen      total 18944K, used 16384K [0x00000000eaa80000, 0x00000000ebf80000, 0x0000000100000000)
  eden space 16384K, 100% used [0x00000000eaa80000,0x00000000eba80000,0x00000000eba80000)
  from space 2560K, 0% used [0x00000000ebd00000,0x00000000ebd00000,0x00000000ebf80000)
  to   space 2560K, 0% used [0x00000000eba80000,0x00000000eba80000,0x00000000ebd00000)
 ParOldGen       total 42496K, used 0K [0x00000000c0000000, 0x00000000c2980000, 0x00000000eaa80000)
  object space 42496K, 0% used [0x00000000c0000000,0x00000000c0000000,0x00000000c2980000)
 PSPermGen       total 21504K, used 5507K [0x00000000bae00000, 0x00000000bc300000, 0x00000000c0000000)
  object space 21504K, 25% used [0x00000000bae00000,0x00000000bb360d18,0x00000000bc300000)
Event: 3.526 GC heap after
Heap after GC invocations=1 (full 0):
 PSYoungGen      total 18944K, used 2537K [0x00000000eaa80000, 0x00000000ecf80000, 0x0000000100000000)
  eden space 16384K, 0% used [0x00000000eaa80000,0x00000000eaa80000,0x00000000eba80000)
  from space 2560K, 99% used [0x00000000eba80000,0x00000000ebcfa438,0x00000000ebd00000)
  to   space 2560K, 0% used [0x00000000ecd00000,0x00000000ecd00000,0x00000000ecf80000)
 ParOldGen       total 42496K, used 908K [0x00000000c0000000, 0x00000000c2980000, 0x00000000eaa80000)
  object space 42496K, 2% used [0x00000000c0000000,0x00000000c00e3110,0x00000000c2980000)
 PSPermGen       total 21504K, used 5507K [0x00000000bae00000, 0x00000000bc300000, 0x00000000c0000000)
  object space 21504K, 25% used [0x00000000bae00000,0x00000000bb360d18,0x00000000bc300000)
}
Event: 6.698 GC heap before
{Heap before GC invocations=2 (full 0):
 PSYoungGen      total 18944K, used 18921K [0x00000000eaa80000, 0x00000000ecf80000, 0x0000000100000000)
  eden space 16384K, 100% used [0x00000000eaa80000,0x00000000eba80000,0x00000000eba80000)
  from space 2560K, 99% used [0x00000000eba80000,0x00000000ebcfa438,0x00000000ebd00000)
  to   space 2560K, 0% used [0x00000000ecd00000,0x00000000ecd00000,0x00000000ecf80000)
 ParOldGen       total 42496K, used 908K [0x00000000c0000000, 0x00000000c2980000, 0x00000000eaa80000)
  object space 42496K, 2% used [0x00000000c0000000,0x00000000c00e3110,0x00000000c2980000)
 PSPermGen       total 21504K, used 5716K [0x00000000bae00000, 0x00000000bc300000, 0x00000000c0000000)
  object space 21504K, 26% used [0x00000000bae00000,0x00000000bb3953f0,0x00000000bc300000)
Event: 7.242 GC heap after
Heap after GC invocations=2 (full 0):
 PSYoungGen      total 35328K, used 2545K [0x00000000eaa80000, 0x00000000ecf80000, 0x0000000100000000)
  eden space 32768K, 0% used [0x00000000eaa80000,0x00000000eaa80000,0x00000000eca80000)
  from space 2560K, 99% used [0x00000000ecd00000,0x00000000ecf7c6e0,0x00000000ecf80000)
  to   space 2560K, 0% used [0x00000000eca80000,0x00000000eca80000,0x00000000ecd00000)
 ParOldGen       total 42496K, used 2568K [0x00000000c0000000, 0x00000000c2980000, 0x00000000eaa80000)
  object space 42496K, 6% used [0x00000000c0000000,0x00000000c0282250,0x00000000c2980000)
 PSPermGen       total 21504K, used 5716K [0x00000000bae00000, 0x00000000bc300000, 0x00000000c0000000)
  object space 21504K, 26% used [0x00000000bae00000,0x00000000bb3953f0,0x00000000bc300000)
}
Event: 11.630 GC heap before
{Heap before GC invocations=3 (full 0):
 PSYoungGen      total 35328K, used 35313K [0x00000000eaa80000, 0x00000000ecf80000, 0x0000000100000000)
  eden space 32768K, 100% used [0x00000000eaa80000,0x00000000eca80000,0x00000000eca80000)
  from space 2560K, 99% used [0x00000000ecd00000,0x00000000ecf7c6e0,0x00000000ecf80000)
  to   space 2560K, 0% used [0x00000000eca80000,0x00000000eca80000,0x00000000ecd00000)
 ParOldGen       total 42496K, used 2568K [0x00000000c0000000, 0x00000000c2980000, 0x00000000eaa80000)
  object space 42496K, 6% used [0x00000000c0000000,0x00000000c0282250,0x00000000c2980000)
 PSPermGen       total 21504K, used 5800K [0x00000000bae00000, 0x00000000bc300000, 0x00000000c0000000)
  object space 21504K, 26% used [0x00000000bae00000,0x00000000bb3aa398,0x00000000bc300000)
Event: 11.711 GC heap after
Heap after GC invocations=3 (full 0):
 PSYoungGen      total 35328K, used 2531K [0x00000000eaa80000, 0x00000000ecf80000, 0x0000000100000000)
  eden space 32768K, 0% used [0x00000000eaa80000,0x00000000eaa80000,0x00000000eca80000)
  from space 2560K, 98% used [0x00000000eca80000,0x00000000eccf8f80,0x00000000ecd00000)
  to   space 2560K, 0% used [0x00000000ecd00000,0x00000000ecd00000,0x00000000ecf80000)
 ParOldGen       total 42496K, used 7151K [0x00000000c0000000, 0x00000000c2980000, 0x00000000eaa80000)
  object space 42496K, 16% used [0x00000000c0000000,0x00000000c06fbce0,0x00000000c2980000)
 PSPermGen       total 21504K, used 5800K [0x00000000bae00000, 0x00000000bc300000, 0x00000000c0000000)
  object space 21504K, 26% used [0x00000000bae00000,0x00000000bb3aa398,0x00000000bc300000)
}
Event: 13.845 GC heap before
{Heap before GC invocations=4 (full 0):
 PSYoungGen      total 35328K, used 35299K [0x00000000eaa80000, 0x00000000ecf80000, 0x0000000100000000)
  eden space 32768K, 100% used [0x00000000eaa80000,0x00000000eca80000,0x00000000eca80000)
  from space 2560K, 98% used [0x00000000eca80000,0x00000000eccf8f80,0x00000000ecd00000)
  to   space 2560K, 0% used [0x00000000ecd00000,0x00000000ecd00000,0x00000000ecf80000)
 ParOldGen       total 42496K, used 7151K [0x00000000c0000000, 0x00000000c2980000, 0x00000000eaa80000)
  object space 42496K, 16% used [0x00000000c0000000,0x00000000c06fbce0,0x00000000c2980000)
 PSPermGen       total 21504K, used 5825K [0x00000000bae00000, 0x00000000bc300000, 0x00000000c0000000)
  object space 21504K, 27% used [0x00000000bae00000,0x00000000bb3b06c0,0x00000000bc300000)
Event: 13.911 GC heap after
Heap after GC invocations=4 (full 0):
 PSYoungGen      total 35328K, used 2533K [0x00000000eaa80000, 0x00000000eef80000, 0x0000000100000000)
  eden space 32768K, 0% used [0x00000000eaa80000,0x00000000eaa80000,0x00000000eca80000)
  from space 2560K, 98% used [0x00000000ecd00000,0x00000000ecf795f0,0x00000000ecf80000)
  to   space 2560K, 0% used [0x00000000eca80000,0x00000000eca80000,0x00000000ecd00000)
 ParOldGen       total 42496K, used 12173K [0x00000000c0000000, 0x00000000c2980000, 0x00000000eaa80000)
  object space 42496K, 28% used [0x00000000c0000000,0x00000000c0be3430,0x00000000c2980000)
 PSPermGen       total 21504K, used 5825K [0x00000000bae00000, 0x00000000bc300000, 0x00000000c0000000)
  object space 21504K, 27% used [0x00000000bae00000,0x00000000bb3b06c0,0x00000000bc300000)
}
Event: 16.032 GC heap before
{Heap before GC invocations=5 (full 0):
 PSYoungGen      total 35328K, used 35301K [0x00000000eaa80000, 0x00000000eef80000, 0x0000000100000000)
  eden space 32768K, 100% used [0x00000000eaa80000,0x00000000eca80000,0x00000000eca80000)
  from space 2560K, 98% used [0x00000000ecd00000,0x00000000ecf795f0,0x00000000ecf80000)
  to   space 2560K, 0% used [0x00000000eca80000,0x00000000eca80000,0x00000000ecd00000)
 ParOldGen       total 42496K, used 12173K [0x00000000c0000000, 0x00000000c2980000, 0x00000000eaa80000)
  object space 42496K, 28% used [0x00000000c0000000,0x00000000c0be3430,0x00000000c2980000)
 PSPermGen       total 21504K, used 5868K [0x00000000bae00000, 0x00000000bc300000, 0x00000000c0000000)
  object space 21504K, 27% used [0x00000000bae00000,0x00000000bb3bb138,0x00000000bc300000)
Event: 16.224 GC heap after
Heap after GC invocations=5 (full 0):
 PSYoungGen      total 35328K, used 2545K [0x00000000eaa80000, 0x00000000efd80000, 0x0000000100000000)
  eden space 32768K, 0% used [0x00000000eaa80000,0x00000000eaa80000,0x00000000eca80000)
  from space 2560K, 99% used [0x00000000eca80000,0x00000000eccfc6a8,0x00000000ecd00000)
  to   space 9728K, 0% used [0x00000000ef400000,0x00000000ef400000,0x00000000efd80000)
 ParOldGen       total 42496K, used 17209K [0x00000000c0000000, 0x00000000c2980000, 0x00000000eaa80000)
  object space 42496K, 40% used [0x00000000c0000000,0x00000000c10ce758,0x00000000c2980000)
 PSPermGen       total 21504K, used 5868K [0x00000000bae00000, 0x00000000bc300000, 0x00000000c0000000)
  object space 21504K, 27% used [0x00000000bae00000,0x00000000bb3bb138,0x00000000bc300000)
}

Deoptimization events (10 events):
Event: 13.975 Thread 0x0000000009fcd000 Uncommon trap: reason=unreached action=reinterpret pc=0x0000000002196450 method=com.android.dx.rop.code.LocalVariableExtractor.processBlock(I)V @ 138
Event: 13.975 Thread 0x0000000009fcd000 Uncommon trap: reason=unreached action=reinterpret pc=0x00000000021d0824 method=com.android.dx.rop.code.RegisterSpecSet.intersect(Lcom/android/dx/rop/code/RegisterSpecSet;Z)V @ 73
Event: 13.978 Thread 0x0000000009fcd000 Uncommon trap: reason=class_check action=maybe_recompile pc=0x000000000213e4c8 method=com.android.dx.ssa.NormalSsaInsn.accept(Lcom/android/dx/ssa/SsaInsn$Visitor;)V @ 9
Event: 14.195 Thread 0x0000000009fcd000 Uncommon trap: reason=class_check action=maybe_recompile pc=0x000000000213e4c8 method=com.android.dx.ssa.NormalSsaInsn.accept(Lcom/android/dx/ssa/SsaInsn$Visitor;)V @ 9
Event: 14.362 Thread 0x000000000a0a2000 Uncommon trap: reason=bimorphic action=maybe_recompile pc=0x000000000223c370 method=com.android.dx.cf.code.Merger.mergeType(Lcom/android/dx/rop/type/TypeBearer;Lcom/android/dx/rop/type/TypeBearer;)Lcom/android/dx/rop/type/TypeBearer; @ 21
Event: 14.366 Thread 0x000000000a0a2000 Uncommon trap: reason=bimorphic action=maybe_recompile pc=0x000000000223c370 method=com.android.dx.cf.code.Merger.mergeType(Lcom/android/dx/rop/type/TypeBearer;Lcom/android/dx/rop/type/TypeBearer;)Lcom/android/dx/rop/type/TypeBearer; @ 21
Event: 14.666 Thread 0x000000000a0a2000 Uncommon trap: reason=bimorphic action=maybe_recompile pc=0x000000000223c370 method=com.android.dx.cf.code.Merger.mergeType(Lcom/android/dx/rop/type/TypeBearer;Lcom/android/dx/rop/type/TypeBearer;)Lcom/android/dx/rop/type/TypeBearer; @ 21
Event: 14.766 Thread 0x000000000a0a2000 Uncommon trap: reason=null_check action=make_not_entrant pc=0x00000000022b0ce4 method=com.android.dx.dex.file.FieldIdsSection.intern(Lcom/android/dx/rop/cst/CstFieldRef;)Lcom/android/dx/dex/file/FieldIdItem; @ 26
Event: 15.009 Thread 0x0000000009fcd000 Uncommon trap: reason=bimorphic action=maybe_recompile pc=0x000000000223c370 method=com.android.dx.cf.code.Merger.mergeType(Lcom/android/dx/rop/type/TypeBearer;Lcom/android/dx/rop/type/TypeBearer;)Lcom/android/dx/rop/type/TypeBearer; @ 21
Event: 15.039 Thread 0x0000000009fce800 Uncommon trap: reason=class_check action=maybe_recompile pc=0x000000000213e4c8 method=com.android.dx.ssa.NormalSsaInsn.accept(Lcom/android/dx/ssa/SsaInsn$Visitor;)V @ 9

Internal exceptions (10 events):
Event: 5.769 Thread 0x000000000a0a2000 Threw 0x00000000eabb6d58 at C:\jdk7u2_64p\jdk7u40\hotspot\src\share\vm\prims\jvm.cpp:1244
Event: 6.131 Thread 0x000000000a03b000 Implicit null exception at 0x0000000002164cff to 0x0000000002165ac9
Event: 6.532 Thread 0x000000000036e800 Implicit null exception at 0x0000000002189c1b to 0x000000000218a309
Event: 6.691 Thread 0x0000000009fcd000 Implicit null exception at 0x0000000002168d05 to 0x0000000002169f45
Event: 7.897 Thread 0x0000000009fcd000 Implicit null exception at 0x00000000021b83fd to 0x00000000021ba2d9
Event: 10.059 Thread 0x000000000a03b000 Threw 0x00000000eb6d4278 at C:\jdk7u2_64p\jdk7u40\hotspot\src\share\vm\prims\jvm.cpp:1244
Event: 10.069 Thread 0x000000000a03b000 Threw 0x00000000eb77e0d8 at C:\jdk7u2_64p\jdk7u40\hotspot\src\share\vm\prims\jvm.cpp:1244
Event: 13.975 Thread 0x0000000009fcd000 Implicit null exception at 0x00000000021d03f6 to 0x00000000021d07cd
Event: 14.388 Thread 0x000000000036e800 Threw 0x00000000eb89c758 at C:\jdk7u2_64p\jdk7u40\hotspot\src\share\vm\prims\jvm.cpp:1244
Event: 15.036 Thread 0x000000000a0a2000 Threw 0x00000000ec1f8610 at C:\jdk7u2_64p\jdk7u40\hotspot\src\share\vm\prims\jvm.cpp:1244

Events (10 events):
Event: 15.009 Thread 0x0000000009fcd000 Uncommon trap: trap_request=0xffffffc6 fr.pc=0x000000000223c370
Event: 15.009 Thread 0x0000000009fcd000 DEOPT PACKING pc=0x000000000223c370 sp=0x000000000a87ee90
Event: 15.009 Thread 0x0000000009fcd000 DEOPT UNPACKING pc=0x00000000020e75a4 sp=0x000000000a87ee20 mode 2
Event: 15.036 loading class 0x0000000009fcb050
Event: 15.036 loading class 0x0000000009fcb050 done
Event: 15.039 Thread 0x0000000009fce800 Uncommon trap: trap_request=0xffffffde fr.pc=0x000000000213e4c8
Event: 15.039 Thread 0x0000000009fce800 DEOPT PACKING pc=0x000000000213e4c8 sp=0x000000000aa6e8a0
Event: 15.039 Thread 0x0000000009fce800 DEOPT UNPACKING pc=0x00000000020e75a4 sp=0x000000000aa6e7b0 mode 2
Event: 16.032 Executing VM operation: ParallelGCFailedAllocation
Event: 16.224 Executing VM operation: ParallelGCFailedAllocation done


Dynamic libraries:
0x000000013f710000 - 0x000000013f743000 	C:\Program Files\Java\jdk1.7.0_40\bin\java.exe
0x0000000077560000 - 0x000000007770a000 	C:\Windows\SYSTEM32\ntdll.dll
0x0000000077440000 - 0x000000007755f000 	C:\Windows\system32\kernel32.dll
0x000007fefd310000 - 0x000007fefd37b000 	C:\Windows\system32\KERNELBASE.dll
0x000007fefd880000 - 0x000007fefd95b000 	C:\Windows\system32\ADVAPI32.dll
0x000007fefd960000 - 0x000007fefd9ff000 	C:\Windows\system32\msvcrt.dll
0x000007feff1b0000 - 0x000007feff1cf000 	C:\Windows\SYSTEM32\sechost.dll
0x000007feff530000 - 0x000007feff65d000 	C:\Windows\system32\RPCRT4.dll
0x0000000077340000 - 0x000000007743a000 	C:\Windows\system32\USER32.dll
0x000007fefda30000 - 0x000007fefda97000 	C:\Windows\system32\GDI32.dll
0x000007fefe2a0000 - 0x000007fefe2ae000 	C:\Windows\system32\LPK.dll
0x000007feff1d0000 - 0x000007feff29a000 	C:\Windows\system32\USP10.dll
0x000007fefc140000 - 0x000007fefc334000 	C:\Windows\WinSxS\amd64_microsoft.windows.common-controls_6595b64144ccf1df_6.0.7601.18837_none_fa3b1e3d17594757\COMCTL32.dll
0x000007fefe140000 - 0x000007fefe1b1000 	C:\Windows\system32\SHLWAPI.dll
0x000007fefda00000 - 0x000007fefda2e000 	C:\Windows\system32\IMM32.DLL
0x000007feff040000 - 0x000007feff149000 	C:\Windows\system32\MSCTF.dll
0x0000000055110000 - 0x00000000551e1000 	C:\Program Files\Java\jdk1.7.0_40\jre\bin\msvcr100.dll
0x000000006e320000 - 0x000000006eae9000 	C:\Program Files\Java\jdk1.7.0_40\jre\bin\server\jvm.dll
0x000007fefc6d0000 - 0x000007fefc6d9000 	C:\Windows\system32\WSOCK32.dll
0x000007feff150000 - 0x000007feff19d000 	C:\Windows\system32\WS2_32.dll
0x000007feff1a0000 - 0x000007feff1a8000 	C:\Windows\system32\NSI.dll
0x000007fefb340000 - 0x000007fefb37b000 	C:\Windows\system32\WINMM.dll
0x0000000077730000 - 0x0000000077737000 	C:\Windows\system32\PSAPI.DLL
0x0000000073a10000 - 0x0000000073a1f000 	C:\Program Files\Java\jdk1.7.0_40\jre\bin\verify.dll
0x00000000739c0000 - 0x00000000739e8000 	C:\Program Files\Java\jdk1.7.0_40\jre\bin\java.dll
0x0000000073980000 - 0x0000000073995000 	C:\Program Files\Java\jdk1.7.0_40\jre\bin\zip.dll
0x0000000073960000 - 0x0000000073979000 	C:\Program Files\Java\jdk1.7.0_40\jre\bin\net.dll
0x000007fefca70000 - 0x000007fefcac5000 	C:\Windows\system32\mswsock.dll
0x000007fefcd40000 - 0x000007fefcd47000 	C:\Windows\System32\wship6.dll
0x0000000073900000 - 0x0000000073911000 	C:\Program Files\Java\jdk1.7.0_40\jre\bin\nio.dll

VM Arguments:
jvm_args: -Djava.awt.headless=true -Xmx1024M -Dfile.encoding=windows-1252 -Duser.country=US -Duser.language=en -Duser.variant 
java_command: com.android.dx.command.Main --dex --num-threads=4 --output C:\Users\Martin\AndroidStudioProjects\SystemEngineeringGSM\app\build\intermediates\pre-dexed\debug\com.google.android.gms-play-services-maps-7.8.0_22c3b0c8ad1f336d0e142f38794ee1132e2789ec.jar C:\Users\Martin\AndroidStudioProjects\SystemEngineeringGSM\app\build\intermediates\exploded-aar\com.google.android.gms\play-services-maps\7.8.0\jars\classes.jar
Launcher Type: SUN_STANDARD

Environment Variables:
PATH=C:\ProgramData\Oracle\Java\javapath;C:\Program Files\Common Files\Microsoft Shared\Windows Live;C:\Program Files (x86)\Common Files\Microsoft Shared\Windows Live;C:\Program Files (x86)\Intel\iCLS Client\;C:\Program Files\Intel\iCLS Client\;C:\Program Files\Dell\DW WLAN Card;C:\Windows\system32;C:\Windows;C:\Windows\System32\Wbem;C:\Windows\System32\WindowsPowerShell\v1.0\;C:\Program Files\WIDCOMM\Bluetooth Software\;C:\Program Files\WIDCOMM\Bluetooth Software\syswow64;C:\Program Files\Dell\Dell Data Protection\Access\Advanced\Wave\Gemalto\Access Client\v5\;C:\Program Files (x86)\Security Innovation\SI TSS\bin\;C:\Program Files (x86)\Windows Live\Shared;C:\Program Files (x86)\MySQL\MySQL Utilities 1.3.4\;C:\Program Files\Microsoft SQL Server\110\Tools\Binn\;C:\Program Files\nodejs\;C:\Program Files (x86)\Git\cmd;C:\Program Files\MATLAB\runtime\win64;C:\Program Files\MATLAB\bin;C:\Program Files (x86)\QuickTime\QTSystem\;C:\Program Files (x86)\GtkSharp\2.12\bin;C:\Program Files (x86)\Skype\Phone\;C:\Program Files\Intel\Intel(R) Management Engine Components\DAL;C:\Program Files\Intel\Intel(R) Management Engine Components\IPT;C:\Program Files (x86)\Intel\Intel(R) Management Engine Components\DAL;C:\Program Files (x86)\Intel\Intel(R) Management Engine Components\IPT;C:\Users\Martin\AppData\Local\Android\sdk\platform-tools;C:\Program Files\Java\jdk1.8.0_20\bin;C:\Users\Martin\AppData\Roaming\npm
USERNAME=Martin
OS=Windows_NT
PROCESSOR_IDENTIFIER=Intel64 Family 6 Model 58 Stepping 9, GenuineIntel



---------------  S Y S T E M  ---------------

OS: Windows 7 , 64 bit Build 7601 Service Pack 1

CPU:total 4 (2 cores per cpu, 2 threads per core) family 6 model 58 stepping 9, cmov, cx8, fxsr, mmx, sse, sse2, sse3, ssse3, sse4.1, sse4.2, popcnt, avx, aes, erms, ht, tsc, tscinvbit, tscinv

Memory: 4k page, physical 4077532k(286964k free), swap 6170092k(5244k free)

vm_info: Java HotSpot(TM) 64-Bit Server VM (24.0-b56) for windows-amd64 JRE (1.7.0_40-b43), built on Aug 26 2013 22:38:32 by "java_re" with unknown MS VC++:1600

time: Thu Mar 31 11:27:13 2016
elapsed time: 16 seconds

