#
# There is insufficient memory for the Java Runtime Environment to continue.
# Native memory allocation (malloc) failed to allocate 32744 bytes for ChunkPool::allocate
# Possible reasons:
#   The system is out of physical RAM or swap space
#   In 32 bit mode, the process size limit was hit
# Possible solutions:
#   Reduce memory load on the system
#   Increase physical memory or swap space
#   Check if swap backing store is full
#   Use 64 bit Java on a 64 bit OS
#   Decrease Java heap size (-Xmx/-Xms)
#   Decrease number of Java threads
#   Decrease Java thread stack sizes (-Xss)
#   Set larger code cache with -XX:ReservedCodeCacheSize=
# This output file may be truncated or incomplete.
#
#  Out of Memory Error (allocation.cpp:273), pid=1220, tid=6112
#
# JRE version: Java(TM) SE Runtime Environment (8.0_20-b26) (build 1.8.0_20-b26)
# Java VM: Java HotSpot(TM) 64-Bit Server VM (25.20-b23 mixed mode windows-amd64 compressed oops)
# Failed to write core dump. Minidumps are not enabled by default on client versions of Windows
#

---------------  T H R E A D  ---------------

Current thread (0x0000000055f23800):  JavaThread "C2 CompilerThread0" daemon [_thread_in_native, id=6112, stack(0x0000000056870000,0x0000000056970000)]

Stack: [0x0000000056870000,0x0000000056970000]
Native frames: (J=compiled Java code, j=interpreted, Vv=VM code, C=native code)
V  [jvm.dll+0x3152fa]


Current CompileTask:
C2:   8313 1494       4       com.android.dx.ssa.SCCP::simulateBlock (54 bytes)


---------------  P R O C E S S  ---------------

Java Threads: ( => current thread )
  0x000000005620a000 JavaThread "pool-1-thread-4" [_thread_blocked, id=4420, stack(0x0000000057270000,0x0000000057370000)]
  0x0000000056199000 JavaThread "pool-1-thread-3" [_thread_blocked, id=3916, stack(0x0000000056ff0000,0x00000000570f0000)]
  0x0000000056107000 JavaThread "pool-1-thread-2" [_thread_blocked, id=1692, stack(0x0000000057120000,0x0000000057220000)]
  0x0000000056105800 JavaThread "pool-2-thread-1" [_thread_blocked, id=7264, stack(0x0000000056ef0000,0x0000000056ff0000)]
  0x0000000056104800 JavaThread "pool-1-thread-1" [_thread_blocked, id=7280, stack(0x0000000056d00000,0x0000000056e00000)]
  0x0000000054daf800 JavaThread "Service Thread" daemon [_thread_blocked, id=1604, stack(0x0000000056ae0000,0x0000000056be0000)]
  0x0000000055f27800 JavaThread "C1 CompilerThread2" daemon [_thread_blocked, id=7152, stack(0x0000000056340000,0x0000000056440000)]
  0x0000000055f26000 JavaThread "C2 CompilerThread1" daemon [_thread_blocked, id=6152, stack(0x0000000056970000,0x0000000056a70000)]
=>0x0000000055f23800 JavaThread "C2 CompilerThread0" daemon [_thread_in_native, id=6112, stack(0x0000000056870000,0x0000000056970000)]
  0x0000000055f20800 JavaThread "Attach Listener" daemon [_thread_blocked, id=5956, stack(0x00000000566b0000,0x00000000567b0000)]
  0x0000000054da2000 JavaThread "Signal Dispatcher" daemon [_thread_blocked, id=4936, stack(0x00000000564b0000,0x00000000565b0000)]
  0x0000000054d44800 JavaThread "Finalizer" daemon [_thread_blocked, id=4536, stack(0x0000000055b90000,0x0000000055c90000)]
  0x0000000054d3b800 JavaThread "Reference Handler" daemon [_thread_blocked, id=2496, stack(0x0000000055e20000,0x0000000055f20000)]
  0x0000000001e5e800 JavaThread "main" [_thread_in_native, id=4640, stack(0x0000000001fb0000,0x00000000020b0000)]

Other Threads:
  0x0000000054d36000 VMThread [stack: 0x0000000055cd0000,0x0000000055dd0000] [id=8380]
  0x0000000055f4f800 WatcherThread [stack: 0x00000000565b0000,0x00000000566b0000] [id=7008]

VM state:not at safepoint (normal execution)

VM Mutex/Monitor currently owned by a thread: None

Heap:
 PSYoungGen      total 35328K, used 14535K [0x00000000eab00000, 0x00000000ed000000, 0x0000000100000000)
  eden space 32768K, 36% used [0x00000000eab00000,0x00000000eb6b6588,0x00000000ecb00000)
  from space 2560K, 99% used [0x00000000ecd80000,0x00000000ecffb7f8,0x00000000ed000000)
  to   space 2560K, 0% used [0x00000000ecb00000,0x00000000ecb00000,0x00000000ecd80000)
 ParOldGen       total 44032K, used 4933K [0x00000000c0000000, 0x00000000c2b00000, 0x00000000eab00000)
  object space 44032K, 11% used [0x00000000c0000000,0x00000000c04d17b0,0x00000000c2b00000)
 Metaspace       used 5973K, capacity 6960K, committed 7040K, reserved 1056768K
  class space    used 585K, capacity 616K, committed 640K, reserved 1048576K

Card table byte_map: [0x0000000011740000,0x0000000011950000] byte_map_base: 0x0000000011140000

Marking Bits: (ParMarkBitMap*) 0x000000007312b460
 Begin Bits: [0x00000000121b0000, 0x00000000131b0000)
 End Bits:   [0x00000000131b0000, 0x00000000141b0000)

Polling page: 0x0000000000210000

CodeCache: size=245760Kb used=5953Kb max_used=5959Kb free=239806Kb
 bounds [0x0000000002380000, 0x0000000002960000, 0x0000000011380000]
 total_blobs=1757 nmethods=1493 adapters=178
 compilation: enabled

Compilation events (10 events):
Event: 7.659 Thread 0x0000000055f26000 nmethod 1492 0x000000000294b990 code [0x000000000294bae0, 0x000000000294bc78]
Event: 7.698 Thread 0x0000000055f23800 1493       4       com.android.dx.ssa.SsaBasicBlock::<init> (109 bytes)
Event: 7.711 Thread 0x0000000055f23800 nmethod 1493 0x0000000002952dd0 code [0x0000000002952f60, 0x00000000029535f8]
Event: 8.201 Thread 0x0000000055f23800 1494       4       com.android.dx.ssa.SCCP::simulateBlock (54 bytes)
Event: 8.224 Thread 0x0000000055f26000 1495       4       com.android.dx.ssa.SsaBasicBlock::exitBlockFixup (58 bytes)
Event: 8.236 Thread 0x0000000055f26000 nmethod 1495 0x0000000002954950 code [0x0000000002954ac0, 0x00000000029551d8]
Event: 8.236 Thread 0x0000000055f26000 1497       4       com.android.dx.ssa.SsaBasicBlock::scheduleMovesFromPhis (108 bytes)
Event: 8.239 Thread 0x0000000055f26000 nmethod 1497 0x0000000002952790 code [0x0000000002952920, 0x0000000002952b00]
Event: 8.261 Thread 0x0000000055f27800 1496       3       com.android.dx.cf.code.Simulator$SimVisitor::checkReturnType (64 bytes)
Event: 8.262 Thread 0x0000000055f27800 nmethod 1496 0x000000000294f4d0 code [0x000000000294f700, 0x0000000002950408]

GC Heap History (4 events):
Event: 2.242 GC heap before
{Heap before GC invocations=1 (full 0):
 PSYoungGen      total 18944K, used 16384K [0x00000000eab00000, 0x00000000ec000000, 0x0000000100000000)
  eden space 16384K, 100% used [0x00000000eab00000,0x00000000ebb00000,0x00000000ebb00000)
  from space 2560K, 0% used [0x00000000ebd80000,0x00000000ebd80000,0x00000000ec000000)
  to   space 2560K, 0% used [0x00000000ebb00000,0x00000000ebb00000,0x00000000ebd80000)
 ParOldGen       total 44032K, used 0K [0x00000000c0000000, 0x00000000c2b00000, 0x00000000eab00000)
  object space 44032K, 0% used [0x00000000c0000000,0x00000000c0000000,0x00000000c2b00000)
 Metaspace       used 5555K, capacity 6640K, committed 6784K, reserved 1056768K
  class space    used 576K, capacity 616K, committed 640K, reserved 1048576K
Event: 2.301 GC heap after
Heap after GC invocations=1 (full 0):
 PSYoungGen      total 18944K, used 2528K [0x00000000eab00000, 0x00000000ed000000, 0x0000000100000000)
  eden space 16384K, 0% used [0x00000000eab00000,0x00000000eab00000,0x00000000ebb00000)
  from space 2560K, 98% used [0x00000000ebb00000,0x00000000ebd78358,0x00000000ebd80000)
  to   space 2560K, 0% used [0x00000000ecd80000,0x00000000ecd80000,0x00000000ed000000)
 ParOldGen       total 44032K, used 2217K [0x00000000c0000000, 0x00000000c2b00000, 0x00000000eab00000)
  object space 44032K, 5% used [0x00000000c0000000,0x00000000c022a718,0x00000000c2b00000)
 Metaspace       used 5555K, capacity 6640K, committed 6784K, reserved 1056768K
  class space    used 576K, capacity 616K, committed 640K, reserved 1048576K
}
Event: 4.254 GC heap before
{Heap before GC invocations=2 (full 0):
 PSYoungGen      total 18944K, used 18912K [0x00000000eab00000, 0x00000000ed000000, 0x0000000100000000)
  eden space 16384K, 100% used [0x00000000eab00000,0x00000000ebb00000,0x00000000ebb00000)
  from space 2560K, 98% used [0x00000000ebb00000,0x00000000ebd78358,0x00000000ebd80000)
  to   space 2560K, 0% used [0x00000000ecd80000,0x00000000ecd80000,0x00000000ed000000)
 ParOldGen       total 44032K, used 2217K [0x00000000c0000000, 0x00000000c2b00000, 0x00000000eab00000)
  object space 44032K, 5% used [0x00000000c0000000,0x00000000c022a718,0x00000000c2b00000)
 Metaspace       used 5878K, capacity 6896K, committed 7040K, reserved 1056768K
  class space    used 585K, capacity 616K, committed 640K, reserved 1048576K
Event: 4.284 GC heap after
Heap after GC invocations=2 (full 0):
 PSYoungGen      total 35328K, used 2541K [0x00000000eab00000, 0x00000000ed000000, 0x0000000100000000)
  eden space 32768K, 0% used [0x00000000eab00000,0x00000000eab00000,0x00000000ecb00000)
  from space 2560K, 99% used [0x00000000ecd80000,0x00000000ecffb7f8,0x00000000ed000000)
  to   space 2560K, 0% used [0x00000000ecb00000,0x00000000ecb00000,0x00000000ecd80000)
 ParOldGen       total 44032K, used 4933K [0x00000000c0000000, 0x00000000c2b00000, 0x00000000eab00000)
  object space 44032K, 11% used [0x00000000c0000000,0x00000000c04d17b0,0x00000000c2b00000)
 Metaspace       used 5878K, capacity 6896K, committed 7040K, reserved 1056768K
  class space    used 585K, capacity 616K, committed 640K, reserved 1048576K
}

Deoptimization events (10 events):
Event: 2.354 Thread 0x000000005620a000 Uncommon trap: reason=class_check action=maybe_recompile pc=0x000000000267e950 method=com.android.dx.rop.type.Type.equals(Ljava/lang/Object;)Z @ 8
Event: 2.354 Thread 0x000000005620a000 Uncommon trap: reason=class_check action=maybe_recompile pc=0x000000000267e950 method=com.android.dx.rop.type.Type.equals(Ljava/lang/Object;)Z @ 8
Event: 2.354 Thread 0x000000005620a000 Uncommon trap: reason=class_check action=maybe_recompile pc=0x000000000267e950 method=com.android.dx.rop.type.Type.equals(Ljava/lang/Object;)Z @ 8
Event: 2.354 Thread 0x000000005620a000 Uncommon trap: reason=class_check action=maybe_recompile pc=0x000000000267e950 method=com.android.dx.rop.type.Type.equals(Ljava/lang/Object;)Z @ 8
Event: 2.365 Thread 0x0000000056199000 Uncommon trap: reason=null_check action=make_not_entrant pc=0x000000000270ef10 method=com.android.dx.rop.type.Type.equals(Ljava/lang/Object;)Z @ 8
Event: 2.861 Thread 0x0000000056199000 Uncommon trap: reason=unreached action=reinterpret pc=0x0000000002545a44 method=com.android.dx.rop.cst.Constant.compareTo(Lcom/android/dx/rop/cst/Constant;)I @ 12
Event: 2.931 Thread 0x0000000056104800 Uncommon trap: reason=class_check action=maybe_recompile pc=0x00000000027fc1d8 method=com.android.dx.ssa.NormalSsaInsn.accept(Lcom/android/dx/ssa/SsaInsn$Visitor;)V @ 9
Event: 3.491 Thread 0x0000000056104800 Uncommon trap: reason=unreached action=reinterpret pc=0x000000000282bc40 method=com.android.dx.util.LabeledList.set(ILcom/android/dx/util/LabeledItem;)V @ 16
Event: 4.500 Thread 0x000000005620a000 Uncommon trap: reason=class_check action=maybe_recompile pc=0x00000000027fc1d8 method=com.android.dx.ssa.NormalSsaInsn.accept(Lcom/android/dx/ssa/SsaInsn$Visitor;)V @ 9
Event: 4.508 Thread 0x000000005620a000 Uncommon trap: reason=class_check action=maybe_recompile pc=0x00000000027fc1d8 method=com.android.dx.ssa.NormalSsaInsn.accept(Lcom/android/dx/ssa/SsaInsn$Visitor;)V @ 9

Internal exceptions (10 events):
Event: 2.304 Thread 0x000000005620a000 Exception <a 'java/security/PrivilegedActionException'> (0x00000000eab192a8) thrown at [D:\re\workspace\8-2-build-windows-amd64-cygwin\jdk8u20\1074\hotspot\src\share\vm\prims\jvm.cpp, line 1275]
Event: 2.307 Thread 0x000000005620a000 Exception <a 'java/security/PrivilegedActionException'> (0x00000000eabaccb0) thrown at [D:\re\workspace\8-2-build-windows-amd64-cygwin\jdk8u20\1074\hotspot\src\share\vm\prims\jvm.cpp, line 1275]
Event: 2.343 Thread 0x000000005620a000 Exception <a 'java/security/PrivilegedActionException'> (0x00000000eacdb698) thrown at [D:\re\workspace\8-2-build-windows-amd64-cygwin\jdk8u20\1074\hotspot\src\share\vm\prims\jvm.cpp, line 1275]
Event: 2.347 Thread 0x0000000001e5e800 Exception <a 'java/security/PrivilegedActionException'> (0x00000000eac5d1f8) thrown at [D:\re\workspace\8-2-build-windows-amd64-cygwin\jdk8u20\1074\hotspot\src\share\vm\prims\jvm.cpp, line 1275]
Event: 2.365 Thread 0x0000000056199000 Implicit null exception at 0x000000000270ee12 to 0x000000000270ef02
Event: 2.453 Thread 0x0000000001e5e800 Exception <a 'java/security/PrivilegedActionException'> (0x00000000eac813a8) thrown at [D:\re\workspace\8-2-build-windows-amd64-cygwin\jdk8u20\1074\hotspot\src\share\vm\prims\jvm.cpp, line 1275]
Event: 2.492 Thread 0x000000005620a000 Exception <a 'java/security/PrivilegedActionException'> (0x00000000eae55560) thrown at [D:\re\workspace\8-2-build-windows-amd64-cygwin\jdk8u20\1074\hotspot\src\share\vm\prims\jvm.cpp, line 1275]
Event: 2.747 Thread 0x000000005620a000 Exception <a 'java/security/PrivilegedActionException'> (0x00000000eafb5178) thrown at [D:\re\workspace\8-2-build-windows-amd64-cygwin\jdk8u20\1074\hotspot\src\share\vm\prims\jvm.cpp, line 1275]
Event: 3.476 Thread 0x0000000056104800 Exception <a 'java/security/PrivilegedActionException'> (0x00000000eb8b81e8) thrown at [D:\re\workspace\8-2-build-windows-amd64-cygwin\jdk8u20\1074\hotspot\src\share\vm\prims\jvm.cpp, line 1275]
Event: 4.183 Thread 0x0000000001e5e800 Exception <a 'java/security/PrivilegedActionException'> (0x00000000eba64a50) thrown at [D:\re\workspace\8-2-build-windows-amd64-cygwin\jdk8u20\1074\hotspot\src\share\vm\prims\jvm.cpp, line 1275]

Events (10 events):
Event: 4.254 Executing VM operation: ParallelGCFailedAllocation
Event: 4.284 Executing VM operation: ParallelGCFailedAllocation done
Event: 4.500 Thread 0x000000005620a000 Uncommon trap: trap_request=0xffffffde fr.pc=0x00000000027fc1d8
Event: 4.500 Thread 0x000000005620a000 DEOPT PACKING pc=0x00000000027fc1d8 sp=0x000000005736eaf0
Event: 4.500 Thread 0x000000005620a000 DEOPT UNPACKING pc=0x00000000023c556a sp=0x000000005736e9d0 mode 2
Event: 4.507 Thread 0x000000005620a000 Uncommon trap: trap_request=0xffffffde fr.pc=0x00000000027fc1d8
Event: 4.508 Thread 0x000000005620a000 DEOPT PACKING pc=0x00000000027fc1d8 sp=0x000000005736ea60
Event: 4.508 Thread 0x000000005620a000 DEOPT UNPACKING pc=0x00000000023c556a sp=0x000000005736e940 mode 2
Event: 4.977 Executing VM operation: EnableBiasedLocking
Event: 4.994 Executing VM operation: EnableBiasedLocking done


Dynamic libraries:
0x000000013f780000 - 0x000000013f7b4000 	C:\Program Files\Java\jdk1.8.0_20\bin\java.exe
0x0000000076e60000 - 0x000000007700a000 	C:\Windows\SYSTEM32\ntdll.dll
0x0000000076d40000 - 0x0000000076e5f000 	C:\Windows\system32\kernel32.dll
0x000007fefcdb0000 - 0x000007fefce1a000 	C:\Windows\system32\KERNELBASE.dll
0x000007fefddd0000 - 0x000007fefdeab000 	C:\Windows\system32\ADVAPI32.dll
0x000007fefdeb0000 - 0x000007fefdf4f000 	C:\Windows\system32\msvcrt.dll
0x000007fefcfa0000 - 0x000007fefcfbf000 	C:\Windows\SYSTEM32\sechost.dll
0x000007fefd380000 - 0x000007fefd4ad000 	C:\Windows\system32\RPCRT4.dll
0x0000000076c40000 - 0x0000000076d3a000 	C:\Windows\system32\USER32.dll
0x000007fefdae0000 - 0x000007fefdb47000 	C:\Windows\system32\GDI32.dll
0x000007feff160000 - 0x000007feff16e000 	C:\Windows\system32\LPK.dll
0x000007fefd740000 - 0x000007fefd80a000 	C:\Windows\system32\USP10.dll
0x000007fefba40000 - 0x000007fefbc34000 	C:\Windows\WinSxS\amd64_microsoft.windows.common-controls_6595b64144ccf1df_6.0.7601.18837_none_fa3b1e3d17594757\COMCTL32.dll
0x000007fefdf50000 - 0x000007fefdfc1000 	C:\Windows\system32\SHLWAPI.dll
0x000007fefef50000 - 0x000007fefef7e000 	C:\Windows\system32\IMM32.DLL
0x000007fefd270000 - 0x000007fefd379000 	C:\Windows\system32\MSCTF.dll
0x0000000064a30000 - 0x0000000064b02000 	C:\Program Files\Java\jdk1.8.0_20\jre\bin\msvcr100.dll
0x0000000072950000 - 0x00000000731a8000 	C:\Program Files\Java\jdk1.8.0_20\jre\bin\server\jvm.dll
0x000007fefbfd0000 - 0x000007fefbfd9000 	C:\Windows\system32\WSOCK32.dll
0x000007fefef80000 - 0x000007fefefcd000 	C:\Windows\system32\WS2_32.dll
0x000007fefed60000 - 0x000007fefed68000 	C:\Windows\system32\NSI.dll
0x000007fefae60000 - 0x000007fefae9b000 	C:\Windows\system32\WINMM.dll
0x0000000077020000 - 0x0000000077027000 	C:\Windows\system32\PSAPI.DLL
0x0000000073710000 - 0x000000007371f000 	C:\Program Files\Java\jdk1.8.0_20\jre\bin\verify.dll
0x00000000736e0000 - 0x0000000073708000 	C:\Program Files\Java\jdk1.8.0_20\jre\bin\java.dll
0x00000000736c0000 - 0x00000000736d6000 	C:\Program Files\Java\jdk1.8.0_20\jre\bin\zip.dll
0x000007fefdfd0000 - 0x000007fefed5a000 	C:\Windows\system32\SHELL32.dll
0x000007fefd060000 - 0x000007fefd263000 	C:\Windows\system32\ole32.dll
0x000007fefcbe0000 - 0x000007fefcbef000 	C:\Windows\system32\profapi.dll

VM Arguments:
jvm_args: -Djava.awt.headless=true -Xmx1024M -Dfile.encoding=windows-1252 -Duser.country=US -Duser.language=en -Duser.variant 
java_command: com.android.dx.command.Main --dex --num-threads=4 --output C:\Users\Martin\AndroidStudioProjects\SystemEngineeringGSM\app\build\intermediates\pre-dexed\debug\debug_1eadc4e82313c4d44a411d3a28e3d6f768ea7497.jar C:\Users\Martin\AndroidStudioProjects\SystemEngineeringGSM\app\build\intermediates\classes\debug
java_class_path (initial): C:\Users\Martin\AppData\Local\Android\sdk\build-tools\23.0.2\lib\dx.jar
Launcher Type: SUN_STANDARD

Environment Variables:
PATH=C:\ProgramData\Oracle\Java\javapath;C:\Program Files\Common Files\Microsoft Shared\Windows Live;C:\Program Files (x86)\Common Files\Microsoft Shared\Windows Live;C:\Program Files (x86)\Intel\iCLS Client\;C:\Program Files\Intel\iCLS Client\;C:\Program Files\Dell\DW WLAN Card;C:\Windows\system32;C:\Windows;C:\Windows\System32\Wbem;C:\Windows\System32\WindowsPowerShell\v1.0\;C:\Program Files\WIDCOMM\Bluetooth Software\;C:\Program Files\WIDCOMM\Bluetooth Software\syswow64;C:\Program Files\Dell\Dell Data Protection\Access\Advanced\Wave\Gemalto\Access Client\v5\;C:\Program Files (x86)\Security Innovation\SI TSS\bin\;C:\Program Files (x86)\Windows Live\Shared;C:\Program Files (x86)\MySQL\MySQL Utilities 1.3.4\;C:\Program Files\Microsoft SQL Server\110\Tools\Binn\;C:\Program Files\nodejs\;C:\Program Files (x86)\Git\cmd;C:\Program Files\MATLAB\runtime\win64;C:\Program Files\MATLAB\bin;C:\Program Files (x86)\QuickTime\QTSystem\;C:\Program Files (x86)\GtkSharp\2.12\bin;C:\Program Files (x86)\Skype\Phone\;C:\Program Files\Intel\Intel(R) Management Engine Components\DAL;C:\Program Files\Intel\Intel(R) Management Engine Components\IPT;C:\Program Files (x86)\Intel\Intel(R) Management Engine Components\DAL;C:\Program Files (x86)\Intel\Intel(R) Management Engine Components\IPT;C:\Users\Martin\AppData\Local\Android\sdk\platform-tools;C:\Program Files\Java\jdk1.8.0_20\bin;C:\Users\Martin\AppData\Roaming\npm
USERNAME=Martin
OS=Windows_NT
PROCESSOR_IDENTIFIER=Intel64 Family 6 Model 58 Stepping 9, GenuineIntel



---------------  S Y S T E M  ---------------

OS: Windows 7 , 64 bit Build 7601 Service Pack 1

CPU:total 4 (2 cores per cpu, 2 threads per core) family 6 model 58 stepping 9, cmov, cx8, fxsr, mmx, sse, sse2, sse3, ssse3, sse4.1, sse4.2, popcnt, avx, aes, clmul, erms, ht, tsc, tscinvbit, tscinv

Memory: 4k page, physical 4077532k(435244k free), swap 6172824k(5176k free)

vm_info: Java HotSpot(TM) 64-Bit Server VM (25.20-b23) for windows-amd64 JRE (1.8.0_20-b26), built on Jul 30 2014 13:51:23 by "java_re" with MS VC++ 10.0 (VS2010)

time: Wed May 25 13:25:31 2016
elapsed time: 8 seconds (0d 0h 0m 8s)

