#
# There is insufficient memory for the Java Runtime Environment to continue.
# Native memory allocation (malloc) failed to allocate 832 bytes for AllocateHeap
# Possible reasons:
#   The system is out of physical RAM or swap space
#   In 32 bit mode, the process size limit was hit
# Possible solutions:
#   Reduce memory load on the system
#   Increase physical memory or swap space
#   Check if swap backing store is full
#   Use 64 bit Java on a 64 bit OS
#   Decrease Java heap size (-Xmx/-Xms)
#   Decrease number of Java threads
#   Decrease Java thread stack sizes (-Xss)
#   Set larger code cache with -XX:ReservedCodeCacheSize=
# This output file may be truncated or incomplete.
#
#  Out of Memory Error (memory/allocation.inline.hpp:62), pid=4716, tid=8472
#
# JRE version: Java(TM) SE Runtime Environment (8.0_20-b26) (build 1.8.0_20-b26)
# Java VM: Java HotSpot(TM) 64-Bit Server VM (25.20-b23 mixed mode windows-amd64 compressed oops)
# Failed to write core dump. Minidumps are not enabled by default on client versions of Windows
#

---------------  T H R E A D  ---------------

Current thread (0x00000000560b5800):  JavaThread "C2 CompilerThread0" daemon [_thread_in_vm, id=8472, stack(0x0000000056950000,0x0000000056a50000)]

Stack: [0x0000000056950000,0x0000000056a50000]
Native frames: (J=compiled Java code, j=interpreted, Vv=VM code, C=native code)
V  [jvm.dll+0x3152fa]


Current CompileTask:
C2:   3261  841 %     4       com.android.dx.ssa.SsaRenamer$BlockRenamer::addMapping @ 87 (143 bytes)


---------------  P R O C E S S  ---------------

Java Threads: ( => current thread )
  0x0000000056232800 JavaThread "pool-1-thread-4" [_thread_blocked, id=7956, stack(0x00000000575d0000,0x00000000576d0000)]
  0x0000000056226000 JavaThread "pool-1-thread-3" [_thread_in_Java, id=9856, stack(0x00000000574d0000,0x00000000575d0000)]
  0x0000000056225800 JavaThread "pool-1-thread-2" [_thread_blocked, id=4400, stack(0x0000000057340000,0x0000000057440000)]
  0x0000000056224800 JavaThread "pool-2-thread-1" [_thread_blocked, id=5764, stack(0x0000000057230000,0x0000000057330000)]
  0x0000000056222000 JavaThread "pool-1-thread-1" [_thread_blocked, id=9852, stack(0x0000000056f40000,0x0000000057040000)]
  0x0000000056108800 JavaThread "Service Thread" daemon [_thread_blocked, id=9452, stack(0x0000000056a50000,0x0000000056b50000)]
  0x00000000560bb000 JavaThread "C1 CompilerThread2" daemon [_thread_blocked, id=9476, stack(0x0000000056bd0000,0x0000000056cd0000)]
  0x00000000560b9000 JavaThread "C2 CompilerThread1" daemon [_thread_blocked, id=9716, stack(0x0000000056690000,0x0000000056790000)]
=>0x00000000560b5800 JavaThread "C2 CompilerThread0" daemon [_thread_in_vm, id=8472, stack(0x0000000056950000,0x0000000056a50000)]
  0x00000000560b2800 JavaThread "Attach Listener" daemon [_thread_blocked, id=4152, stack(0x00000000567c0000,0x00000000568c0000)]
  0x0000000054da7800 JavaThread "Signal Dispatcher" daemon [_thread_blocked, id=1220, stack(0x00000000564e0000,0x00000000565e0000)]
  0x0000000054d3f000 JavaThread "Finalizer" daemon [_thread_blocked, id=9412, stack(0x0000000055fb0000,0x00000000560b0000)]
  0x0000000054d3c000 JavaThread "Reference Handler" daemon [_thread_blocked, id=9464, stack(0x0000000055ce0000,0x0000000055de0000)]
  0x0000000001ebe800 JavaThread "main" [_thread_blocked, id=9596, stack(0x0000000001ff0000,0x00000000020f0000)]

Other Threads:
  0x0000000054d36800 VMThread [stack: 0x0000000055e80000,0x0000000055f80000] [id=9652]
  0x000000005610c000 WatcherThread [stack: 0x0000000056da0000,0x0000000056ea0000] [id=5800]

VM state:not at safepoint (normal execution)

VM Mutex/Monitor currently owned by a thread:  ([mutex/lock_event])
[0x0000000001eb9170] CodeCache_lock - owner thread: 0x00000000560b5800
[0x0000000001ebd470] Compile_lock - owner thread: 0x00000000560b5800
[0x0000000001ebd570] MethodCompileQueue_lock - owner thread: 0x00000000560b5800

Heap:
 PSYoungGen      total 18944K, used 5480K [0x00000000eab00000, 0x00000000ec000000, 0x0000000100000000)
  eden space 16384K, 17% used [0x00000000eab00000,0x00000000eadddd40,0x00000000ebb00000)
  from space 2560K, 99% used [0x00000000ebb00000,0x00000000ebd7c2c8,0x00000000ebd80000)
  to   space 2560K, 0% used [0x00000000ebd80000,0x00000000ebd80000,0x00000000ec000000)
 ParOldGen       total 44032K, used 1993K [0x00000000c0000000, 0x00000000c2b00000, 0x00000000eab00000)
  object space 44032K, 4% used [0x00000000c0000000,0x00000000c01f2590,0x00000000c2b00000)
 Metaspace       used 5717K, capacity 6768K, committed 7040K, reserved 1056768K
  class space    used 592K, capacity 616K, committed 640K, reserved 1048576K

Card table byte_map: [0x0000000011800000,0x0000000011a10000] byte_map_base: 0x0000000011200000

Marking Bits: (ParMarkBitMap*) 0x000000007312b460
 Begin Bits: [0x00000000121b0000, 0x00000000131b0000)
 End Bits:   [0x00000000131b0000, 0x00000000141b0000)

Polling page: 0x0000000000120000

CodeCache: size=245760Kb used=3249Kb max_used=3249Kb free=242510Kb
 bounds [0x0000000002440000, 0x0000000002770000, 0x0000000011440000]
 total_blobs=1082 nmethods=815 adapters=178
 compilation: enabled

Compilation events (10 events):
Event: 3.256 Thread 0x00000000560b9000 nmethod 885 0x0000000002762d50 code [0x0000000002762e80, 0x0000000002762ed8]
Event: 3.256 Thread 0x00000000560b9000  888       4       java.util.HashMap::putVal (300 bytes)
Event: 3.257 Thread 0x00000000560bb000 nmethod 887 0x0000000002764bd0 code [0x0000000002764dc0, 0x00000000027658d0]
Event: 3.257 Thread 0x00000000560bb000  884       3       com.android.dx.util.BitIntSet$1::next (42 bytes)
Event: 3.258 Thread 0x00000000560bb000 nmethod 884 0x000000000276ae50 code [0x000000000276afe0, 0x000000000276b318]
Event: 3.258 Thread 0x00000000560bb000  848       3       com.android.dx.rop.type.Type::isConstant (2 bytes)
Event: 3.258 Thread 0x00000000560bb000 nmethod 848 0x0000000002764890 code [0x00000000027649e0, 0x0000000002764b30]
Event: 3.258 Thread 0x00000000560bb000  818       3       com.android.dx.ssa.Dominators$DFSInfo::<init> (16 bytes)
Event: 3.258 Thread 0x00000000560bb000 nmethod 818 0x000000000276a750 code [0x000000000276a8e0, 0x000000000276ac90]
Event: 3.258 Thread 0x00000000560bb000  819       3       com.android.dx.ssa.SsaBasicBlock::addDomChild (10 bytes)

GC Heap History (2 events):
Event: 2.377 GC heap before
{Heap before GC invocations=1 (full 0):
 PSYoungGen      total 18944K, used 16384K [0x00000000eab00000, 0x00000000ec000000, 0x0000000100000000)
  eden space 16384K, 100% used [0x00000000eab00000,0x00000000ebb00000,0x00000000ebb00000)
  from space 2560K, 0% used [0x00000000ebd80000,0x00000000ebd80000,0x00000000ec000000)
  to   space 2560K, 0% used [0x00000000ebb00000,0x00000000ebb00000,0x00000000ebd80000)
 ParOldGen       total 44032K, used 0K [0x00000000c0000000, 0x00000000c2b00000, 0x00000000eab00000)
  object space 44032K, 0% used [0x00000000c0000000,0x00000000c0000000,0x00000000c2b00000)
 Metaspace       used 5676K, capacity 6768K, committed 7040K, reserved 1056768K
  class space    used 589K, capacity 616K, committed 640K, reserved 1048576K
Event: 2.873 GC heap after
Heap after GC invocations=1 (full 0):
 PSYoungGen      total 18944K, used 2544K [0x00000000eab00000, 0x00000000ec000000, 0x0000000100000000)
  eden space 16384K, 0% used [0x00000000eab00000,0x00000000eab00000,0x00000000ebb00000)
  from space 2560K, 99% used [0x00000000ebb00000,0x00000000ebd7c2c8,0x00000000ebd80000)
  to   space 2560K, 0% used [0x00000000ebd80000,0x00000000ebd80000,0x00000000ec000000)
 ParOldGen       total 44032K, used 1993K [0x00000000c0000000, 0x00000000c2b00000, 0x00000000eab00000)
  object space 44032K, 4% used [0x00000000c0000000,0x00000000c01f2590,0x00000000c2b00000)
 Metaspace       used 5676K, capacity 6768K, committed 7040K, reserved 1056768K
  class space    used 589K, capacity 616K, committed 640K, reserved 1048576K
}

Deoptimization events (1 events):
Event: 3.257 Thread 0x0000000056225800 Uncommon trap: reason=unreached action=reinterpret pc=0x00000000026dfac4 method=com.android.dx.rop.cst.Constant.compareTo(Lcom/android/dx/rop/cst/Constant;)I @ 12

Internal exceptions (10 events):
Event: 1.749 Thread 0x0000000056222000 Exception <a 'java/security/PrivilegedActionException'> (0x00000000eb4b2900) thrown at [D:\re\workspace\8-2-build-windows-amd64-cygwin\jdk8u20\1074\hotspot\src\share\vm\prims\jvm.cpp, line 1275]
Event: 1.777 Thread 0x0000000056232800 Exception <a 'java/security/PrivilegedActionException'> (0x00000000eb441b38) thrown at [D:\re\workspace\8-2-build-windows-amd64-cygwin\jdk8u20\1074\hotspot\src\share\vm\prims\jvm.cpp, line 1275]
Event: 1.779 Thread 0x0000000056232800 Exception <a 'java/security/PrivilegedActionException'> (0x00000000eb447e30) thrown at [D:\re\workspace\8-2-build-windows-amd64-cygwin\jdk8u20\1074\hotspot\src\share\vm\prims\jvm.cpp, line 1275]
Event: 1.814 Thread 0x0000000056222000 Exception <a 'java/security/PrivilegedActionException'> (0x00000000eb583cd0) thrown at [D:\re\workspace\8-2-build-windows-amd64-cygwin\jdk8u20\1074\hotspot\src\share\vm\prims\jvm.cpp, line 1275]
Event: 1.822 Thread 0x0000000056226000 Exception <a 'java/security/PrivilegedActionException'> (0x00000000eb641420) thrown at [D:\re\workspace\8-2-build-windows-amd64-cygwin\jdk8u20\1074\hotspot\src\share\vm\prims\jvm.cpp, line 1275]
Event: 1.897 Thread 0x0000000056226000 Exception <a 'java/security/PrivilegedActionException'> (0x00000000eb7e2e70) thrown at [D:\re\workspace\8-2-build-windows-amd64-cygwin\jdk8u20\1074\hotspot\src\share\vm\prims\jvm.cpp, line 1275]
Event: 1.970 Thread 0x0000000056225800 Exception <a 'java/security/PrivilegedActionException'> (0x00000000eb29e148) thrown at [D:\re\workspace\8-2-build-windows-amd64-cygwin\jdk8u20\1074\hotspot\src\share\vm\prims\jvm.cpp, line 1275]
Event: 1.970 Thread 0x0000000056225800 Exception <a 'java/security/PrivilegedActionException'> (0x00000000eb2a3bb0) thrown at [D:\re\workspace\8-2-build-windows-amd64-cygwin\jdk8u20\1074\hotspot\src\share\vm\prims\jvm.cpp, line 1275]
Event: 1.974 Thread 0x0000000056225800 Exception <a 'java/security/PrivilegedActionException'> (0x00000000eb2a93c0) thrown at [D:\re\workspace\8-2-build-windows-amd64-cygwin\jdk8u20\1074\hotspot\src\share\vm\prims\jvm.cpp, line 1275]
Event: 3.244 Thread 0x0000000056226000 Exception <a 'java/security/PrivilegedActionException'> (0x00000000eacb5460) thrown at [D:\re\workspace\8-2-build-windows-amd64-cygwin\jdk8u20\1074\hotspot\src\share\vm\prims\jvm.cpp, line 1275]

Events (10 events):
Event: 2.889 loading class sun/misc/Cleaner done
Event: 3.234 loading class java/util/HashMap$KeySet
Event: 3.234 loading class java/util/HashMap$KeySet done
Event: 3.234 loading class java/util/HashMap$KeyIterator
Event: 3.234 loading class java/util/HashMap$KeyIterator done
Event: 3.244 loading class com/android/dx/dex/file/FieldAnnotationStruct
Event: 3.244 loading class com/android/dx/dex/file/FieldAnnotationStruct done
Event: 3.257 Thread 0x0000000056225800 Uncommon trap: trap_request=0xffffffad fr.pc=0x00000000026dfac4
Event: 3.257 Thread 0x0000000056225800 DEOPT PACKING pc=0x00000000026dfac4 sp=0x000000005743e4f0
Event: 3.257 Thread 0x0000000056225800 DEOPT UNPACKING pc=0x000000000248556a sp=0x000000005743e490 mode 2


Dynamic libraries:
0x000000013f780000 - 0x000000013f7b4000 	C:\Program Files\Java\jdk1.8.0_20\bin\java.exe
0x0000000076e60000 - 0x000000007700a000 	C:\Windows\SYSTEM32\ntdll.dll
0x0000000076d40000 - 0x0000000076e5f000 	C:\Windows\system32\kernel32.dll
0x000007fefcdb0000 - 0x000007fefce1a000 	C:\Windows\system32\KERNELBASE.dll
0x000007fefddd0000 - 0x000007fefdeab000 	C:\Windows\system32\ADVAPI32.dll
0x000007fefdeb0000 - 0x000007fefdf4f000 	C:\Windows\system32\msvcrt.dll
0x000007fefcfa0000 - 0x000007fefcfbf000 	C:\Windows\SYSTEM32\sechost.dll
0x000007fefd380000 - 0x000007fefd4ad000 	C:\Windows\system32\RPCRT4.dll
0x0000000076c40000 - 0x0000000076d3a000 	C:\Windows\system32\USER32.dll
0x000007fefdae0000 - 0x000007fefdb47000 	C:\Windows\system32\GDI32.dll
0x000007feff160000 - 0x000007feff16e000 	C:\Windows\system32\LPK.dll
0x000007fefd740000 - 0x000007fefd80a000 	C:\Windows\system32\USP10.dll
0x000007fefba40000 - 0x000007fefbc34000 	C:\Windows\WinSxS\amd64_microsoft.windows.common-controls_6595b64144ccf1df_6.0.7601.18837_none_fa3b1e3d17594757\COMCTL32.dll
0x000007fefdf50000 - 0x000007fefdfc1000 	C:\Windows\system32\SHLWAPI.dll
0x000007fefef50000 - 0x000007fefef7e000 	C:\Windows\system32\IMM32.DLL
0x000007fefd270000 - 0x000007fefd379000 	C:\Windows\system32\MSCTF.dll
0x0000000064a30000 - 0x0000000064b02000 	C:\Program Files\Java\jdk1.8.0_20\jre\bin\msvcr100.dll
0x0000000072950000 - 0x00000000731a8000 	C:\Program Files\Java\jdk1.8.0_20\jre\bin\server\jvm.dll
0x000007fefbfd0000 - 0x000007fefbfd9000 	C:\Windows\system32\WSOCK32.dll
0x000007fefef80000 - 0x000007fefefcd000 	C:\Windows\system32\WS2_32.dll
0x000007fefed60000 - 0x000007fefed68000 	C:\Windows\system32\NSI.dll
0x000007fefae60000 - 0x000007fefae9b000 	C:\Windows\system32\WINMM.dll
0x0000000077020000 - 0x0000000077027000 	C:\Windows\system32\PSAPI.DLL
0x0000000073710000 - 0x000000007371f000 	C:\Program Files\Java\jdk1.8.0_20\jre\bin\verify.dll
0x00000000736e0000 - 0x0000000073708000 	C:\Program Files\Java\jdk1.8.0_20\jre\bin\java.dll
0x00000000736c0000 - 0x00000000736d6000 	C:\Program Files\Java\jdk1.8.0_20\jre\bin\zip.dll
0x000007fefdfd0000 - 0x000007fefed5a000 	C:\Windows\system32\SHELL32.dll
0x000007fefd060000 - 0x000007fefd263000 	C:\Windows\system32\ole32.dll
0x000007fefcbe0000 - 0x000007fefcbef000 	C:\Windows\system32\profapi.dll

VM Arguments:
jvm_args: -Djava.awt.headless=true -Xmx1024M -Dfile.encoding=windows-1252 -Duser.country=US -Duser.language=en -Duser.variant 
java_command: com.android.dx.command.Main --dex --num-threads=4 --output C:\Users\Martin\AndroidStudioProjects\SystemEngineeringGSM\app\build\intermediates\pre-dexed\debug\com.android.support-support-vector-drawable-23.2.1_17c16634c4d3e3260ba04425f7bee46cbb3830e5.jar C:\Users\Martin\AndroidStudioProjects\SystemEngineeringGSM\app\build\intermediates\exploded-aar\com.android.support\support-vector-drawable\23.2.1\jars\classes.jar
java_class_path (initial): C:\Users\Martin\AppData\Local\Android\sdk\build-tools\23.0.2\lib\dx.jar
Launcher Type: SUN_STANDARD

Environment Variables:
PATH=C:\ProgramData\Oracle\Java\javapath;C:\Program Files\Common Files\Microsoft Shared\Windows Live;C:\Program Files (x86)\Common Files\Microsoft Shared\Windows Live;C:\Program Files (x86)\Intel\iCLS Client\;C:\Program Files\Intel\iCLS Client\;C:\Program Files\Dell\DW WLAN Card;C:\Windows\system32;C:\Windows;C:\Windows\System32\Wbem;C:\Windows\System32\WindowsPowerShell\v1.0\;C:\Program Files\WIDCOMM\Bluetooth Software\;C:\Program Files\WIDCOMM\Bluetooth Software\syswow64;C:\Program Files\Dell\Dell Data Protection\Access\Advanced\Wave\Gemalto\Access Client\v5\;C:\Program Files (x86)\Security Innovation\SI TSS\bin\;C:\Program Files (x86)\Windows Live\Shared;C:\Program Files (x86)\MySQL\MySQL Utilities 1.3.4\;C:\Program Files\Microsoft SQL Server\110\Tools\Binn\;C:\Program Files\nodejs\;C:\Program Files (x86)\Git\cmd;C:\Program Files\MATLAB\runtime\win64;C:\Program Files\MATLAB\bin;C:\Program Files (x86)\QuickTime\QTSystem\;C:\Program Files (x86)\GtkSharp\2.12\bin;C:\Program Files (x86)\Skype\Phone\;C:\Program Files\Intel\Intel(R) Management Engine Components\DAL;C:\Program Files\Intel\Intel(R) Management Engine Components\IPT;C:\Program Files (x86)\Intel\Intel(R) Management Engine Components\DAL;C:\Program Files (x86)\Intel\Intel(R) Management Engine Components\IPT;C:\Users\Martin\AppData\Local\Android\sdk\platform-tools;C:\Program Files\Java\jdk1.8.0_20\bin;C:\Users\Martin\AppData\Roaming\npm
USERNAME=Martin
OS=Windows_NT
PROCESSOR_IDENTIFIER=Intel64 Family 6 Model 58 Stepping 9, GenuineIntel



---------------  S Y S T E M  ---------------

OS: Windows 7 , 64 bit Build 7601 Service Pack 1

CPU:total 4 (2 cores per cpu, 2 threads per core) family 6 model 58 stepping 9, cmov, cx8, fxsr, mmx, sse, sse2, sse3, ssse3, sse4.1, sse4.2, popcnt, avx, aes, clmul, erms, ht, tsc, tscinvbit, tscinv

Memory: 4k page, physical 4077532k(613548k free), swap 6172824k(5096k free)

vm_info: Java HotSpot(TM) 64-Bit Server VM (25.20-b23) for windows-amd64 JRE (1.8.0_20-b26), built on Jul 30 2014 13:51:23 by "java_re" with MS VC++ 10.0 (VS2010)

time: Wed May 25 13:26:36 2016
elapsed time: 3 seconds (0d 0h 0m 3s)

