#
# There is insufficient memory for the Java Runtime Environment to continue.
# Native memory allocation (malloc) failed to allocate 131088 bytes for Chunk::new
# Possible reasons:
#   The system is out of physical RAM or swap space
#   In 32 bit mode, the process size limit was hit
# Possible solutions:
#   Reduce memory load on the system
#   Increase physical memory or swap space
#   Check if swap backing store is full
#   Use 64 bit Java on a 64 bit OS
#   Decrease Java heap size (-Xmx/-Xms)
#   Decrease number of Java threads
#   Decrease Java thread stack sizes (-Xss)
#   Set larger code cache with -XX:ReservedCodeCacheSize=
# This output file may be truncated or incomplete.
#
#  Out of Memory Error (allocation.cpp:390), pid=5684, tid=9052
#
# JRE version: Java(TM) SE Runtime Environment (8.0_20-b26) (build 1.8.0_20-b26)
# Java VM: Java HotSpot(TM) 64-Bit Server VM (25.20-b23 mixed mode windows-amd64 compressed oops)
# Failed to write core dump. Minidumps are not enabled by default on client versions of Windows
#

---------------  T H R E A D  ---------------

Current thread (0x0000000054d3e000):  JavaThread "C2 CompilerThread0" daemon [_thread_in_native, id=9052, stack(0x00000000564b0000,0x00000000565b0000)]

Stack: [0x00000000564b0000,0x00000000565b0000]
Native frames: (J=compiled Java code, j=interpreted, Vv=VM code, C=native code)
V  [jvm.dll+0x3152fa]


Current CompileTask:
C2:  17081 1873       4       com.android.dx.ssa.ConstCollector::getConstsSortedByCountUse (386 bytes)


---------------  P R O C E S S  ---------------

Java Threads: ( => current thread )
  0x0000000056a71800 JavaThread "pool-1-thread-4" [_thread_blocked, id=7288, stack(0x0000000057c10000,0x0000000057d10000)]
  0x0000000056a96800 JavaThread "pool-1-thread-3" [_thread_blocked, id=8704, stack(0x0000000057790000,0x0000000057890000)]
  0x0000000056a58800 JavaThread "pool-1-thread-2" [_thread_blocked, id=9272, stack(0x0000000057ae0000,0x0000000057be0000)]
  0x0000000056a55000 JavaThread "pool-2-thread-1" [_thread_blocked, id=1380, stack(0x0000000057960000,0x0000000057a60000)]
  0x0000000056a1b000 JavaThread "pool-1-thread-1" [_thread_in_Java, id=4688, stack(0x0000000057680000,0x0000000057780000)]
  0x00000000567a4800 JavaThread "Service Thread" daemon [_thread_blocked, id=10204, stack(0x0000000056cf0000,0x0000000056df0000)]
  0x0000000054d46800 JavaThread "C1 CompilerThread2" daemon [_thread_blocked, id=9016, stack(0x0000000056bb0000,0x0000000056cb0000)]
  0x0000000054d45000 JavaThread "C2 CompilerThread1" daemon [_thread_blocked, id=1328, stack(0x0000000056630000,0x0000000056730000)]
=>0x0000000054d3e000 JavaThread "C2 CompilerThread0" daemon [_thread_in_native, id=9052, stack(0x00000000564b0000,0x00000000565b0000)]
  0x0000000054d4e800 JavaThread "Attach Listener" daemon [_thread_blocked, id=9864, stack(0x00000000563a0000,0x00000000564a0000)]
  0x0000000054d4b000 JavaThread "Signal Dispatcher" daemon [_thread_blocked, id=9356, stack(0x0000000056220000,0x0000000056320000)]
  0x0000000054cdf000 JavaThread "Finalizer" daemon [_thread_blocked, id=8520, stack(0x0000000056120000,0x0000000056220000)]
  0x0000000054cdb800 JavaThread "Reference Handler" daemon [_thread_blocked, id=5084, stack(0x0000000056000000,0x0000000056100000)]
  0x0000000001c7e800 JavaThread "main" [_thread_blocked, id=9832, stack(0x0000000001fd0000,0x00000000020d0000)]

Other Threads:
  0x0000000054cd6000 VMThread [stack: 0x0000000055d10000,0x0000000055e10000] [id=9036]
  0x00000000567a7800 WatcherThread [stack: 0x0000000055eb0000,0x0000000055fb0000] [id=7548]

VM state:not at safepoint (normal execution)

VM Mutex/Monitor currently owned by a thread: None

Heap:
 PSYoungGen      total 68096K, used 5388K [0x00000000eab00000, 0x00000000f4500000, 0x0000000100000000)
  eden space 65536K, 4% used [0x00000000eab00000,0x00000000eadc5c40,0x00000000eeb00000)
  from space 2560K, 99% used [0x00000000eeb00000,0x00000000eed7d640,0x00000000eed80000)
  to   space 13312K, 0% used [0x00000000f3800000,0x00000000f3800000,0x00000000f4500000)
 ParOldGen       total 44032K, used 21709K [0x00000000c0000000, 0x00000000c2b00000, 0x00000000eab00000)
  object space 44032K, 49% used [0x00000000c0000000,0x00000000c15336a0,0x00000000c2b00000)
 Metaspace       used 6193K, capacity 7088K, committed 7296K, reserved 1056768K
  class space    used 588K, capacity 616K, committed 640K, reserved 1048576K

Card table byte_map: [0x0000000011760000,0x0000000011970000] byte_map_base: 0x0000000011160000

Marking Bits: (ParMarkBitMap*) 0x000000006d22b460
 Begin Bits: [0x0000000012150000, 0x0000000013150000)
 End Bits:   [0x0000000013150000, 0x0000000014150000)

Polling page: 0x0000000000120000

CodeCache: size=245760Kb used=8985Kb max_used=8997Kb free=236774Kb
 bounds [0x00000000023a0000, 0x0000000002c80000, 0x00000000113a0000]
 total_blobs=2150 nmethods=1886 adapters=178
 compilation: enabled

Compilation events (10 events):
Event: 17.045 Thread 0x0000000054d46800 nmethod 1890 0x0000000002c1f1d0 code [0x0000000002c1f340, 0x0000000002c1f6d0]
Event: 17.047 Thread 0x0000000054d45000 1891       4       com.android.dx.util.LabeledList::<init> (57 bytes)
Event: 17.050 Thread 0x0000000054d46800 1892       3       java.util.concurrent.ThreadPoolExecutor::afterExecute (1 bytes)
Event: 17.050 Thread 0x0000000054d46800 nmethod 1892 0x0000000002c1eed0 code [0x0000000002c1f020, 0x0000000002c1f170]
Event: 17.050 Thread 0x0000000054d46800 1893   !   3       java.util.concurrent.ThreadPoolExecutor::getTask (179 bytes)
Event: 17.052 Thread 0x0000000054d46800 nmethod 1893 0x0000000002c6add0 code [0x0000000002c6b020, 0x0000000002c6c118]
Event: 17.052 Thread 0x0000000054d46800 1894       3       java.util.concurrent.locks.ReentrantLock::lockInterruptibly (9 bytes)
Event: 17.052 Thread 0x0000000054d46800 nmethod 1894 0x0000000002c1e5d0 code [0x0000000002c1e780, 0x0000000002c1ec98]
Event: 17.067 Thread 0x0000000054d45000 nmethod 1891 0x0000000002c6fdd0 code [0x0000000002c6ff60, 0x0000000002c70978]
Event: 17.073 Thread 0x0000000054d45000 1895       4       com.android.dx.util.LabeledList::getMaxLabel (47 bytes)

GC Heap History (10 events):
Event: 0.707 GC heap before
{Heap before GC invocations=1 (full 0):
 PSYoungGen      total 18944K, used 16384K [0x00000000eab00000, 0x00000000ec000000, 0x0000000100000000)
  eden space 16384K, 100% used [0x00000000eab00000,0x00000000ebb00000,0x00000000ebb00000)
  from space 2560K, 0% used [0x00000000ebd80000,0x00000000ebd80000,0x00000000ec000000)
  to   space 2560K, 0% used [0x00000000ebb00000,0x00000000ebb00000,0x00000000ebd80000)
 ParOldGen       total 44032K, used 0K [0x00000000c0000000, 0x00000000c2b00000, 0x00000000eab00000)
  object space 44032K, 0% used [0x00000000c0000000,0x00000000c0000000,0x00000000c2b00000)
 Metaspace       used 5403K, capacity 6448K, committed 6528K, reserved 1056768K
  class space    used 581K, capacity 616K, committed 640K, reserved 1048576K
Event: 0.886 GC heap after
Heap after GC invocations=1 (full 0):
 PSYoungGen      total 18944K, used 2540K [0x00000000eab00000, 0x00000000ed000000, 0x0000000100000000)
  eden space 16384K, 0% used [0x00000000eab00000,0x00000000eab00000,0x00000000ebb00000)
  from space 2560K, 99% used [0x00000000ebb00000,0x00000000ebd7b130,0x00000000ebd80000)
  to   space 2560K, 0% used [0x00000000ecd80000,0x00000000ecd80000,0x00000000ed000000)
 ParOldGen       total 44032K, used 836K [0x00000000c0000000, 0x00000000c2b00000, 0x00000000eab00000)
  object space 44032K, 1% used [0x00000000c0000000,0x00000000c00d1118,0x00000000c2b00000)
 Metaspace       used 5403K, capacity 6448K, committed 6528K, reserved 1056768K
  class space    used 581K, capacity 616K, committed 640K, reserved 1048576K
}
Event: 1.758 GC heap before
{Heap before GC invocations=2 (full 0):
 PSYoungGen      total 18944K, used 18924K [0x00000000eab00000, 0x00000000ed000000, 0x0000000100000000)
  eden space 16384K, 100% used [0x00000000eab00000,0x00000000ebb00000,0x00000000ebb00000)
  from space 2560K, 99% used [0x00000000ebb00000,0x00000000ebd7b130,0x00000000ebd80000)
  to   space 2560K, 0% used [0x00000000ecd80000,0x00000000ecd80000,0x00000000ed000000)
 ParOldGen       total 44032K, used 836K [0x00000000c0000000, 0x00000000c2b00000, 0x00000000eab00000)
  object space 44032K, 1% used [0x00000000c0000000,0x00000000c00d1118,0x00000000c2b00000)
 Metaspace       used 5910K, capacity 6896K, committed 7040K, reserved 1056768K
  class space    used 586K, capacity 616K, committed 640K, reserved 1048576K
Event: 1.935 GC heap after
Heap after GC invocations=2 (full 0):
 PSYoungGen      total 35328K, used 2551K [0x00000000eab00000, 0x00000000ed000000, 0x0000000100000000)
  eden space 32768K, 0% used [0x00000000eab00000,0x00000000eab00000,0x00000000ecb00000)
  from space 2560K, 99% used [0x00000000ecd80000,0x00000000ecffdc88,0x00000000ed000000)
  to   space 2560K, 0% used [0x00000000ecb00000,0x00000000ecb00000,0x00000000ecd80000)
 ParOldGen       total 44032K, used 2379K [0x00000000c0000000, 0x00000000c2b00000, 0x00000000eab00000)
  object space 44032K, 5% used [0x00000000c0000000,0x00000000c0252c48,0x00000000c2b00000)
 Metaspace       used 5910K, capacity 6896K, committed 7040K, reserved 1056768K
  class space    used 586K, capacity 616K, committed 640K, reserved 1048576K
}
Event: 7.358 GC heap before
{Heap before GC invocations=3 (full 0):
 PSYoungGen      total 35328K, used 35319K [0x00000000eab00000, 0x00000000ed000000, 0x0000000100000000)
  eden space 32768K, 100% used [0x00000000eab00000,0x00000000ecb00000,0x00000000ecb00000)
  from space 2560K, 99% used [0x00000000ecd80000,0x00000000ecffdc88,0x00000000ed000000)
  to   space 2560K, 0% used [0x00000000ecb00000,0x00000000ecb00000,0x00000000ecd80000)
 ParOldGen       total 44032K, used 2379K [0x00000000c0000000, 0x00000000c2b00000, 0x00000000eab00000)
  object space 44032K, 5% used [0x00000000c0000000,0x00000000c0252c48,0x00000000c2b00000)
 Metaspace       used 6077K, capacity 7024K, committed 7296K, reserved 1056768K
  class space    used 588K, capacity 616K, committed 640K, reserved 1048576K
Event: 7.372 GC heap after
Heap after GC invocations=3 (full 0):
 PSYoungGen      total 35328K, used 2544K [0x00000000eab00000, 0x00000000ef000000, 0x0000000100000000)
  eden space 32768K, 0% used [0x00000000eab00000,0x00000000eab00000,0x00000000ecb00000)
  from space 2560K, 99% used [0x00000000ecb00000,0x00000000ecd7c038,0x00000000ecd80000)
  to   space 2560K, 0% used [0x00000000eed80000,0x00000000eed80000,0x00000000ef000000)
 ParOldGen       total 44032K, used 7150K [0x00000000c0000000, 0x00000000c2b00000, 0x00000000eab00000)
  object space 44032K, 16% used [0x00000000c0000000,0x00000000c06fbab8,0x00000000c2b00000)
 Metaspace       used 6077K, capacity 7024K, committed 7296K, reserved 1056768K
  class space    used 588K, capacity 616K, committed 640K, reserved 1048576K
}
Event: 10.901 GC heap before
{Heap before GC invocations=4 (full 0):
 PSYoungGen      total 35328K, used 35312K [0x00000000eab00000, 0x00000000ef000000, 0x0000000100000000)
  eden space 32768K, 100% used [0x00000000eab00000,0x00000000ecb00000,0x00000000ecb00000)
  from space 2560K, 99% used [0x00000000ecb00000,0x00000000ecd7c038,0x00000000ecd80000)
  to   space 2560K, 0% used [0x00000000eed80000,0x00000000eed80000,0x00000000ef000000)
 ParOldGen       total 44032K, used 7150K [0x00000000c0000000, 0x00000000c2b00000, 0x00000000eab00000)
  object space 44032K, 16% used [0x00000000c0000000,0x00000000c06fbab8,0x00000000c2b00000)
 Metaspace       used 6150K, capacity 7088K, committed 7296K, reserved 1056768K
  class space    used 588K, capacity 616K, committed 640K, reserved 1048576K
Event: 11.122 GC heap after
Heap after GC invocations=4 (full 0):
 PSYoungGen      total 68096K, used 2546K [0x00000000eab00000, 0x00000000ef000000, 0x0000000100000000)
  eden space 65536K, 0% used [0x00000000eab00000,0x00000000eab00000,0x00000000eeb00000)
  from space 2560K, 99% used [0x00000000eed80000,0x00000000eeffcbc0,0x00000000ef000000)
  to   space 2560K, 0% used [0x00000000eeb00000,0x00000000eeb00000,0x00000000eed80000)
 ParOldGen       total 44032K, used 11690K [0x00000000c0000000, 0x00000000c2b00000, 0x00000000eab00000)
  object space 44032K, 26% used [0x00000000c0000000,0x00000000c0b6aa28,0x00000000c2b00000)
 Metaspace       used 6150K, capacity 7088K, committed 7296K, reserved 1056768K
  class space    used 588K, capacity 616K, committed 640K, reserved 1048576K
}
Event: 16.676 GC heap before
{Heap before GC invocations=5 (full 0):
 PSYoungGen      total 68096K, used 68082K [0x00000000eab00000, 0x00000000ef000000, 0x0000000100000000)
  eden space 65536K, 100% used [0x00000000eab00000,0x00000000eeb00000,0x00000000eeb00000)
  from space 2560K, 99% used [0x00000000eed80000,0x00000000eeffcbc0,0x00000000ef000000)
  to   space 2560K, 0% used [0x00000000eeb00000,0x00000000eeb00000,0x00000000eed80000)
 ParOldGen       total 44032K, used 11690K [0x00000000c0000000, 0x00000000c2b00000, 0x00000000eab00000)
  object space 44032K, 26% used [0x00000000c0000000,0x00000000c0b6aa28,0x00000000c2b00000)
 Metaspace       used 6187K, capacity 7088K, committed 7296K, reserved 1056768K
  class space    used 588K, capacity 616K, committed 640K, reserved 1048576K
Event: 16.891 GC heap after
Heap after GC invocations=5 (full 0):
 PSYoungGen      total 68096K, used 2549K [0x00000000eab00000, 0x00000000f4500000, 0x0000000100000000)
  eden space 65536K, 0% used [0x00000000eab00000,0x00000000eab00000,0x00000000eeb00000)
  from space 2560K, 99% used [0x00000000eeb00000,0x00000000eed7d640,0x00000000eed80000)
  to   space 13312K, 0% used [0x00000000f3800000,0x00000000f3800000,0x00000000f4500000)
 ParOldGen       total 44032K, used 21709K [0x00000000c0000000, 0x00000000c2b00000, 0x00000000eab00000)
  object space 44032K, 49% used [0x00000000c0000000,0x00000000c15336a0,0x00000000c2b00000)
 Metaspace       used 6187K, capacity 7088K, committed 7296K, reserved 1056768K
  class space    used 588K, capacity 616K, committed 640K, reserved 1048576K
}

Deoptimization events (10 events):
Event: 13.321 Thread 0x0000000056a58800 Uncommon trap: reason=unreached action=reinterpret pc=0x000000000272e74c method=com.android.dx.ssa.SsaMethod.updateOneDefinition(Lcom/android/dx/ssa/SsaInsn;Lcom/android/dx/rop/code/RegisterSpec;)V @ 4
Event: 13.663 Thread 0x0000000056a1b000 Uncommon trap: reason=bimorphic action=maybe_recompile pc=0x000000000294c934 method=com.android.dx.ssa.LiteralOpUpgrader.tryReplacingWithConstant(Lcom/android/dx/ssa/NormalSsaInsn;)Z @ 62
Event: 13.666 Thread 0x0000000056a1b000 Uncommon trap: reason=bimorphic action=maybe_recompile pc=0x0000000002ab2f68 method=com.android.dx.cf.code.BytecodeArray.parseInstruction(ILcom/android/dx/cf/code/BytecodeArray$Visitor;)I @ 2135
Event: 13.666 Thread 0x0000000056a1b000 Uncommon trap: reason=bimorphic action=maybe_recompile pc=0x0000000002ab2f68 method=com.android.dx.cf.code.BytecodeArray.parseInstruction(ILcom/android/dx/cf/code/BytecodeArray$Visitor;)I @ 2135
Event: 13.766 Thread 0x0000000056a1b000 Uncommon trap: reason=bimorphic action=maybe_recompile pc=0x000000000294c934 method=com.android.dx.ssa.LiteralOpUpgrader.tryReplacingWithConstant(Lcom/android/dx/ssa/NormalSsaInsn;)Z @ 62
Event: 14.000 Thread 0x0000000056a1b000 Uncommon trap: reason=bimorphic action=maybe_recompile pc=0x000000000294c934 method=com.android.dx.ssa.LiteralOpUpgrader.tryReplacingWithConstant(Lcom/android/dx/ssa/NormalSsaInsn;)Z @ 62
Event: 14.119 Thread 0x0000000056a1b000 Uncommon trap: reason=bimorphic action=maybe_recompile pc=0x0000000002956774 method=com.android.dx.ssa.LiteralOpUpgrader.tryReplacingWithConstant(Lcom/android/dx/ssa/NormalSsaInsn;)Z @ 62
Event: 15.376 Thread 0x0000000056a1b000 Uncommon trap: reason=bimorphic action=maybe_recompile pc=0x0000000002c2c418 method=com.android.dx.cf.code.BytecodeArray.parseInstruction(ILcom/android/dx/cf/code/BytecodeArray$Visitor;)I @ 1501
Event: 15.377 Thread 0x0000000056a1b000 Uncommon trap: reason=bimorphic action=maybe_recompile pc=0x0000000002c2c418 method=com.android.dx.cf.code.BytecodeArray.parseInstruction(ILcom/android/dx/cf/code/BytecodeArray$Visitor;)I @ 1501
Event: 16.024 Thread 0x0000000056a96800 Uncommon trap: reason=unreached action=reinterpret pc=0x000000000291958c method=com.android.dx.ssa.SsaRenamer$BlockRenamer.visitMoveInsn(Lcom/android/dx/ssa/NormalSsaInsn;)V @ 64

Internal exceptions (10 events):
Event: 0.689 Thread 0x0000000056a71800 Exception <a 'java/security/PrivilegedActionException'> (0x00000000eb6d3a30) thrown at [D:\re\workspace\8-2-build-windows-amd64-cygwin\jdk8u20\1074\hotspot\src\share\vm\prims\jvm.cpp, line 1275]
Event: 0.702 Thread 0x0000000056a71800 Exception <a 'java/security/PrivilegedActionException'> (0x00000000ebab8378) thrown at [D:\re\workspace\8-2-build-windows-amd64-cygwin\jdk8u20\1074\hotspot\src\share\vm\prims\jvm.cpp, line 1275]
Event: 0.887 Thread 0x0000000001c7e800 Exception <a 'java/security/PrivilegedActionException'> (0x00000000eab052c0) thrown at [D:\re\workspace\8-2-build-windows-amd64-cygwin\jdk8u20\1074\hotspot\src\share\vm\prims\jvm.cpp, line 1275]
Event: 0.890 Thread 0x0000000001c7e800 Exception <a 'java/security/PrivilegedActionException'> (0x00000000eab12258) thrown at [D:\re\workspace\8-2-build-windows-amd64-cygwin\jdk8u20\1074\hotspot\src\share\vm\prims\jvm.cpp, line 1275]
Event: 0.896 Thread 0x0000000056a58800 Exception <a 'java/security/PrivilegedActionException'> (0x00000000eac1af30) thrown at [D:\re\workspace\8-2-build-windows-amd64-cygwin\jdk8u20\1074\hotspot\src\share\vm\prims\jvm.cpp, line 1275]
Event: 1.500 Thread 0x0000000001c7e800 Exception <a 'java/security/PrivilegedActionException'> (0x00000000eb3e2f10) thrown at [D:\re\workspace\8-2-build-windows-amd64-cygwin\jdk8u20\1074\hotspot\src\share\vm\prims\jvm.cpp, line 1275]
Event: 3.646 Thread 0x0000000001c7e800 Exception <a 'java/security/PrivilegedActionException'> (0x00000000ead65be8) thrown at [D:\re\workspace\8-2-build-windows-amd64-cygwin\jdk8u20\1074\hotspot\src\share\vm\prims\jvm.cpp, line 1275]
Event: 4.566 Thread 0x0000000056a71800 Exception <a 'java/security/PrivilegedActionException'> (0x00000000eb531d08) thrown at [D:\re\workspace\8-2-build-windows-amd64-cygwin\jdk8u20\1074\hotspot\src\share\vm\prims\jvm.cpp, line 1275]
Event: 4.578 Thread 0x0000000056a1b000 Exception <a 'java/security/PrivilegedActionException'> (0x00000000eb071830) thrown at [D:\re\workspace\8-2-build-windows-amd64-cygwin\jdk8u20\1074\hotspot\src\share\vm\prims\jvm.cpp, line 1275]
Event: 5.478 Thread 0x0000000056a96800 Exception <a 'java/security/PrivilegedActionException'> (0x00000000ebea5a48) thrown at [D:\re\workspace\8-2-build-windows-amd64-cygwin\jdk8u20\1074\hotspot\src\share\vm\prims\jvm.cpp, line 1275]

Events (10 events):
Event: 15.376 Thread 0x0000000056a1b000 DEOPT PACKING pc=0x0000000002c2c418 sp=0x000000005777e490
Event: 15.376 Thread 0x0000000056a1b000 DEOPT UNPACKING pc=0x00000000023e556a sp=0x000000005777e440 mode 2
Event: 15.377 Thread 0x0000000056a1b000 Uncommon trap: trap_request=0xffffffc6 fr.pc=0x0000000002c2c418
Event: 15.377 Thread 0x0000000056a1b000 DEOPT PACKING pc=0x0000000002c2c418 sp=0x000000005777e530
Event: 15.377 Thread 0x0000000056a1b000 DEOPT UNPACKING pc=0x00000000023e556a sp=0x000000005777e4e0 mode 2
Event: 16.024 Thread 0x0000000056a96800 Uncommon trap: trap_request=0xffffffad fr.pc=0x000000000291958c
Event: 16.024 Thread 0x0000000056a96800 DEOPT PACKING pc=0x000000000291958c sp=0x000000005788e840
Event: 16.024 Thread 0x0000000056a96800 DEOPT UNPACKING pc=0x00000000023e556a sp=0x000000005788e768 mode 2
Event: 16.676 Executing VM operation: ParallelGCFailedAllocation
Event: 16.892 Executing VM operation: ParallelGCFailedAllocation done


Dynamic libraries:
0x000000013f900000 - 0x000000013f934000 	C:\Program Files\Java\jdk1.8.0_20\bin\java.exe
0x00000000772e0000 - 0x000000007748a000 	C:\Windows\SYSTEM32\ntdll.dll
0x00000000771c0000 - 0x00000000772df000 	C:\Windows\system32\kernel32.dll
0x000007fefd370000 - 0x000007fefd3da000 	C:\Windows\system32\KERNELBASE.dll
0x000007fefd420000 - 0x000007fefd4fb000 	C:\Windows\system32\ADVAPI32.dll
0x000007fefd8a0000 - 0x000007fefd93f000 	C:\Windows\system32\msvcrt.dll
0x000007fefdd60000 - 0x000007fefdd7f000 	C:\Windows\SYSTEM32\sechost.dll
0x000007feff4c0000 - 0x000007feff5ed000 	C:\Windows\system32\RPCRT4.dll
0x00000000770c0000 - 0x00000000771ba000 	C:\Windows\system32\USER32.dll
0x000007fefe010000 - 0x000007fefe077000 	C:\Windows\system32\GDI32.dll
0x000007feff490000 - 0x000007feff49e000 	C:\Windows\system32\LPK.dll
0x000007fefdc90000 - 0x000007fefdd5a000 	C:\Windows\system32\USP10.dll
0x000007fefbfe0000 - 0x000007fefc1d4000 	C:\Windows\WinSxS\amd64_microsoft.windows.common-controls_6595b64144ccf1df_6.0.7601.18837_none_fa3b1e3d17594757\COMCTL32.dll
0x000007fefdc10000 - 0x000007fefdc81000 	C:\Windows\system32\SHLWAPI.dll
0x000007feff460000 - 0x000007feff48e000 	C:\Windows\system32\IMM32.DLL
0x000007fefe320000 - 0x000007fefe429000 	C:\Windows\system32\MSCTF.dll
0x000000006d2b0000 - 0x000000006d382000 	C:\Program Files\Java\jdk1.8.0_20\jre\bin\msvcr100.dll
0x000000006ca50000 - 0x000000006d2a8000 	C:\Program Files\Java\jdk1.8.0_20\jre\bin\server\jvm.dll
0x000007fefbfc0000 - 0x000007fefbfc9000 	C:\Windows\system32\WSOCK32.dll
0x000007fefe670000 - 0x000007fefe6bd000 	C:\Windows\system32\WS2_32.dll
0x000007feff450000 - 0x000007feff458000 	C:\Windows\system32\NSI.dll
0x000007fefad90000 - 0x000007fefadcb000 	C:\Windows\system32\WINMM.dll
0x00000000774b0000 - 0x00000000774b7000 	C:\Windows\system32\PSAPI.DLL
0x00000000707a0000 - 0x00000000707af000 	C:\Program Files\Java\jdk1.8.0_20\jre\bin\verify.dll
0x000000006dbe0000 - 0x000000006dc08000 	C:\Program Files\Java\jdk1.8.0_20\jre\bin\java.dll
0x000000006c9f0000 - 0x000000006ca06000 	C:\Program Files\Java\jdk1.8.0_20\jre\bin\zip.dll
0x000007fefe6c0000 - 0x000007feff44a000 	C:\Windows\system32\SHELL32.dll
0x000007fefd690000 - 0x000007fefd893000 	C:\Windows\system32\ole32.dll
0x000007fefd070000 - 0x000007fefd07f000 	C:\Windows\system32\profapi.dll

VM Arguments:
jvm_args: -Djava.awt.headless=true -Xmx1024M -Dfile.encoding=windows-1252 -Duser.country=US -Duser.language=en -Duser.variant 
java_command: com.android.dx.command.Main --dex --num-threads=4 --output C:\Users\Martin\AndroidStudioProjects\SystemEngineeringGSM\app\build\intermediates\pre-dexed\debug\com.google.android.gms-play-services-analytics-8.4.0_b1c89f9ca076ec7d7490974cefea91f735a2e5ff.jar C:\Users\Martin\AndroidStudioProjects\SystemEngineeringGSM\app\build\intermediates\exploded-aar\com.google.android.gms\play-services-analytics\8.4.0\jars\classes.jar
java_class_path (initial): C:\Users\Martin\AppData\Local\Android\sdk\build-tools\23.0.2\lib\dx.jar
Launcher Type: SUN_STANDARD

Environment Variables:
PATH=C:\ProgramData\Oracle\Java\javapath;C:\Program Files\Common Files\Microsoft Shared\Windows Live;C:\Program Files (x86)\Common Files\Microsoft Shared\Windows Live;C:\Program Files (x86)\Intel\iCLS Client\;C:\Program Files\Intel\iCLS Client\;C:\Program Files\Dell\DW WLAN Card;C:\Windows\system32;C:\Windows;C:\Windows\System32\Wbem;C:\Windows\System32\WindowsPowerShell\v1.0\;C:\Program Files\WIDCOMM\Bluetooth Software\;C:\Program Files\WIDCOMM\Bluetooth Software\syswow64;C:\Program Files\Dell\Dell Data Protection\Access\Advanced\Wave\Gemalto\Access Client\v5\;C:\Program Files (x86)\Security Innovation\SI TSS\bin\;C:\Program Files (x86)\Windows Live\Shared;C:\Program Files (x86)\MySQL\MySQL Utilities 1.3.4\;C:\Program Files\Microsoft SQL Server\110\Tools\Binn\;C:\Program Files\nodejs\;C:\Program Files (x86)\Git\cmd;C:\Program Files\MATLAB\runtime\win64;C:\Program Files\MATLAB\bin;C:\Program Files (x86)\QuickTime\QTSystem\;C:\Program Files (x86)\GtkSharp\2.12\bin;C:\Program Files (x86)\Skype\Phone\;C:\Program Files\Intel\Intel(R) Management Engine Components\DAL;C:\Program Files\Intel\Intel(R) Management Engine Components\IPT;C:\Program Files (x86)\Intel\Intel(R) Management Engine Components\DAL;C:\Program Files (x86)\Intel\Intel(R) Management Engine Components\IPT;C:\Users\Martin\AppData\Local\Android\sdk\platform-tools;C:\Program Files\Java\jdk1.8.0_20\bin;C:\Users\Martin\AppData\Roaming\npm
USERNAME=Martin
OS=Windows_NT
PROCESSOR_IDENTIFIER=Intel64 Family 6 Model 58 Stepping 9, GenuineIntel



---------------  S Y S T E M  ---------------

OS: Windows 7 , 64 bit Build 7601 Service Pack 1

CPU:total 4 (2 cores per cpu, 2 threads per core) family 6 model 58 stepping 9, cmov, cx8, fxsr, mmx, sse, sse2, sse3, ssse3, sse4.1, sse4.2, popcnt, avx, aes, clmul, erms, ht, tsc, tscinvbit, tscinv

Memory: 4k page, physical 4077532k(193416k free), swap 7325248k(5072k free)

vm_info: Java HotSpot(TM) 64-Bit Server VM (25.20-b23) for windows-amd64 JRE (1.8.0_20-b26), built on Jul 30 2014 13:51:23 by "java_re" with MS VC++ 10.0 (VS2010)

time: Wed Apr 13 10:30:37 2016
elapsed time: 17 seconds (0d 0h 0m 17s)

