#
# There is insufficient memory for the Java Runtime Environment to continue.
# Native memory allocation (malloc) failed to allocate 418064 bytes for Chunk::new
# Possible reasons:
#   The system is out of physical RAM or swap space
#   In 32 bit mode, the process size limit was hit
# Possible solutions:
#   Reduce memory load on the system
#   Increase physical memory or swap space
#   Check if swap backing store is full
#   Use 64 bit Java on a 64 bit OS
#   Decrease Java heap size (-Xmx/-Xms)
#   Decrease number of Java threads
#   Decrease Java thread stack sizes (-Xss)
#   Set larger code cache with -XX:ReservedCodeCacheSize=
# This output file may be truncated or incomplete.
#
#  Out of Memory Error (allocation.cpp:390), pid=9788, tid=9944
#
# JRE version: Java(TM) SE Runtime Environment (8.0_20-b26) (build 1.8.0_20-b26)
# Java VM: Java HotSpot(TM) 64-Bit Server VM (25.20-b23 mixed mode windows-amd64 compressed oops)
# Failed to write core dump. Minidumps are not enabled by default on client versions of Windows
#

---------------  T H R E A D  ---------------

Current thread (0x0000000054ee1800):  JavaThread "C2 CompilerThread1" daemon [_thread_in_native, id=9944, stack(0x0000000056820000,0x0000000056920000)]

Stack: [0x0000000056820000,0x0000000056920000]
Native frames: (J=compiled Java code, j=interpreted, Vv=VM code, C=native code)
V  [jvm.dll+0x3152fa]


Current CompileTask:
C2:   4626  729       4       com.android.dx.ssa.back.LivenessAnalyzer::handleTailRecursion (94 bytes)


---------------  P R O C E S S  ---------------

Java Threads: ( => current thread )
  0x0000000056d0b800 JavaThread "pool-1-thread-4" [_thread_blocked, id=9672, stack(0x00000000580b0000,0x00000000581b0000)]
  0x0000000056d04800 JavaThread "pool-1-thread-3" [_thread_in_Java, id=8580, stack(0x0000000057a40000,0x0000000057b40000)]
  0x0000000056cff000 JavaThread "pool-1-thread-2" [_thread_blocked, id=9200, stack(0x0000000057df0000,0x0000000057ef0000)]
  0x0000000056caa000 JavaThread "pool-2-thread-1" [_thread_blocked, id=4092, stack(0x0000000057c10000,0x0000000057d10000)]
  0x0000000056e48800 JavaThread "pool-1-thread-1" [_thread_blocked, id=4976, stack(0x0000000057930000,0x0000000057a30000)]
  0x0000000054ee6800 JavaThread "Service Thread" daemon [_thread_blocked, id=7940, stack(0x0000000056e80000,0x0000000056f80000)]
  0x0000000054ee3000 JavaThread "C1 CompilerThread2" daemon [_thread_blocked, id=9580, stack(0x0000000056950000,0x0000000056a50000)]
=>0x0000000054ee1800 JavaThread "C2 CompilerThread1" daemon [_thread_in_native, id=9944, stack(0x0000000056820000,0x0000000056920000)]
  0x0000000054edf800 JavaThread "C2 CompilerThread0" daemon [_thread_in_native, id=9780, stack(0x0000000056670000,0x0000000056770000)]
  0x0000000054edc800 JavaThread "Attach Listener" daemon [_thread_blocked, id=9380, stack(0x0000000056510000,0x0000000056610000)]
  0x0000000054eed000 JavaThread "Signal Dispatcher" daemon [_thread_blocked, id=6256, stack(0x0000000056330000,0x0000000056430000)]
  0x0000000054e7f000 JavaThread "Finalizer" daemon [_thread_blocked, id=10188, stack(0x0000000056180000,0x0000000056280000)]
  0x0000000054e7c000 JavaThread "Reference Handler" daemon [_thread_blocked, id=6336, stack(0x0000000055f80000,0x0000000056080000)]
  0x0000000001f6e800 JavaThread "main" [_thread_blocked, id=8704, stack(0x0000000002210000,0x0000000002310000)]

Other Threads:
  0x0000000054e76800 VMThread [stack: 0x0000000055d90000,0x0000000055e90000] [id=7860]
  0x0000000056a52800 WatcherThread [stack: 0x0000000056f80000,0x0000000057080000] [id=7680]

VM state:not at safepoint (normal execution)

VM Mutex/Monitor currently owned by a thread: None

Heap:
 PSYoungGen      total 18944K, used 8426K [0x00000000eab00000, 0x00000000ed000000, 0x0000000100000000)
  eden space 16384K, 35% used [0x00000000eab00000,0x00000000eb0be5b8,0x00000000ebb00000)
  from space 2560K, 99% used [0x00000000ebb00000,0x00000000ebd7c3b0,0x00000000ebd80000)
  to   space 2560K, 0% used [0x00000000ecd80000,0x00000000ecd80000,0x00000000ed000000)
 ParOldGen       total 44032K, used 1023K [0x00000000c0000000, 0x00000000c2b00000, 0x00000000eab00000)
  object space 44032K, 2% used [0x00000000c0000000,0x00000000c00ffce0,0x00000000c2b00000)
 Metaspace       used 5638K, capacity 6640K, committed 6784K, reserved 1056768K
  class space    used 585K, capacity 616K, committed 640K, reserved 1048576K

Card table byte_map: [0x00000000119a0000,0x0000000011bb0000] byte_map_base: 0x00000000113a0000

Marking Bits: (ParMarkBitMap*) 0x000000006d22b460
 Begin Bits: [0x00000000122f0000, 0x00000000132f0000)
 End Bits:   [0x00000000132f0000, 0x00000000142f0000)

Polling page: 0x0000000000110000

CodeCache: size=245760Kb used=2508Kb max_used=2520Kb free=243251Kb
 bounds [0x00000000025e0000, 0x0000000002860000, 0x00000000115e0000]
 total_blobs=924 nmethods=660 adapters=178
 compilation: enabled

Compilation events (10 events):
Event: 4.581 Thread 0x0000000054ee1800 nmethod 723 0x0000000002851110 code [0x0000000002851260, 0x0000000002851358]
Event: 4.581 Thread 0x0000000054ee1800  719       4       com.android.dx.util.MutabilityControl::throwIfMutable (18 bytes)
Event: 4.581 Thread 0x0000000054ee1800 nmethod 719 0x0000000002850e50 code [0x0000000002850f80, 0x0000000002850fd8]
Event: 4.581 Thread 0x0000000054ee1800  724       4       com.android.dx.ssa.SsaMethod::getDefinitionForRegister (61 bytes)
Event: 4.584 Thread 0x0000000054ee1800 nmethod 724 0x0000000002853b10 code [0x0000000002853c80, 0x0000000002853ea8]
Event: 4.584 Thread 0x0000000054ee1800  722       4       java.util.ArrayList::<init> (12 bytes)
Event: 4.585 Thread 0x0000000054ee1800 nmethod 722 0x0000000002854e50 code [0x0000000002854f80, 0x0000000002854ff8]
Event: 4.585 Thread 0x0000000054ee1800  726  s    4       java.util.Vector::add (39 bytes)
Event: 4.588 Thread 0x0000000054ee1800 nmethod 726 0x0000000002853490 code [0x00000000028535e0, 0x0000000002853988]
Event: 4.588 Thread 0x0000000054ee1800  729       4       com.android.dx.ssa.back.LivenessAnalyzer::handleTailRecursion (94 bytes)

GC Heap History (2 events):
Event: 3.191 GC heap before
{Heap before GC invocations=1 (full 0):
 PSYoungGen      total 18944K, used 16384K [0x00000000eab00000, 0x00000000ec000000, 0x0000000100000000)
  eden space 16384K, 100% used [0x00000000eab00000,0x00000000ebb00000,0x00000000ebb00000)
  from space 2560K, 0% used [0x00000000ebd80000,0x00000000ebd80000,0x00000000ec000000)
  to   space 2560K, 0% used [0x00000000ebb00000,0x00000000ebb00000,0x00000000ebd80000)
 ParOldGen       total 44032K, used 0K [0x00000000c0000000, 0x00000000c2b00000, 0x00000000eab00000)
  object space 44032K, 0% used [0x00000000c0000000,0x00000000c0000000,0x00000000c2b00000)
 Metaspace       used 5446K, capacity 6512K, committed 6784K, reserved 1056768K
  class space    used 583K, capacity 616K, committed 640K, reserved 1048576K
Event: 4.360 GC heap after
Heap after GC invocations=1 (full 0):
 PSYoungGen      total 18944K, used 2544K [0x00000000eab00000, 0x00000000ed000000, 0x0000000100000000)
  eden space 16384K, 0% used [0x00000000eab00000,0x00000000eab00000,0x00000000ebb00000)
  from space 2560K, 99% used [0x00000000ebb00000,0x00000000ebd7c3b0,0x00000000ebd80000)
  to   space 2560K, 0% used [0x00000000ecd80000,0x00000000ecd80000,0x00000000ed000000)
 ParOldGen       total 44032K, used 1023K [0x00000000c0000000, 0x00000000c2b00000, 0x00000000eab00000)
  object space 44032K, 2% used [0x00000000c0000000,0x00000000c00ffce0,0x00000000c2b00000)
 Metaspace       used 5446K, capacity 6512K, committed 6784K, reserved 1056768K
  class space    used 583K, capacity 616K, committed 640K, reserved 1048576K
}

Deoptimization events (5 events):
Event: 4.555 Thread 0x0000000056d04800 Uncommon trap: reason=class_check action=maybe_recompile pc=0x000000000284b1cc method=com.android.dx.ssa.NormalSsaInsn.accept(Lcom/android/dx/ssa/SsaInsn$Visitor;)V @ 9
Event: 4.555 Thread 0x0000000056d04800 Uncommon trap: reason=class_check action=maybe_recompile pc=0x00000000027f67a0 method=com.android.dx.ssa.NormalSsaInsn.accept(Lcom/android/dx/ssa/SsaInsn$Visitor;)V @ 9
Event: 4.555 Thread 0x0000000056d04800 Uncommon trap: reason=class_check action=maybe_recompile pc=0x00000000027f67a0 method=com.android.dx.ssa.NormalSsaInsn.accept(Lcom/android/dx/ssa/SsaInsn$Visitor;)V @ 9
Event: 4.558 Thread 0x0000000056d04800 Uncommon trap: reason=class_check action=maybe_recompile pc=0x000000000284b1cc method=com.android.dx.ssa.NormalSsaInsn.accept(Lcom/android/dx/ssa/SsaInsn$Visitor;)V @ 9
Event: 4.558 Thread 0x0000000056d04800 Uncommon trap: reason=class_check action=maybe_recompile pc=0x00000000027f67a0 method=com.android.dx.ssa.NormalSsaInsn.accept(Lcom/android/dx/ssa/SsaInsn$Visitor;)V @ 9

Internal exceptions (10 events):
Event: 2.792 Thread 0x0000000056d04800 Exception <a 'java/security/PrivilegedActionException'> (0x00000000eb8c3c20) thrown at [D:\re\workspace\8-2-build-windows-amd64-cygwin\jdk8u20\1074\hotspot\src\share\vm\prims\jvm.cpp, line 1275]
Event: 2.792 Thread 0x0000000056d04800 Exception <a 'java/security/PrivilegedActionException'> (0x00000000eb8c6930) thrown at [D:\re\workspace\8-2-build-windows-amd64-cygwin\jdk8u20\1074\hotspot\src\share\vm\prims\jvm.cpp, line 1275]
Event: 2.793 Thread 0x0000000056d04800 Exception <a 'java/security/PrivilegedActionException'> (0x00000000eb8cba30) thrown at [D:\re\workspace\8-2-build-windows-amd64-cygwin\jdk8u20\1074\hotspot\src\share\vm\prims\jvm.cpp, line 1275]
Event: 2.794 Thread 0x0000000056d04800 Exception <a 'java/security/PrivilegedActionException'> (0x00000000eb8d0f88) thrown at [D:\re\workspace\8-2-build-windows-amd64-cygwin\jdk8u20\1074\hotspot\src\share\vm\prims\jvm.cpp, line 1275]
Event: 2.795 Thread 0x0000000056d04800 Exception <a 'java/security/PrivilegedActionException'> (0x00000000eb9150d8) thrown at [D:\re\workspace\8-2-build-windows-amd64-cygwin\jdk8u20\1074\hotspot\src\share\vm\prims\jvm.cpp, line 1275]
Event: 2.798 Thread 0x0000000056d04800 Exception <a 'java/security/PrivilegedActionException'> (0x00000000eb921908) thrown at [D:\re\workspace\8-2-build-windows-amd64-cygwin\jdk8u20\1074\hotspot\src\share\vm\prims\jvm.cpp, line 1275]
Event: 2.799 Thread 0x0000000056d04800 Exception <a 'java/security/PrivilegedActionException'> (0x00000000eb927b58) thrown at [D:\re\workspace\8-2-build-windows-amd64-cygwin\jdk8u20\1074\hotspot\src\share\vm\prims\jvm.cpp, line 1275]
Event: 2.799 Thread 0x0000000056d04800 Exception <a 'java/security/PrivilegedActionException'> (0x00000000eb92c460) thrown at [D:\re\workspace\8-2-build-windows-amd64-cygwin\jdk8u20\1074\hotspot\src\share\vm\prims\jvm.cpp, line 1275]
Event: 2.806 Thread 0x0000000056cff000 Exception <a 'java/security/PrivilegedActionException'> (0x00000000eb327520) thrown at [D:\re\workspace\8-2-build-windows-amd64-cygwin\jdk8u20\1074\hotspot\src\share\vm\prims\jvm.cpp, line 1275]
Event: 2.851 Thread 0x0000000056cff000 Exception <a 'java/security/PrivilegedActionException'> (0x00000000eb9ea418) thrown at [D:\re\workspace\8-2-build-windows-amd64-cygwin\jdk8u20\1074\hotspot\src\share\vm\prims\jvm.cpp, line 1275]

Events (10 events):
Event: 4.558 Thread 0x0000000056d04800 Uncommon trap: trap_request=0xffffffde fr.pc=0x000000000284b1cc
Event: 4.558 Thread 0x0000000056d04800 DEOPT PACKING pc=0x000000000284b1cc sp=0x0000000057b3e650
Event: 4.558 Thread 0x0000000056d04800 DEOPT UNPACKING pc=0x000000000262556a sp=0x0000000057b3e610 mode 2
Event: 4.558 Thread 0x0000000056d04800 Uncommon trap: trap_request=0xffffffde fr.pc=0x00000000027f67a0
Event: 4.558 Thread 0x0000000056d04800 DEOPT PACKING pc=0x00000000027f67a0 sp=0x0000000057b3e660
Event: 4.558 Thread 0x0000000056d04800 DEOPT UNPACKING pc=0x000000000262556a sp=0x0000000057b3e600 mode 2
Event: 4.565 Thread 0x0000000056e48800 DEOPT PACKING pc=0x0000000002830e12 sp=0x0000000057a2eac0
Event: 4.565 Thread 0x0000000056e48800 DEOPT UNPACKING pc=0x00000000026275bf sp=0x0000000057a2e838 mode 0
Event: 4.570 Thread 0x0000000056e48800 DEOPT PACKING pc=0x0000000002830e12 sp=0x0000000057a2eac0
Event: 4.571 Thread 0x0000000056e48800 DEOPT UNPACKING pc=0x00000000026275bf sp=0x0000000057a2e838 mode 0


Dynamic libraries:
0x000000013f900000 - 0x000000013f934000 	C:\Program Files\Java\jdk1.8.0_20\bin\java.exe
0x00000000772e0000 - 0x000000007748a000 	C:\Windows\SYSTEM32\ntdll.dll
0x00000000771c0000 - 0x00000000772df000 	C:\Windows\system32\kernel32.dll
0x000007fefd370000 - 0x000007fefd3da000 	C:\Windows\system32\KERNELBASE.dll
0x000007fefd420000 - 0x000007fefd4fb000 	C:\Windows\system32\ADVAPI32.dll
0x000007fefd8a0000 - 0x000007fefd93f000 	C:\Windows\system32\msvcrt.dll
0x000007fefdd60000 - 0x000007fefdd7f000 	C:\Windows\SYSTEM32\sechost.dll
0x000007feff4c0000 - 0x000007feff5ed000 	C:\Windows\system32\RPCRT4.dll
0x00000000770c0000 - 0x00000000771ba000 	C:\Windows\system32\USER32.dll
0x000007fefe010000 - 0x000007fefe077000 	C:\Windows\system32\GDI32.dll
0x000007feff490000 - 0x000007feff49e000 	C:\Windows\system32\LPK.dll
0x000007fefdc90000 - 0x000007fefdd5a000 	C:\Windows\system32\USP10.dll
0x000007fefbfe0000 - 0x000007fefc1d4000 	C:\Windows\WinSxS\amd64_microsoft.windows.common-controls_6595b64144ccf1df_6.0.7601.18837_none_fa3b1e3d17594757\COMCTL32.dll
0x000007fefdc10000 - 0x000007fefdc81000 	C:\Windows\system32\SHLWAPI.dll
0x000007feff460000 - 0x000007feff48e000 	C:\Windows\system32\IMM32.DLL
0x000007fefe320000 - 0x000007fefe429000 	C:\Windows\system32\MSCTF.dll
0x000000006d2b0000 - 0x000000006d382000 	C:\Program Files\Java\jdk1.8.0_20\jre\bin\msvcr100.dll
0x000000006ca50000 - 0x000000006d2a8000 	C:\Program Files\Java\jdk1.8.0_20\jre\bin\server\jvm.dll
0x000007fefbfc0000 - 0x000007fefbfc9000 	C:\Windows\system32\WSOCK32.dll
0x000007fefe670000 - 0x000007fefe6bd000 	C:\Windows\system32\WS2_32.dll
0x000007feff450000 - 0x000007feff458000 	C:\Windows\system32\NSI.dll
0x000007fefad90000 - 0x000007fefadcb000 	C:\Windows\system32\WINMM.dll
0x00000000774b0000 - 0x00000000774b7000 	C:\Windows\system32\PSAPI.DLL
0x00000000707a0000 - 0x00000000707af000 	C:\Program Files\Java\jdk1.8.0_20\jre\bin\verify.dll
0x000000006dbe0000 - 0x000000006dc08000 	C:\Program Files\Java\jdk1.8.0_20\jre\bin\java.dll
0x000000006c9f0000 - 0x000000006ca06000 	C:\Program Files\Java\jdk1.8.0_20\jre\bin\zip.dll
0x000007fefe6c0000 - 0x000007feff44a000 	C:\Windows\system32\SHELL32.dll
0x000007fefd690000 - 0x000007fefd893000 	C:\Windows\system32\ole32.dll
0x000007fefd070000 - 0x000007fefd07f000 	C:\Windows\system32\profapi.dll

VM Arguments:
jvm_args: -Djava.awt.headless=true -Xmx1024M -Dfile.encoding=windows-1252 -Duser.country=US -Duser.language=en -Duser.variant 
java_command: com.android.dx.command.Main --dex --num-threads=4 --output C:\Users\Martin\AndroidStudioProjects\SystemEngineeringGSM\app\build\intermediates\pre-dexed\debug\com.google.android.gms-play-services-wearable-8.4.0_69a46f5122a9d33173296564523e265ae1de8241.jar C:\Users\Martin\AndroidStudioProjects\SystemEngineeringGSM\app\build\intermediates\exploded-aar\com.google.android.gms\play-services-wearable\8.4.0\jars\classes.jar
java_class_path (initial): C:\Users\Martin\AppData\Local\Android\sdk\build-tools\23.0.2\lib\dx.jar
Launcher Type: SUN_STANDARD

Environment Variables:
PATH=C:\ProgramData\Oracle\Java\javapath;C:\Program Files\Common Files\Microsoft Shared\Windows Live;C:\Program Files (x86)\Common Files\Microsoft Shared\Windows Live;C:\Program Files (x86)\Intel\iCLS Client\;C:\Program Files\Intel\iCLS Client\;C:\Program Files\Dell\DW WLAN Card;C:\Windows\system32;C:\Windows;C:\Windows\System32\Wbem;C:\Windows\System32\WindowsPowerShell\v1.0\;C:\Program Files\WIDCOMM\Bluetooth Software\;C:\Program Files\WIDCOMM\Bluetooth Software\syswow64;C:\Program Files\Dell\Dell Data Protection\Access\Advanced\Wave\Gemalto\Access Client\v5\;C:\Program Files (x86)\Security Innovation\SI TSS\bin\;C:\Program Files (x86)\Windows Live\Shared;C:\Program Files (x86)\MySQL\MySQL Utilities 1.3.4\;C:\Program Files\Microsoft SQL Server\110\Tools\Binn\;C:\Program Files\nodejs\;C:\Program Files (x86)\Git\cmd;C:\Program Files\MATLAB\runtime\win64;C:\Program Files\MATLAB\bin;C:\Program Files (x86)\QuickTime\QTSystem\;C:\Program Files (x86)\GtkSharp\2.12\bin;C:\Program Files (x86)\Skype\Phone\;C:\Program Files\Intel\Intel(R) Management Engine Components\DAL;C:\Program Files\Intel\Intel(R) Management Engine Components\IPT;C:\Program Files (x86)\Intel\Intel(R) Management Engine Components\DAL;C:\Program Files (x86)\Intel\Intel(R) Management Engine Components\IPT;C:\Users\Martin\AppData\Local\Android\sdk\platform-tools;C:\Program Files\Java\jdk1.8.0_20\bin;C:\Users\Martin\AppData\Roaming\npm
USERNAME=Martin
OS=Windows_NT
PROCESSOR_IDENTIFIER=Intel64 Family 6 Model 58 Stepping 9, GenuineIntel



---------------  S Y S T E M  ---------------

OS: Windows 7 , 64 bit Build 7601 Service Pack 1

CPU:total 4 (2 cores per cpu, 2 threads per core) family 6 model 58 stepping 9, cmov, cx8, fxsr, mmx, sse, sse2, sse3, ssse3, sse4.1, sse4.2, popcnt, avx, aes, clmul, erms, ht, tsc, tscinvbit, tscinv

Memory: 4k page, physical 4077532k(659380k free), swap 7325248k(5128k free)

vm_info: Java HotSpot(TM) 64-Bit Server VM (25.20-b23) for windows-amd64 JRE (1.8.0_20-b26), built on Jul 30 2014 13:51:23 by "java_re" with MS VC++ 10.0 (VS2010)

time: Wed Apr 13 10:29:39 2016
elapsed time: 4 seconds (0d 0h 0m 4s)

