#
# There is insufficient memory for the Java Runtime Environment to continue.
# Native memory allocation (malloc) failed to allocate 1718736 bytes for Chunk::new
# Possible reasons:
#   The system is out of physical RAM or swap space
#   In 32 bit mode, the process size limit was hit
# Possible solutions:
#   Reduce memory load on the system
#   Increase physical memory or swap space
#   Check if swap backing store is full
#   Use 64 bit Java on a 64 bit OS
#   Decrease Java heap size (-Xmx/-Xms)
#   Decrease number of Java threads
#   Decrease Java thread stack sizes (-Xss)
#   Set larger code cache with -XX:ReservedCodeCacheSize=
# This output file may be truncated or incomplete.
#
#  Out of Memory Error (allocation.cpp:323), pid=12712, tid=12012
#
# JRE version: Java(TM) SE Runtime Environment (7.0_40-b43) (build 1.7.0_40-b43)
# Java VM: Java HotSpot(TM) 64-Bit Server VM (24.0-b56 mixed mode windows-amd64 compressed oops)
# Failed to write core dump. Minidumps are not enabled by default on client versions of Windows
#

---------------  T H R E A D  ---------------

Current thread (0x0000000008413000):  JavaThread "C2 CompilerThread1" daemon [_thread_in_native, id=12012, stack(0x00000000099e0000,0x0000000009ae0000)]

Stack: [0x00000000099e0000,0x0000000009ae0000]

Current CompileTask:
C2:   4879  275   !         com.android.dx.cf.code.BytecodeArray::parseInstruction (2764 bytes)


---------------  P R O C E S S  ---------------

Java Threads: ( => current thread )
  0x000000000a260800 JavaThread "pool-1-thread-4" [_thread_blocked, id=14416, stack(0x000000000ae90000,0x000000000af90000)]
  0x000000000a1c4000 JavaThread "pool-1-thread-3" [_thread_blocked, id=11580, stack(0x000000000ad30000,0x000000000ae30000)]
  0x000000000a103800 JavaThread "pool-1-thread-2" [_thread_blocked, id=9920, stack(0x000000000ab70000,0x000000000ac70000)]
  0x000000000a207000 JavaThread "pool-2-thread-1" [_thread_blocked, id=15544, stack(0x0000000009cb0000,0x0000000009db0000)]
  0x000000000a0fe800 JavaThread "pool-1-thread-1" [_thread_blocked, id=5680, stack(0x000000000a960000,0x000000000aa60000)]
  0x000000000841c000 JavaThread "Service Thread" daemon [_thread_blocked, id=8760, stack(0x0000000009db0000,0x0000000009eb0000)]
=>0x0000000008413000 JavaThread "C2 CompilerThread1" daemon [_thread_in_native, id=12012, stack(0x00000000099e0000,0x0000000009ae0000)]
  0x000000000840f800 JavaThread "C2 CompilerThread0" daemon [_thread_in_native, id=15668, stack(0x0000000009b20000,0x0000000009c20000)]
  0x000000000840e800 JavaThread "Attach Listener" daemon [_thread_blocked, id=12144, stack(0x0000000009880000,0x0000000009980000)]
  0x0000000008407800 JavaThread "Signal Dispatcher" daemon [_thread_blocked, id=9248, stack(0x0000000009500000,0x0000000009600000)]
  0x00000000083b5800 JavaThread "Finalizer" daemon [_thread_blocked, id=11680, stack(0x0000000009690000,0x0000000009790000)]
  0x00000000083aa800 JavaThread "Reference Handler" daemon [_thread_blocked, id=11960, stack(0x00000000092a0000,0x00000000093a0000)]
  0x0000000001f1e800 JavaThread "main" [_thread_blocked, id=2812, stack(0x0000000002170000,0x0000000002270000)]

Other Threads:
  0x00000000083a8800 VMThread [stack: 0x00000000093c0000,0x00000000094c0000] [id=6872]
  0x000000000842b000 WatcherThread [stack: 0x0000000009ef0000,0x0000000009ff0000] [id=3012]

VM state:not at safepoint (normal execution)

VM Mutex/Monitor currently owned by a thread:  ([mutex/lock_event])
[0x0000000001f1ce50] Heap_lock - owner thread: 0x000000000a0fe800

Heap
 PSYoungGen      total 35328K, used 2750K [0x00000000eaa80000, 0x00000000ecf80000, 0x0000000100000000)
  eden space 32768K, 0% used [0x00000000eaa80000,0x00000000eaab4768,0x00000000eca80000)
  from space 2560K, 99% used [0x00000000ecd00000,0x00000000ecf7b1f8,0x00000000ecf80000)
  to   space 2560K, 0% used [0x00000000eca80000,0x00000000eca80000,0x00000000ecd00000)
 ParOldGen       total 42496K, used 14707K [0x00000000c0000000, 0x00000000c2980000, 0x00000000eaa80000)
  object space 42496K, 34% used [0x00000000c0000000,0x00000000c0e5cf60,0x00000000c2980000)
 PSPermGen       total 21504K, used 5891K [0x00000000bae00000, 0x00000000bc300000, 0x00000000c0000000)
  object space 21504K, 27% used [0x00000000bae00000,0x00000000bb3c0e48,0x00000000bc300000)

Card table byte_map: [0x0000000005270000,0x00000000054a0000] byte_map_base: 0x0000000004c99000

Polling page: 0x0000000000230000

Code Cache  [0x0000000002270000, 0x00000000024e0000, 0x0000000005270000)
 total_blobs=510 nmethods=274 adapters=188 free_code_cache=48073Kb largest_free_block=49200064

Compilation events (10 events):
Event: 4.064 Thread 0x0000000008413000 nmethod 270 0x0000000002344410 code [0x0000000002344540, 0x0000000002344598]
Event: 4.064 Thread 0x0000000008413000  271             com.android.dx.util.FixedSizeList::hashCode (8 bytes)
Event: 4.129 Thread 0x0000000008413000 nmethod 271 0x000000000237afd0 code [0x000000000237b120, 0x000000000237b298]
Event: 4.129 Thread 0x0000000008413000  272   !         com.android.dx.util.IntList::set (53 bytes)
Event: 4.668 Thread 0x0000000008413000 nmethod 272 0x000000000237ac90 code [0x000000000237ade0, 0x000000000237aeb8]
Event: 4.668 Thread 0x0000000008413000  273             com.android.dx.ssa.back.SsaToRop::removePhiFunctions (83 bytes)
Event: 4.691 Thread 0x0000000008413000 nmethod 273 0x0000000002382510 code [0x0000000002382700, 0x00000000023831d0]
Event: 4.691 Thread 0x0000000008413000  274             com.android.dx.cf.code.ByteOps::opInfo (6 bytes)
Event: 4.692 Thread 0x0000000008413000 nmethod 274 0x000000000237aa90 code [0x000000000237abc0, 0x000000000237ac18]
Event: 4.692 Thread 0x0000000008413000  275   !         com.android.dx.cf.code.BytecodeArray::parseInstruction (2764 bytes)

GC Heap History (8 events):
Event: 0.974 GC heap before
{Heap before GC invocations=1 (full 0):
 PSYoungGen      total 18944K, used 16384K [0x00000000eaa80000, 0x00000000ebf80000, 0x0000000100000000)
  eden space 16384K, 100% used [0x00000000eaa80000,0x00000000eba80000,0x00000000eba80000)
  from space 2560K, 0% used [0x00000000ebd00000,0x00000000ebd00000,0x00000000ebf80000)
  to   space 2560K, 0% used [0x00000000eba80000,0x00000000eba80000,0x00000000ebd00000)
 ParOldGen       total 42496K, used 0K [0x00000000c0000000, 0x00000000c2980000, 0x00000000eaa80000)
  object space 42496K, 0% used [0x00000000c0000000,0x00000000c0000000,0x00000000c2980000)
 PSPermGen       total 21504K, used 5592K [0x00000000bae00000, 0x00000000bc300000, 0x00000000c0000000)
  object space 21504K, 26% used [0x00000000bae00000,0x00000000bb376360,0x00000000bc300000)
Event: 1.019 GC heap after
Heap after GC invocations=1 (full 0):
 PSYoungGen      total 18944K, used 2551K [0x00000000eaa80000, 0x00000000ecf80000, 0x0000000100000000)
  eden space 16384K, 0% used [0x00000000eaa80000,0x00000000eaa80000,0x00000000eba80000)
  from space 2560K, 99% used [0x00000000eba80000,0x00000000ebcfdc78,0x00000000ebd00000)
  to   space 2560K, 0% used [0x00000000ecd00000,0x00000000ecd00000,0x00000000ecf80000)
 ParOldGen       total 42496K, used 1464K [0x00000000c0000000, 0x00000000c2980000, 0x00000000eaa80000)
  object space 42496K, 3% used [0x00000000c0000000,0x00000000c016e338,0x00000000c2980000)
 PSPermGen       total 21504K, used 5592K [0x00000000bae00000, 0x00000000bc300000, 0x00000000c0000000)
  object space 21504K, 26% used [0x00000000bae00000,0x00000000bb376360,0x00000000bc300000)
}
Event: 1.384 GC heap before
{Heap before GC invocations=2 (full 0):
 PSYoungGen      total 18944K, used 18935K [0x00000000eaa80000, 0x00000000ecf80000, 0x0000000100000000)
  eden space 16384K, 100% used [0x00000000eaa80000,0x00000000eba80000,0x00000000eba80000)
  from space 2560K, 99% used [0x00000000eba80000,0x00000000ebcfdc78,0x00000000ebd00000)
  to   space 2560K, 0% used [0x00000000ecd00000,0x00000000ecd00000,0x00000000ecf80000)
 ParOldGen       total 42496K, used 1464K [0x00000000c0000000, 0x00000000c2980000, 0x00000000eaa80000)
  object space 42496K, 3% used [0x00000000c0000000,0x00000000c016e338,0x00000000c2980000)
 PSPermGen       total 21504K, used 5771K [0x00000000bae00000, 0x00000000bc300000, 0x00000000c0000000)
  object space 21504K, 26% used [0x00000000bae00000,0x00000000bb3a2fe8,0x00000000bc300000)
Event: 1.538 GC heap after
Heap after GC invocations=2 (full 0):
 PSYoungGen      total 35328K, used 2551K [0x00000000eaa80000, 0x00000000ecf80000, 0x0000000100000000)
  eden space 32768K, 0% used [0x00000000eaa80000,0x00000000eaa80000,0x00000000eca80000)
  from space 2560K, 99% used [0x00000000ecd00000,0x00000000ecf7df10,0x00000000ecf80000)
  to   space 2560K, 0% used [0x00000000eca80000,0x00000000eca80000,0x00000000ecd00000)
 ParOldGen       total 42496K, used 4078K [0x00000000c0000000, 0x00000000c2980000, 0x00000000eaa80000)
  object space 42496K, 9% used [0x00000000c0000000,0x00000000c03fb8c8,0x00000000c2980000)
 PSPermGen       total 21504K, used 5771K [0x00000000bae00000, 0x00000000bc300000, 0x00000000c0000000)
  object space 21504K, 26% used [0x00000000bae00000,0x00000000bb3a2fe8,0x00000000bc300000)
}
Event: 2.572 GC heap before
{Heap before GC invocations=3 (full 0):
 PSYoungGen      total 35328K, used 35319K [0x00000000eaa80000, 0x00000000ecf80000, 0x0000000100000000)
  eden space 32768K, 100% used [0x00000000eaa80000,0x00000000eca80000,0x00000000eca80000)
  from space 2560K, 99% used [0x00000000ecd00000,0x00000000ecf7df10,0x00000000ecf80000)
  to   space 2560K, 0% used [0x00000000eca80000,0x00000000eca80000,0x00000000ecd00000)
 ParOldGen       total 42496K, used 4078K [0x00000000c0000000, 0x00000000c2980000, 0x00000000eaa80000)
  object space 42496K, 9% used [0x00000000c0000000,0x00000000c03fb8c8,0x00000000c2980000)
 PSPermGen       total 21504K, used 5862K [0x00000000bae00000, 0x00000000bc300000, 0x00000000c0000000)
  object space 21504K, 27% used [0x00000000bae00000,0x00000000bb3b9938,0x00000000bc300000)
Event: 2.731 GC heap after
Heap after GC invocations=3 (full 0):
 PSYoungGen      total 35328K, used 2535K [0x00000000eaa80000, 0x00000000ecf80000, 0x0000000100000000)
  eden space 32768K, 0% used [0x00000000eaa80000,0x00000000eaa80000,0x00000000eca80000)
  from space 2560K, 99% used [0x00000000eca80000,0x00000000eccf9e90,0x00000000ecd00000)
  to   space 2560K, 0% used [0x00000000ecd00000,0x00000000ecd00000,0x00000000ecf80000)
 ParOldGen       total 42496K, used 9768K [0x00000000c0000000, 0x00000000c2980000, 0x00000000eaa80000)
  object space 42496K, 22% used [0x00000000c0000000,0x00000000c098a2a8,0x00000000c2980000)
 PSPermGen       total 21504K, used 5862K [0x00000000bae00000, 0x00000000bc300000, 0x00000000c0000000)
  object space 21504K, 27% used [0x00000000bae00000,0x00000000bb3b9938,0x00000000bc300000)
}
Event: 4.140 GC heap before
{Heap before GC invocations=4 (full 0):
 PSYoungGen      total 35328K, used 35303K [0x00000000eaa80000, 0x00000000ecf80000, 0x0000000100000000)
  eden space 32768K, 100% used [0x00000000eaa80000,0x00000000eca80000,0x00000000eca80000)
  from space 2560K, 99% used [0x00000000eca80000,0x00000000eccf9e90,0x00000000ecd00000)
  to   space 2560K, 0% used [0x00000000ecd00000,0x00000000ecd00000,0x00000000ecf80000)
 ParOldGen       total 42496K, used 9768K [0x00000000c0000000, 0x00000000c2980000, 0x00000000eaa80000)
  object space 42496K, 22% used [0x00000000c0000000,0x00000000c098a2a8,0x00000000c2980000)
 PSPermGen       total 21504K, used 5891K [0x00000000bae00000, 0x00000000bc300000, 0x00000000c0000000)
  object space 21504K, 27% used [0x00000000bae00000,0x00000000bb3c0e48,0x00000000bc300000)
Event: 4.665 GC heap after
Heap after GC invocations=4 (full 0):
 PSYoungGen      total 35328K, used 2540K [0x00000000eaa80000, 0x00000000ecf80000, 0x0000000100000000)
  eden space 32768K, 0% used [0x00000000eaa80000,0x00000000eaa80000,0x00000000eca80000)
  from space 2560K, 99% used [0x00000000ecd00000,0x00000000ecf7b1f8,0x00000000ecf80000)
  to   space 2560K, 0% used [0x00000000eca80000,0x00000000eca80000,0x00000000ecd00000)
 ParOldGen       total 42496K, used 14707K [0x00000000c0000000, 0x00000000c2980000, 0x00000000eaa80000)
  object space 42496K, 34% used [0x00000000c0000000,0x00000000c0e5cf60,0x00000000c2980000)
 PSPermGen       total 21504K, used 5891K [0x00000000bae00000, 0x00000000bc300000, 0x00000000c0000000)
  object space 21504K, 27% used [0x00000000bae00000,0x00000000bb3c0e48,0x00000000bc300000)
}

Deoptimization events (9 events):
Event: 0.839 Thread 0x000000000a1c4000 Uncommon trap: reason=null_check action=make_not_entrant pc=0x00000000022ee854 method=com.android.dx.rop.code.LocalItem.equals(Ljava/lang/Object;)Z @ 1
Event: 1.281 Thread 0x000000000a1c4000 Uncommon trap: reason=unreached action=reinterpret pc=0x00000000022fe804 method=com.android.dx.rop.cst.Constant.compareTo(Lcom/android/dx/rop/cst/Constant;)I @ 12
Event: 2.119 Thread 0x000000000a103800 Uncommon trap: reason=null_check action=make_not_entrant pc=0x00000000022f6dc0 method=com.android.dx.ssa.SsaRenamer.getLocalForNewReg(I)Lcom/android/dx/rop/code/LocalItem; @ 19
Event: 2.352 Thread 0x000000000a1c4000 Uncommon trap: reason=unreached action=reinterpret pc=0x000000000233e7ec method=com.android.dx.ssa.SCCP.simulateBranch(Lcom/android/dx/ssa/SsaInsn;)V @ 132
Event: 2.895 Thread 0x000000000a103800 Uncommon trap: reason=class_check action=maybe_recompile pc=0x00000000023081a8 method=com.android.dx.rop.type.Type.equals(Ljava/lang/Object;)Z @ 8
Event: 2.896 Thread 0x000000000a103800 Uncommon trap: reason=null_check action=make_not_entrant pc=0x00000000023012f8 method=com.android.dx.ssa.SsaRenamer.getLocalForNewReg(I)Lcom/android/dx/rop/code/LocalItem; @ 19
Event: 2.899 Thread 0x000000000a103800 Uncommon trap: reason=class_check action=maybe_recompile pc=0x00000000023081a8 method=com.android.dx.rop.type.Type.equals(Ljava/lang/Object;)Z @ 8
Event: 3.192 Thread 0x000000000a1c4000 Uncommon trap: reason=class_check action=maybe_recompile pc=0x00000000023081a8 method=com.android.dx.rop.type.Type.equals(Ljava/lang/Object;)Z @ 8
Event: 3.204 Thread 0x000000000a1c4000 Uncommon trap: reason=class_check action=maybe_recompile pc=0x00000000023081a8 method=com.android.dx.rop.type.Type.equals(Ljava/lang/Object;)Z @ 8

Internal exceptions (10 events):
Event: 1.141 Thread 0x0000000001f1e800 Threw 0x00000000eae52478 at C:\jdk7u2_64p\jdk7u40\hotspot\src\share\vm\prims\jvm.cpp:1244
Event: 1.141 Thread 0x0000000001f1e800 Threw 0x00000000eae54ae0 at C:\jdk7u2_64p\jdk7u40\hotspot\src\share\vm\prims\jvm.cpp:1244
Event: 2.001 Thread 0x000000000a1c4000 Threw 0x00000000ebb315d0 at C:\jdk7u2_64p\jdk7u40\hotspot\src\share\vm\prims\jvm.cpp:1244
Event: 2.002 Thread 0x000000000a1c4000 Threw 0x00000000ebb36e50 at C:\jdk7u2_64p\jdk7u40\hotspot\src\share\vm\prims\jvm.cpp:1244
Event: 2.002 Thread 0x000000000a1c4000 Threw 0x00000000ebb3c448 at C:\jdk7u2_64p\jdk7u40\hotspot\src\share\vm\prims\jvm.cpp:1244
Event: 2.119 Thread 0x000000000a103800 Implicit null exception at 0x00000000022f63b3 to 0x00000000022f6da5
Event: 2.243 Thread 0x0000000001f1e800 Threw 0x00000000ec570900 at C:\jdk7u2_64p\jdk7u40\hotspot\src\share\vm\prims\jvm.cpp:1244
Event: 2.244 Thread 0x0000000001f1e800 Threw 0x00000000ec572de0 at C:\jdk7u2_64p\jdk7u40\hotspot\src\share\vm\prims\jvm.cpp:1244
Event: 2.896 Thread 0x000000000a103800 Implicit null exception at 0x0000000002300a0e to 0x00000000023012dd
Event: 3.988 Thread 0x000000000a1c4000 Threw 0x00000000ec62a348 at C:\jdk7u2_64p\jdk7u40\hotspot\src\share\vm\prims\jvm.cpp:1244

Events (10 events):
Event: 3.192 Thread 0x000000000a1c4000 Uncommon trap: trap_request=0xffffffde fr.pc=0x00000000023081a8
Event: 3.192 Thread 0x000000000a1c4000 DEOPT PACKING pc=0x00000000023081a8 sp=0x000000000ae2e800
Event: 3.192 Thread 0x000000000a1c4000 DEOPT UNPACKING pc=0x00000000022a75a4 sp=0x000000000ae2e758 mode 2
Event: 3.204 Thread 0x000000000a1c4000 Uncommon trap: trap_request=0xffffffde fr.pc=0x00000000023081a8
Event: 3.204 Thread 0x000000000a1c4000 DEOPT PACKING pc=0x00000000023081a8 sp=0x000000000ae2e820
Event: 3.204 Thread 0x000000000a1c4000 DEOPT UNPACKING pc=0x00000000022a75a4 sp=0x000000000ae2e778 mode 2
Event: 3.988 loading class 0x000000000a21b200
Event: 3.988 loading class 0x000000000a21b200 done
Event: 4.140 Executing VM operation: ParallelGCFailedAllocation
Event: 4.665 Executing VM operation: ParallelGCFailedAllocation done


Dynamic libraries:
0x000000013f710000 - 0x000000013f743000 	C:\Program Files\Java\jdk1.7.0_40\bin\java.exe
0x0000000077560000 - 0x000000007770a000 	C:\Windows\SYSTEM32\ntdll.dll
0x0000000077440000 - 0x000000007755f000 	C:\Windows\system32\kernel32.dll
0x000007fefd310000 - 0x000007fefd37b000 	C:\Windows\system32\KERNELBASE.dll
0x000007fefd880000 - 0x000007fefd95b000 	C:\Windows\system32\ADVAPI32.dll
0x000007fefd960000 - 0x000007fefd9ff000 	C:\Windows\system32\msvcrt.dll
0x000007feff1b0000 - 0x000007feff1cf000 	C:\Windows\SYSTEM32\sechost.dll
0x000007feff530000 - 0x000007feff65d000 	C:\Windows\system32\RPCRT4.dll
0x0000000077340000 - 0x000000007743a000 	C:\Windows\system32\USER32.dll
0x000007fefda30000 - 0x000007fefda97000 	C:\Windows\system32\GDI32.dll
0x000007fefe2a0000 - 0x000007fefe2ae000 	C:\Windows\system32\LPK.dll
0x000007feff1d0000 - 0x000007feff29a000 	C:\Windows\system32\USP10.dll
0x000007fefc140000 - 0x000007fefc334000 	C:\Windows\WinSxS\amd64_microsoft.windows.common-controls_6595b64144ccf1df_6.0.7601.18837_none_fa3b1e3d17594757\COMCTL32.dll
0x000007fefe140000 - 0x000007fefe1b1000 	C:\Windows\system32\SHLWAPI.dll
0x000007fefda00000 - 0x000007fefda2e000 	C:\Windows\system32\IMM32.DLL
0x000007feff040000 - 0x000007feff149000 	C:\Windows\system32\MSCTF.dll
0x0000000055110000 - 0x00000000551e1000 	C:\Program Files\Java\jdk1.7.0_40\jre\bin\msvcr100.dll
0x000000006e320000 - 0x000000006eae9000 	C:\Program Files\Java\jdk1.7.0_40\jre\bin\server\jvm.dll
0x000007fefc6d0000 - 0x000007fefc6d9000 	C:\Windows\system32\WSOCK32.dll
0x000007feff150000 - 0x000007feff19d000 	C:\Windows\system32\WS2_32.dll
0x000007feff1a0000 - 0x000007feff1a8000 	C:\Windows\system32\NSI.dll
0x000007fefb340000 - 0x000007fefb37b000 	C:\Windows\system32\WINMM.dll
0x0000000077730000 - 0x0000000077737000 	C:\Windows\system32\PSAPI.DLL
0x0000000073a10000 - 0x0000000073a1f000 	C:\Program Files\Java\jdk1.7.0_40\jre\bin\verify.dll
0x00000000739c0000 - 0x00000000739e8000 	C:\Program Files\Java\jdk1.7.0_40\jre\bin\java.dll
0x0000000073980000 - 0x0000000073995000 	C:\Program Files\Java\jdk1.7.0_40\jre\bin\zip.dll
0x0000000073960000 - 0x0000000073979000 	C:\Program Files\Java\jdk1.7.0_40\jre\bin\net.dll
0x000007fefca70000 - 0x000007fefcac5000 	C:\Windows\system32\mswsock.dll
0x000007fefcd40000 - 0x000007fefcd47000 	C:\Windows\System32\wship6.dll
0x0000000073900000 - 0x0000000073911000 	C:\Program Files\Java\jdk1.7.0_40\jre\bin\nio.dll

VM Arguments:
jvm_args: -Djava.awt.headless=true -Xmx1024M -Dfile.encoding=windows-1252 -Duser.country=US -Duser.language=en -Duser.variant 
java_command: com.android.dx.command.Main --dex --num-threads=4 --output C:\Users\Martin\AndroidStudioProjects\SystemEngineeringGSM\app\build\intermediates\pre-dexed\debug\com.android.support-recyclerview-v7-23.2.1_967bb984d57dad16a2bd5eecf271cd150c9ed7a0.jar C:\Users\Martin\AndroidStudioProjects\SystemEngineeringGSM\app\build\intermediates\exploded-aar\com.android.support\recyclerview-v7\23.2.1\jars\classes.jar
Launcher Type: SUN_STANDARD

Environment Variables:
PATH=C:\ProgramData\Oracle\Java\javapath;C:\Program Files\Common Files\Microsoft Shared\Windows Live;C:\Program Files (x86)\Common Files\Microsoft Shared\Windows Live;C:\Program Files (x86)\Intel\iCLS Client\;C:\Program Files\Intel\iCLS Client\;C:\Program Files\Dell\DW WLAN Card;C:\Windows\system32;C:\Windows;C:\Windows\System32\Wbem;C:\Windows\System32\WindowsPowerShell\v1.0\;C:\Program Files\WIDCOMM\Bluetooth Software\;C:\Program Files\WIDCOMM\Bluetooth Software\syswow64;C:\Program Files\Dell\Dell Data Protection\Access\Advanced\Wave\Gemalto\Access Client\v5\;C:\Program Files (x86)\Security Innovation\SI TSS\bin\;C:\Program Files (x86)\Windows Live\Shared;C:\Program Files (x86)\MySQL\MySQL Utilities 1.3.4\;C:\Program Files\Microsoft SQL Server\110\Tools\Binn\;C:\Program Files\nodejs\;C:\Program Files (x86)\Git\cmd;C:\Program Files\MATLAB\runtime\win64;C:\Program Files\MATLAB\bin;C:\Program Files (x86)\QuickTime\QTSystem\;C:\Program Files (x86)\GtkSharp\2.12\bin;C:\Program Files (x86)\Skype\Phone\;C:\Program Files\Intel\Intel(R) Management Engine Components\DAL;C:\Program Files\Intel\Intel(R) Management Engine Components\IPT;C:\Program Files (x86)\Intel\Intel(R) Management Engine Components\DAL;C:\Program Files (x86)\Intel\Intel(R) Management Engine Components\IPT;C:\Users\Martin\AppData\Local\Android\sdk\platform-tools;C:\Program Files\Java\jdk1.8.0_20\bin;C:\Users\Martin\AppData\Roaming\npm
USERNAME=Martin
OS=Windows_NT
PROCESSOR_IDENTIFIER=Intel64 Family 6 Model 58 Stepping 9, GenuineIntel



---------------  S Y S T E M  ---------------

OS: Windows 7 , 64 bit Build 7601 Service Pack 1

CPU:total 4 (2 cores per cpu, 2 threads per core) family 6 model 58 stepping 9, cmov, cx8, fxsr, mmx, sse, sse2, sse3, ssse3, sse4.1, sse4.2, popcnt, avx, aes, erms, ht, tsc, tscinvbit, tscinv

Memory: 4k page, physical 4077532k(568204k free), swap 6170092k(6512k free)

vm_info: Java HotSpot(TM) 64-Bit Server VM (24.0-b56) for windows-amd64 JRE (1.7.0_40-b43), built on Aug 26 2013 22:38:32 by "java_re" with unknown MS VC++:1600

time: Thu Mar 31 11:04:46 2016
elapsed time: 4 seconds

